Info: GOMC Version 2.40
Info: Start Time: Fri May 17 16:30:21 2019
Info: Host Name: wsu158
CPU information:
Info: Total number of CPUs: 12
Info: Total number of CPUs available: 12
Info: Model name: AMD Opteron(tm) Processor 4332 HE
Info: System name: Linux
Info: Release: 3.10.0-957.5.1.el7.x86_64
Info: Version: #1 SMP Fri Feb 1 14:54:57 UTC 2019
Info: Kernel Architecture: x86_64
Info: Total Ram: 96496.2MB
Info: Used Ram: 4950.0MB
Info: Working in the current directory: /wsu/home/fe/fe18/fe1855/clone/GOMC_Examples/GCMC/hexadecane_martini
Info: GOMC COMPILED TO RUN GRAND CANONICAL ENSEMBLE.
Info: Number of threads                  4 

Reading Input File:                      in.conf
Info: Random seed                        Active 
Info: PARAMETER file                     MARTINI using CHARMM format! 
Info: Input Temperature                  680.0000 K
Info: Switch truncated potential         Active 
Info: Long Range Correction              Active 
Info: Cutoff                             12.0000 A
Info: Switch distance                    9.0000 
Info: Exclude                            ONE-TWO 
Info: Dielectric                         15.0000 
Info: Pressure calculation               Inactive 
Info: Total number of steps              1000000 
Info: Number of equilibration steps      500000 
Info: Move adjustment frequency          1000 
Info: Displacement move frequency        0.3000 
Info: Rotation move frequency            0.1000 
Info: Molecule swap move frequency       0.5000 
Info: Regrowth move frequency            0.1000 
Info: CBMC First atom trials             10   
Info: CBMC Secondary atom trials         8    
Info: CBMC Angle trials                  100  
Info: CBMC Dihedral trials               30   
Info: Chemical potential                 AC16   -6365.0000 K
Info: Output name                        T_680_K_u_6365_r3a_l 
Info: Coordinate frequency               1000000 
Info: Restart frequency                  1000000 
Info: Console output frequency           10000 
Info: Average output frequency           100000 
Info: Histogram output frequency         100000 
Info: Histogram sample frequency         200 
Default: Intra-Swap move frequency       0.0000 
Default: Intra-MEMC move frequency       0.0000 
Default: Crank-Shaft move frequency      0.0000 
Default: MEMC move frequency             0.0000 
Default: Box  0  CutoffCoulomb           12.0000 A
Default: Box  1  CutoffCoulomb           12.0000 A
Default: Short Range Cutoff              0.0000 
Warning: Electrostatic calculation with Ewald method Inactive 
Warning: Long Range Correction is Active for truncated potential.
Finished Reading Input File:             in.conf

Reading from CHARMM-Style parameter file:  	../../common/Par_Martini_Charmm.inp
Reading BONDS parameters.
Reading ANGLES parameters.
Reading DIHEDRALS parameters.
Reading NONBONDED parameters.
Reading NBFIX parameters.
Finished reading CHARMM-Style parameter file:  	../../common/Par_Martini_Charmm.inp
Reading from box 0 PDB coordinate file:  	STEP3_START_AC16_liq_BOX_0.pdb
Finished reading box 0 PDB coordinate file:  	STEP3_START_AC16_liq_BOX_0.pdb
Reading from box 1 PDB coordinate file:  	STEP3_START_AC16_reservoir_BOX_1.pdb
Finished reading box 1 PDB coordinate file:  	STEP3_START_AC16_reservoir_BOX_1.pdb
Random number seed: 2448099053

Molecules in PSF:
Molecule Kind: AC16
Idx	name	type	charge	mass
0	C1A	C1	0.0000	72.0000
1	C2A	C1	0.0000	72.0000
2	C3A	C1	0.0000	72.0000
3	C4A	C1	0.0000	72.0000

Bonds:
[0 1] [1 2] [2 3] 

Angles:
[0 1 2] [1 2 3] 

Dihedrals:
[0 1 2 3] 

Bonds parameter:
Atom Types                             Kb(K)           b0(A) 
C1	C1	                    751.7023           4.7000 

Angles parameter:
Atom Types                         Ktheta(K)         theta0(degree) 
C1	C1	C1	           1503.4046         180.0000 

Dihedrals parameter:
Atom Types                           Kchi(K)    n    delta(degree) 
C1	C1	C1	C1	      0.0000    1      0.0000 

NonBonded 1-4 parameters:
Type1  Type2             Epsilon(K)    Sigma(A)       N 
C1     C1                  420.9533      4.7000   12.00 

NonBonded parameters:
Type1  Type2             Epsilon(K)    Sigma(A)       N 
C1     C1                  420.9533      4.7000   12.00 

Info: Box  0:  Periodic Cell Basis 1     40.000   0.000   0.000 
Info: Box  0:  Periodic Cell Basis 2      0.000  40.000   0.000 
Info: Box  0:  Periodic Cell Basis 3      0.000   0.000  40.000 

Info: Box  1:  Periodic Cell Basis 1     40.000   0.000   0.000 
Info: Box  1:  Periodic Cell Basis 2      0.000  40.000   0.000 
Info: Box  1:  Periodic Cell Basis 3      0.000   0.000  40.000 

Minimum coordinates in box 0: x =    0.156, y =    0.098, z =    0.036
Maximum coordinates in box 0: x =   39.979, y =   39.890, z =   39.972
Wrapping molecules inside the simulation box 0:
Minimum coordinates in box 1: x =    1.017, y =    1.105, z =    1.000
Maximum coordinates in box 1: x =   39.000, y =   39.000, z =   39.000
Wrapping molecules inside the simulation box 1:

################################################################################
########################## INITIAL SIMULATION ENERGY ###########################

ETITLE:     STEP           TOTAL        INTRA(B)       INTRA(NB)       INTER(LJ)             LRC     TOTAL_ELECT            REAL           RECIP            SELF            CORR

ENER_0:        0     -4.0228e+05      7.5174e+04     -9.6341e+03     -4.6782e+05      0.0000e+00      0.0000e+00      0.0000e+00      0.0000e+00      0.0000e+00     -0.0000e+00

ENER_1:        0      3.9325e+05      4.5105e+05     -5.7802e+04      0.0000e+00      0.0000e+00      0.0000e+00      0.0000e+00      0.0000e+00      0.0000e+00     -0.0000e+00

STITLE:     STEP        TOTALMOL

STAT_0:        0             100

STAT_1:        0             600

################################################################################
############################# STARTING SIMULATION ##############################

MTITLE:     STEP          DISTRY       DISACCEPT      DISACCEPT%          DISMAX          ROTATE       ROTACCEPT      ROTACCEPT%          ROTMAX        REGROWTH    REGROWACCEPT   REGROWACCEPT%        TRANSFER      TRANACCEPT     TRANACCEPT%

ETITLE:     STEP           TOTAL        INTRA(B)       INTRA(NB)       INTER(LJ)             LRC     TOTAL_ELECT            REAL           RECIP            SELF            CORR

STITLE:     STEP        TOTALMOL

Printed combined psf to file T_680_K_u_6365_r3a_l_merged.psf
MOVE_0:    10000            3013            1587      5.2672e+01      4.8421e-01             964             445      4.6162e+01      2.4603e-01             988             198      2.0040e+01            2530             167      6.6008e+00

ENER_0:    10000     -3.1815e+05      4.1927e+04     -6.6751e+03     -3.5340e+05      0.0000e+00      0.0000e+00      0.0000e+00      0.0000e+00      0.0000e+00      0.0000e+00

STAT_0:    10000              86

MOVE_1:    10000            2505             181      7.2255e+00

ENER_1:    10000      3.6199e+05      4.1914e+05     -5.7152e+04      0.0000e+00      0.0000e+00      0.0000e+00      0.0000e+00      0.0000e+00      0.0000e+00      0.0000e+00

STAT_1:    10000             614

Steps/sec: 2582.981, Simulation ends in:   0 d:   0 h:   7 m 

MOVE_0:    20000            6048            3133      5.1802e+01      5.6347e-01            1961             956      4.8751e+01      2.7370e-01            2010             480      2.3881e+01            4959             464      9.3567e+00

ENER_0:    20000     -2.6199e+05      2.8160e+04     -5.4135e+03     -2.8474e+05      0.0000e+00      0.0000e+00      0.0000e+00      0.0000e+00      0.0000e+00      0.0000e+00

STAT_0:    20000              79

MOVE_1:    20000            5022             485      9.6575e+00

ENER_1:    20000      3.2408e+05      3.8013e+05     -5.6048e+04      0.0000e+00      0.0000e+00      0.0000e+00      0.0000e+00      0.0000e+00      0.0000e+00      0.0000e+00

STAT_1:    20000             621

Steps/sec: 2856.730, Simulation ends in:   0 d:   0 h:   7 m 

MOVE_0:    30000            9082            4650      5.1200e+01      5.5186e-01            2908            1438      4.9450e+01      3.1036e-01            3020             729      2.4139e+01            7513             679      9.0377e+00

ENER_0:    30000     -2.8399e+05      3.5444e+04     -6.2382e+03     -3.1319e+05      0.0000e+00      0.0000e+00      0.0000e+00      0.0000e+00      0.0000e+00      0.0000e+00

STAT_0:    30000              82

MOVE_1:    30000            7477             697      9.3219e+00

ENER_1:    30000      3.1281e+05      3.6860e+05     -5.5789e+04      0.0000e+00      0.0000e+00      0.0000e+00      0.0000e+00      0.0000e+00      0.0000e+00      0.0000e+00

STAT_1:    30000             618

Steps/sec: 2769.890, Simulation ends in:   0 d:   0 h:   6 m 

MOVE_0:    40000           12092            6155      5.0901e+01      5.4644e-01            3916            1949      4.9770e+01      2.9885e-01            3989             960      2.4066e+01           10056             979      9.7355e+00

ENER_0:    40000     -2.9066e+05      3.3982e+04     -6.5739e+03     -3.1807e+05      0.0000e+00      0.0000e+00      0.0000e+00      0.0000e+00      0.0000e+00      0.0000e+00

STAT_0:    40000              83

MOVE_1:    40000            9947             996      1.0013e+01

ENER_1:    40000      2.9264e+05      3.4761e+05     -5.4970e+04      0.0000e+00      0.0000e+00      0.0000e+00      0.0000e+00      0.0000e+00      0.0000e+00      0.0000e+00

STAT_1:    40000             617

Steps/sec: 2860.868, Simulation ends in:   0 d:   0 h:   6 m 

MOVE_0:    50000           15123            7654      5.0612e+01      4.7598e-01            4940            2463      4.9858e+01      2.8825e-01            4994            1223      2.4489e+01           12492            1263      1.0110e+01

ENER_0:    50000     -2.7264e+05      3.2050e+04     -6.0298e+03     -2.9866e+05      0.0000e+00      0.0000e+00      0.0000e+00      0.0000e+00      0.0000e+00      0.0000e+00

STAT_0:    50000              79

MOVE_1:    50000           12451            1284      1.0312e+01

ENER_1:    50000      2.7290e+05      3.2595e+05     -5.3055e+04      0.0000e+00      0.0000e+00      0.0000e+00      0.0000e+00      0.0000e+00      0.0000e+00      0.0000e+00

STAT_1:    50000             621

Steps/sec: 2847.440, Simulation ends in:   0 d:   0 h:   6 m 

MOVE_0:    60000           18139            9165      5.0526e+01      4.5687e-01            5953            2963      4.9773e+01      2.4795e-01            5972            1448      2.4246e+01           14959            1453      9.7132e+00

ENER_0:    60000     -3.1605e+05      4.0062e+04     -6.7175e+03     -3.4940e+05      0.0000e+00      0.0000e+00      0.0000e+00      0.0000e+00      0.0000e+00      0.0000e+00

STAT_0:    60000              87

MOVE_1:    60000           14977            1466      9.7883e+00

ENER_1:    60000      2.5533e+05      3.0650e+05     -5.1166e+04      0.0000e+00      0.0000e+00      0.0000e+00      0.0000e+00      0.0000e+00      0.0000e+00      0.0000e+00

STAT_1:    60000             613

Steps/sec: 2742.940, Simulation ends in:   0 d:   0 h:   6 m 

MOVE_0:    70000           21087           10644      5.0477e+01      4.6480e-01            6916            3443      4.9783e+01      2.2093e-01            6992            1694      2.4228e+01           17511            1683      9.6111e+00

ENER_0:    70000     -2.8676e+05      2.6952e+04     -5.1858e+03     -3.0853e+05      0.0000e+00      0.0000e+00      0.0000e+00      0.0000e+00      0.0000e+00      0.0000e+00

STAT_0:    70000              81

MOVE_1:    70000           17494            1702      9.7290e+00

ENER_1:    70000      2.4852e+05      2.9862e+05     -5.0093e+04      0.0000e+00      0.0000e+00      0.0000e+00      0.0000e+00      0.0000e+00      0.0000e+00      0.0000e+00

STAT_1:    70000             619

Steps/sec: 2753.699, Simulation ends in:   0 d:   0 h:   6 m 

MOVE_0:    80000           24114           12181      5.0514e+01      5.2816e-01            7853            3929      5.0032e+01      2.4965e-01            8018            1919      2.3934e+01           20011            1902      9.5048e+00

ENER_0:    80000     -2.5197e+05      2.7131e+04     -5.3045e+03     -2.7380e+05      0.0000e+00      0.0000e+00      0.0000e+00      0.0000e+00      0.0000e+00      0.0000e+00

STAT_0:    80000              76

MOVE_1:    80000           20004            1926      9.6281e+00

ENER_1:    80000      2.4922e+05      3.0035e+05     -5.1123e+04      0.0000e+00      0.0000e+00      0.0000e+00      0.0000e+00      0.0000e+00      0.0000e+00      0.0000e+00

STAT_1:    80000             624

Steps/sec: 2763.636, Simulation ends in:   0 d:   0 h:   6 m 

MOVE_0:    90000           27102           13726      5.0646e+01      7.1625e-01            8871            4463      5.0310e+01      3.8580e-01            9020            2200      2.4390e+01           22461            2314      1.0302e+01

ENER_0:    90000     -9.6602e+04      2.1296e+04     -3.9190e+03     -1.1398e+05      0.0000e+00      0.0000e+00      0.0000e+00      0.0000e+00      0.0000e+00      0.0000e+00

STAT_0:    90000              46

MOVE_1:    90000           22546            2368      1.0503e+01

ENER_1:    90000      2.5592e+05      3.0905e+05     -5.3130e+04      0.0000e+00      0.0000e+00      0.0000e+00      0.0000e+00      0.0000e+00      0.0000e+00      0.0000e+00

STAT_1:    90000             654

Steps/sec: 2990.166, Simulation ends in:   0 d:   0 h:   6 m 

MOVE_0:   100000           30082           15173      5.0439e+01      4.9606e-01            9840            4934      5.0142e+01      2.5445e-01           10020            2520      2.5150e+01           25019            2752      1.1000e+01

ENER_0:   100000     -2.5778e+05      2.7673e+04     -5.1652e+03     -2.8029e+05      0.0000e+00      0.0000e+00      0.0000e+00      0.0000e+00      0.0000e+00      0.0000e+00

STAT_0:   100000              77

MOVE_1:   100000           25039            2775      1.1083e+01

ENER_1:   100000      2.3116e+05      2.8168e+05     -5.0525e+04      0.0000e+00      0.0000e+00      0.0000e+00      0.0000e+00      0.0000e+00      0.0000e+00      0.0000e+00

STAT_1:   100000             623

Steps/sec: 2964.335, Simulation ends in:   0 d:   0 h:   6 m 

MOVE_0:   110000           33113           16680      5.0373e+01      4.5545e-01           10813            5425      5.0171e+01      2.6498e-01           11028            2766      2.5082e+01           27543            3009      1.0925e+01

ENER_0:   110000     -2.7420e+05      2.8841e+04     -5.4162e+03     -2.9762e+05      0.0000e+00      0.0000e+00      0.0000e+00      0.0000e+00      0.0000e+00      0.0000e+00

STAT_0:   110000              79

MOVE_1:   110000           27503            3030      1.1017e+01

ENER_1:   110000      2.3227e+05      2.8281e+05     -5.0546e+04      0.0000e+00      0.0000e+00      0.0000e+00      0.0000e+00      0.0000e+00      0.0000e+00      0.0000e+00

STAT_1:   110000             621

Steps/sec: 2835.281, Simulation ends in:   0 d:   0 h:   6 m 

MOVE_0:   120000           36116           18214      5.0432e+01      5.4852e-01           11812            5934      5.0237e+01      3.0261e-01           11995            3002      2.5027e+01           30101            3231      1.0734e+01

ENER_0:   120000     -2.2819e+05      3.3137e+04     -6.0352e+03     -2.5530e+05      0.0000e+00      0.0000e+00      0.0000e+00      0.0000e+00      0.0000e+00      0.0000e+00

STAT_0:   120000              73

MOVE_1:   120000           29976            3258      1.0869e+01

ENER_1:   120000      2.2668e+05      2.7580e+05     -4.9128e+04      0.0000e+00      0.0000e+00      0.0000e+00      0.0000e+00      0.0000e+00      0.0000e+00      0.0000e+00

STAT_1:   120000             627

Steps/sec: 2787.807, Simulation ends in:   0 d:   0 h:   6 m 

MOVE_0:   130000           39023           19667      5.0398e+01      5.3456e-01           12859            6462      5.0253e+01      2.9416e-01           12941            3276      2.5315e+01           32606            3642      1.1170e+01

ENER_0:   130000     -2.3695e+05      3.9055e+04     -6.6817e+03     -2.6932e+05      0.0000e+00      0.0000e+00      0.0000e+00      0.0000e+00      0.0000e+00      0.0000e+00

STAT_0:   130000              77

MOVE_1:   130000           32571            3665      1.1252e+01

ENER_1:   130000      2.2572e+05      2.7435e+05     -4.8632e+04      0.0000e+00      0.0000e+00      0.0000e+00      0.0000e+00      0.0000e+00      0.0000e+00      0.0000e+00

STAT_1:   130000             623

Steps/sec: 2939.598, Simulation ends in:   0 d:   0 h:   6 m 

MOVE_0:   140000           42072           21217      5.0430e+01      6.0269e-01           13849            6971      5.0336e+01      3.7842e-01           13943            3583      2.5697e+01           35041            4129      1.1783e+01

ENER_0:   140000     -1.8193e+05      3.5646e+04     -5.8501e+03     -2.1173e+05      0.0000e+00      0.0000e+00      0.0000e+00      0.0000e+00      0.0000e+00      0.0000e+00

STAT_0:   140000              66

MOVE_1:   140000           35095            4163      1.1862e+01

ENER_1:   140000      2.5039e+05      3.0318e+05     -5.2794e+04      0.0000e+00      0.0000e+00      0.0000e+00      0.0000e+00      0.0000e+00      0.0000e+00      0.0000e+00

STAT_1:   140000             634

Steps/sec: 3061.863, Simulation ends in:   0 d:   0 h:   6 m 

MOVE_0:   150000           45003           22720      5.0486e+01      7.5618e-01           14860            7488      5.0390e+01      4.3578e-01           14974            3928      2.6232e+01           37549            4687      1.2482e+01

ENER_0:   150000     -1.4763e+05      2.0764e+04     -3.8470e+03     -1.6455e+05      0.0000e+00      0.0000e+00      0.0000e+00      0.0000e+00      0.0000e+00      0.0000e+00

STAT_0:   150000              57

MOVE_1:   150000           37614            4730      1.2575e+01

ENER_1:   150000      2.5190e+05      3.0460e+05     -5.2704e+04      0.0000e+00      0.0000e+00      0.0000e+00      0.0000e+00      0.0000e+00      0.0000e+00      0.0000e+00

STAT_1:   150000             643

Steps/sec: 3084.184, Simulation ends in:   0 d:   0 h:   5 m 

MOVE_0:   160000           48036           24291      5.0568e+01      9.8619e-01           15927            8040      5.0480e+01      5.1334e-01           15958            4300      2.6946e+01           40006            5365      1.3410e+01

ENER_0:   160000     -4.0657e+04      1.6987e+04     -2.9013e+03     -5.4743e+04      0.0000e+00      0.0000e+00      0.0000e+00      0.0000e+00      0.0000e+00      0.0000e+00

STAT_0:   160000              31

MOVE_1:   160000           40073            5434      1.3560e+01

ENER_1:   160000      2.5865e+05      3.1458e+05     -5.5927e+04      0.0000e+00      0.0000e+00      0.0000e+00      0.0000e+00      0.0000e+00      0.0000e+00      0.0000e+00

STAT_1:   160000             669

Steps/sec: 3272.328, Simulation ends in:   0 d:   0 h:   5 m 

MOVE_0:   170000           50997           25749      5.0491e+01      6.9692e-01           16907            8511      5.0340e+01      2.8474e-01           16941            4714      2.7826e+01           42554            6278      1.4753e+01

ENER_0:   170000     -1.2093e+05      1.9913e+04     -3.7197e+03     -1.3713e+05      0.0000e+00      0.0000e+00      0.0000e+00      0.0000e+00      0.0000e+00      0.0000e+00

STAT_0:   170000              53

MOVE_1:   170000           42601            6325      1.4847e+01

ENER_1:   170000      2.5902e+05      3.1407e+05     -5.5053e+04      0.0000e+00      0.0000e+00      0.0000e+00      0.0000e+00      0.0000e+00      0.0000e+00      0.0000e+00

STAT_1:   170000             647

Steps/sec: 3382.952, Simulation ends in:   0 d:   0 h:   5 m 

MOVE_0:   180000           54028           27363      5.0646e+01      1.1353e+00           17858            9033      5.0582e+01      6.3525e-01           17947            5130      2.8584e+01           45086            7111      1.5772e+01

ENER_0:   180000     -2.4454e+04      1.2493e+04     -1.8715e+03     -3.5075e+04      0.0000e+00      0.0000e+00      0.0000e+00      0.0000e+00      0.0000e+00      0.0000e+00

STAT_0:   180000              22

MOVE_1:   180000           45081            7189      1.5947e+01

ENER_1:   180000      2.5696e+05      3.1192e+05     -5.4962e+04      0.0000e+00      0.0000e+00      0.0000e+00      0.0000e+00      0.0000e+00      0.0000e+00      0.0000e+00

STAT_1:   180000             678

Steps/sec: 3354.974, Simulation ends in:   0 d:   0 h:   5 m 

MOVE_0:   190000           57069           28987      5.0793e+01      1.8283e+00           18782            9541      5.0799e+01      1.3667e+00           18943            5813      3.0687e+01           47595            8701      1.8281e+01

ENER_0:   190000     -1.4974e+04      1.1856e+04     -1.8082e+03     -2.5022e+04      0.0000e+00      0.0000e+00      0.0000e+00      0.0000e+00      0.0000e+00      0.0000e+00

STAT_0:   190000              20

MOVE_1:   190000           47611            8781      1.8443e+01

ENER_1:   190000      2.4271e+05      2.9497e+05     -5.2259e+04      0.0000e+00      0.0000e+00      0.0000e+00      0.0000e+00      0.0000e+00      0.0000e+00      0.0000e+00

STAT_1:   190000             680

Steps/sec: 4270.237, Simulation ends in:   0 d:   0 h:   5 m 

MOVE_0:   200000           60063           30347      5.0525e+01      6.3591e-01           19764            9981      5.0501e+01      4.0043e-01           19935            6307      3.1638e+01           50119            9843      1.9639e+01

ENER_0:   200000     -1.4062e+05      2.1979e+04     -3.8762e+03     -1.5872e+05      0.0000e+00      0.0000e+00      0.0000e+00      0.0000e+00      0.0000e+00      0.0000e+00

STAT_0:   200000              57

MOVE_1:   200000           50119            9886      1.9725e+01

ENER_1:   200000      2.3276e+05      2.8277e+05     -5.0012e+04      0.0000e+00      0.0000e+00      0.0000e+00      0.0000e+00      0.0000e+00      0.0000e+00      0.0000e+00

STAT_1:   200000             643

Steps/sec: 3753.771, Simulation ends in:   0 d:   0 h:   5 m 

MOVE_0:   210000           63101           31827      5.0438e+01      4.7502e-01           20746           10471      5.0472e+01      2.6566e-01           20930            6580      3.1438e+01           52647           10195      1.9365e+01

ENER_0:   210000     -2.9569e+05      2.6103e+04     -4.9944e+03     -3.1680e+05      0.0000e+00      0.0000e+00      0.0000e+00      0.0000e+00      0.0000e+00      0.0000e+00

STAT_0:   210000              82

MOVE_1:   210000           52576           10213      1.9425e+01

ENER_1:   210000      2.3644e+05      2.8587e+05     -4.9431e+04      0.0000e+00      0.0000e+00      0.0000e+00      0.0000e+00      0.0000e+00      0.0000e+00      0.0000e+00

STAT_1:   210000             618

Steps/sec: 2965.464, Simulation ends in:   0 d:   0 h:   5 m 

MOVE_0:   220000           66084           33319      5.0419e+01      4.6339e-01           21771           10978      5.0425e+01      2.2199e-01           21963            6823      3.1066e+01           55228           10394      1.8820e+01

ENER_0:   220000     -3.2732e+05      3.5266e+04     -6.2078e+03     -3.5638e+05      0.0000e+00      0.0000e+00      0.0000e+00      0.0000e+00      0.0000e+00      0.0000e+00

STAT_0:   220000              87

MOVE_1:   220000           54954           10407      1.8938e+01

ENER_1:   220000      2.2307e+05      2.7012e+05     -4.7051e+04      0.0000e+00      0.0000e+00      0.0000e+00      0.0000e+00      0.0000e+00      0.0000e+00      0.0000e+00

STAT_1:   220000             613

Steps/sec: 3062.300, Simulation ends in:   0 d:   0 h:   5 m 

MOVE_0:   230000           69097           34829      5.0406e+01      4.7268e-01           22801           11503      5.0450e+01      2.6952e-01           22961            7069      3.0787e+01           57657           10613      1.8407e+01

ENER_0:   230000     -2.0330e+05      2.8747e+04     -5.1775e+03     -2.2687e+05      0.0000e+00      0.0000e+00      0.0000e+00      0.0000e+00      0.0000e+00      0.0000e+00

STAT_0:   230000              69

MOVE_1:   230000           57484           10644      1.8516e+01

ENER_1:   230000      2.2593e+05      2.7452e+05     -4.8599e+04      0.0000e+00      0.0000e+00      0.0000e+00      0.0000e+00      0.0000e+00      0.0000e+00      0.0000e+00

STAT_1:   230000             631

Steps/sec: 3026.687, Simulation ends in:   0 d:   0 h:   5 m 

MOVE_0:   240000           72086           36354      5.0431e+01      5.6733e-01           23819           12017      5.0451e+01      2.9251e-01           23963            7343      3.0643e+01           60149           10901      1.8123e+01

ENER_0:   240000     -2.4046e+05      2.7656e+04     -5.2924e+03     -2.6282e+05      0.0000e+00      0.0000e+00      0.0000e+00      0.0000e+00      0.0000e+00      0.0000e+00

STAT_0:   240000              76

MOVE_1:   240000           59983           10925      1.8213e+01

ENER_1:   240000      2.2757e+05      2.7600e+05     -4.8430e+04      0.0000e+00      0.0000e+00      0.0000e+00      0.0000e+00      0.0000e+00      0.0000e+00      0.0000e+00

STAT_1:   240000             624

Steps/sec: 2872.259, Simulation ends in:   0 d:   0 h:   5 m 

MOVE_0:   250000           75081           37876      5.0447e+01      6.3959e-01           24780           12486      5.0387e+01      2.1998e-01           24952            7588      3.0410e+01           62641           11223      1.7916e+01

ENER_0:   250000     -2.3348e+05      3.9390e+04     -6.4604e+03     -2.6641e+05      0.0000e+00      0.0000e+00      0.0000e+00      0.0000e+00      0.0000e+00      0.0000e+00

STAT_0:   250000              76

MOVE_1:   250000           62546           11247      1.7982e+01

ENER_1:   250000      2.1958e+05      2.6686e+05     -4.7284e+04      0.0000e+00      0.0000e+00      0.0000e+00      0.0000e+00      0.0000e+00      0.0000e+00      0.0000e+00

STAT_1:   250000             624

Steps/sec: 2864.901, Simulation ends in:   0 d:   0 h:   5 m 

MOVE_0:   260000           78021           39327      5.0406e+01      5.4737e-01           25743           12989      5.0456e+01      3.1456e-01           25969            7850      3.0228e+01           65145           11544      1.7720e+01

ENER_0:   260000     -2.5993e+05      2.7007e+04     -5.0537e+03     -2.8189e+05      0.0000e+00      0.0000e+00      0.0000e+00      0.0000e+00      0.0000e+00      0.0000e+00

STAT_0:   260000              77

MOVE_1:   260000           65122           11567      1.7762e+01

ENER_1:   260000      2.2976e+05      2.7873e+05     -4.8977e+04      0.0000e+00      0.0000e+00      0.0000e+00      0.0000e+00      0.0000e+00      0.0000e+00      0.0000e+00

STAT_1:   260000             623

Steps/sec: 2853.999, Simulation ends in:   0 d:   0 h:   5 m 

MOVE_0:   270000           80968           40830      5.0427e+01      6.3265e-01           26769           13510      5.0469e+01      3.2650e-01           26936            8154      3.0272e+01           67746           11984      1.7690e+01

ENER_0:   270000     -2.5396e+05      3.3032e+04     -5.8777e+03     -2.8111e+05      0.0000e+00      0.0000e+00      0.0000e+00      0.0000e+00      0.0000e+00      0.0000e+00

STAT_0:   270000              78

MOVE_1:   270000           67581           12006      1.7765e+01

ENER_1:   270000      2.2577e+05      2.7357e+05     -4.7801e+04      0.0000e+00      0.0000e+00      0.0000e+00      0.0000e+00      0.0000e+00      0.0000e+00      0.0000e+00

STAT_1:   270000             622

Steps/sec: 2974.564, Simulation ends in:   0 d:   0 h:   5 m 

MOVE_0:   280000           83980           42337      5.0413e+01      5.9003e-01           27797           14024      5.0451e+01      3.3160e-01           27958            8433      3.0163e+01           70260           12340      1.7563e+01

ENER_0:   280000     -1.9361e+05      2.2110e+04     -4.3361e+03     -2.1139e+05      0.0000e+00      0.0000e+00      0.0000e+00      0.0000e+00      0.0000e+00      0.0000e+00

STAT_0:   280000              67

MOVE_1:   280000           70005           12373      1.7674e+01

ENER_1:   280000      2.3219e+05      2.8233e+05     -5.0140e+04      0.0000e+00      0.0000e+00      0.0000e+00      0.0000e+00      0.0000e+00      0.0000e+00      0.0000e+00

STAT_1:   280000             633

Steps/sec: 2935.535, Simulation ends in:   0 d:   0 h:   5 m 

MOVE_0:   290000           86951           43815      5.0390e+01      5.3886e-01           28804           14533      5.0455e+01      3.7053e-01           28953            8768      3.0284e+01           72805           12818      1.7606e+01

ENER_0:   290000     -2.4110e+05      3.3839e+04     -6.2228e+03     -2.6871e+05      0.0000e+00      0.0000e+00      0.0000e+00      0.0000e+00      0.0000e+00      0.0000e+00

STAT_0:   290000              78

MOVE_1:   290000           72487           12840      1.7714e+01

ENER_1:   290000      2.2549e+05      2.7390e+05     -4.8410e+04      0.0000e+00      0.0000e+00      0.0000e+00      0.0000e+00      0.0000e+00      0.0000e+00      0.0000e+00

STAT_1:   290000             622

Steps/sec: 3020.459, Simulation ends in:   0 d:   0 h:   4 m 

MOVE_0:   300000           89896           45288      5.0378e+01      5.2201e-01           29856           15050      5.0409e+01      2.9550e-01           29983            9054      3.0197e+01           75327           13095      1.7384e+01

ENER_0:   300000     -2.8807e+05      3.0552e+04     -5.4854e+03     -3.1313e+05      0.0000e+00      0.0000e+00      0.0000e+00      0.0000e+00      0.0000e+00      0.0000e+00

STAT_0:   300000              81

MOVE_1:   300000           74938           13114      1.7500e+01

ENER_1:   300000      2.2973e+05      2.7976e+05     -5.0030e+04      0.0000e+00      0.0000e+00      0.0000e+00      0.0000e+00      0.0000e+00      0.0000e+00      0.0000e+00

STAT_1:   300000             619

Steps/sec: 2860.794, Simulation ends in:   0 d:   0 h:   4 m 

MOVE_0:   310000           92863           46785      5.0381e+01      5.6383e-01           30824           15543      5.0425e+01      3.2043e-01           30989            9319      3.0072e+01           77916           13376      1.7167e+01

ENER_0:   310000     -2.9150e+05      3.7220e+04     -6.4760e+03     -3.2225e+05      0.0000e+00      0.0000e+00      0.0000e+00      0.0000e+00      0.0000e+00      0.0000e+00

STAT_0:   310000              82

MOVE_1:   310000           77408           13394      1.7303e+01

ENER_1:   310000      2.4535e+05      2.9541e+05     -5.0061e+04      0.0000e+00      0.0000e+00      0.0000e+00      0.0000e+00      0.0000e+00      0.0000e+00      0.0000e+00

STAT_1:   310000             618

Steps/sec: 2837.987, Simulation ends in:   0 d:   0 h:   4 m 

MOVE_0:   320000           95800           48265      5.0381e+01      5.8042e-01           31815           16044      5.0429e+01      3.5771e-01           31994            9592      2.9981e+01           80438           13767      1.7115e+01

ENER_0:   320000     -2.1479e+05      3.5830e+04     -5.8108e+03     -2.4481e+05      0.0000e+00      0.0000e+00      0.0000e+00      0.0000e+00      0.0000e+00      0.0000e+00

STAT_0:   320000              70

MOVE_1:   320000           79953           13797      1.7256e+01

ENER_1:   320000      2.6871e+05      3.2343e+05     -5.4725e+04      0.0000e+00      0.0000e+00      0.0000e+00      0.0000e+00      0.0000e+00      0.0000e+00      0.0000e+00

STAT_1:   320000             630

Steps/sec: 3000.540, Simulation ends in:   0 d:   0 h:   4 m 

MOVE_0:   330000           98740           49728      5.0363e+01      5.2498e-01           32830           16550      5.0411e+01      3.0471e-01           32982            9872      2.9931e+01           82870           14103      1.7018e+01

ENER_0:   330000     -2.4159e+05      2.9523e+04     -5.6872e+03     -2.6543e+05      0.0000e+00      0.0000e+00      0.0000e+00      0.0000e+00      0.0000e+00      0.0000e+00

STAT_0:   330000              74

MOVE_1:   330000           82578           14129      1.7110e+01

ENER_1:   330000      2.5016e+05      3.0100e+05     -5.0839e+04      0.0000e+00      0.0000e+00      0.0000e+00      0.0000e+00      0.0000e+00      0.0000e+00      0.0000e+00

STAT_1:   330000             626

Steps/sec: 2887.219, Simulation ends in:   0 d:   0 h:   4 m 

MOVE_0:   340000          101727           51248      5.0378e+01      6.1717e-01           33828           17062      5.0438e+01      3.2988e-01           33973           10165      2.9921e+01           85393           14432      1.6901e+01

ENER_0:   340000     -1.8227e+05      2.8532e+04     -5.3148e+03     -2.0549e+05      0.0000e+00      0.0000e+00      0.0000e+00      0.0000e+00      0.0000e+00      0.0000e+00

STAT_0:   340000              65

MOVE_1:   340000           85079           14467      1.7004e+01

ENER_1:   340000      2.6149e+05      3.1587e+05     -5.4379e+04      0.0000e+00      0.0000e+00      0.0000e+00      0.0000e+00      0.0000e+00      0.0000e+00      0.0000e+00

STAT_1:   340000             635

Steps/sec: 2921.550, Simulation ends in:   0 d:   0 h:   4 m 

MOVE_0:   350000          104707           52753      5.0382e+01      6.4496e-01           34828           17562      5.0425e+01      3.2765e-01           34975           10488      2.9987e+01           87908           14927      1.6980e+01

ENER_0:   350000     -1.3916e+05      2.3092e+04     -4.3728e+03     -1.5788e+05      0.0000e+00      0.0000e+00      0.0000e+00      0.0000e+00      0.0000e+00      0.0000e+00

STAT_0:   350000              58

MOVE_1:   350000           87582           14969      1.7091e+01

ENER_1:   350000      2.4922e+05      3.0046e+05     -5.1241e+04      0.0000e+00      0.0000e+00      0.0000e+00      0.0000e+00      0.0000e+00      0.0000e+00      0.0000e+00

STAT_1:   350000             642

Steps/sec: 3030.167, Simulation ends in:   0 d:   0 h:   4 m 

MOVE_0:   360000          107748           54255      5.0354e+01      5.4713e-01           35834           18066      5.0416e+01      3.0009e-01           35989           10825      3.0079e+01           90390           15404      1.7042e+01

ENER_0:   360000     -2.2783e+05      3.7603e+04     -6.4102e+03     -2.5902e+05      0.0000e+00      0.0000e+00      0.0000e+00      0.0000e+00      0.0000e+00      0.0000e+00

STAT_0:   360000              74

MOVE_1:   360000           90039           15430      1.7137e+01

ENER_1:   360000      2.4911e+05      3.0055e+05     -5.1447e+04      0.0000e+00      0.0000e+00      0.0000e+00      0.0000e+00      0.0000e+00      0.0000e+00      0.0000e+00

STAT_1:   360000             626

Steps/sec: 3050.430, Simulation ends in:   0 d:   0 h:   4 m 

MOVE_0:   370000          110816           55816      5.0368e+01      6.3439e-01           36875           18591      5.0416e+01      2.9931e-01           37002           11103      3.0006e+01           92801           15745      1.6966e+01

ENER_0:   370000     -2.3352e+05      3.5416e+04     -6.3146e+03     -2.6262e+05      0.0000e+00      0.0000e+00      0.0000e+00      0.0000e+00      0.0000e+00      0.0000e+00

STAT_0:   370000              74

MOVE_1:   370000           92506           15771      1.7049e+01

ENER_1:   370000      2.4764e+05      2.9953e+05     -5.1896e+04      0.0000e+00      0.0000e+00      0.0000e+00      0.0000e+00      0.0000e+00      0.0000e+00      0.0000e+00

STAT_1:   370000             626

Steps/sec: 2919.383, Simulation ends in:   0 d:   0 h:   4 m 

MOVE_0:   380000          113714           57292      5.0383e+01      7.4257e-01           37851           19090      5.0435e+01      3.5955e-01           38024           11460      3.0139e+01           95374           16322      1.7114e+01

ENER_0:   380000     -1.6835e+05      1.8960e+04     -3.8234e+03     -1.8349e+05      0.0000e+00      0.0000e+00      0.0000e+00      0.0000e+00      0.0000e+00      0.0000e+00

STAT_0:   380000              61

MOVE_1:   380000           95037           16361      1.7215e+01

ENER_1:   380000      2.3487e+05      2.8631e+05     -5.1440e+04      0.0000e+00      0.0000e+00      0.0000e+00      0.0000e+00      0.0000e+00      0.0000e+00      0.0000e+00

STAT_1:   380000             639

Steps/sec: 3085.186, Simulation ends in:   0 d:   0 h:   4 m 

MOVE_0:   390000          116703           58739      5.0332e+01      5.1989e-01           38860           19593      5.0419e+01      3.2485e-01           39025           11731      3.0060e+01           97882           16679      1.7040e+01

ENER_0:   390000     -2.2569e+05      3.0671e+04     -5.5571e+03     -2.5080e+05      0.0000e+00      0.0000e+00      0.0000e+00      0.0000e+00      0.0000e+00      0.0000e+00

STAT_0:   390000              72

MOVE_1:   390000           97530           16707      1.7130e+01

ENER_1:   390000      2.2469e+05      2.7376e+05     -4.9072e+04      0.0000e+00      0.0000e+00      0.0000e+00      0.0000e+00      0.0000e+00      0.0000e+00      0.0000e+00

STAT_1:   390000             628

Steps/sec: 2953.649, Simulation ends in:   0 d:   0 h:   4 m 

MOVE_0:   400000          119670           60226      5.0327e+01      5.2236e-01           39869           20094      5.0400e+01      2.8176e-01           40059           11987      2.9923e+01          100376           16917      1.6854e+01

ENER_0:   400000     -2.8831e+05      3.5234e+04     -6.0805e+03     -3.1746e+05      0.0000e+00      0.0000e+00      0.0000e+00      0.0000e+00      0.0000e+00      0.0000e+00

STAT_0:   400000              82

MOVE_1:   400000          100026           16935      1.6931e+01

ENER_1:   400000      2.2626e+05      2.7487e+05     -4.8612e+04      0.0000e+00      0.0000e+00      0.0000e+00      0.0000e+00      0.0000e+00      0.0000e+00      0.0000e+00

STAT_1:   400000             618

Steps/sec: 2816.241, Simulation ends in:   0 d:   0 h:   4 m 

MOVE_0:   410000          122591           61701      5.0331e+01      5.5704e-01           40900           20622      5.0421e+01      3.2440e-01           41039           12210      2.9752e+01          102841           17089      1.6617e+01

ENER_0:   410000     -2.3038e+05      2.1144e+04     -4.2673e+03     -2.4725e+05      0.0000e+00      0.0000e+00      0.0000e+00      0.0000e+00      0.0000e+00      0.0000e+00

STAT_0:   410000              72

MOVE_1:   410000          102629           17117      1.6679e+01

ENER_1:   410000      2.3224e+05      2.8267e+05     -5.0436e+04      0.0000e+00      0.0000e+00      0.0000e+00      0.0000e+00      0.0000e+00      0.0000e+00      0.0000e+00

STAT_1:   410000             628

Steps/sec: 2732.473, Simulation ends in:   0 d:   0 h:   4 m 

MOVE_0:   420000          125601           63210      5.0326e+01      5.5401e-01           41936           21138      5.0405e+01      2.9613e-01           41993           12479      2.9717e+01          105341           17483      1.6597e+01

ENER_0:   420000     -2.0455e+05      3.0350e+04     -5.6475e+03     -2.2925e+05      0.0000e+00      0.0000e+00      0.0000e+00      0.0000e+00      0.0000e+00      0.0000e+00

STAT_0:   420000              70

MOVE_1:   420000          105129           17513      1.6659e+01

ENER_1:   420000      2.2131e+05      2.6868e+05     -4.7373e+04      0.0000e+00      0.0000e+00      0.0000e+00      0.0000e+00      0.0000e+00      0.0000e+00      0.0000e+00

STAT_1:   420000             630

Steps/sec: 2960.410, Simulation ends in:   0 d:   0 h:   4 m 

MOVE_0:   430000          128632           64811      5.0385e+01      9.2197e-01           42972           21688      5.0470e+01      4.8769e-01           42997           12850      2.9886e+01          107789           18181      1.6867e+01

ENER_0:   430000     -8.4490e+04      1.4669e+04     -2.7812e+03     -9.6377e+04      0.0000e+00      0.0000e+00      0.0000e+00      0.0000e+00      0.0000e+00      0.0000e+00

STAT_0:   430000              40

MOVE_1:   430000          107610           18241      1.6951e+01

ENER_1:   430000      2.4002e+05      2.9334e+05     -5.3317e+04      0.0000e+00      0.0000e+00      0.0000e+00      0.0000e+00      0.0000e+00      0.0000e+00      0.0000e+00

STAT_1:   430000             660

Steps/sec: 3324.482, Simulation ends in:   0 d:   0 h:   4 m 

MOVE_0:   440000          131667           66506      5.0511e+01      2.1272e+00           43915           22225      5.0609e+01      1.5960e+00           44001           13466      3.0604e+01          110315           19574      1.7744e+01

ENER_0:   440000     -5.8333e+03      6.0345e+03     -1.0501e+03     -1.0818e+04      0.0000e+00      0.0000e+00      0.0000e+00      0.0000e+00      0.0000e+00      0.0000e+00

STAT_0:   440000              15

MOVE_1:   440000          110102           19659      1.7855e+01

ENER_1:   440000      2.5882e+05      3.1553e+05     -5.6707e+04      0.0000e+00      0.0000e+00      0.0000e+00      0.0000e+00      0.0000e+00      0.0000e+00      0.0000e+00

STAT_1:   440000             685

Steps/sec: 4040.172, Simulation ends in:   0 d:   0 h:   4 m 

MOVE_0:   450000          134631           68045      5.0542e+01      2.3612e+00           44914           22740      5.0630e+01      1.6212e+00           45052           14171      3.1455e+01          112825           21113      1.8713e+01

ENER_0:   450000      4.1359e+02      3.1840e+03     -6.1988e+02     -2.1506e+03      0.0000e+00      0.0000e+00      0.0000e+00      0.0000e+00      0.0000e+00      0.0000e+00

STAT_0:   450000               9

MOVE_1:   450000          112578           21204      1.8835e+01

ENER_1:   450000      2.8855e+05      3.4898e+05     -6.0435e+04      0.0000e+00      0.0000e+00      0.0000e+00      0.0000e+00      0.0000e+00      0.0000e+00      0.0000e+00

STAT_1:   450000             691

Steps/sec: 4185.022, Simulation ends in:   0 d:   0 h:   4 m 

MOVE_0:   460000          137677           69501      5.0481e+01      9.7647e-01           45944           23231      5.0564e+01      7.9012e-01           46027           14834      3.2229e+01          115265           22626      1.9630e+01

ENER_0:   460000     -5.1502e+04      1.3841e+04     -2.7444e+03     -6.2599e+04      0.0000e+00      0.0000e+00      0.0000e+00      0.0000e+00      0.0000e+00      0.0000e+00

STAT_0:   460000              34

MOVE_1:   460000          115087           22692      1.9717e+01

ENER_1:   460000      2.3404e+05      2.8475e+05     -5.0713e+04      0.0000e+00      0.0000e+00      0.0000e+00      0.0000e+00      0.0000e+00      0.0000e+00      0.0000e+00

STAT_1:   460000             666

Steps/sec: 4289.748, Simulation ends in:   0 d:   0 h:   3 m 

MOVE_0:   470000          140742           71182      5.0576e+01      2.2047e+00           46931           23767      5.0642e+01      1.5133e+00           47013           15506      3.2982e+01          117738           24124      2.0490e+01

ENER_0:   470000     -1.6676e+02      7.2267e+02     -1.9641e+02     -6.9301e+02      0.0000e+00      0.0000e+00      0.0000e+00      0.0000e+00      0.0000e+00      0.0000e+00

STAT_0:   470000               4

MOVE_1:   470000          117576           24220      2.0599e+01

ENER_1:   470000      2.5002e+05      3.0340e+05     -5.3382e+04      0.0000e+00      0.0000e+00      0.0000e+00      0.0000e+00      0.0000e+00      0.0000e+00      0.0000e+00

STAT_1:   470000             696

Steps/sec: 4229.847, Simulation ends in:   0 d:   0 h:   3 m 

MOVE_0:   480000          143702           72522      5.0467e+01      6.2935e-01           47928           24213      5.0520e+01      3.7835e-01           48059           16021      3.3336e+01          120228           25108      2.0884e+01

ENER_0:   480000     -1.8179e+05      2.2983e+04     -4.3666e+03     -2.0041e+05      0.0000e+00      0.0000e+00      0.0000e+00      0.0000e+00      0.0000e+00      0.0000e+00

STAT_0:   480000              63

MOVE_1:   480000          120083           25145      2.0940e+01

ENER_1:   480000      2.4854e+05      3.0025e+05     -5.1717e+04      0.0000e+00      0.0000e+00      0.0000e+00      0.0000e+00      0.0000e+00      0.0000e+00      0.0000e+00

STAT_1:   480000             637

Steps/sec: 3474.093, Simulation ends in:   0 d:   0 h:   3 m 

MOVE_0:   490000          146624           73969      5.0448e+01      5.7531e-01           48913           24693      5.0484e+01      2.9627e-01           49028           16300      3.3246e+01          122789           25548      2.0806e+01

ENER_0:   490000     -2.0967e+05      2.8675e+04     -5.1118e+03     -2.3324e+05      0.0000e+00      0.0000e+00      0.0000e+00      0.0000e+00      0.0000e+00      0.0000e+00

STAT_0:   490000              68

MOVE_1:   490000          122646           25580      2.0857e+01

ENER_1:   490000      2.5520e+05      3.0818e+05     -5.2979e+04      0.0000e+00      0.0000e+00      0.0000e+00      0.0000e+00      0.0000e+00      0.0000e+00      0.0000e+00

STAT_1:   490000             632

Steps/sec: 2920.247, Simulation ends in:   0 d:   0 h:   3 m 

MOVE_0:   500000          149649           75475      5.0435e+01      5.2741e-01           49889           25182      5.0476e+01      2.6524e-01           50040           16573      3.3120e+01          125238           25925      2.0701e+01

ENER_0:   500000     -2.1199e+05      3.3147e+04     -5.9045e+03     -2.3923e+05      0.0000e+00      0.0000e+00      0.0000e+00      0.0000e+00      0.0000e+00      0.0000e+00

STAT_0:   500000              72

MOVE_1:   500000          125184           25953      2.0732e+01

ENER_1:   500000      2.3882e+05      2.8942e+05     -5.0597e+04      0.0000e+00      0.0000e+00      0.0000e+00      0.0000e+00      0.0000e+00      0.0000e+00      0.0000e+00

STAT_1:   500000             628

Steps/sec: 2940.708, Simulation ends in:   0 d:   0 h:   3 m 

MOVE_0:   510000          152564           76935      5.0428e+01      5.3237e-01           50977           25732      5.0478e+01      2.8816e-01           51092           16846      3.2972e+01          127683           26265      2.0570e+01

ENER_0:   510000     -2.3887e+05      3.1128e+04     -5.7436e+03     -2.6426e+05      0.0000e+00      0.0000e+00      0.0000e+00      0.0000e+00      0.0000e+00      0.0000e+00

STAT_0:   510000              76

MOVE_1:   510000          127684           26289      2.0589e+01

ENER_1:   510000      2.1647e+05      2.6486e+05     -4.8393e+04      0.0000e+00      0.0000e+00      0.0000e+00      0.0000e+00      0.0000e+00      0.0000e+00      0.0000e+00

STAT_1:   510000             624

Steps/sec: 2886.265, Simulation ends in:   0 d:   0 h:   3 m 

MOVE_0:   520000          155567           78415      5.0406e+01      4.4193e-01           51996           26243      5.0471e+01      2.8224e-01           52072           17076      3.2793e+01          130170           26525      2.0377e+01

ENER_0:   520000     -2.7917e+05      3.2975e+04     -6.2329e+03     -3.0591e+05      0.0000e+00      0.0000e+00      0.0000e+00      0.0000e+00      0.0000e+00      0.0000e+00

STAT_0:   520000              82

MOVE_1:   520000          130195           26543      2.0387e+01

ENER_1:   520000      2.3336e+05      2.8355e+05     -5.0195e+04      0.0000e+00      0.0000e+00      0.0000e+00      0.0000e+00      0.0000e+00      0.0000e+00      0.0000e+00

STAT_1:   520000             618

Steps/sec: 2827.292, Simulation ends in:   0 d:   0 h:   3 m 

MOVE_0:   530000          158576           79945      5.0414e+01      5.1698e-01           52992           26734      5.0449e+01      2.3076e-01           53070           17293      3.2585e+01          132692           26729      2.0144e+01

ENER_0:   530000     -2.6659e+05      3.3646e+04     -5.9090e+03     -2.9433e+05      0.0000e+00      0.0000e+00      0.0000e+00      0.0000e+00      0.0000e+00      0.0000e+00

STAT_0:   530000              78

MOVE_1:   530000          132670           26751      2.0164e+01

ENER_1:   530000      2.4656e+05      2.9767e+05     -5.1109e+04      0.0000e+00      0.0000e+00      0.0000e+00      0.0000e+00      0.0000e+00      0.0000e+00      0.0000e+00

STAT_1:   530000             622

Steps/sec: 2780.769, Simulation ends in:   0 d:   0 h:   3 m 

MOVE_0:   540000          161593           81489      5.0429e+01      6.1459e-01           53964           27237      5.0473e+01      3.3411e-01           54078           17562      3.2475e+01          135208           27088      2.0034e+01

ENER_0:   540000     -2.2868e+05      3.2156e+04     -5.6746e+03     -2.5517e+05      0.0000e+00      0.0000e+00      0.0000e+00      0.0000e+00      0.0000e+00      0.0000e+00

STAT_0:   540000              73

MOVE_1:   540000          135157           27115      2.0062e+01

ENER_1:   540000      2.5389e+05      3.0551e+05     -5.1612e+04      0.0000e+00      0.0000e+00      0.0000e+00      0.0000e+00      0.0000e+00      0.0000e+00      0.0000e+00

STAT_1:   540000             627

Steps/sec: 2934.396, Simulation ends in:   0 d:   0 h:   3 m 

MOVE_0:   550000          164627           82957      5.0391e+01      4.3008e-01           54940           27711      5.0439e+01      2.4925e-01           55072           17818      3.2354e+01          137705           27454      1.9937e+01

ENER_0:   550000     -3.0793e+05      2.7992e+04     -5.2961e+03     -3.3062e+05      0.0000e+00      0.0000e+00      0.0000e+00      0.0000e+00      0.0000e+00      0.0000e+00

STAT_0:   550000              84

MOVE_1:   550000          137656           27470      1.9956e+01

ENER_1:   550000      2.3464e+05      2.8408e+05     -4.9444e+04      0.0000e+00      0.0000e+00      0.0000e+00      0.0000e+00      0.0000e+00      0.0000e+00      0.0000e+00

STAT_1:   550000             616

Steps/sec: 2938.370, Simulation ends in:   0 d:   0 h:   3 m 

MOVE_0:   560000          167623           84490      5.0405e+01      4.9153e-01           55906           28195      5.0433e+01      2.4473e-01           56086           18085      3.2245e+01          140217           27742      1.9785e+01

ENER_0:   560000     -2.8184e+05      3.3059e+04     -6.2271e+03     -3.0867e+05      0.0000e+00      0.0000e+00      0.0000e+00      0.0000e+00      0.0000e+00      0.0000e+00

STAT_0:   560000              82

MOVE_1:   560000          140168           27760      1.9805e+01

ENER_1:   560000      2.2874e+05      2.7830e+05     -4.9560e+04      0.0000e+00      0.0000e+00      0.0000e+00      0.0000e+00      0.0000e+00      0.0000e+00      0.0000e+00

STAT_1:   560000             618

Steps/sec: 2857.547, Simulation ends in:   0 d:   0 h:   3 m 

MOVE_0:   570000          170651           86040      5.0419e+01      6.1601e-01           56918           28725      5.0467e+01      3.6401e-01           57087           18364      3.2168e+01          142623           28117      1.9714e+01

ENER_0:   570000     -2.2113e+05      3.2198e+04     -5.1871e+03     -2.4814e+05      0.0000e+00      0.0000e+00      0.0000e+00      0.0000e+00      0.0000e+00      0.0000e+00

STAT_0:   570000              73

MOVE_1:   570000          142721           28144      1.9720e+01

ENER_1:   570000      2.3055e+05      2.8099e+05     -5.0438e+04      0.0000e+00      0.0000e+00      0.0000e+00      0.0000e+00      0.0000e+00      0.0000e+00      0.0000e+00

STAT_1:   570000             627

Steps/sec: 2968.239, Simulation ends in:   0 d:   0 h:   3 m 

MOVE_0:   580000          173579           87512      5.0416e+01      6.4215e-01           57938           29231      5.0452e+01      3.2631e-01           58078           18650      3.2112e+01          145157           28502      1.9635e+01

ENER_0:   580000     -1.9531e+05      2.0830e+04     -4.2012e+03     -2.1194e+05      0.0000e+00      0.0000e+00      0.0000e+00      0.0000e+00      0.0000e+00      0.0000e+00

STAT_0:   580000              66

MOVE_1:   580000          145248           28536      1.9646e+01

ENER_1:   580000      2.3999e+05      2.9147e+05     -5.1479e+04      0.0000e+00      0.0000e+00      0.0000e+00      0.0000e+00      0.0000e+00      0.0000e+00      0.0000e+00

STAT_1:   580000             634

Steps/sec: 2918.837, Simulation ends in:   0 d:   0 h:   3 m 

MOVE_0:   590000          176564           88964      5.0386e+01      4.6502e-01           58934           29727      5.0441e+01      2.9525e-01           59078           18932      3.2046e+01          147660           28885      1.9562e+01

ENER_0:   590000     -2.6258e+05      2.4462e+04     -4.7383e+03     -2.8230e+05      0.0000e+00      0.0000e+00      0.0000e+00      0.0000e+00      0.0000e+00      0.0000e+00

STAT_0:   590000              76

MOVE_1:   590000          147764           28909      1.9564e+01

ENER_1:   590000      2.3991e+05      2.9206e+05     -5.2142e+04      0.0000e+00      0.0000e+00      0.0000e+00      0.0000e+00      0.0000e+00      0.0000e+00      0.0000e+00

STAT_1:   590000             624

Steps/sec: 2914.360, Simulation ends in:   0 d:   0 h:   3 m 

MOVE_0:   600000          179607           90509      5.0393e+01      5.2754e-01           59945           30235      5.0438e+01      2.9751e-01           60045           19147      3.1888e+01          150150           29104      1.9383e+01

ENER_0:   600000     -3.0775e+05      4.5388e+04     -7.6483e+03     -3.4549e+05      0.0000e+00      0.0000e+00      0.0000e+00      0.0000e+00      0.0000e+00      0.0000e+00

STAT_0:   600000              86

MOVE_1:   600000          150253           29118      1.9379e+01

ENER_1:   600000      2.1796e+05      2.6625e+05     -4.8292e+04      0.0000e+00      0.0000e+00      0.0000e+00      0.0000e+00      0.0000e+00      0.0000e+00      0.0000e+00

STAT_1:   600000             614

Steps/sec: 2781.775, Simulation ends in:   0 d:   0 h:   3 m 

MOVE_0:   610000          182618           92030      5.0395e+01      5.4508e-01           60964           30750      5.0440e+01      3.1456e-01           61077           19391      3.1748e+01          152605           29280      1.9187e+01

ENER_0:   610000     -2.5029e+05      2.7188e+04     -5.1310e+03     -2.7234e+05      0.0000e+00      0.0000e+00      0.0000e+00      0.0000e+00      0.0000e+00      0.0000e+00

STAT_0:   610000              75

MOVE_1:   610000          152736           29305      1.9187e+01

ENER_1:   610000      2.1257e+05      2.6043e+05     -4.7860e+04      0.0000e+00      0.0000e+00      0.0000e+00      0.0000e+00      0.0000e+00      0.0000e+00      0.0000e+00

STAT_1:   610000             625

Steps/sec: 2760.553, Simulation ends in:   0 d:   0 h:   3 m 

MOVE_0:   620000          185651           93531      5.0380e+01      4.7775e-01           61921           31228      5.0432e+01      2.9015e-01           62081           19654      3.1659e+01          155143           29565      1.9057e+01

ENER_0:   620000     -2.9455e+05      3.4330e+04     -6.0681e+03     -3.2281e+05      0.0000e+00      0.0000e+00      0.0000e+00      0.0000e+00      0.0000e+00      0.0000e+00

STAT_0:   620000              84

MOVE_1:   620000          155204           29581      1.9059e+01

ENER_1:   620000      2.1360e+05      2.6122e+05     -4.7612e+04      0.0000e+00      0.0000e+00      0.0000e+00      0.0000e+00      0.0000e+00      0.0000e+00      0.0000e+00

STAT_1:   620000             616

Steps/sec: 2804.652, Simulation ends in:   0 d:   0 h:   3 m 

MOVE_0:   630000          188693           95104      5.0401e+01      6.6645e-01           62957           31767      5.0458e+01      3.8528e-01           63080           19940      3.1611e+01          157590           29871      1.8955e+01

ENER_0:   630000     -1.3382e+05      2.5951e+04     -4.5268e+03     -1.5524e+05      0.0000e+00      0.0000e+00      0.0000e+00      0.0000e+00      0.0000e+00      0.0000e+00

STAT_0:   630000              52

MOVE_1:   630000          157680           29919      1.8975e+01

ENER_1:   630000      2.2589e+05      2.7566e+05     -4.9774e+04      0.0000e+00      0.0000e+00      0.0000e+00      0.0000e+00      0.0000e+00      0.0000e+00      0.0000e+00

STAT_1:   630000             648

Steps/sec: 2899.378, Simulation ends in:   0 d:   0 h:   3 m 

MOVE_0:   640000          191749           96620      5.0389e+01      6.0982e-01           63928           32255      5.0455e+01      3.9171e-01           64088           20251      3.1599e+01          160056           30263      1.8908e+01

ENER_0:   640000     -1.8175e+05      3.5584e+04     -6.0104e+03     -2.1132e+05      0.0000e+00      0.0000e+00      0.0000e+00      0.0000e+00      0.0000e+00      0.0000e+00

STAT_0:   640000              68

MOVE_1:   640000          160179           30295      1.8913e+01

ENER_1:   640000      2.0893e+05      2.5631e+05     -4.7388e+04      0.0000e+00      0.0000e+00      0.0000e+00      0.0000e+00      0.0000e+00      0.0000e+00      0.0000e+00

STAT_1:   640000             632

Steps/sec: 2946.343, Simulation ends in:   0 d:   0 h:   2 m 

MOVE_0:   650000          194757           98129      5.0385e+01      6.1412e-01           64898           32739      5.0447e+01      3.8044e-01           65069           20600      3.1659e+01          162559           30792      1.8942e+01

ENER_0:   650000     -1.5348e+05      1.8123e+04     -3.7072e+03     -1.6789e+05      0.0000e+00      0.0000e+00      0.0000e+00      0.0000e+00      0.0000e+00      0.0000e+00

STAT_0:   650000              60

MOVE_1:   650000          162717           30832      1.8948e+01

ENER_1:   650000      2.3965e+05      2.9140e+05     -5.1750e+04      0.0000e+00      0.0000e+00      0.0000e+00      0.0000e+00      0.0000e+00      0.0000e+00      0.0000e+00

STAT_1:   650000             640

Steps/sec: 3048.277, Simulation ends in:   0 d:   0 h:   2 m 

MOVE_0:   660000          197690           99585      5.0374e+01      5.4445e-01           65886           33221      5.0422e+01      2.5455e-01           66022           20886      3.1635e+01          165127           31173      1.8878e+01

ENER_0:   660000     -3.0809e+05      3.6679e+04     -6.7281e+03     -3.3804e+05      0.0000e+00      0.0000e+00      0.0000e+00      0.0000e+00      0.0000e+00      0.0000e+00

STAT_0:   660000              82

MOVE_1:   660000          165275           31191      1.8872e+01

ENER_1:   660000      2.1335e+05      2.6116e+05     -4.7808e+04      0.0000e+00      0.0000e+00      0.0000e+00      0.0000e+00      0.0000e+00      0.0000e+00      0.0000e+00

STAT_1:   660000             618

Steps/sec: 2877.701, Simulation ends in:   0 d:   0 h:   2 m 

MOVE_0:   670000          200774          101100      5.0355e+01      4.4759e-01           66844           33698      5.0413e+01      2.2550e-01           67027           21114      3.1501e+01          167598           31429      1.8753e+01

ENER_0:   670000     -3.0571e+05      3.5268e+04     -6.5811e+03     -3.3440e+05      0.0000e+00      0.0000e+00      0.0000e+00      0.0000e+00      0.0000e+00      0.0000e+00

STAT_0:   670000              85

MOVE_1:   670000          167757           31444      1.8744e+01

ENER_1:   670000      2.1243e+05      2.5939e+05     -4.6962e+04      0.0000e+00      0.0000e+00      0.0000e+00      0.0000e+00      0.0000e+00      0.0000e+00      0.0000e+00

STAT_1:   670000             615

Steps/sec: 2786.635, Simulation ends in:   0 d:   0 h:   2 m 

MOVE_0:   680000          203867          102693      5.0373e+01      5.7816e-01           67862           34226      5.0435e+01      3.1498e-01           67989           21373      3.1436e+01          170040           31668      1.8624e+01

ENER_0:   680000     -2.4013e+05      2.6867e+04     -5.2494e+03     -2.6175e+05      0.0000e+00      0.0000e+00      0.0000e+00      0.0000e+00      0.0000e+00      0.0000e+00

STAT_0:   680000              75

MOVE_1:   680000          170242           31693      1.8616e+01

ENER_1:   680000      2.1336e+05      2.6183e+05     -4.8465e+04      0.0000e+00      0.0000e+00      0.0000e+00      0.0000e+00      0.0000e+00      0.0000e+00      0.0000e+00

STAT_1:   680000             625

Steps/sec: 2853.233, Simulation ends in:   0 d:   0 h:   2 m 

MOVE_0:   690000          206793          104149      5.0364e+01      5.3384e-01           68840           34723      5.0440e+01      2.7417e-01           69013           21610      3.1313e+01          172529           31901      1.8490e+01

ENER_0:   690000     -1.7965e+05      2.4915e+04     -4.8346e+03     -1.9973e+05      0.0000e+00      0.0000e+00      0.0000e+00      0.0000e+00      0.0000e+00      0.0000e+00

STAT_0:   690000              62

MOVE_1:   690000          172825           31939      1.8481e+01

ENER_1:   690000      2.2711e+05      2.7726e+05     -5.0155e+04      0.0000e+00      0.0000e+00      0.0000e+00      0.0000e+00      0.0000e+00      0.0000e+00      0.0000e+00

STAT_1:   690000             638

Steps/sec: 2745.162, Simulation ends in:   0 d:   0 h:   2 m 

MOVE_0:   700000          209786          105641      5.0357e+01      4.9244e-01           69864           35227      5.0422e+01      2.2397e-01           70002           21881      3.1258e+01          174968           32271      1.8444e+01

ENER_0:   700000     -2.6536e+05      3.0537e+04     -5.5400e+03     -2.9036e+05      0.0000e+00      0.0000e+00      0.0000e+00      0.0000e+00      0.0000e+00      0.0000e+00

STAT_0:   700000              76

MOVE_1:   700000          175380           32295      1.8414e+01

ENER_1:   700000      2.3433e+05      2.8403e+05     -4.9697e+04      0.0000e+00      0.0000e+00      0.0000e+00      0.0000e+00      0.0000e+00      0.0000e+00      0.0000e+00

STAT_1:   700000             624

Steps/sec: 2872.301, Simulation ends in:   0 d:   0 h:   2 m 

MOVE_0:   710000          212799          107155      5.0355e+01      4.9429e-01           70867           35740      5.0433e+01      2.7546e-01           71005           22119      3.1151e+01          177450           32491      1.8310e+01

ENER_0:   710000     -3.0847e+05      4.2496e+04     -7.9914e+03     -3.4298e+05      0.0000e+00      0.0000e+00      0.0000e+00      0.0000e+00      0.0000e+00      0.0000e+00

STAT_0:   710000              85

MOVE_1:   710000          177879           32506      1.8274e+01

ENER_1:   710000      2.2251e+05      2.7028e+05     -4.7771e+04      0.0000e+00      0.0000e+00      0.0000e+00      0.0000e+00      0.0000e+00      0.0000e+00      0.0000e+00

STAT_1:   710000             615

Steps/sec: 2776.881, Simulation ends in:   0 d:   0 h:   2 m 

MOVE_0:   720000          215840          108691      5.0357e+01      5.3956e-01           71894           36260      5.0435e+01      2.8719e-01           72007           22381      3.1082e+01          179944           32756      1.8203e+01

ENER_0:   720000     -1.7483e+05      1.7417e+04     -3.6400e+03     -1.8861e+05      0.0000e+00      0.0000e+00      0.0000e+00      0.0000e+00      0.0000e+00      0.0000e+00

STAT_0:   720000              64

MOVE_1:   720000          180315           32792      1.8186e+01

ENER_1:   720000      2.4138e+05      2.9261e+05     -5.1235e+04      0.0000e+00      0.0000e+00      0.0000e+00      0.0000e+00      0.0000e+00      0.0000e+00      0.0000e+00

STAT_1:   720000             636

Steps/sec: 2874.560, Simulation ends in:   0 d:   0 h:   2 m 

MOVE_0:   730000          218940          110282      5.0371e+01      6.7274e-01           72868           36757      5.0443e+01      3.4123e-01           72978           22710      3.1119e+01          182420           33245      1.8224e+01

ENER_0:   730000     -1.9759e+05      1.7809e+04     -3.7017e+03     -2.1170e+05      0.0000e+00      0.0000e+00      0.0000e+00      0.0000e+00      0.0000e+00      0.0000e+00

STAT_0:   730000              65

MOVE_1:   730000          182794           33280      1.8206e+01

ENER_1:   730000      2.4147e+05      2.9277e+05     -5.1306e+04      0.0000e+00      0.0000e+00      0.0000e+00      0.0000e+00      0.0000e+00      0.0000e+00      0.0000e+00

STAT_1:   730000             635

Steps/sec: 3058.416, Simulation ends in:   0 d:   0 h:   2 m 

MOVE_0:   740000          221888          111735      5.0356e+01      5.5129e-01           73931           37282      5.0428e+01      2.8249e-01           74007           23018      3.1102e+01          184900           33600      1.8172e+01

ENER_0:   740000     -1.9940e+05      3.2907e+04     -5.5663e+03     -2.2674e+05      0.0000e+00      0.0000e+00      0.0000e+00      0.0000e+00      0.0000e+00      0.0000e+00

STAT_0:   740000              68

MOVE_1:   740000          185274           33632      1.8153e+01

ENER_1:   740000      2.3209e+05      2.8147e+05     -4.9384e+04      0.0000e+00      0.0000e+00      0.0000e+00      0.0000e+00      0.0000e+00      0.0000e+00      0.0000e+00

STAT_1:   740000             632

Steps/sec: 2919.514, Simulation ends in:   0 d:   0 h:   2 m 

MOVE_0:   750000          224825          113278      5.0385e+01      8.8326e-01           74900           37799      5.0466e+01      5.2278e-01           75013           23337      3.1111e+01          187422           34074      1.8180e+01

ENER_0:   750000     -4.1695e+04      6.2383e+03     -1.3922e+03     -4.6541e+04      0.0000e+00      0.0000e+00      0.0000e+00      0.0000e+00      0.0000e+00      0.0000e+00

STAT_0:   750000              26

MOVE_1:   750000          187840           34148      1.8179e+01

ENER_1:   750000      2.4114e+05      2.9327e+05     -5.2138e+04      0.0000e+00      0.0000e+00      0.0000e+00      0.0000e+00      0.0000e+00      0.0000e+00      0.0000e+00

STAT_1:   750000             674

Steps/sec: 3002.014, Simulation ends in:   0 d:   0 h:   2 m 

MOVE_0:   760000          227845          114950      5.0451e+01      1.9707e+00           75871           38363      5.0563e+01      1.8207e+00           75953           23926      3.1501e+01          189893           35496      1.8693e+01

ENER_0:   760000     -3.4965e+03      2.5270e+03     -5.1215e+02     -5.5113e+03      0.0000e+00      0.0000e+00      0.0000e+00      0.0000e+00      0.0000e+00      0.0000e+00

STAT_0:   760000               9

MOVE_1:   760000          190438           35587      1.8687e+01

ENER_1:   760000      2.5605e+05      3.1168e+05     -5.5629e+04      0.0000e+00      0.0000e+00      0.0000e+00      0.0000e+00      0.0000e+00      0.0000e+00      0.0000e+00

STAT_1:   760000             691

Steps/sec: 3983.775, Simulation ends in:   0 d:   0 h:   2 m 

MOVE_0:   770000          230856          116573      5.0496e+01      3.1158e+00           76871           38910      5.0617e+01      3.1416e+00           76961           24638      3.2014e+01          192322           37146      1.9314e+01

ENER_0:   770000     -2.1381e+04      4.7107e+03     -9.9732e+02     -2.5094e+04      0.0000e+00      0.0000e+00      0.0000e+00      0.0000e+00      0.0000e+00      0.0000e+00

STAT_0:   770000              18

MOVE_1:   770000          192990           37228      1.9290e+01

ENER_1:   770000      2.7517e+05      3.3336e+05     -5.8193e+04      0.0000e+00      0.0000e+00      0.0000e+00      0.0000e+00      0.0000e+00      0.0000e+00      0.0000e+00

STAT_1:   770000             682

Steps/sec: 4387.519, Simulation ends in:   0 d:   0 h:   2 m 

MOVE_0:   780000          233927          117985      5.0437e+01      9.4643e-01           77842           39336      5.0533e+01      7.0372e-01           77974           25297      3.2443e+01          194794           38615      1.9824e+01

ENER_0:   780000     -2.1282e+03      2.9725e+03     -4.1909e+02     -4.6816e+03      0.0000e+00      0.0000e+00      0.0000e+00      0.0000e+00      0.0000e+00      0.0000e+00

STAT_0:   780000               5

MOVE_1:   780000          195463           38710      1.9804e+01

ENER_1:   780000      2.3168e+05      2.8303e+05     -5.1348e+04      0.0000e+00      0.0000e+00      0.0000e+00      0.0000e+00      0.0000e+00      0.0000e+00      0.0000e+00

STAT_1:   780000             695

Steps/sec: 4153.542, Simulation ends in:   0 d:   0 h:   2 m 

MOVE_0:   790000          236959          119593      5.0470e+01      1.1745e+00           78817           39845      5.0554e+01      8.6466e-01           79004           25929      3.2820e+01          197313           39991      2.0268e+01

ENER_0:   790000     -4.8541e+04      1.4197e+04     -2.0094e+03     -6.0728e+04      0.0000e+00      0.0000e+00      0.0000e+00      0.0000e+00      0.0000e+00      0.0000e+00

STAT_0:   790000              27

MOVE_1:   790000          197907           40064      2.0244e+01

ENER_1:   790000      2.5561e+05      3.1119e+05     -5.5577e+04      0.0000e+00      0.0000e+00      0.0000e+00      0.0000e+00      0.0000e+00      0.0000e+00      0.0000e+00

STAT_1:   790000             673

Steps/sec: 4013.534, Simulation ends in:   0 d:   0 h:   2 m 

MOVE_0:   800000          240013          121027      5.0425e+01      5.3197e-01           79762           40285      5.0507e+01      3.1754e-01           80009           26340      3.2921e+01          199795           40825      2.0433e+01

ENER_0:   800000     -2.2933e+05      2.0956e+04     -4.2512e+03     -2.4603e+05      0.0000e+00      0.0000e+00      0.0000e+00      0.0000e+00      0.0000e+00      0.0000e+00

STAT_0:   800000              73

MOVE_1:   800000          200421           40852      2.0383e+01

ENER_1:   800000      2.2932e+05      2.7889e+05     -4.9575e+04      0.0000e+00      0.0000e+00      0.0000e+00      0.0000e+00      0.0000e+00      0.0000e+00      0.0000e+00

STAT_1:   800000             627

Steps/sec: 3361.123, Simulation ends in:   0 d:   0 h:   2 m 

MOVE_0:   810000          243003          122530      5.0423e+01      5.4079e-01           80747           40766      5.0486e+01      2.4503e-01           81025           26603      3.2833e+01          202253           41167      2.0354e+01

ENER_0:   810000     -2.8095e+05      4.0845e+04     -6.9903e+03     -3.1480e+05      0.0000e+00      0.0000e+00      0.0000e+00      0.0000e+00      0.0000e+00      0.0000e+00

STAT_0:   810000              84

MOVE_1:   810000          202972           41183      2.0290e+01

ENER_1:   810000      2.0618e+05      2.5155e+05     -4.5375e+04      0.0000e+00      0.0000e+00      0.0000e+00      0.0000e+00      0.0000e+00      0.0000e+00      0.0000e+00

STAT_1:   810000             616

Steps/sec: 2892.729, Simulation ends in:   0 d:   0 h:   2 m 

MOVE_0:   820000          245990          124024      5.0418e+01      5.3089e-01           81727           41270      5.0497e+01      2.7583e-01           82032           26855      3.2737e+01          204730           41465      2.0254e+01

ENER_0:   820000     -2.2626e+05      3.0516e+04     -5.5039e+03     -2.5127e+05      0.0000e+00      0.0000e+00      0.0000e+00      0.0000e+00      0.0000e+00      0.0000e+00

STAT_0:   820000              73

MOVE_1:   820000          205521           41492      2.0189e+01

ENER_1:   820000      2.1492e+05      2.6099e+05     -4.6073e+04      0.0000e+00      0.0000e+00      0.0000e+00      0.0000e+00      0.0000e+00      0.0000e+00      0.0000e+00

STAT_1:   820000             627

Steps/sec: 2854.100, Simulation ends in:   0 d:   0 h:   1 m 

MOVE_0:   830000          248963          125504      5.0411e+01      5.0331e-01           82673           41738      5.0486e+01      2.3014e-01           83048           27057      3.2580e+01          207219           41666      2.0107e+01

ENER_0:   830000     -3.3764e+05      2.8066e+04     -5.5638e+03     -3.6015e+05      0.0000e+00      0.0000e+00      0.0000e+00      0.0000e+00      0.0000e+00      0.0000e+00

STAT_0:   830000              87

MOVE_1:   830000          208097           41679      2.0029e+01

ENER_1:   830000      2.3743e+05      2.8638e+05     -4.8944e+04      0.0000e+00      0.0000e+00      0.0000e+00      0.0000e+00      0.0000e+00      0.0000e+00      0.0000e+00

STAT_1:   830000             613

Steps/sec: 2721.779, Simulation ends in:   0 d:   0 h:   1 m 

MOVE_0:   840000          251896          126974      5.0407e+01      4.8478e-01           83655           42232      5.0484e+01      2.3343e-01           84123           27302      3.2455e+01          209711           41831      1.9947e+01

ENER_0:   840000     -2.7829e+05      2.7982e+04     -5.6350e+03     -3.0064e+05      0.0000e+00      0.0000e+00      0.0000e+00      0.0000e+00      0.0000e+00      0.0000e+00

STAT_0:   840000              79

MOVE_1:   840000          210615           41852      1.9871e+01

ENER_1:   840000      2.3271e+05      2.8051e+05     -4.7801e+04      0.0000e+00      0.0000e+00      0.0000e+00      0.0000e+00      0.0000e+00      0.0000e+00      0.0000e+00

STAT_1:   840000             621

Steps/sec: 2742.967, Simulation ends in:   0 d:   0 h:   1 m 

MOVE_0:   850000          254923          128485      5.0401e+01      4.6050e-01           84642           42732      5.0486e+01      2.4761e-01           85123           27540      3.2353e+01          212175           42047      1.9817e+01

ENER_0:   850000     -2.8690e+05      4.1651e+04     -7.2208e+03     -3.2133e+05      0.0000e+00      0.0000e+00      0.0000e+00      0.0000e+00      0.0000e+00      0.0000e+00

STAT_0:   850000              84

MOVE_1:   850000          213137           42063      1.9735e+01

ENER_1:   850000      2.4347e+05      2.9281e+05     -4.9339e+04      0.0000e+00      0.0000e+00      0.0000e+00      0.0000e+00      0.0000e+00      0.0000e+00      0.0000e+00

STAT_1:   850000             616

Steps/sec: 2792.750, Simulation ends in:   0 d:   0 h:   1 m 

MOVE_0:   860000          257968          130053      5.0414e+01      5.9824e-01           85601           43237      5.0510e+01      4.0634e-01           86129           27788      3.2263e+01          214642           42378      1.9744e+01

ENER_0:   860000     -2.2401e+05      3.2391e+04     -5.5795e+03     -2.5082e+05      0.0000e+00      0.0000e+00      0.0000e+00      0.0000e+00      0.0000e+00      0.0000e+00

STAT_0:   860000              74

MOVE_1:   860000          215660           42404      1.9662e+01

ENER_1:   860000      2.4151e+05      2.9170e+05     -5.0190e+04      0.0000e+00      0.0000e+00      0.0000e+00      0.0000e+00      0.0000e+00      0.0000e+00      0.0000e+00

STAT_1:   860000             626

Steps/sec: 2876.475, Simulation ends in:   0 d:   0 h:   1 m 

MOVE_0:   870000          261021          131561      5.0402e+01      5.1690e-01           86584           43722      5.0497e+01      3.2176e-01           87111           28072      3.2226e+01          217132           42786      1.9705e+01

ENER_0:   870000     -2.3061e+05      3.6018e+04     -6.1875e+03     -2.6044e+05      0.0000e+00      0.0000e+00      0.0000e+00      0.0000e+00      0.0000e+00      0.0000e+00

STAT_0:   870000              75

MOVE_1:   870000          218152           42811      1.9624e+01

ENER_1:   870000      2.3684e+05      2.8651e+05     -4.9678e+04      0.0000e+00      0.0000e+00      0.0000e+00      0.0000e+00      0.0000e+00      0.0000e+00      0.0000e+00

STAT_1:   870000             625

Steps/sec: 2997.198, Simulation ends in:   0 d:   0 h:   1 m 

MOVE_0:   880000          263970          133044      5.0401e+01      5.3949e-01           87561           44205      5.0485e+01      2.7275e-01           88129           28324      3.2139e+01          219635           43086      1.9617e+01

ENER_0:   880000     -2.4505e+05      3.3112e+04     -5.9465e+03     -2.7222e+05      0.0000e+00      0.0000e+00      0.0000e+00      0.0000e+00      0.0000e+00      0.0000e+00

STAT_0:   880000              75

MOVE_1:   880000          220705           43111      1.9533e+01

ENER_1:   880000      2.4475e+05      2.9539e+05     -5.0643e+04      0.0000e+00      0.0000e+00      0.0000e+00      0.0000e+00      0.0000e+00      0.0000e+00      0.0000e+00

STAT_1:   880000             625

Steps/sec: 2867.814, Simulation ends in:   0 d:   0 h:   1 m 

MOVE_0:   890000          267061          134595      5.0399e+01      5.5127e-01           88496           44676      5.0484e+01      2.7495e-01           89137           28583      3.2066e+01          222111           43341      1.9513e+01

ENER_0:   890000     -2.6250e+05      3.7621e+04     -6.5519e+03     -2.9357e+05      0.0000e+00      0.0000e+00      0.0000e+00      0.0000e+00      0.0000e+00      0.0000e+00

STAT_0:   890000              79

MOVE_1:   890000          223195           43362      1.9428e+01

ENER_1:   890000      2.4093e+05      2.9052e+05     -4.9595e+04      0.0000e+00      0.0000e+00      0.0000e+00      0.0000e+00      0.0000e+00      0.0000e+00      0.0000e+00

STAT_1:   890000             621

Steps/sec: 2848.144, Simulation ends in:   0 d:   0 h:   1 m 

MOVE_0:   900000          270133          136141      5.0398e+01      5.5540e-01           89463           45163      5.0482e+01      2.7059e-01           90167           28827      3.1971e+01          224577           43597      1.9413e+01

ENER_0:   900000     -2.1332e+05      3.2886e+04     -5.5329e+03     -2.4067e+05      0.0000e+00      0.0000e+00      0.0000e+00      0.0000e+00      0.0000e+00      0.0000e+00

STAT_0:   900000              70

MOVE_1:   900000          225660           43627      1.9333e+01

ENER_1:   900000      2.4001e+05      2.9175e+05     -5.1736e+04      0.0000e+00      0.0000e+00      0.0000e+00      0.0000e+00      0.0000e+00      0.0000e+00      0.0000e+00

STAT_1:   900000             630

Steps/sec: 2809.675, Simulation ends in:   0 d:   0 h:   1 m 

MOVE_0:   910000          273170          137650      5.0390e+01      4.9774e-01           90454           45643      5.0460e+01      1.9798e-01           91143           29095      3.1922e+01          227092           43915      1.9338e+01

ENER_0:   910000     -3.4443e+05      3.6531e+04     -7.4755e+03     -3.7349e+05      0.0000e+00      0.0000e+00      0.0000e+00      0.0000e+00      0.0000e+00      0.0000e+00

STAT_0:   910000              89

MOVE_1:   910000          228141           43926      1.9254e+01

ENER_1:   910000      2.1469e+05      2.6178e+05     -4.7098e+04      0.0000e+00      0.0000e+00      0.0000e+00      0.0000e+00      0.0000e+00      0.0000e+00      0.0000e+00

STAT_1:   910000             611

Steps/sec: 2883.734, Simulation ends in:   0 d:   0 h:   1 m 

MOVE_0:   920000          276218          139170      5.0384e+01      4.8416e-01           91428           46152      5.0479e+01      2.9065e-01           92170           29330      3.1822e+01          229559           44134      1.9226e+01

ENER_0:   920000     -3.1263e+05      2.8584e+04     -5.3859e+03     -3.3583e+05      0.0000e+00      0.0000e+00      0.0000e+00      0.0000e+00      0.0000e+00      0.0000e+00

STAT_0:   920000              83

MOVE_1:   920000          230625           44151      1.9144e+01

ENER_1:   920000      2.2210e+05      2.7094e+05     -4.8847e+04      0.0000e+00      0.0000e+00      0.0000e+00      0.0000e+00      0.0000e+00      0.0000e+00      0.0000e+00

STAT_1:   920000             617

Steps/sec: 2802.552, Simulation ends in:   0 d:   0 h:   1 m 

MOVE_0:   930000          279204          140688      5.0389e+01      5.5704e-01           92450           46672      5.0484e+01      3.2904e-01           93187           29590      3.1753e+01          232028           44346      1.9112e+01

ENER_0:   930000     -2.1498e+05      2.4774e+04     -4.8090e+03     -2.3495e+05      0.0000e+00      0.0000e+00      0.0000e+00      0.0000e+00      0.0000e+00      0.0000e+00

STAT_0:   930000              71

MOVE_1:   930000          233131           44375      1.9034e+01

ENER_1:   930000      2.2672e+05      2.7599e+05     -4.9276e+04      0.0000e+00      0.0000e+00      0.0000e+00      0.0000e+00      0.0000e+00      0.0000e+00      0.0000e+00

STAT_1:   930000             629

Steps/sec: 2806.234, Simulation ends in:   0 d:   0 h:   1 m 

MOVE_0:   940000          282227          142201      5.0385e+01      5.5209e-01           93444           47165      5.0474e+01      2.7653e-01           94177           29825      3.1669e+01          234479           44599      1.9020e+01

ENER_0:   940000     -3.1134e+05      3.7586e+04     -6.5532e+03     -3.4237e+05      0.0000e+00      0.0000e+00      0.0000e+00      0.0000e+00      0.0000e+00      0.0000e+00

STAT_0:   940000              85

MOVE_1:   940000          235673           44614      1.8930e+01

ENER_1:   940000      2.1877e+05      2.6620e+05     -4.7432e+04      0.0000e+00      0.0000e+00      0.0000e+00      0.0000e+00      0.0000e+00      0.0000e+00      0.0000e+00

STAT_1:   940000             615

Steps/sec: 2807.342, Simulation ends in:   0 d:   0 h:   1 m 

MOVE_0:   950000          285153          143664      5.0381e+01      5.3320e-01           94450           47677      5.0479e+01      3.2306e-01           95183           30091      3.1614e+01          237017           44952      1.8966e+01

ENER_0:   950000     -2.2185e+05      2.9178e+04     -5.3165e+03     -2.4572e+05      0.0000e+00      0.0000e+00      0.0000e+00      0.0000e+00      0.0000e+00      0.0000e+00

STAT_0:   950000              73

MOVE_1:   950000          238197           44979      1.8883e+01

ENER_1:   950000      2.3516e+05      2.8607e+05     -5.0903e+04      0.0000e+00      0.0000e+00      0.0000e+00      0.0000e+00      0.0000e+00      0.0000e+00      0.0000e+00

STAT_1:   950000             627

Steps/sec: 2900.582, Simulation ends in:   0 d:   0 h:   1 m 

MOVE_0:   960000          288079          145192      5.0400e+01      7.5992e-01           95502           48222      5.0493e+01      4.5259e-01           96182           30470      3.1680e+01          239493           45579      1.9031e+01

ENER_0:   960000     -3.7517e+04      1.0826e+04     -2.0681e+03     -4.6275e+04      0.0000e+00      0.0000e+00      0.0000e+00      0.0000e+00      0.0000e+00      0.0000e+00

STAT_0:   960000              28

MOVE_1:   960000          240744           45651      1.8962e+01

ENER_1:   960000      2.7217e+05      3.2790e+05     -5.5735e+04      0.0000e+00      0.0000e+00      0.0000e+00      0.0000e+00      0.0000e+00      0.0000e+00      0.0000e+00

STAT_1:   960000             672

Steps/sec: 3218.913, Simulation ends in:   0 d:   0 h:   1 m 

MOVE_0:   970000          291030          146638      5.0386e+01      5.8192e-01           96457           48692      5.0481e+01      2.9231e-01           97191           30859      3.1751e+01          242081           46314      1.9132e+01

ENER_0:   970000     -2.6380e+05      2.8324e+04     -5.2500e+03     -2.8687e+05      0.0000e+00      0.0000e+00      0.0000e+00      0.0000e+00      0.0000e+00      0.0000e+00

STAT_0:   970000              77

MOVE_1:   970000          243241           46337      1.9050e+01

ENER_1:   970000      2.3228e+05      2.8194e+05     -4.9667e+04      0.0000e+00      0.0000e+00      0.0000e+00      0.0000e+00      0.0000e+00      0.0000e+00      0.0000e+00

STAT_1:   970000             623

Steps/sec: 3213.135, Simulation ends in:   0 d:   0 h:   1 m 

MOVE_0:   980000          294072          148142      5.0376e+01      5.0028e-01           97405           49152      5.0461e+01      2.0386e-01           98214           31139      3.1705e+01          244582           46590      1.9049e+01

ENER_0:   980000     -2.9510e+05      2.6908e+04     -5.4173e+03     -3.1659e+05      0.0000e+00      0.0000e+00      0.0000e+00      0.0000e+00      0.0000e+00      0.0000e+00

STAT_0:   980000              82

MOVE_1:   980000          245727           46608      1.8967e+01

ENER_1:   980000      2.1625e+05      2.6325e+05     -4.7002e+04      0.0000e+00      0.0000e+00      0.0000e+00      0.0000e+00      0.0000e+00      0.0000e+00      0.0000e+00

STAT_1:   980000             618

Steps/sec: 2880.161, Simulation ends in:   0 d:   0 h:   1 m 

MOVE_0:   990000          297037          149652      5.0382e+01      5.8556e-01           98396           49675      5.0485e+01      3.1561e-01           99246           31384      3.1622e+01          247149           46817      1.8943e+01

ENER_0:   990000     -2.7899e+05      4.1289e+04     -6.7971e+03     -3.1348e+05      0.0000e+00      0.0000e+00      0.0000e+00      0.0000e+00      0.0000e+00      0.0000e+00

STAT_0:   990000              83

MOVE_1:   990000          248172           46834      1.8872e+01

ENER_1:   990000      2.1719e+05      2.6484e+05     -4.7652e+04      0.0000e+00      0.0000e+00      0.0000e+00      0.0000e+00      0.0000e+00      0.0000e+00      0.0000e+00

STAT_1:   990000             617

Steps/sec: 2816.835, Simulation ends in:   0 d:   0 h:   1 m 

MOVE_0:  1000000          300096          151150      5.0367e+01      4.4367e-01           99403           50171      5.0472e+01      2.5919e-01          100207           31666      3.1601e+01          249705           47146      1.8881e+01

ENER_0:  1000000     -2.8163e+05      2.6568e+04     -5.1472e+03     -3.0305e+05      0.0000e+00      0.0000e+00      0.0000e+00      0.0000e+00      0.0000e+00      0.0000e+00

STAT_0:  1000000              80

MOVE_1:  1000000          250589           47166      1.8822e+01

ENER_1:  1000000      1.9337e+05      2.3808e+05     -4.4706e+04      0.0000e+00      0.0000e+00      0.0000e+00      0.0000e+00      0.0000e+00      0.0000e+00      0.0000e+00

STAT_1:  1000000             620

Simulation Time (total): 3.3299e+02 sec.

Move Type                Mol. Kind      BOX_0      BOX_1      
% Accepted Displacement        AC16    50.36722    0.00000 
% Accepted Rotation            AC16    50.47232    0.00000 
% Accepted Regrowth            AC16    31.60059    0.00000 
% Accepted Mol-Transfer        AC16    18.88068   18.82206 

Displacement:                           25.8295    sec.
Rotation:                                8.6375    sec.
Intra-Swap:                              0.0000    sec.
Regrowth:                               47.4822    sec.
Intra-MEMC:                              0.0000    sec.
Crank-Shaft:                             0.0000    sec.
Mol-Transfer:                          249.7239    sec.
MEMC:                                    0.0000    sec.

Info: GOMC Version 2.40
Info: Completed at: Fri May 17 16:35:54 2019
Info: On hostname: wsu158
