Info: GOMC Version 2.20
Info: Start Time: Wed May  2 18:59:32 2018
Info: Host Name: wsu29.grid.wayne.edu
CPU information:
Info: Total number of CPUs: 12
Info: Total number of CPUs available: 12
Info: Model name: AMD Opteron(tm) Processor 4332 HE              
Info: System name: Linux
Info: Release: 2.6.32-696.6.3.el6.x86_64
Info: Version: #1 SMP Wed Jul 12 14:17:22 UTC 2017
Info: Kernel Architecture: x86_64
Info: Total Ram: 32215.2MB
Info: Used Ram: 7539.9MB
Info: Working in the current directory: /wsu/home/fe/fe18/fe1855/testing/TestingSuite/Github/serial/GOMC_Examples/GCMC/PCN14_krypton_adsorption
Info: GOMC COMPILED TO RUN GRAND CANONICAL ENSEMBLE.
Info: Number of threads                  1 

Reading Input File:                      in.conf
Info: PARAMETER file: CHARMM format!
Info: Input Temperature                  308.0000 K
Info: Non-truncated potential            Active 
Info: Long Range Correction              Inactive 
Info: Cutoff                             12.5000 A
Info: Exclude                            ONE-FOUR 
Warning: Modified 1-4 VDW parameters will be ignored!
Info: Pressure calculation               Inactive 
Info: Total number of steps              1000000 
Info: Number of equilibration steps      10000 
Info: Move adjustment frequency          1000 
Info: Displacement move frequency        0.5000 
Info: Rotation move frequency            0.0000 
Info: Intra-Swap move frequency          0.2500 
Info: Molecule swap move frequency       0.2500 
Info: Fugacity                           C1     0.0000 bar
Info: Fugacity                           C2     0.0000 bar
Info: Fugacity                           C3     0.0000 bar
Info: Fugacity                           O1     0.0000 bar
Info: Fugacity                           H1     0.0000 bar
Info: Fugacity                           CU1    0.0000 bar
Info: Fugacity                           Kr     1.0000 bar
Info: Output name                        Krypton_PCN-14_adsorption 
Info: Coordinate frequency               1000000 
Info: Restart frequency                  1000000 
Info: Console output frequency           100000 
Info: Average output frequency           100000 
Info: Histogram output                   Inactive 
Info: Histogram sample frequency         200 
Info: Constant seed                      Active
Default: Regrowth move frequency         0.0000 
Default: Short Range Cutoff              0.0000 
Warning: 1-4 Electrostatic scaling set, but will be ignored.
Warning: Long Range Correction is Inactive for Non-truncated potential.
Finished Reading Input File:             in.conf

Reading from CHARMM-Style parameter file:  	../../common/Par_PCN14_Noble_Gases_Charmm.inp
Reading BONDS parameters.
Reading ANGLES parameters.
Reading DIHEDRALS parameters.
Reading NONBONDED parameters.
Reading NBFIX parameters.
Finished reading CHARMM-Style parameter file:  	../../common/Par_PCN14_Noble_Gases_Charmm.inp
Reading from box 0 PDB coordinate file:  	./START_PCN14_BOX_0.pdb
Finished reading box 0 PDB coordinate file:  	./START_PCN14_BOX_0.pdb
Reading from box 1 PDB coordinate file:  	./Krypton_Resrv_BOX_1.pdb
Finished reading box 1 PDB coordinate file:  	./Krypton_Resrv_BOX_1.pdb
Random number seed: 50

Molecules in PSF:
Molecule Kind: C1
Idx	name	type	charge	mass
0	C1	C	0.7900	12.0107

Bonds:

Angles:

Dihedrals:

Molecule Kind: C2
Idx	name	type	charge	mass
0	C2	C	0.0410	12.0107

Bonds:

Angles:

Dihedrals:

Molecule Kind: C3
Idx	name	type	charge	mass
0	C3	C	-0.1400	12.0107

Bonds:

Angles:

Dihedrals:

Molecule Kind: CU1
Idx	name	type	charge	mass
0	CU1	CU	1.7060	63.5460

Bonds:

Angles:

Dihedrals:

Molecule Kind: H1
Idx	name	type	charge	mass
0	H1	H	0.0990	1.0079

Bonds:

Angles:

Dihedrals:

Molecule Kind: Kr
Idx	name	type	charge	mass
0	Kr	Kr	0.0000	83.7980

Bonds:

Angles:

Dihedrals:

Molecule Kind: O1
Idx	name	type	charge	mass
0	O1	O	-0.6490	15.9990

Bonds:

Angles:

Dihedrals:

Bonds parameter:
Atom Types                    Kb(K)                b0(A) 
Angles parameter:
Atom Types                Ktheta(K)       theta0(degree) 
Dihedrals parameter:
Atom Types                  Kchi(K)    n   delta(degree) 

NonBonded 1-4 parameters:
Type1  Type2             Epsilon(K)    Sigma(A)       N 
C      C                    -0.0000      0.0000   12.00 
C      H                    -0.0000      0.0000   12.00 
C      O                    -0.0000      0.0000   12.00 
C      CU                   -0.0000      0.0000   12.00 
C      Kr                   94.7273      3.5599   12.00 
H      H                    -0.0000      0.0000   12.00 
H      O                    -0.0000      0.0000   12.00 
H      CU                   -0.0000      0.0000   12.00 
H      Kr                   61.2941      3.1300   12.00 
O      O                    -0.0000      0.0000   12.00 
O      CU                   -0.0000      0.0000   12.00 
O      Kr                   71.6472      3.4049   12.00 
CU     CU                   -0.0000      0.0000   12.00 
CU     Kr                   20.7017      3.3999   12.00 
Kr     Kr                  169.9876      3.6899   12.00 

NonBonded parameters:
Type1  Type2             Epsilon(K)    Sigma(A)       N 
C      C                    -0.0000      0.0000   12.00 
C      H                    -0.0000      0.0000   12.00 
C      O                    -0.0000      0.0000   12.00 
C      CU                   -0.0000      0.0000   12.00 
C      Kr                   94.7273      3.5599   12.00 
H      H                    -0.0000      0.0000   12.00 
H      O                    -0.0000      0.0000   12.00 
H      CU                   -0.0000      0.0000   12.00 
H      Kr                   61.2941      3.1300   12.00 
O      O                    -0.0000      0.0000   12.00 
O      CU                   -0.0000      0.0000   12.00 
O      Kr                   71.6472      3.4049   12.00 
CU     CU                   -0.0000      0.0000   12.00 
CU     Kr                   20.7017      3.3999   12.00 
Kr     Kr                  169.9876      3.6899   12.00 

Info: Box  0:  Periodic Cell Basis 1     36.906   0.000   0.000 
Info: Box  0:  Periodic Cell Basis 2     -18.453  31.962   0.000 
Info: Box  0:  Periodic Cell Basis 3      0.000   0.000  76.976 

Info: Box  1:  Periodic Cell Basis 1     60.000   0.000   0.000 
Info: Box  1:  Periodic Cell Basis 2      0.000  60.000   0.000 
Info: Box  1:  Periodic Cell Basis 3      0.000   0.000  60.000 

Minimum coordinates in box 0: x =  -17.355, y =    0.044, z =    0.139
Maximum coordinates in box 0: x =   35.808, y =   31.918, z =   76.837
Wrapping molecules inside the simulation box 0:
Minimum coordinates in box 1: x =   -0.002, y =   -0.004, z =   -0.027
Maximum coordinates in box 1: x =   60.031, y =   60.089, z =   60.063
Wrapping molecules inside the simulation box 1:

################################################################################
########################## INITIAL SIMULATION ENERGY ###########################

ETITLE:     STEP           TOTAL        INTRA(B)       INTRA(NB)       INTER(LJ)             LRC     TOTAL_ELECT            REAL           RECIP            SELF            CORR

ENER_0:        0          0.0000          0.0000          0.0000          0.0000          0.0000          0.0000          0.0000          0.0000          0.0000         -0.0000

ENER_1:        0          0.0000          0.0000          0.0000          0.0000          0.0000          0.0000          0.0000          0.0000          0.0000         -0.0000

STITLE:     STEP        TOTALMOL      MOLFRAC_C1      MOLFRAC_C2      MOLFRAC_C3      MOLFRAC_H1      MOLFRAC_O1     MOLFRAC_CU1      MOLFRAC_Kr

STAT_0:        0            4032        0.071429        0.214286        0.250000        0.250000        0.178571        0.035714        0.000000

STAT_1:        0            5000        0.000000        0.000000        0.000000        0.000000        0.000000        0.000000        1.000000

################################################################################
############################# STARTING SIMULATION ##############################

MTITLE:     STEP          DISTRY       DISACCEPT      DISACCEPT%          DISMAX          ROTATE       ROTACCEPT      ROTACCEPT%          ROTMAX       INTRASWAP       INTACCEPT      INTACCEPT%        REGROWTH    REGROWACCEPT   REGROWACCEPT%        TRANSFER      TRANACCEPT     TRANACCEPT%

ETITLE:     STEP           TOTAL        INTRA(B)       INTRA(NB)       INTER(LJ)             LRC     TOTAL_ELECT            REAL           RECIP            SELF            CORR

STITLE:     STEP        TOTALMOL      MOLFRAC_C1      MOLFRAC_C2      MOLFRAC_C3      MOLFRAC_H1      MOLFRAC_O1     MOLFRAC_CU1      MOLFRAC_Kr

Printed combined psf to file Krypton_PCN-14_adsorption_merged.psf
MOVE_0:   100000           50132           24708         49.2859          0.7449               0               0          0.0000          0.7854           24951            5052         20.2477               0               0          0.0000           12487            4810         38.5201

ENER_0:   100000    -263590.3932          0.0000          0.0000    -263590.3932          0.0000          0.0000          0.0000          0.0000          0.0000          0.0000

STAT_0:   100000            4146        0.069465        0.208394        0.243126        0.243126        0.173661        0.034732        0.027496

MOVE_1:   100000           12430            4924         39.6138

ENER_1:   100000          0.0000          0.0000          0.0000          0.0000          0.0000          0.0000          0.0000          0.0000          0.0000          0.0000

STAT_1:   100000            4886        0.000000        0.000000        0.000000        0.000000        0.000000        0.000000        1.000000

Steps/sec. : 777.940314
MOVE_0:   200000           99988           49630         49.6360          0.6209               0               0          0.0000          0.7854           50065            9959         19.8921               0               0          0.0000           24969            9510         38.0872

ENER_0:   200000    -259556.0734          0.0000          0.0000    -259556.0734          0.0000          0.0000          0.0000          0.0000          0.0000          0.0000

STAT_0:   200000            4141        0.069548        0.208645        0.243419        0.243419        0.173871        0.034774        0.026322

MOVE_1:   200000           24978            9619         38.5099

ENER_1:   200000          0.0000          0.0000          0.0000          0.0000          0.0000          0.0000          0.0000          0.0000          0.0000          0.0000

STAT_1:   200000            4891        0.000000        0.000000        0.000000        0.000000        0.000000        0.000000        1.000000

Steps/sec. : 776.762637
MOVE_0:   300000          149944           74693         49.8139          0.7114               0               0          0.0000          0.7854           75185           14922         19.8470               0               0          0.0000           37461           14321         38.2291

ENER_0:   300000    -224851.5652          0.0000          0.0000    -224851.5652          0.0000          0.0000          0.0000          0.0000          0.0000          0.0000

STAT_0:   300000            4128        0.069767        0.209302        0.244186        0.244186        0.174419        0.034884        0.023256

MOVE_1:   300000           37410           14417         38.5378

ENER_1:   300000          0.0000          0.0000          0.0000          0.0000          0.0000          0.0000          0.0000          0.0000          0.0000          0.0000

STAT_1:   300000            4904        0.000000        0.000000        0.000000        0.000000        0.000000        0.000000        1.000000

Steps/sec. : 777.887968
MOVE_0:   400000          199935           99710         49.8712          0.6614               0               0          0.0000          0.7854          100188           20001         19.9635               0               0          0.0000           50002           19121         38.2405

ENER_0:   400000    -231695.6324          0.0000          0.0000    -231695.6324          0.0000          0.0000          0.0000          0.0000          0.0000          0.0000

STAT_0:   400000            4131        0.069717        0.209150        0.244009        0.244009        0.174292        0.034858        0.023965

MOVE_1:   400000           49875           19220         38.5363

ENER_1:   400000          0.0000          0.0000          0.0000          0.0000          0.0000          0.0000          0.0000          0.0000          0.0000          0.0000

STAT_1:   400000            4901        0.000000        0.000000        0.000000        0.000000        0.000000        0.000000        1.000000

Steps/sec. : 779.636918
MOVE_0:   500000          250004          124806         49.9216          0.7090               0               0          0.0000          0.7854          125215           24907         19.8914               0               0          0.0000           62405           23834         38.1925

ENER_0:   500000    -281769.7408          0.0000          0.0000    -281769.7408          0.0000          0.0000          0.0000          0.0000          0.0000          0.0000

STAT_0:   500000            4156        0.069297        0.207892        0.242541        0.242541        0.173244        0.034649        0.029836

MOVE_1:   500000           62376           23958         38.4090

ENER_1:   500000          0.0000          0.0000          0.0000          0.0000          0.0000          0.0000          0.0000          0.0000          0.0000          0.0000

STAT_1:   500000            4876        0.000000        0.000000        0.000000        0.000000        0.000000        0.000000        1.000000

Steps/sec. : 779.029862
MOVE_0:   600000          299968          149836         49.9507          0.6996               0               0          0.0000          0.7854          150192           30013         19.9831               0               0          0.0000           75089           28647         38.1507

ENER_0:   600000    -303821.6677          0.0000          0.0000    -303821.6677          0.0000          0.0000          0.0000          0.0000          0.0000          0.0000

STAT_0:   600000            4161        0.069214        0.207642        0.242249        0.242249        0.173035        0.034607        0.031002

MOVE_1:   600000           74751           28776         38.4958

ENER_1:   600000          0.0000          0.0000          0.0000          0.0000          0.0000          0.0000          0.0000          0.0000          0.0000          0.0000

STAT_1:   600000            4871        0.000000        0.000000        0.000000        0.000000        0.000000        0.000000        1.000000

Steps/sec. : 779.073810
MOVE_0:   700000          349740          174728         49.9594          0.6392               0               0          0.0000          0.7854          175440           35222         20.0764               0               0          0.0000           87616           33384         38.1026

ENER_0:   700000    -248087.8766          0.0000          0.0000    -248087.8766          0.0000          0.0000          0.0000          0.0000          0.0000          0.0000

STAT_0:   700000            4140        0.069565        0.208696        0.243478        0.243478        0.173913        0.034783        0.026087

MOVE_1:   700000           87204           33492         38.4065

ENER_1:   700000          0.0000          0.0000          0.0000          0.0000          0.0000          0.0000          0.0000          0.0000          0.0000          0.0000

STAT_1:   700000            4892        0.000000        0.000000        0.000000        0.000000        0.000000        0.000000        1.000000

Steps/sec. : 775.931259
MOVE_0:   800000          399587          199708         49.9786          0.6238               0               0          0.0000          0.7854          200579           40125         20.0046               0               0          0.0000          100132           38200         38.1496

ENER_0:   800000    -234497.2235          0.0000          0.0000    -234497.2235          0.0000          0.0000          0.0000          0.0000          0.0000          0.0000

STAT_0:   800000            4129        0.069751        0.209252        0.244127        0.244127        0.174376        0.034875        0.023492

MOVE_1:   800000           99702           38297         38.4115

ENER_1:   800000          0.0000          0.0000          0.0000          0.0000          0.0000          0.0000          0.0000          0.0000          0.0000          0.0000

STAT_1:   800000            4903        0.000000        0.000000        0.000000        0.000000        0.000000        0.000000        1.000000

Steps/sec. : 776.539999
MOVE_0:   900000          449424          224677         49.9922          0.6403               0               0          0.0000          0.7854          225675           45085         19.9778               0               0          0.0000          112606           42994         38.1809

ENER_0:   900000    -270505.6809          0.0000          0.0000    -270505.6809          0.0000          0.0000          0.0000          0.0000          0.0000          0.0000

STAT_0:   900000            4152        0.069364        0.208092        0.242775        0.242775        0.173410        0.034682        0.028902

MOVE_1:   900000          112295           43114         38.3935

ENER_1:   900000          0.0000          0.0000          0.0000          0.0000          0.0000          0.0000          0.0000          0.0000          0.0000          0.0000

STAT_1:   900000            4880        0.000000        0.000000        0.000000        0.000000        0.000000        0.000000        1.000000

Steps/sec. : 777.111687
MOVE_0:  1000000          499411          249712         50.0013          0.6275               0               0          0.0000          0.7854          250647           50030         19.9603               0               0          0.0000          125111           47833         38.2324

ENER_0:  1000000    -236391.1602          0.0000          0.0000    -236391.1602          0.0000          0.0000          0.0000          0.0000          0.0000          0.0000

STAT_0:  1000000            4132        0.069700        0.209100        0.243950        0.243950        0.174250        0.034850        0.024201

MOVE_1:  1000000          124831           47933         38.3983

ENER_1:  1000000          0.0000          0.0000          0.0000          0.0000          0.0000          0.0000          0.0000          0.0000          0.0000          0.0000

STAT_1:  1000000            4900        0.000000        0.000000        0.000000        0.000000        0.000000        0.000000        1.000000

Simulation Time (total): 1286.025704 sec.
Displacement:                    185.7247 sec.
Rotation:                          0.0000 sec.
Intra-Swap:                      732.2887 sec.
Regrowth:                          0.0000 sec.
Molecule-Transfer:               365.8984 sec.
Info: GOMC Version 2.20
Info: Completed at: Wed May  2 19:21:00 2018
Info: On hostname: wsu29.grid.wayne.edu
