Info: GOMC Version 2.40
Info: Start Time: Fri May 17 16:35:49 2019
Info: Host Name: wsu50
CPU information:
Info: Total number of CPUs: 12
Info: Total number of CPUs available: 12
Info: Model name: AMD Opteron(tm) Processor 4332 HE
Info: System name: Linux
Info: Release: 3.10.0-957.1.3.el7.x86_64
Info: Version: #1 SMP Thu Nov 29 14:49:43 UTC 2018
Info: Kernel Architecture: x86_64
Info: Total Ram: 96496.3MB
Info: Used Ram: 5979.3MB
Info: Working in the current directory: /wsu/home/fe/fe18/fe1855/clone/GOMC_Examples/NPT/DME_constArea_340_00_K
Info: GOMC COMPILED TO RUN ISOBARIC-ISOTHERMAL ENSEMBLE.
Info: Number of threads                  4 

Reading Input File:                      in.conf
Info: Restart simulation                 Active 
Info: Random seed                        Active 
Info: PARAMETER file                     MIE format! 
Info: Input Pressure                     17.0620 bar
Info: Input Temperature                  340.0000 K
Info: Non-truncated potential            Active 
Info: Long Range Correction              Active 
Info: Cutoff                             10.0000 A
Info: Short Range Cutoff                 1.0000 A
Info: Exclude                            ONE-FOUR 
Info: Box  0  CutoffCoulomb              10.0000 A
Info: Ewald Summation                    Active 
Info: Ewald Summation Tolerance          1.000E-05 
Info: Cache Ewald Fourier                Active 
Info: Total number of steps              1000000 
Info: Number of equilibration steps      100000 
Info: Move adjustment frequency          1000 
Info: Displacement move frequency        0.4000 
Info: Rotation move frequency            0.2800 
Info: Regrowth move frequency            0.3000 
Info: Volume move frequency              0.0200 
Info: Volume change using constant X-Y area.
Info: CBMC First atom trials             10   
Info: CBMC Secondary atom trials         5    
Info: CBMC Angle trials                  100  
Info: CBMC Dihedral trials               10   
Info: Pressure calculation               Inactive 
Info: Output name                        dimethylether_NPT_RESTART 
Info: Coordinate frequency               1000000 
Info: Restart frequency                  1000000 
Info: Console output frequency           100000 
Info: Average output frequency           100000 
Default: Intra-Swap move frequency       0.0000 
Default: Intra-MEMC move frequency       0.0000 
Default: Crank-Shaft move frequency      0.0000 
Default: MEMC move frequency             0.0000 
Note: Pressure Calculation Inactived. Pressure average output will be ignored.
Note: Pressure Calculation Inactived. Pressure output will be ignored.
Finished Reading Input File:             in.conf

Reading from EXOTIC-Style parameter file:  	./../../common/Par_DME_Exotic.inp
Reading BONDS parameters.
Reading ANGLES parameters.
Reading DIHEDRALS parameters.
Reading NONBONDED_MIE parameters.
Finished reading EXOTIC-Style parameter file:  	./../../common/Par_DME_Exotic.inp
Reading from system PDB coordinate file:  	dimethylether_NPT_BOX_0_restart.pdb
Finished reading system PDB coordinate file:  	dimethylether_NPT_BOX_0_restart.pdb
Random number seed: 3729555422

Molecules in PSF:
Molecule Kind: DME
Idx	name	type	charge	mass
0	C1	CT3	0.2650	15.0347
1	O1	OT	-0.5300	15.9994
2	C2	CT3	0.2650	15.0347

Bonds:
[0 1] [1 2] 

Angles:
[0 1 2] 

Dihedrals:

Bonds parameter:
Atom Types                             Kb(K)           b0(A) 
CT3	OT	                         FIX           1.4100 
OT	CT3	                         FIX           1.4100 

Angles parameter:
Atom Types                         Ktheta(K)         theta0(degree) 
CT3	OT	CT3	          31250.0000         112.0000 

Dihedrals parameter:
Atom Types                           Kchi(K)    n    delta(degree) 

NonBonded 1-4 parameters:
Type1  Type2             Epsilon(K)    Sigma(A)       N 
CT3    CT3                  98.0000      3.7500   12.00 
CT3    OT                   67.3238      3.3500   12.00 
OT     OT                   46.2500      2.9500   12.00 

NonBonded parameters:
Type1  Type2             Epsilon(K)    Sigma(A)       N 
CT3    CT3                  98.0000      3.7500   12.00 
CT3    OT                   67.3238      3.3500   12.00 
OT     OT                   46.2500      2.9500   12.00 

Info: Box  0:  Periodic Cell Basis 1     45.000   0.000   0.000 
Info: Box  0:  Periodic Cell Basis 2      0.000  55.000   0.000 
Info: Box  0:  Periodic Cell Basis 3      0.000   0.000  28.364 

Minimum coordinates in box 0: x =   -0.947, y =   -0.932, z =   -1.086
Maximum coordinates in box 0: x =   45.885, y =   55.732, z =   29.462
Wrapping molecules inside the simulation box 0:
Box: 0, RecipVectors:   7256, kmax: 21

################################################################################
########################## INITIAL SIMULATION ENERGY ###########################

ETITLE:     STEP           TOTAL        INTRA(B)       INTRA(NB)       INTER(LJ)             LRC     TOTAL_ELECT            REAL           RECIP            SELF            CORR

ENER_0:        0     -7.3994e+05      9.0811e+04      0.0000e+00     -5.7911e+05     -4.4752e+04     -2.0690e+05     -9.9280e+04      1.3969e+05     -6.7352e+06      6.4878e+06

STITLE:     STEP          VOLUME        TOTALMOL     TOT_DENSITY

STAT_0:        0      7.0201e+04             500      5.4486e+02

################################################################################
############################# STARTING SIMULATION ##############################

MTITLE:     STEP          DISTRY       DISACCEPT      DISACCEPT%          DISMAX          ROTATE       ROTACCEPT      ROTACCEPT%          ROTMAX        REGROWTH    REGROWACCEPT   REGROWACCEPT%          VOLUME       VOLACCEPT      VOLACCEPT%          VOLMAX

ETITLE:     STEP           TOTAL        INTRA(B)       INTRA(NB)       INTER(LJ)             LRC     TOTAL_ELECT            REAL           RECIP            SELF            CORR

STITLE:     STEP          VOLUME        TOTALMOL     TOT_DENSITY

Printed combined psf to file dimethylether_NPT_RESTART_merged.psf
MOVE_0:   100000           39860           19947      5.0043e+01      4.7082e-01           28075           14058      5.0073e+01      1.0187e+00           30013            6698      2.2317e+01            2052            1073      5.2290e+01      1.1441e+03

ENER_0:   100000     -7.7622e+05      9.7385e+04      0.0000e+00     -5.9791e+05     -4.6392e+04     -2.2930e+05     -1.0848e+05      1.2966e+05     -6.7352e+06      6.4847e+06

STAT_0:   100000      6.7720e+04             500      5.6482e+02

Steps/sec: 128.685, Simulation ends in:   0 d:   1 h:  57 m 

MOVE_0:   200000           79846           39974      5.0064e+01      4.6312e-01           56123           28120      5.0104e+01      9.4024e-01           59977           13395      2.2334e+01            4054            2111      5.2072e+01      9.9872e+02

ENER_0:   200000     -7.9976e+05      8.4677e+04      0.0000e+00     -6.1047e+05     -4.7327e+04     -2.2665e+05     -1.1098e+05      1.3438e+05     -6.7352e+06      6.4851e+06

STAT_0:   200000      6.6381e+04             500      5.7621e+02

Steps/sec: 134.078, Simulation ends in:   0 d:   1 h:  42 m 

MOVE_0:   300000          119569           59896      5.0093e+01      5.0598e-01           84235           42241      5.0147e+01      1.1507e+00           90070           19838      2.2025e+01            6126            3185      5.1992e+01      7.2695e+02

ENER_0:   300000     -7.6738e+05      8.9817e+04      0.0000e+00     -5.8565e+05     -4.6359e+04     -2.2519e+05     -1.0743e+05      1.3196e+05     -6.7352e+06      6.4854e+06

STAT_0:   300000      6.7768e+04             500      5.6442e+02

Steps/sec: 131.266, Simulation ends in:   0 d:   1 h:  29 m 

MOVE_0:   400000          159585           79920      5.0080e+01      4.2333e-01          112233           56252      5.0121e+01      9.4416e-01          120086           26477      2.2048e+01            8096            4219      5.2112e+01      9.0517e+02

ENER_0:   400000     -7.9534e+05      8.2966e+04      0.0000e+00     -6.0927e+05     -4.7218e+04     -2.2182e+05     -1.0767e+05      1.3529e+05     -6.7352e+06      6.4857e+06

STAT_0:   400000      6.6535e+04             500      5.7487e+02

Steps/sec: 136.554, Simulation ends in:   0 d:   1 h:  16 m 

MOVE_0:   500000          199415           99897      5.0095e+01      4.8219e-01          140480           70416      5.0125e+01      1.0332e+00          149929           32781      2.1864e+01           10176            5326      5.2339e+01      1.3002e+03

ENER_0:   500000     -7.9137e+05      9.1911e+04      0.0000e+00     -6.1177e+05     -4.7990e+04     -2.2353e+05     -1.0616e+05      1.3193e+05     -6.7352e+06      6.4859e+06

STAT_0:   500000      6.5465e+04             500      5.8428e+02

Steps/sec: 131.750, Simulation ends in:   0 d:   1 h:   3 m 

MOVE_0:   600000          239461          119960      5.0096e+01      4.9051e-01          168520           84456      5.0116e+01      9.9449e-01          179866           39212      2.1801e+01           12153            6371      5.2423e+01      9.4133e+02

ENER_0:   600000     -8.0139e+05      7.8769e+04      0.0000e+00     -5.9990e+05     -4.7237e+04     -2.3301e+05     -1.1738e+05      1.3413e+05     -6.7352e+06      6.4854e+06

STAT_0:   600000      6.6508e+04             500      5.7511e+02

Steps/sec: 137.736, Simulation ends in:   0 d:   0 h:  51 m 

MOVE_0:   700000          279459          139978      5.0089e+01      4.4140e-01          196612           98531      5.0114e+01      9.7602e-01          209838           45828      2.1840e+01           14091            7382      5.2388e+01      6.5364e+02

ENER_0:   700000     -8.2160e+05      7.6878e+04      0.0000e+00     -6.1854e+05     -4.8105e+04     -2.3183e+05     -1.1342e+05      1.3123e+05     -6.7352e+06      6.4855e+06

STAT_0:   700000      6.5309e+04             500      5.8567e+02

Steps/sec: 139.487, Simulation ends in:   0 d:   0 h:  38 m 

MOVE_0:   800000          319577          160086      5.0093e+01      4.4557e-01          224615          112580      5.0121e+01      9.3631e-01          239794           51900      2.1644e+01           16014            8392      5.2404e+01      7.7859e+02

ENER_0:   800000     -8.1301e+05      8.2273e+04      0.0000e+00     -6.2340e+05     -4.8701e+04     -2.2319e+05     -1.0859e+05      1.3515e+05     -6.7352e+06      6.4854e+06

STAT_0:   800000      6.4509e+04             500      5.9293e+02

Steps/sec: 140.831, Simulation ends in:   0 d:   0 h:  25 m 

MOVE_0:   900000          359579          180111      5.0089e+01      4.0411e-01          252448          126523      5.0118e+01      9.1845e-01          269891           58204      2.1566e+01           18082            9492      5.2494e+01      5.9203e+02

ENER_0:   900000     -7.9988e+05      9.3415e+04      0.0000e+00     -6.1463e+05     -4.8020e+04     -2.3064e+05     -1.1043e+05      1.2893e+05     -6.7352e+06      6.4860e+06

STAT_0:   900000      6.5424e+04             500      5.8464e+02

Steps/sec: 133.137, Simulation ends in:   0 d:   0 h:  13 m 

MOVE_0:  1000000          399400          200052      5.0088e+01      3.8583e-01          280517          140605      5.0124e+01      1.0064e+00          299941           64334      2.1449e+01           20142           10576      5.2507e+01      7.9867e+02

ENER_0:  1000000     -8.1107e+05      8.5753e+04      0.0000e+00     -6.2503e+05     -4.9324e+04     -2.2247e+05     -1.0637e+05      1.3336e+05     -6.7352e+06      6.4857e+06

STAT_0:  1000000      6.3694e+04             500      6.0052e+02

Simulation Time (total): 7.4277e+03 sec.

Move Type                Mol. Kind      BOX_0      
% Accepted Displacement        DME     50.08813 
% Accepted Rotation            DME     50.12352 
% Accepted Volume-Transfer             52.50720 
% Accepted Regrowth            DME     21.44888 

Displacement:                          360.5005    sec.
Rotation:                              253.4416    sec.
Intra-Swap:                              0.0000    sec.
Regrowth:                              439.8937    sec.
Intra-MEMC:                              0.0000    sec.
Crank-Shaft:                             0.0000    sec.
Vol-Transfer:                         6372.6945    sec.

Info: GOMC Version 2.40
Info: Completed at: Fri May 17 18:39:37 2019
Info: On hostname: wsu50
