Info: GOMC Version 2.1
Info: Start Time: Tue Sep  5 15:06:39 2017
Info: Host Name: potoff39.eng.wayne.edu
CPU information:
Info: Total number of CPUs: 4
Info: Total number of CPUs available: 4
Info: Model name: Intel(R) Core(TM) i5-2500K CPU @ 3.30GHz
Info: System name: Linux
Info: Release: 3.10.0-514.16.1.el7.x86_64
Info: Version: #1 SMP Wed Apr 12 07:10:20 CDT 2017
Info: Kernel Architecture: x86_64
Info: Total Ram: 7806.1MB
Info: Used Ram: 7348.6MB
Info: Working in the current directory: /home4/soroush/Desktop/validation/GOMC_Examples/NPT/DME_constArea_340_00_K
GPU information:
Info: Device Number: 0
Info: Device name: Tesla K40c
Info: Memory Clock Rate (KHz): 3004000
Info: Memory Bus Width (bits): 384
Info: Peak Memory Bandwidth (GB/s): 288.384000
Info: Device Number: 1
Info: Device name: GeForce GTX 660 Ti
Info: Memory Clock Rate (KHz): 3004000
Info: Memory Bus Width (bits): 192
Info: Peak Memory Bandwidth (GB/s): 144.192000
Info: Using Device Number: 0
Info: GOMC COMPILED TO RUN ISOBARIC-ISOTHERMAL ENSEMBLE.
Info: Number of threads                  1 

Reading Input File:                      in.conf
Info: Restart simulation                 Active 
Info: Random seed                        Active 
Info: PARAMETER file: EXOTIC format!
Info: Input Pressure                     17.0620 bar
Info: Input Temperature                  340.0000 K
Info: Non-truncated potential            Active 
Info: Long Range Correction              Active 
Info: Cutoff                             10.0000 A
Info: Short Range Cutoff                 1.0000 A.
Info: Exclude                            ONE-FOUR 
Warning: Modified 1-4 VDW parameters will be ignored!
Info: Ewald Summation                    Active 
Info: Ewald Summation Tolerance          1.000E-05 
Info: Cache Ewald Fourier                Active 
Info: Total number of steps              1000000 
Info: Number of equilibration steps      100000 
Info: Move adjustment frequency          1000 
Info: Displacement move frequency        0.4000 
Info: Rotation move frequency            0.2800 
Info: Molecule swap move frequency       0.0000 
Info: Intra-Swap move frequency          0.3000 
Info: Volume move frequency              0.0200 
Info: Simulation dimension of box        0: 45.0000 55.0000 45.0000 
Info: Volume change using constant X-Y area.
Info: Pressure calculation               Inactive 
Info: Output name                        dimethylether_NPT 
Info: Coordinate frequency               1000000 
Info: Restart frequency                  1000000 
Info: Console output frequency           100000 
Info: Average output frequency           100000 
Note: Pressure Calculation Inactived. Pressure average output will be ignored.
Note: Pressure Calculation Inactived. Pressure output will be ignored.
Finished Reading Input File:             in.conf

Reading from EXOTIC Parameter File:     ./../../common/Par_DME_Exotic.inp
Finished reading EXOTIC Parameter File:     ./../../common/Par_DME_Exotic.inp
Reading from system PDB coordinate file:     STEP3_START_DME_NEO_sys_BOX_0.pdb
Finished reading system PDB coordinate file:     STEP3_START_DME_NEO_sys_BOX_0.pdb
Random number seed: 3932806897

Molecules in PSF:
Molecule Kind: DME
Idx	name	type	charge	mass
0	C1	CT3	0.2650	15.0347
1	O1	OT	-0.5300	15.9994
2	C2	CT3	0.2650	15.0347

Bonds:
[0 1] [1 2] 

Angles:
[0 1 2] 

Dihedrals:

Bonds parameter:
Atom Types                    Kb(K)                b0(A) 
CT3  OT                         FIX               1.4100 


Angles parameter:
Atom Types                Ktheta(K)       theta0(degree) 
CT3  OT  CT3           31250.000000             112.0000 


Dihedrals parameter:
Atom Types                  Kchi(K)    n   delta(degree) 

Minimum coordinates in box 1: x =    0.003, y =    0.041, z =    0.001
Maximum coordinates in box 1: x =   44.999, y =   54.981, z =   26.882
Wrapping molecules inside the simulation box 1:
box: 0, RecipVectors: 11482, kmax: 21

################################################################################
########################## INITIAL SIMULATION ENERGY ###########################

ETITLE:     STEP           TOTAL        INTRA(B)       INTRA(NB)       INTER(LJ)             LRC     TOTAL_ELECT            REAL           RECIP            SELF            CORR

ENER_0:        0     -70338.5291     722387.2474          0.0000    -541655.1366     -28207.8920    -222862.7478    -103874.5960     281241.2070   -6735151.7288    6334922.3700

STITLE:     STEP          VOLUME        TOTALMOL     TOT_DENSITY

STAT_0:        0     111375.0000             500        343.4301

################################################################################
############################# STARTING SIMULATION ##############################

MTITLE:     STEP          DISTRY       DISACCEPT      DISACCEPT%          DISMAX          ROTATE       ROTACCEPT      Printed combined psf to file dimethylether_NPT_merged.psf
MOVE_0:   100000           39952           20016         50.1001          0.6097           27968           14084         50.3576          1.1312           30012            3572         11.9019            2068            1075         51.9826        787.8213

ENER_0:   100000    -128909.4687     678003.3377          0.0000    -454128.8700     -31687.9013    -321096.0350    -112643.4090     172182.0518   -6735151.7288    6354517.0511

STAT_0:   100000      99143.6430             500        385.7991

Steps/sec. : 30.2422
MOVE_0:   200000           80117           40115         50.0705          0.5238           55988           28137         50.2554          1.1610           59830            7272         12.1544            4065            2111         51.9311        560.9564

ENER_0:   200000    -170100.9513     679400.5211          0.0000    -476932.6581     -34551.2569    -338017.5574    -122780.9248     165535.2140   -6735151.7288    6354379.8822

STAT_0:   200000      90927.3426             500        420.6603

Steps/sec. : 35.6706
MOVE_0:   300000          120068           60134         50.0833          0.5310           84043           42217         50.2326          1.3326           89782           10044         11.1871            6107            3175         51.9895        858.6132

ENER_0:   300000    -207523.1232     683971.9458          0.0000    -510925.5717     -39475.3422    -341094.1550    -125587.8069     165098.3769   -6735151.7288    6354547.0038

STAT_0:   300000      79585.2245             500        480.6109

Steps/sec. : 39.7608
   1.0584           90190           10739         11.9071            6085            3205         52.6705        959.5982

ENER_0:   300000    -177298.1764     673599.2298          0.0000    -484249.5512     -34088.4662    -332559.3888    -122761.6048     161620.7644   -6735151.7288    6363733.1803

STAT_0:   300000      92161.7874             500        415.0259

Steps/sec. : 1276.5797
MOVE_0:   400000          159801           80027         50.0792          0.5453          112201           56300         50.1778          1.0997          119839           13718         11.4470            8159            4288         52.5555        898.9461

ENER_0:   400000    -187595.6588     681994.2864          0.0000    -514246.1410     -37630.0699    -317713.7344    -115644.8797     169018.7571   -6735151.7288    6364064.1171

STAT_0:   400000      83487.8593             500        458.1448

Steps/sec. : 1248.0532
MOVE_0:   500000          199886          100092         50.0745          0.5283          140156           70310         50.1655          1.0499          149772           16011         10.6902           10186            5323         52.2580        648.1279

ENER_0:   500000    -216653.3144     681976.1992          0.0000    -513374.9372     -40335.2313    -344919.3450    -128830.0096     156597.3698   -6735151.7288    6362465.0237

STAT_0:   500000      77888.5821             500        491.0800

Steps/sec. : 869.6223
MOVE_0:   600000          239801          120079         50.0744          0.5355          168145           84337         50.1573          1.0544          179892           18058         10.0382           12162            6366         52.3434        840.1599

ENER_0:   600000    -241593.6919     676153.3424          0.0000    -535488.6606     -41358.0472    -340900.3264    -125087.8092     157301.5888   -6735151.7288    6362037.6229

STAT_0:   600000      75962.3384             500        503.5328

Steps/sec. : 743.8801
MOVE_0:   700000          279798          140112         50.0761          0.4645          196121           98345         50.1451          0.9869          209911           19817          9.4407           14170            7422         52.3783        741.6955

ENER_0:   700000    -271365.9051     678772.8804          0.0000    -550777.0579     -43558.2118    -355803.5157    -131747.0374     148541.3090   -6735151.7288    6362553.9416

STAT_0:   700000      72125.4120             500        530.3197

Steps/sec. : 740.7270
MOVE_0:   800000          319849          160194         50.0843          0.5084          224156          112400         50.1436          1.0945          239828           21419          8.9310           16167            8445         52.2360        938.0236

ENER_0:   800000    -269003.6388     681964.3056          0.0000    -549149.5619     -42678.3316    -359140.0509    -136378.7478     151128.1567   -6735151.7288    6361262.2690

STAT_0:   800000      73612.3897             500        519.6072

Steps/sec. : 740.2087
MOVE_0:   900000          359683          180154         50.0869          0.4992          252159          126430         50.1390          1.0437          269981           22877          8.4736           18177            9494         52.2308        558.7916

ENER_0:   900000    -275598.1131     680809.5597          0.0000    -556893.9162     -44798.7986    -354714.9580    -133996.6492     152526.4757   -6735151.7288    6361906.9443

STAT_0:   900000      70128.0854             500        545.4238

Steps/sec. : 738.9031
MOVE_0:  1000000          399600          200152         50.0881          0.4804          280265          140511         50.1351          0.9181          300026           24230          8.0760           20109           10489         52.1607        365.5659

ENER_0:  1000000    -322984.6835     673877.3593          0.0000    -589862.5302     -45816.0157    -361183.4969    -138092.3187     148416.3729   -6735151.7288    6363644.1778

STAT_0:  1000000      68571.0864             500        557.8084

Simulation Time (total): 1090.7523 sec.
Info: GOMC Version 2.1
Info: Completed at: Tue Sep  5 15:24:50 2017
Info: On hostname: potoff39.eng.wayne.edu
