Info: GOMC Version 2.20
Info: Start Time: Wed May  2 18:59:47 2018
Info: Host Name: wsu39.grid.wayne.edu
CPU information:
Info: Total number of CPUs: 12
Info: Total number of CPUs available: 12
Info: Model name: AMD Opteron(tm) Processor 4332 HE              
Info: System name: Linux
Info: Release: 2.6.32-696.6.3.el6.x86_64
Info: Version: #1 SMP Wed Jul 12 14:17:22 UTC 2017
Info: Kernel Architecture: x86_64
Info: Total Ram: 72615.1MB
Info: Used Ram: 17254.2MB
Info: Working in the current directory: /wsu/home/fe/fe18/fe1855/testing/TestingSuite/Github/serial/GOMC_Examples/NVT_GEMC/pure_fluid/DME_320_00_K
Info: GOMC COMPILED TO RUN GIBBS ENSEMBLE.
Info: Number of threads                  1 

Reading Input File:                      in.conf
Info: Restart simulation                 Active 
Info: PARAMETER file: EXOTIC format!
Info: Running NVT_GEMC
Info: Input Temperature                  320.0000 K
Info: Non-truncated potential            Active 
Info: Long Range Correction              Active 
Info: Cutoff                             10.0000 A
Info: Exclude                            ONE-FOUR 
Warning: Modified 1-4 VDW parameters will be ignored!
Info: Ewald Summation                    Active 
Info: Cache Ewald Fourier                Inactive 
Info: Ewald Summation Tolerance          1.000E-05 
Info: Pressure calculation frequency     1000 
Info: Total number of steps              1000000 
Info: Number of equilibration steps      100000 
Info: Move adjustment frequency          1000 
Info: Displacement move frequency        0.4000 
Info: Rotation move frequency            0.3900 
Info: Molecule swap move frequency       0.2000 
Info: Intra-Swap move frequency          0.0000 
Info: Volume move frequency              0.0100 
Info: Output name                        dimethylether_320_K_RESTART 
Info: Coordinate frequency               1000000 
Info: Restart frequency                  1000000 
Info: Console output frequency           100000 
Info: Average output frequency           100000 
Info: Constant seed                      Active
Default: Regrowth move frequency         0.0000 
Default: Short Range Cutoff              0.0000 
Finished Reading Input File:             in.conf

Reading from EXOTIC-Style parameter file:  	./../../../common/Par_DME_Exotic.inp
Reading BONDS parameters.
Reading ANGLES parameters.
Reading DIHEDRALS parameters.
Reading NONBONDED_MIE parameters.
Finished reading EXOTIC-Style parameter file:  	./../../../common/Par_DME_Exotic.inp
Reading from box 0 PDB coordinate file:  	dimethylether_320_K_BOX_0_restart.pdb
Finished reading box 0 PDB coordinate file:  	dimethylether_320_K_BOX_0_restart.pdb
Reading from box 1 PDB coordinate file:  	dimethylether_320_K_BOX_1_restart.pdb
Finished reading box 1 PDB coordinate file:  	dimethylether_320_K_BOX_1_restart.pdb
Random number seed: 50

Molecules in PSF:
Molecule Kind: DME
Idx	name	type	charge	mass
0	C1	CT3	0.2650	15.0347
1	O1	OT	-0.5300	15.9994
2	C2	CT3	0.2650	15.0347

Bonds:
[0 1] [1 2] 

Angles:
[0 1 2] 

Dihedrals:

Bonds parameter:
Atom Types                    Kb(K)                b0(A) 
CT3  OT                         FIX               1.4100 

Angles parameter:
Atom Types                Ktheta(K)       theta0(degree) 
CT3  OT  CT3           31250.000000             112.0000 

Dihedrals parameter:
Atom Types                  Kchi(K)    n   delta(degree) 

NonBonded 1-4 parameters:
Type1  Type2             Epsilon(K)    Sigma(A)       N 
CT3    CT3                  98.0000      3.7500   12.00 
CT3    OT                   67.3238      3.3500   12.00 
OT     OT                   46.2500      2.9500   12.00 

NonBonded parameters:
Type1  Type2             Epsilon(K)    Sigma(A)       N 
CT3    CT3                  98.0000      3.7500   12.00 
CT3    OT                   67.3238      3.3500   12.00 
OT     OT                   46.2500      2.9500   12.00 

Info: Box  0:  Periodic Cell Basis 1     43.059   0.000   0.000 
Info: Box  0:  Periodic Cell Basis 2      0.000  43.059   0.000 
Info: Box  0:  Periodic Cell Basis 3      0.000   0.000  43.059 

Info: Box  1:  Periodic Cell Basis 1     49.579   0.000   0.000 
Info: Box  1:  Periodic Cell Basis 2      0.000  49.579   0.000 
Info: Box  1:  Periodic Cell Basis 3      0.000   0.000  49.579 

Minimum coordinates in box 0: x =    0.851, y =    1.261, z =    0.010
Maximum coordinates in box 0: x =   41.520, y =   41.529, z =   36.491
Wrapping molecules inside the simulation box 0:
Minimum coordinates in box 1: x =   -0.769, y =   -1.156, z =   -0.954
Maximum coordinates in box 1: x =   50.495, y =   50.454, z =   50.289
Wrapping molecules inside the simulation box 1:
Box: 0, RecipVectors:   8259, kmax: 16
Box: 1, RecipVectors:  12634, kmax: 19

################################################################################
########################## INITIAL SIMULATION ENERGY ###########################

ETITLE:     STEP           TOTAL        INTRA(B)       INTRA(NB)       INTER(LJ)             LRC     TOTAL_ELECT            REAL           RECIP            SELF            CORR

ENER_0:        0       1708.3203       2548.8270          0.0000       -384.2689        -35.4168       -420.8209       -247.9731       7076.1345    -202054.5519     194805.5695

ENER_1:        0   -1723906.5458     158321.5746          0.0000   -1303739.7327    -100045.4895    -478442.8982    -234821.9741     248613.2492  -13268248.9058   12776014.7324

STITLE:     STEP          VOLUME        PRESSURE        TOTALMOL     TOT_DENSITY

STAT_0:        0      79834.7223          6.4915              15         14.3733

STAT_1:        0     121869.0115        -57.0111             985        618.2996

################################################################################
############################# STARTING SIMULATION ##############################

MTITLE:     STEP          DISTRY       DISACCEPT      DISACCEPT%          DISMAX          ROTATE       ROTACCEPT      ROTACCEPT%          ROTMAX       INTRASWAP       INTACCEPT      INTACCEPT%        REGROWTH    REGROWACCEPT   REGROWACCEPT%        TRANSFER      TRANACCEPT     TRANACCEPT%          VOLUME       VOLACCEPT      VOLACCEPT%          VOLMAX

ETITLE:     STEP           TOTAL        INTRA(B)       INTRA(NB)       INTER(LJ)             LRC     TOTAL_ELECT            REAL           RECIP            SELF            CORR

STITLE:     STEP          VOLUME        PRESSURE        TOTALMOL     TOT_DENSITY

Printed combined psf to file dimethylether_320_K_RESTART_merged.psf
MOVE_0:   100000           20313           12751         62.7726         21.6365           19420           16009         82.4356          3.1416               0               0          0.0000               0               0          0.0000            9931             472          4.7528            1000             527         52.7000        612.7932

ENER_0:   100000       2057.0352       4402.3844          0.0000      -1711.0422        -82.0400       -552.2671       -389.4781      11301.1719    -309816.9795     298353.0186

STAT_0:   100000      81030.4841          7.5232              23         21.7138

PRES_0:   100000         -4.3789         -2.1008         -7.7340

MOVE_1:   100000           20080           10071         50.1544          0.3782           19478            9764         50.1283          0.9694               0               0          0.0000               0               0          0.0000            9778             480          4.9090            1000             527         52.7000        993.9304

ENER_1:   100000   -1707039.2471     152381.8856          0.0000   -1284033.5815     -99402.3062    -475985.2449    -232929.8980     246081.6074  -13160486.4781   12671349.5238

STAT_1:   100000     120673.2497          0.6383             977        619.3549

PRES_1:   100000        -81.9295       -120.0459       -187.3787

Steps/sec. : 50.6669
MOVE_0:   200000           40352           25427         63.0130         21.6706           39064           32184         82.3879          3.1416               0               0          0.0000               0               0          0.0000           20009             925          4.6229            2068            1101         53.2398       1445.4614

ENER_0:   200000       3608.8660       5051.1356          0.0000       -809.3692        -55.7214       -577.1791       -276.2377       9295.3376    -255935.7657     246339.4867

STAT_0:   200000      81414.8965          7.9327              19         17.8528

PRES_0:   200000         -3.0561         -1.9078         -1.6033

MOVE_1:   200000           39994           20059         50.1550          0.4095           38905           19497         50.1144          0.8933               0               0          0.0000               0               0          0.0000           19608             929          4.7379            2068            1101         53.2398       2344.4908

ENER_1:   200000   -1734096.8108     151117.9658          0.0000   -1293746.0291    -100538.1823    -490930.5652    -243169.0775     242400.1678  -13214367.6919   12724206.0364

STAT_1:   200000     120288.8373         97.6404             981        623.8781

PRES_1:   200000         48.6668       -177.6240         32.7677

Steps/sec. : 48.8083
MOVE_0:   300000           60193           37948         63.0439         21.5730           58564           48152         82.2212          3.1416               0               0          0.0000               0               0          0.0000           29964            1393          4.6489            3036            1621         53.3926       2898.5865

ENER_0:   300000      -1897.2580       1602.9101          0.0000      -2210.0732        -97.7856      -1192.3092       -314.4092      11468.1533    -336757.5864     324411.5331

STAT_0:   300000      80319.9252          5.7010              25         23.8107

PRES_0:   300000         -7.5374         -8.5608         -7.0457

MOVE_1:   300000           60129           30170         50.1755          0.3904           58302           29232         50.1389          0.8815               0               0          0.0000               0               0          0.0000           29812            1403          4.7062            3036            1621         53.3926       4701.4117

ENER_1:   300000   -1683056.4079     154813.1926          0.0000   -1262457.1284     -98416.2499    -476996.2222    -235576.2402     246081.7164  -13133545.8712   12646044.1728

STAT_1:   300000     121383.8086        125.5344             975        614.4689

PRES_1:   300000        -49.2460         64.2234        -31.8927

Steps/sec. : 53.2341
MOVE_0:   400000           80300           52371         65.2192         21.4252           78023           64963         83.2613          3.1416               0               0          0.0000               0               0          0.0000           39910            1970          4.9361            4056            2161         53.2791        908.2994

ENER_0:   400000        271.7488       3991.0978          0.0000      -2189.9996        -63.8874      -1465.4619       -763.7709       9479.9841    -269406.0692     259224.3941

STAT_0:   400000      78679.7229          5.8540              20         19.4457

PRES_0:   400000         -8.0508         -6.4165         -0.9903

MOVE_1:   400000           80176           40246         50.1971          0.4133           77836           39025         50.1375          0.7856               0               0          0.0000               0               0          0.0000           39699            1975          4.9749            4056            2161         53.2791       1473.2317

ENER_1:   400000   -1706068.9020     143987.2435          0.0000   -1264361.9044     -98102.6210    -487591.6201    -241812.5163     243406.6780  -13200897.3885   12711711.6068

STAT_1:   400000     123024.0108         80.7567             980        609.3857

PRES_1:   400000        -35.8520        -76.7679        -40.8793

Steps/sec. : 52.7508
MOVE_0:   500000          100495           65950         65.6252         19.8566           97362           81187         83.3867          3.1416               0               0          0.0000               0               0          0.0000           50001            2533          5.0659            4986            2657         53.2892       2474.8877

ENER_0:   500000      -2170.6950       4249.8829          0.0000      -3691.2544       -116.2254      -2613.0981      -1414.1744      12033.8578    -363698.1934     350465.4118

STAT_0:   500000      78821.5250         21.6204              27         26.2044

PRES_0:   500000         12.0564         -0.2774          8.9008

MOVE_1:   500000          100166           50294         50.2107          0.4575           97171           48750         50.1693          0.9815               0               0          0.0000               0               0          0.0000           49819            2545          5.1085            4986            2657         53.2892       4014.1863

ENER_1:   500000   -1689143.2133     140750.9911          0.0000   -1254201.7438     -96817.7560    -478874.7046    -231882.9229     238471.5799  -13106605.2643   12621141.9027

STAT_1:   500000     122882.2088         17.3042             973        605.7311

PRES_1:   500000        -29.6288        -15.6252       -300.1638

Steps/sec. : 55.7900
MOVE_0:   600000          120610           78894         65.4125         21.7365          116758           97143         83.2003          3.1416               0               0          0.0000               0               0          0.0000           59791            3042          5.0877            5936            3157         53.1840       1455.7501

ENER_0:   600000       1052.4470       2990.5503          0.0000      -1144.9159        -74.0290       -719.1584       -518.4041      10364.2555    -296346.6761     285781.6664

STAT_0:   600000      82160.2127         11.7038              22         20.4841

PRES_0:   600000         -1.0136          1.5471         -0.1672

MOVE_1:   600000          120396           60451         50.2101          0.4208          116553           58462         50.1592          0.9316               0               0          0.0000               0               0          0.0000           59956            3049          5.0854            5936            3157         53.1840       2361.1786

ENER_1:   600000   -1710038.2203     151533.3781          0.0000   -1276368.5606    -100547.2060    -484655.8318    -241081.1597     243876.3679  -13173956.7816   12686505.7416

STAT_1:   600000     119543.5211        225.2305             978        625.8480

PRES_1:   600000        147.3177         83.0151         57.2109

Steps/sec. : 54.4121
MOVE_0:   700000          140601           91807         65.2961         21.7338          136107          113149         83.1324          3.1416               0               0          0.0000               0               0          0.0000           69824            3476          4.9782            7024            3739         53.2318       2124.2062

ENER_0:   700000       -582.9267       3034.5308          0.0000      -2585.1035       -119.9602       -912.3939       -576.6403      13286.1474    -377168.4968     363546.5957

STAT_0:   700000      82129.1271         22.9121              28         26.0806

PRES_0:   700000          9.1254          2.5426         13.0899

MOVE_1:   700000          140324           70474         50.2223          0.4864          136169           68298         50.1568          0.9167               0               0          0.0000               0               0          0.0000           69951            3489          4.9878            7024            3739         53.2318       3445.3924

ENER_1:   700000   -1714448.2326     153275.4257          0.0000   -1277720.8111     -99291.4630    -490711.3843    -243931.8108     238382.0456  -13093134.9608   12607973.3417

STAT_1:   700000     119574.6067         50.5518             972        621.8467

PRES_1:   700000        -82.0716        -97.8049        -58.5570

Steps/sec. : 49.4474
MOVE_0:   800000          160742          104686         65.1267         21.7542          155597          129168         83.0145          3.1416               0               0          0.0000               0               0          0.0000           79839            3910          4.8974            7999            4261         53.2692       1537.3189

ENER_0:   800000       2605.6131       4389.2028          0.0000      -1256.6942        -73.8489       -453.0465       -103.6265      10315.3315    -296346.6761     285681.9245

STAT_0:   800000      82360.6149          9.3300              22         20.4343

PRES_0:   800000          1.6240         -5.1558         -3.1405

MOVE_1:   800000          160292           80490         50.2146          0.4008          155569           78038         50.1630          0.8930               0               0          0.0000               0               0          0.0000           79962            3917          4.8986            7999            4261         53.2692       2493.4806

ENER_1:   800000   -1751297.9278     153899.9636          0.0000   -1311649.7421    -100716.0459    -492832.1033    -246623.8133     241043.6846  -13173956.7816   12686704.8070

STAT_1:   800000     119343.1189        -27.9854             978        626.8989

PRES_1:   800000       -193.8464        -99.5398       -178.1987

Steps/sec. : 53.5849
MOVE_0:   900000          180825          117558         65.0120         21.8150          175099          145278         82.9691          3.1416               0               0          0.0000               0               0          0.0000           90115            4376          4.8560            8996            4805         53.4126       1536.0962

ENER_0:   900000        951.9580       2426.2406          0.0000       -824.8040        -49.0241       -600.4545       -151.5428       8396.4262    -242465.4622     233620.1243

STAT_0:   900000      83052.6368          6.5801              18         16.5796

PRES_0:   900000         -2.3818         -3.0992         -3.0160

MOVE_1:   900000          180239           90530         50.2278          0.4512          174928           87761         50.1698          0.9702               0               0          0.0000               0               0          0.0000           89798            4379          4.8765            8996            4805         53.4126       2491.4974

ENER_1:   900000   -1770155.1131     155356.9094          0.0000   -1323093.5028    -102133.8161    -500284.7036    -247969.9621     237348.8792  -13227837.9954   12738174.3746

STAT_1:   900000     118651.0970         51.4097             982        633.1342

PRES_1:   900000         84.6392       -250.2081        -64.6691

Steps/sec. : 50.0260
MOVE_0:  1000000          200938          130247         64.8195         21.6645          194449          161203         82.9025          3.1416               0               0          0.0000               0               0          0.0000          100044            4770          4.7679           10013            5341         53.3407       1719.9610

ENER_0:  1000000        704.0437       5930.9467          0.0000      -3104.1504       -168.2322      -1954.5204       -717.0373      14854.6803    -444520.0141     428427.8508

STAT_0:  1000000      81346.1506          7.4591              33         31.0337

PRES_0:  1000000         -7.9761         -6.9455        -14.7581

MOVE_1:  1000000          200298          100596         50.2232          0.4591          194468           97565         50.1702          0.9237               0               0          0.0000               0               0          0.0000           99790            4788          4.7981           10013            5341         53.3407       2789.7200

ENER_1:  1000000   -1659912.0006     155408.5240          0.0000   -1255105.0849     -97633.2690    -462582.1708    -225357.4643     245171.9018  -13025783.4435   12543386.8353

STAT_1:  1000000     120357.5832         61.0690             967        614.6234

PRES_1:  1000000        -14.0023         62.5698       -258.8094

Simulation Time (total): 19759.9811 sec.
Displacement:                   1157.4774 sec.
Rotation:                       1122.9972 sec.
Intra-Swap:                        0.0000 sec.
Regrowth:                          0.0000 sec.
Molecule-Transfer:              1047.0092 sec.
Volume-Transfer:               15375.2208 sec.
Info: GOMC Version 2.20
Info: Completed at: Thu May  3 00:29:10 2018
Info: On hostname: wsu39.grid.wayne.edu
