Info: GOMC Version 2.20
Info: Start Time: Mon Nov 27 20:13:28 2017
Info: Host Name: potoff39.eng.wayne.edu
CPU information:
Info: Total number of CPUs: 4
Info: Total number of CPUs available: 4
Info: Model name: Intel(R) Core(TM) i5-2500K CPU @ 3.30GHz
Info: System name: Linux
Info: Release: 3.10.0-514.26.1.el7.x86_64
Info: Version: #1 SMP Wed Jun 28 15:10:01 CDT 2017
Info: Kernel Architecture: x86_64
Info: Total Ram: 7806.1MB
Info: Used Ram: 7002.4MB
Info: Working in the current directory: /home4/soroush/Desktop/validation/GOMC_Examples/GCMC/MFI_CH4_adsorption
Info: GOMC COMPILED TO RUN GRAND CANONICAL ENSEMBLE.
Info: Number of threads                  1 

Reading Input File:                      in.conf
Info: Random seed                        Active 
Info: PARAMETER file: EXOTIC format!
Info: Input Temperature                  300.0000 K
Info: Non-truncated potential            Active 
Info: Long Range Correction              Active 
Info: Cutoff                             13.0000 A
Info: Exclude                            ONE-FOUR 
Warning: Modified 1-4 VDW parameters will be ignored!
Info: Pressure calculation               Inactive 
Info: Total number of steps              1000000 
Info: Number of equilibration steps      100000 
Info: Move adjustment frequency          1000 
Info: Displacement move frequency        0.2000 
Info: Rotation move frequency            0.1000 
Info: Molecule swap move frequency       0.5000 
Info: Intra-Swap move frequency          0.2000 
Info: Box  0:  Periodic Cell Basis 1     60.420   0.000   0.000 
Info: Box  0:  Periodic Cell Basis 2      0.000  59.760   0.000 
Info: Box  0:  Periodic Cell Basis 3      0.000   0.000  40.260 
Info: Box  1:  Periodic Cell Basis 1     60.000   0.000   0.000 
Info: Box  1:  Periodic Cell Basis 2      0.000  60.000   0.000 
Info: Box  1:  Periodic Cell Basis 3      0.000   0.000  60.000 
Info: Fugacity                           C1P    5.0000 bar
Info: Fugacity                           Si     0.0000 bar
Info: Fugacity                           O      0.0000 bar
Info: Output name                        CH4_5_bar 
Info: Coordinate frequency               1000000 
Info: Restart frequency                  1000000 
Info: Console output frequency           100000 
Info: Average output frequency           100000 
Info: Histogram output                   Inactive 
Info: Histogram sample frequency         200 
Default: Short Range Cutoff              1.0000 
Warning: 1-4 Electrostatic scaling set, but will be ignored.
Finished Reading Input File:             in.conf

Reading from EXOTIC-Style parameter file:  	../../common/Par_MFI_CO2_CH4_Exotic.inp
Reading BONDS parameters.
Reading ANGLES parameters.
Reading DIHEDRALS parameters.
Reading NONBONDED_MIE parameters.
Finished reading EXOTIC-Style parameter file:  	../../common/Par_MFI_CO2_CH4_Exotic.inp
Reading from box 0 PDB coordinate file:  	./START_MFI.pdb
Finished reading box 0 PDB coordinate file:  	./START_MFI.pdb
Reading from box 1 PDB coordinate file:  	./START_Resv_BOX_1.pdb
Finished reading box 1 PDB coordinate file:  	./START_Resv_BOX_1.pdb
Random number seed: 581416676

Molecules in PSF:
Molecule Kind: C1P
Idx	name	type	charge	mass
0	C1	CH4	0.0000	16.0430

Bonds:

Angles:

Dihedrals:

Molecule Kind: O
Idx	name	type	charge	mass
0	O	O	0.0000	15.9994

Bonds:

Angles:

Dihedrals:

Molecule Kind: Si
Idx	name	type	charge	mass
0	Si	Si	0.0000	28.0855

Bonds:

Angles:

Dihedrals:

Bonds parameter:
Atom Types                    Kb(K)                b0(A) 
Angles parameter:
Atom Types                Ktheta(K)       theta0(degree) 
Dihedrals parameter:
Atom Types                  Kchi(K)    n   delta(degree) 

Minimum coordinates in box 0: x =    0.024, y =    0.020, z =    0.240
Maximum coordinates in box 0: x =   60.246, y =   59.194, z =   39.422
Wrapping molecules inside the simulation box 0:
Minimum coordinates in box 1: x =    1.080, y =    1.000, z =    1.003
Maximum coordinates in box 1: x =   59.999, y =   59.936, z =   59.844
Wrapping molecules inside the simulation box 1:

Warning: Large energy detected due to the overlap in initial configuration.
         Total energy calculation will be perform at EqStep to preserve the
         enegy information.

################################################################################
########################## INITIAL SIMULATION ENERGY ###########################

ETITLE:     STEP           TOTAL        INTRA(B)       INTRA(NB)       INTER(LJ)             LRC     TOTAL_ELECT            REAL           RECIP            SELF            CORR

ENER_0:        0      9999999999          0.0000          0.0000      9999999999     -41629.2277          0.0000          0.0000          0.0000          0.0000         -0.0000

ENER_1:        0          0.0000          0.0000          0.0000          0.0000          0.0000          0.0000          0.0000          0.0000          0.0000         -0.0000

STITLE:     STEP        TOTALMOL       MOLFRAC_O      MOLFRAC_Si     MOLFRAC_C1P

STAT_0:        0            8136        0.681416        0.318584        0.000000

STAT_1:        0            1000        0.000000        0.000000        1.000000

################################################################################
############################# STARTING SIMULATION ##############################

MTITLE:     STEP          DISTRY       DISACCEPT      DISACCEPT%          DISMAX          ROTATE       ROTACCEPT      ROTACCEPT%          ROTMAX       INTRASWAP       INTACCEPT      INTACCEPT%        TRANSFER      TRANACCEPT     TRANACCEPT%

ETITLE:     STEP           TOTAL        INTRA(B)       INTRA(NB)       INTER(LJ)             LRC     TOTAL_ELECT            REAL           RECIP            SELF            CORR

STITLE:     STEP        TOTALMOL       MOLFRAC_O      MOLFRAC_Si     MOLFRAC_C1P

Printed combined psf to file CH4_5_bar_merged.psf
MOVE_0:   100000           23376            9792         41.8891          0.0000            6528               0          0.0000         15.0000           20241             544          2.6876           25116            1052          4.1886

ENER_0:   100000      9999999999          0.0000          0.0000      9999999999     -56289.9646          0.0000          0.0000          0.0000          0.0000          0.0000

STAT_0:   100000            8438        0.657028        0.307182        0.035790

MOVE_1:   100000           24739            1354          5.4731

ENER_1:   100000          0.0000          0.0000          0.0000          0.0000          0.0000          0.0000          0.0000          0.0000          0.0000          0.0000

STAT_1:   100000             698        0.000000        0.000000        1.000000

Info: Performing total energy calculation to preserve the enegy information.


Warning: Large energy detected due to the overlap in initial configuration.
         Total energy calculation will be perform at EqStep to preserve the
         enegy information.
Steps/sec. : 2269.267056
MOVE_0:   200000           46762           19978         42.7227          0.0000           13160               0          0.0000         15.0000           40187             931          2.3167           50217            2086          4.1540

ENER_0:   200000      9999999999          0.0000          0.0000      9999999999     -56496.9415          0.0000          0.0000          0.0000          0.0000          0.0000

STAT_0:   200000            8442        0.656716        0.307036        0.036247

MOVE_1:   200000           49674            2392          4.8154

ENER_1:   200000          0.0000          0.0000          0.0000          0.0000          0.0000          0.0000          0.0000          0.0000          0.0000          0.0000

STAT_1:   200000             694        0.000000        0.000000        1.000000

Steps/sec. : 2360.826118
MOVE_0:   300000           70109           29912         42.6650          0.0000           19730               0          0.0000         15.0000           60280            1266          2.1002           75276            3048          4.0491

ENER_0:   300000      9999999999          0.0000          0.0000      9999999999     -57328.1942          0.0000          0.0000          0.0000          0.0000          0.0000

STAT_0:   300000            8458        0.655474        0.306455        0.038070

MOVE_1:   300000           74605            3370          4.5171

ENER_1:   300000          0.0000          0.0000          0.0000          0.0000          0.0000          0.0000          0.0000          0.0000          0.0000          0.0000

STAT_1:   300000             678        0.000000        0.000000        1.000000

Steps/sec. : 2409.135187
MOVE_0:   400000           93420           39956         42.7703          0.0000           26440               0          0.0000         15.0000           80032            1597          1.9955          100568            4006          3.9834

ENER_0:   400000      9999999999          0.0000          0.0000      9999999999     -57276.0841          0.0000          0.0000          0.0000          0.0000          0.0000

STAT_0:   400000            8457        0.655552        0.306492        0.037957

MOVE_1:   400000           99540            4327          4.3470

ENER_1:   400000          0.0000          0.0000          0.0000          0.0000          0.0000          0.0000          0.0000          0.0000          0.0000          0.0000

STAT_1:   400000             679        0.000000        0.000000        1.000000

Steps/sec. : 2400.642799
MOVE_0:   500000          116703           49943         42.7950          0.0000           32918               0          0.0000         15.0000          100147            1925          1.9222          125611            5010          3.9885

ENER_0:   500000      9999999999          0.0000          0.0000      9999999999     -57536.8436          0.0000          0.0000          0.0000          0.0000          0.0000

STAT_0:   500000            8462        0.655164        0.306311        0.038525

MOVE_1:   500000          124621            5336          4.2818

ENER_1:   500000          0.0000          0.0000          0.0000          0.0000          0.0000          0.0000          0.0000          0.0000          0.0000          0.0000

STAT_1:   500000             674        0.000000        0.000000        1.000000

Steps/sec. : 2414.165485
MOVE_0:   600000          140127           59958         42.7883          0.0000           39818               0          0.0000         15.0000          120145            2227          1.8536          150464            5973          3.9697

ENER_0:   600000      9999999999          0.0000          0.0000      9999999999     -58479.9057          0.0000          0.0000          0.0000          0.0000          0.0000

STAT_0:   600000            8480        0.653774        0.305660        0.040566

MOVE_1:   600000          149446            6317          4.2269

ENER_1:   600000          0.0000          0.0000          0.0000          0.0000          0.0000          0.0000          0.0000          0.0000          0.0000          0.0000

STAT_1:   600000             656        0.000000        0.000000        1.000000

Steps/sec. : 2474.284146
MOVE_0:   700000          163423           69957         42.8073          0.0000           46572               0          0.0000         15.0000          140109            2550          1.8200          175341            6897          3.9335

ENER_0:   700000      9999999999          0.0000          0.0000      9999999999     -58322.2583          0.0000          0.0000          0.0000          0.0000          0.0000

STAT_0:   700000            8477        0.654005        0.305769        0.040226

MOVE_1:   700000          174555            7238          4.1465

ENER_1:   700000          0.0000          0.0000          0.0000          0.0000          0.0000          0.0000          0.0000          0.0000          0.0000          0.0000

STAT_1:   700000             659        0.000000        0.000000        1.000000

Steps/sec. : 2461.742488
MOVE_0:   800000          186675           79990         42.8499          0.0000           53313               0          0.0000         15.0000          160134            2855          1.7829          200454            7831          3.9066

ENER_0:   800000      9999999999          0.0000          0.0000      9999999999     -57745.8276          0.0000          0.0000          0.0000          0.0000          0.0000

STAT_0:   800000            8466        0.654855        0.306166        0.038979

MOVE_1:   800000          199424            8161          4.0923

ENER_1:   800000          0.0000          0.0000          0.0000          0.0000          0.0000          0.0000          0.0000          0.0000          0.0000          0.0000

STAT_1:   800000             670        0.000000        0.000000        1.000000

Steps/sec. : 2477.649752
MOVE_0:   900000          210083           90086         42.8811          0.0000           59941               0          0.0000         15.0000          179927            3197          1.7768          225537            8839          3.9191

ENER_0:   900000      9999999999          0.0000          0.0000      9999999999     -57589.0583          0.0000          0.0000          0.0000          0.0000          0.0000

STAT_0:   900000            8463        0.655087        0.306274        0.038639

MOVE_1:   900000          224512            9166          4.0826

ENER_1:   900000          0.0000          0.0000          0.0000          0.0000          0.0000          0.0000          0.0000          0.0000          0.0000          0.0000

STAT_1:   900000             673        0.000000        0.000000        1.000000

Steps/sec. : 2460.265169
MOVE_0:  1000000          233315          100216         42.9531          0.0000           66468               0          0.0000         15.0000          200004            3533          1.7665          250585            9870          3.9388

ENER_0:  1000000      9999999999          0.0000          0.0000      9999999999     -56911.8988          0.0000          0.0000          0.0000          0.0000          0.0000

STAT_0:  1000000            8450        0.656095        0.306746        0.037160

MOVE_1:  1000000          249628           10184          4.0797

ENER_1:  1000000          0.0000          0.0000          0.0000          0.0000          0.0000          0.0000          0.0000          0.0000          0.0000          0.0000

STAT_1:  1000000             686        0.000000        0.000000        1.000000

Simulation Time (total): 415.051379 sec.
Info: GOMC Version 2.20
Info: Completed at: Mon Nov 27 20:20:25 2017
Info: On hostname: potoff39.eng.wayne.edu
