Info: GOMC Version 2.31
Info: Start Time: Tue Feb 26 15:38:12 2019
Info: Host Name: potoff39.eng.wayne.edu
CPU information:
Info: Total number of CPUs: 4
Info: Total number of CPUs available: 4
Info: Model name: Intel(R) Core(TM) i5-2500K CPU @ 3.30GHz
Info: System name: Linux
Info: Release: 3.10.0-514.26.1.el7.x86_64
Info: Version: #1 SMP Wed Jun 28 15:10:01 CDT 2017
Info: Kernel Architecture: x86_64
Info: Total Ram: 7806.1MB
Info: Used Ram: 6009.8MB
Info: Working in the current directory: /home4/soroush/Desktop/validation/GOMC_Examples/NVT_GEMC/pure_fluid/benzene_490_00_K
Info: GOMC COMPILED TO RUN GIBBS ENSEMBLE.
Info: Number of threads                  1 

Reading Input File:                      in.conf
Info: Random seed                        Active 
Info: PARAMETER file                     MIE format! 
Info: Running NVT_GEMC
Info: Input Temperature                  490.0000 K
Info: Non-truncated potential            Active 
Info: Long Range Correction              Active 
Info: Cutoff                             10.0000 A
Info: Exclude                            ONE-FOUR 
Info: Pressure calculation frequency     1000 
Info: Total number of steps              1000000 
Info: Number of equilibration steps      500000 
Info: Move adjustment frequency          1000 
Info: Displacement move frequency        0.5000 
Info: Rotation move frequency            0.3900 
Info: Volume move frequency              0.0100 
Info: Molecule swap move frequency       0.1000 
Info: Regrowth move frequency            0.0000 
Info: Crank-Shaft move frequency         0.0000 
Info: CBMC First atom trials             10   
Info: CBMC Secondary atom trials         8    
Info: CBMC Angle trials                  1    
Info: CBMC Dihedral trials               1    
Info: Output name                        BEN_490_K 
Info: Coordinate frequency               1000000 
Info: Restart frequency                  1000000 
Info: Console output frequency           100000 
Info: Average output frequency           100000 
Default: Intra-Swap move frequency       0.0000 
Default: Intra-MEMC move frequency       0.0000 
Default: MEMC move frequency             0.0000 
Default: Short Range Cutoff              0.0000 
Warning: 1-4 Electrostatic scaling set, but will be ignored.
Finished Reading Input File:             in.conf

Reading from EXOTIC-Style parameter file:  	../../../common/Par_TraPPE_CyclicAlkanes_Exotic.inp
Reading BONDS parameters.
Reading ANGLES parameters.
Reading DIHEDRALS parameters.
Reading NONBONDED_MIE parameters.
Finished reading EXOTIC-Style parameter file:  	../../../common/Par_TraPPE_CyclicAlkanes_Exotic.inp
Reading from box 0 PDB coordinate file:  	./STEP3_BEN_liq_BOX_0.pdb
Finished reading box 0 PDB coordinate file:  	./STEP3_BEN_liq_BOX_0.pdb
Reading from box 1 PDB coordinate file:  	./STEP3_BEN_vap_BOX_1.pdb
Finished reading box 1 PDB coordinate file:  	./STEP3_BEN_vap_BOX_1.pdb
Random number seed: 2273186292

Molecules in PSF:
Molecule Kind: BEN
Idx	name	type	charge	mass
0	C1	CH1	0.0000	13.1860
1	C2	CH1	0.0000	13.1860
2	C3	CH1	0.0000	13.1860
3	C4	CH1	0.0000	13.1860
4	C5	CH1	0.0000	13.1860
5	C6	CH1	0.0000	13.1860

Bonds:
[0 1] [0 5] [1 2] [2 3] [3 4] [4 5] 

Angles:
[0 5 4] [0 1 2] [1 2 3] [1 0 5] [2 3 4] [3 4 5] 

Dihedrals:
[0 5 4 3] [0 1 2 3] [1 2 3 4] [1 0 5 4] [2 3 4 5] 
[2 1 0 5] 

Bonds parameter:
Atom Types                             Kb(K)           b0(A) 
CH1	CH1	                         FIX           1.4000 

Angles parameter:
Atom Types                         Ktheta(K)         theta0(degree) 
CH1	CH1	CH1	                 FIX         120.0000 

Dihedrals parameter:
Atom Types                           Kchi(K)    n    delta(degree) 
CH1	CH1	CH1	CH1	      0.0000    0      0.0000 

NonBonded 1-4 parameters:
Type1  Type2             Epsilon(K)    Sigma(A)       N 
CH1    CH1                  50.5000      3.6950   12.00 

NonBonded parameters:
Type1  Type2             Epsilon(K)    Sigma(A)       N 
CH1    CH1                  50.5000      3.6950   12.00 

Info: Box  0:  Periodic Cell Basis 1     51.000   0.000   0.000 
Info: Box  0:  Periodic Cell Basis 2      0.000  51.000   0.000 
Info: Box  0:  Periodic Cell Basis 3      0.000   0.000  51.000 

Info: Box  1:  Periodic Cell Basis 1     45.000   0.000   0.000 
Info: Box  1:  Periodic Cell Basis 2      0.000  45.000   0.000 
Info: Box  1:  Periodic Cell Basis 3      0.000   0.000  45.000 

Minimum coordinates in box 0: x =   -0.838, y =   -1.053, z =   -1.004
Maximum coordinates in box 0: x =   52.268, y =   52.205, z =   51.980
Wrapping molecules inside the simulation box 0:
Minimum coordinates in box 1: x =   -0.689, y =   -1.095, z =   -0.800
Maximum coordinates in box 1: x =   44.717, y =   45.887, z =   45.883
Wrapping molecules inside the simulation box 1:

################################################################################
########################## INITIAL SIMULATION ENERGY ###########################

ETITLE:     STEP           TOTAL        INTRA(B)       INTRA(NB)       INTER(LJ)             LRC     TOTAL_ELECT            REAL           RECIP            SELF            CORR

ENER_0:        0     -5.7938e+05      0.0000e+00      0.0000e+00     -5.3266e+05     -4.6713e+04      0.0000e+00      0.0000e+00      0.0000e+00      0.0000e+00     -0.0000e+00

ENER_1:        0     -5.6774e+04      0.0000e+00      0.0000e+00     -5.2524e+04     -4.2500e+03      0.0000e+00      0.0000e+00      0.0000e+00      0.0000e+00     -0.0000e+00

STITLE:     STEP          VOLUME        PRESSURE        TOTALMOL     TOT_DENSITY

STAT_0:        0      1.3265e+05     -3.1563e+01             400      3.9615e+02

STAT_1:        0      9.1125e+04      5.4416e+01             100      1.4417e+02

################################################################################
############################# STARTING SIMULATION ##############################

MTITLE:     STEP          DISTRY       DISACCEPT      DISACCEPT%          DISMAX          ROTATE       ROTACCEPT      ROTACCEPT%          ROTMAX        TRANSFER      TRANACCEPT     TRANACCEPT%          VOLUME       VOLACCEPT      VOLACCEPT%          VOLMAX

ETITLE:     STEP           TOTAL        INTRA(B)       INTRA(NB)       INTER(LJ)             LRC     TOTAL_ELECT            REAL           RECIP            SELF            CORR

STITLE:     STEP          VOLUME        PRESSURE        TOTALMOL     TOT_DENSITY

Printed combined psf to file BEN_490_K_merged.psf
MOVE_0:   100000           24990           12462      4.9868e+01      6.5676e-01           19696           10027      5.0909e+01      1.7421e+00            4969            1117      2.2479e+01             965             532      5.5130e+01      1.9679e+03

ENER_0:   100000     -9.2352e+05      0.0000e+00      0.0000e+00     -8.4670e+05     -7.6827e+04      0.0000e+00      0.0000e+00      0.0000e+00      0.0000e+00      0.0000e+00

STAT_0:   100000      1.1136e+05     -1.8215e+01             470      5.5450e+02

PRES_0:   100000     -9.2187e+01     -1.3759e+02     -1.1044e+02

MOVE_1:   100000           25007           14611      5.8428e+01      2.4132e+01           19347           17392      8.9895e+01      3.1416e+00            5026            1047      2.0832e+01             965             532      5.5130e+01      1.9679e+03

ENER_1:   100000     -4.5134e+03      0.0000e+00      0.0000e+00     -4.2034e+03     -3.1005e+02      0.0000e+00      0.0000e+00      0.0000e+00      0.0000e+00      0.0000e+00

STAT_1:   100000      1.1242e+05      1.1455e+01              30      3.5058e+01

PRES_1:   100000     -4.8774e+00     -6.5503e+00     -6.0838e+00

Steps/sec: 1374.341, Simulation ends in:   0 d:   0 h:  11 m 

MOVE_0:   200000           49957           24967      4.9977e+01      5.9883e-01           39314           19872      5.0547e+01      1.8007e+00            9889            2007      2.0295e+01            1949            1060      5.4387e+01      3.1720e+03

ENER_0:   200000     -9.5039e+05      0.0000e+00      0.0000e+00     -8.6980e+05     -8.0583e+04      0.0000e+00      0.0000e+00      0.0000e+00      0.0000e+00      0.0000e+00

STAT_0:   200000      1.0125e+05      1.3107e+02             459      5.9554e+02

PRES_0:   200000     -8.9532e+01      1.0977e+02      1.1167e+02

MOVE_1:   200000           50017           29331      5.8642e+01      2.4834e+01           38804           35072      9.0382e+01      3.1416e+00           10070            1948      1.9345e+01            1949            1060      5.4387e+01      3.1720e+03

ENER_1:   200000     -1.1194e+04      0.0000e+00      0.0000e+00     -1.0663e+04     -5.3135e+02      0.0000e+00      0.0000e+00      0.0000e+00      0.0000e+00      0.0000e+00

STAT_1:   200000      1.2252e+05      1.1884e+01              41      4.3963e+01

PRES_1:   200000     -1.1898e+01     -8.6078e+00     -8.1685e+00

Steps/sec: 1293.299, Simulation ends in:   0 d:   0 h:  10 m 

MOVE_0:   300000           74797           37408      5.0013e+01      5.4606e-01           59070           29770      5.0398e+01      1.6749e+00           14911            2759      1.8503e+01            2972            1610      5.4172e+01      1.1670e+03

ENER_0:   300000     -9.9772e+05      0.0000e+00      0.0000e+00     -9.1138e+05     -8.6344e+04      0.0000e+00      0.0000e+00      0.0000e+00      0.0000e+00      0.0000e+00

STAT_0:   300000      9.9082e+04      2.1344e+02             470      6.2319e+02

PRES_0:   300000      1.7381e+01      2.4493e+02      1.3655e+02

MOVE_1:   300000           74900           44438      5.9330e+01      2.4980e+01           58323           52844      9.0606e+01      3.1416e+00           15027            2689      1.7894e+01            2972            1610      5.4172e+01      1.1670e+03

ENER_1:   300000     -4.5921e+03      0.0000e+00      0.0000e+00     -4.3126e+03     -2.7953e+02      0.0000e+00      0.0000e+00      0.0000e+00      0.0000e+00      0.0000e+00

STAT_1:   300000      1.2469e+05      1.2718e+01              30      3.1607e+01

PRES_1:   300000     -1.9773e+00     -5.4466e+00     -1.3945e+00

Steps/sec: 1249.968, Simulation ends in:   0 d:   0 h:   9 m 

MOVE_0:   400000           99568           49818      5.0034e+01      5.2276e-01           78817           39676      5.0339e+01      1.6023e+00           19878            3397      1.7089e+01            4011            2180      5.4351e+01      1.3766e+03

ENER_0:   400000     -1.0121e+06      0.0000e+00      0.0000e+00     -9.2549e+05     -8.6648e+04      0.0000e+00      0.0000e+00      0.0000e+00      0.0000e+00      0.0000e+00

STAT_0:   400000      9.2126e+04      3.1168e+02             454      6.4742e+02

PRES_0:   400000      2.1242e+02      2.6881e+02      2.3213e+02

MOVE_1:   400000           99879           58531      5.8602e+01      1.7692e+01           77820           70501      9.0595e+01      3.1416e+00           20027            3343      1.6692e+01            4011            2180      5.4351e+01      1.3766e+03

ENER_1:   400000     -1.3158e+04      0.0000e+00      0.0000e+00     -1.2536e+04     -6.2248e+02      0.0000e+00      0.0000e+00      0.0000e+00      0.0000e+00      0.0000e+00

STAT_1:   400000      1.3165e+05      1.8975e+01              46      4.5904e+01

PRES_1:   400000     -4.0532e+00      6.3557e-01     -6.6601e+00

Steps/sec: 1254.125, Simulation ends in:   0 d:   0 h:   8 m 

MOVE_0:   500000          124584           62366      5.0059e+01      5.0692e-01           98318           49452      5.0298e+01      1.5018e+00           24798            3981      1.6054e+01            5050            2734      5.4139e+01      1.4643e+03

ENER_0:   500000     -9.7963e+05      0.0000e+00      0.0000e+00     -8.9644e+05     -8.3193e+04      0.0000e+00      0.0000e+00      0.0000e+00      0.0000e+00      0.0000e+00

STAT_0:   500000      9.7224e+04     -5.3535e+01             457      6.1752e+02

PRES_0:   500000     -1.6392e+02     -1.7395e+02     -6.8486e+01

MOVE_1:   500000          124904           72719      5.8220e+01      2.5103e+01           97424           88234      9.0567e+01      3.1416e+00           24922            3924      1.5745e+01            5050            2734      5.4139e+01      1.4643e+03

ENER_1:   500000     -1.0444e+04      0.0000e+00      0.0000e+00     -9.8785e+03     -5.6585e+02      0.0000e+00      0.0000e+00      0.0000e+00      0.0000e+00      0.0000e+00

STAT_1:   500000      1.2655e+05      1.1966e+01              43      4.4639e+01

PRES_1:   500000     -7.3646e+00     -1.3815e+01     -8.1814e+00

Steps/sec: 1244.528, Simulation ends in:   0 d:   0 h:   7 m 

MOVE_0:   600000          149996           75134      5.0091e+01      5.8536e-01          117974           59332      5.0292e+01      1.6116e+00           29744            4536      1.5250e+01            6043            3261      5.3963e+01      8.6350e+02

ENER_0:   600000     -1.0221e+06      0.0000e+00      0.0000e+00     -9.3589e+05     -8.6161e+04      0.0000e+00      0.0000e+00      0.0000e+00      0.0000e+00      0.0000e+00

STAT_0:   600000      9.3055e+04     -3.9063e+01             455      6.4237e+02

PRES_0:   600000     -1.4067e+02     -2.0388e+02      1.3621e+00

MOVE_1:   600000          149774           86102      5.7488e+01      2.4849e+01          116648          105332      9.0299e+01      3.1416e+00           29821            4481      1.5026e+01            6043            3261      5.3963e+01      8.6350e+02

ENER_1:   600000     -1.0132e+04      0.0000e+00      0.0000e+00     -9.5324e+03     -5.9994e+02      0.0000e+00      0.0000e+00      0.0000e+00      0.0000e+00      0.0000e+00

STAT_1:   600000      1.3072e+05      1.7419e+01              45      4.5225e+01

PRES_1:   600000     -6.8346e+00     -1.0245e+01      3.2689e+00

Steps/sec: 1287.159, Simulation ends in:   0 d:   0 h:   6 m 

MOVE_0:   700000          174800           87579      5.0102e+01      5.4324e-01          137453           69101      5.0272e+01      1.5326e+00           34709            5033      1.4501e+01            7056            3818      5.4110e+01      2.1491e+03

ENER_0:   700000     -9.5682e+05      0.0000e+00      0.0000e+00     -8.7541e+05     -8.1413e+04      0.0000e+00      0.0000e+00      0.0000e+00      0.0000e+00      0.0000e+00

STAT_0:   700000      8.9190e+04     -5.0189e+00             433      6.3780e+02

PRES_0:   700000     -1.4468e+02      1.8431e+01     -1.1860e+02

MOVE_1:   700000          174910           99271      5.6755e+01      1.0484e+01          136224          122606      9.0003e+01      3.1416e+00           34848            5000      1.4348e+01            7056            3818      5.4110e+01      2.1491e+03

ENER_1:   700000     -2.0970e+04      0.0000e+00      0.0000e+00     -1.9678e+04     -1.2918e+03      0.0000e+00      0.0000e+00      0.0000e+00      0.0000e+00      0.0000e+00

STAT_1:   700000      1.3459e+05      4.6552e+01              67      6.5401e+01

PRES_1:   700000      1.4433e+01      3.0594e+01      1.5366e+00

Steps/sec: 1274.209, Simulation ends in:   0 d:   0 h:   4 m 

MOVE_0:   800000          199858          100151      5.0111e+01      5.8469e-01          157040           78942      5.0269e+01      1.8612e+00           39768            5533      1.3913e+01            8102            4386      5.4135e+01      1.1248e+03

ENER_0:   800000     -9.5494e+05      0.0000e+00      0.0000e+00     -8.7254e+05     -8.2397e+04      0.0000e+00      0.0000e+00      0.0000e+00      0.0000e+00      0.0000e+00

STAT_0:   800000      9.5180e+04      4.4171e+01             450      6.2113e+02

PRES_0:   800000      1.3920e+01      2.7958e+01     -1.5239e+02

MOVE_1:   800000          199525          112090      5.6178e+01      1.8935e+01          155835          139804      8.9713e+01      3.1416e+00           39872            5483      1.3752e+01            8102            4386      5.4135e+01      1.1248e+03

ENER_1:   800000     -1.3059e+04      0.0000e+00      0.0000e+00     -1.2306e+04     -7.5291e+02      0.0000e+00      0.0000e+00      0.0000e+00      0.0000e+00      0.0000e+00

STAT_1:   800000      1.2860e+05      1.4066e+01              50      5.1080e+01

PRES_1:   800000     -9.7866e+00     -1.0711e+01     -1.1371e+01

Steps/sec: 1264.846, Simulation ends in:   0 d:   0 h:   3 m 

MOVE_0:   900000          225059          112783      5.0113e+01      5.6309e-01          176559           88718      5.0248e+01      1.5332e+00           44826            6132      1.3680e+01            9109            4943      5.4265e+01      7.9305e+02

ENER_0:   900000     -9.4596e+05      0.0000e+00      0.0000e+00     -8.6556e+05     -8.0395e+04      0.0000e+00      0.0000e+00      0.0000e+00      0.0000e+00      0.0000e+00

STAT_0:   900000      9.7983e+04     -1.3889e+02             451      6.0470e+02

PRES_0:   900000     -3.3875e+02     -3.0477e+02     -2.8197e+01

MOVE_1:   900000          224381          125996      5.6153e+01      2.5053e+01          175305          157375      8.9772e+01      3.1416e+00           44761            6081      1.3585e+01            9109            4943      5.4265e+01      7.9305e+02

ENER_1:   900000     -1.1059e+04      0.0000e+00      0.0000e+00     -1.0320e+04     -7.3921e+02      0.0000e+00      0.0000e+00      0.0000e+00      0.0000e+00      0.0000e+00

STAT_1:   900000      1.2579e+05      2.7564e+01              49      5.1175e+01

PRES_1:   900000     -8.6327e+00      1.4873e+00      1.5644e+01

Steps/sec: 1277.845, Simulation ends in:   0 d:   0 h:   2 m 

MOVE_0:  1000000          250121          125387      5.0131e+01      6.0738e-01          195864           98414      5.0246e+01      1.6087e+00           49828            6691      1.3428e+01           10119            5485      5.4205e+01      8.7898e+02

ENER_0:  1000000     -9.6297e+05      0.0000e+00      0.0000e+00     -8.8050e+05     -8.2472e+04      0.0000e+00      0.0000e+00      0.0000e+00      0.0000e+00      0.0000e+00

STAT_0:  1000000      9.4250e+04      4.2388e+00             448      6.2447e+02

PRES_0:  1000000     -1.1463e+02      2.0642e+01     -1.3376e+02

MOVE_1:  1000000          249510          139701      5.5990e+01      2.3490e+01          194776          174775      8.9731e+01      3.1416e+00           49782            6643      1.3344e+01           10119            5485      5.4205e+01      8.7898e+02

ENER_1:  1000000     -1.5771e+04      0.0000e+00      0.0000e+00     -1.4962e+04     -8.0850e+02      0.0000e+00      0.0000e+00      0.0000e+00      0.0000e+00      0.0000e+00

STAT_1:  1000000      1.2953e+05      1.6785e+01              52      5.2742e+01

PRES_1:  1000000     -1.5521e+01     -1.1620e+01      1.1836e+00

Simulation Time (total): 7.8294e+02 sec.

Move Type                Mol. Kind      BOX_0      BOX_1      
% Accepted Displacement        BEN     50.13054   55.99014 
% Accepted Rotation            BEN     50.24609   89.73128 
% Accepted Volume-Transfer             54.20496   54.20496 
% Accepted Mol-Transfer        BEN     13.42819   13.34418 

Displacement:                           89.3738    sec.
Rotation:                               70.3390    sec.
Intra-Swap:                              0.0000    sec.
Regrowth:                                0.0000    sec.
Intra-MEMC:                              0.0000    sec.
Crank-Shaft:                             0.0000    sec.
Mol-Transfer:                           88.9819    sec.
MEMC:                                    0.0000    sec.
Vol-Transfer:                          483.1834    sec.

Info: GOMC Version 2.31
Info: Completed at: Tue Feb 26 15:51:15 2019
Info: On hostname: potoff39.eng.wayne.edu
