Info: GOMC Version 2.20
Info: Start Time: Wed May  2 18:59:43 2018
Info: Host Name: wsu13.grid.wayne.edu
CPU information:
Info: Total number of CPUs: 12
Info: Total number of CPUs available: 12
Info: Model name: AMD Opteron(tm) Processor 4332 HE              
Info: System name: Linux
Info: Release: 2.6.32-696.6.3.el6.x86_64
Info: Version: #1 SMP Wed Jul 12 14:17:22 UTC 2017
Info: Kernel Architecture: x86_64
Info: Total Ram: 32231.1MB
Info: Used Ram: 22836.9MB
Info: Working in the current directory: /wsu/home/fe/fe18/fe1855/testing/TestingSuite/Github/serial/GOMC_Examples/NVT_GEMC/binary_mixture/isobutane_and_neopentane_T_360_00_K/x_0.500
Info: GOMC COMPILED TO RUN GIBBS ENSEMBLE.
Info: Number of threads                  1 

Reading Input File:                      in.conf
Info: Constant seed                      Active 
Info: PARAMETER file: CHARMM format!
Info: Running NVT_GEMC
Info: Input Temperature                  360.0000 K
Info: Non-truncated potential            Active 
Info: Long Range Correction              Active 
Info: Cutoff                             10.0000 A
Info: Exclude                            ONE-FOUR 
Warning: Modified 1-4 VDW parameters will be ignored!
Info: Pressure calculation frequency     1000 
Info: Total number of steps              1000000 
Info: Number of equilibration steps      500000 
Info: Move adjustment frequency          1000 
Info: Displacement move frequency        0.6900 
Info: Rotation move frequency            0.1000 
Info: Volume move frequency              0.0100 
Info: Molecule swap move frequency       0.2000 
Info: Output name                        isobutane_neopentane_NVT_360_00_K 
Info: Coordinate frequency               100000 
Info: Restart frequency                  1000000 
Info: Console output frequency           100000 
Info: Average output frequency           100000
Default: Intra-Swap move frequency       0.0000 
Default: Regrowth move frequency         0.0000 
Default: Short Range Cutoff              0.0000 
Warning: 1-4 Electrostatic scaling set, but will be ignored.
Finished Reading Input File:             in.conf

Reading from CHARMM-Style parameter file:  	../../../../common/Par_TraPPE_Alkanes_CHARMM.inp
Reading BONDS parameters.
Reading ANGLES parameters.
Reading DIHEDRALS parameters.
Reading NONBONDED parameters.
Finished reading CHARMM-Style parameter file:  	../../../../common/Par_TraPPE_Alkanes_CHARMM.inp
Reading from box 0 PDB coordinate file:  	STEP3_START_ISB_NEO_sys_BOX_0.pdb
Finished reading box 0 PDB coordinate file:  	STEP3_START_ISB_NEO_sys_BOX_0.pdb
Reading from box 1 PDB coordinate file:  	STEP3_START_ISB_NEO_sys_BOX_1.pdb
Finished reading box 1 PDB coordinate file:  	STEP3_START_ISB_NEO_sys_BOX_1.pdb
Random number seed: 50

Molecules in PSF:
Molecule Kind: ISB
Idx	name	type	charge	mass
0	C1	CH1	0.0000	13.0190
1	C2	CH3	0.0000	15.0350
2	C3	CH3	0.0000	15.0350
3	C4	CH3	0.0000	15.0350

Bonds:
[0 1] [0 2] [0 3] 

Angles:
[1 0 3] [1 0 2] [2 0 3] 

Dihedrals:

Molecule Kind: NEO
Idx	name	type	charge	mass
0	C1	CT	0.0000	12.0110
1	C2	CH3	0.0000	15.0350
2	C3	CH3	0.0000	15.0350
3	C4	CH3	0.0000	15.0350
4	C5	CH3	0.0000	15.0350

Bonds:
[0 1] [0 2] [0 3] [0 4] 

Angles:
[1 0 4] [1 0 3] [1 0 2] [2 0 4] [2 0 3] [3 0 4] 

Dihedrals:

Bonds parameter:
Atom Types                    Kb(K)                b0(A) 
CH1  CH3                        FIX               1.5400 

CT  CH3                         FIX               1.5400 

Angles parameter:
Atom Types                Ktheta(K)       theta0(degree) 
CH3  CH1  CH3          31250.002516             112.0000 

CH3  CT  CH3           31250.002516             109.4700 

Dihedrals parameter:
Atom Types                  Kchi(K)    n   delta(degree) 

NonBonded 1-4 parameters:
Type1  Type2             Epsilon(K)    Sigma(A)       N 
CH1    CH1                  10.0000      4.6800   12.00 
CH1    CH3                  31.3050      4.2150   12.00 
CH1    CT                    2.2361      5.5400   12.00 
CH3    CH3                  98.0000      3.7500   12.00 
CH3    CT                    7.0000      5.0750   12.00 
CT     CT                    0.5000      6.4000   12.00 

NonBonded parameters:
Type1  Type2             Epsilon(K)    Sigma(A)       N 
CH1    CH1                  10.0000      4.6800   12.00 
CH1    CH3                  31.3050      4.2150   12.00 
CH1    CT                    2.2361      5.5400   12.00 
CH3    CH3                  98.0000      3.7500   12.00 
CH3    CT                    7.0000      5.0750   12.00 
CT     CT                    0.5000      6.4000   12.00 

Info: Box  0:  Periodic Cell Basis 1     69.300   0.000   0.000 
Info: Box  0:  Periodic Cell Basis 2      0.000  69.300   0.000 
Info: Box  0:  Periodic Cell Basis 3      0.000   0.000  69.300 

Info: Box  1:  Periodic Cell Basis 1     74.300   0.000   0.000 
Info: Box  1:  Periodic Cell Basis 2      0.000  74.300   0.000 
Info: Box  1:  Periodic Cell Basis 3      0.000   0.000  74.300 

Minimum coordinates in box 0: x =    1.011, y =    1.043, z =    1.010
Maximum coordinates in box 0: x =   66.698, y =   66.977, z =   66.999
Wrapping molecules inside the simulation box 0:
Minimum coordinates in box 1: x =    1.000, y =    1.076, z =    1.269
Maximum coordinates in box 1: x =   71.937, y =   72.000, z =   71.999
Wrapping molecules inside the simulation box 1:

################################################################################
########################## INITIAL SIMULATION ENERGY ###########################

ETITLE:     STEP           TOTAL        INTRA(B)       INTRA(NB)       INTER(LJ)             LRC     TOTAL_ELECT            REAL           RECIP            SELF            CORR

ENER_0:        0   13948327.3067      45654.5668          0.0000   13930559.9077     -27887.1678          0.0000          0.0000          0.0000          0.0000         -0.0000

ENER_1:        0     -50964.1052      45617.9658          0.0000     -73954.5137     -22627.5572          0.0000          0.0000          0.0000          0.0000         -0.0000

STITLE:     STEP          VOLUME        PRESSURE        TOTALMOL     MOLFRAC_ISB     MOLFRAC_NEO     TOT_DENSITY

STAT_0:        0     332812.5570      34114.4265             500        0.500000        0.500000        162.4989

STAT_1:        0     410172.4070        492.5894             500        0.500000        0.500000        131.8511

################################################################################
############################# STARTING SIMULATION ##############################

MTITLE:     STEP          DISTRY       DISACCEPT      DISACCEPT%          DISMAX          ROTATE       ROTACCEPT      ROTACCEPT%          ROTMAX       INTRASWAP       INTACCEPT      INTACCEPT%        REGROWTH    REGROWACCEPT   REGROWACCEPT%        TRANSFER      TRANACCEPT     TRANACCEPT%          VOLUME       VOLACCEPT      VOLACCEPT%          VOLMAX

ETITLE:     STEP           TOTAL        INTRA(B)       INTRA(NB)       INTER(LJ)             LRC     TOTAL_ELECT            REAL           RECIP            SELF            CORR

STITLE:     STEP          VOLUME        PRESSURE        TOTALMOL     MOLFRAC_ISB     MOLFRAC_NEO     TOT_DENSITY

Printed combined psf to file isobutane_neopentane_NVT_360_00_K_merged.psf
MOVE_0:   100000           34307           16742         48.8005          0.8283            4938            3479         70.4536          3.1416               0               0          0.0000               0               0          0.0000           10136            2825         27.8710             989             545         55.1062       3936.9378

ENER_0:   100000    -243180.8671     473084.5621          0.0000    -648739.9430     -67525.4862          0.0000          0.0000          0.0000          0.0000          0.0000

STAT_0:   100000     253694.7257         12.4561             679        0.497791        0.502209        289.6311

PRES_0:   100000        -70.8959        -45.7430        -24.9468

MOVE_1:   100000           34532           17052         49.3803          2.5758            5028            3897         77.5060          3.1416               0               0          0.0000               0               0          0.0000           10070            3004         29.8312             989             545         55.1062       3936.9378

ENER_1:   100000      97131.2689     210390.1018          0.0000    -105454.9132      -7803.9197          0.0000          0.0000          0.0000          0.0000          0.0000

STAT_1:   100000     489290.2383         23.1516             321        0.504673        0.495327         70.8894

PRES_1:   100000         -6.6427         -9.2266          0.6908

Steps/sec. : 1426.2009
MOVE_0:   200000           68851           34018         49.4081          0.7211            9815            6097         62.1192          2.6456               0               0          0.0000               0               0          0.0000           20079            4846         24.1347            2045            1107         54.1320       2369.3691

ENER_0:   200000    -555720.2789     615913.4772          0.0000   -1055517.4114    -116116.3447          0.0000          0.0000          0.0000          0.0000          0.0000

STAT_0:   200000     234117.0878         37.6099             852        0.477700        0.522300        395.5190

PRES_0:   200000          7.1743        -24.7272         -2.0746

MOVE_1:   200000           69297           35986         51.9301         39.9183           10035            8356         83.2686          3.1416               0               0          0.0000               0               0          0.0000           19878            5198         26.1495            2045            1107         54.1320       2369.3691

ENER_1:   200000      88572.3528     108590.9646          0.0000     -18499.8926      -1518.7192          0.0000          0.0000          0.0000          0.0000          0.0000

STAT_1:   200000     508867.8762         14.3713             148        0.628378        0.371622         30.5887

PRES_1:   200000          2.2031         -2.6723          2.6844

Steps/sec. : 970.3786
MOVE_0:   300000          103341           51269         49.6115          0.5914           14779            8607         58.2380          2.0001               0               0          0.0000               0               0          0.0000           29952            6461         21.5712            3022            1641         54.3018       3535.6943

ENER_0:   300000    -669908.2287     638080.8068          0.0000   -1178470.4581    -129518.5773          0.0000          0.0000          0.0000          0.0000          0.0000

STAT_0:   300000     213952.1581        -30.6080             862        0.488399        0.511601        436.8722

PRES_0:   300000       -114.1405        -88.3623         10.5775

MOVE_1:   300000          103882           57457         55.3099         40.4387           15142           13127         86.6926          3.1416               0               0          0.0000               0               0          0.0000           29882            6823         22.8331            3022            1641         54.3018       3535.6943

ENER_1:   300000      72924.1081      90848.7963          0.0000     -16625.9202      -1298.7680          0.0000          0.0000          0.0000          0.0000          0.0000

STAT_1:   300000     529032.8059         15.4408             138        0.572464        0.427536         27.7745

PRES_1:   300000          3.0801          5.7293          0.6477

Steps/sec. : 905.0561
MOVE_0:   400000          137809           68553         49.7449          0.6137           19881           11177         56.2195          1.5020               0               0          0.0000               0               0          0.0000           39880            7844         19.6690            3969            2135         53.7919       1875.4374

ENER_0:   400000    -698653.9201     602631.0233          0.0000   -1170822.6945    -130462.2489          0.0000          0.0000          0.0000          0.0000          0.0000

STAT_0:   400000     202590.3689         -7.0990             842        0.489311        0.510689        450.5801

PRES_0:   400000        -71.6434          0.8411        -37.6368

MOVE_1:   400000          138308           78036         56.4219         40.7262           20170           17790         88.2003          3.1416               0               0          0.0000               0               0          0.0000           39983            8186         20.4737            3969            2135         53.7919       1875.4374

ENER_1:   400000      92468.0596     113918.1916          0.0000     -19773.1497      -1676.9824          0.0000          0.0000          0.0000          0.0000          0.0000

STAT_1:   400000     540394.5951         14.8355             158        0.556962        0.443038         31.2368

PRES_1:   400000          3.2828          3.0191         -2.8253

Steps/sec. : 655.4835
MOVE_0:   500000          172230           85784         49.8078          0.5445           24960           13762         55.1362          2.8454               0               0          0.0000               0               0          0.0000           49758            9075         18.2383            4992            2686         53.8061       2478.1194

ENER_0:   500000    -701988.9299     622366.9221          0.0000   -1190817.1114    -133538.7406          0.0000          0.0000          0.0000          0.0000          0.0000

STAT_0:   500000     202101.2627         82.8191             849        0.478210        0.521790        456.5118

PRES_0:   500000        104.8226         -9.9181         73.6208

MOVE_1:   500000          173029           99508         57.5094         40.7385           25224           22485         89.1413          3.1416               0               0          0.0000               0               0          0.0000           49807            9424         18.9210            4992            2686         53.8061       2478.1194

ENER_1:   500000      90411.8994     108409.9154          0.0000     -16507.1769      -1490.8390          0.0000          0.0000          0.0000          0.0000          0.0000

STAT_1:   500000     540883.7013         10.0688             151        0.622517        0.377483         29.3996

PRES_1:   500000         -4.1506         -3.2673         -1.7233

Steps/sec. : 607.8583
MOVE_0:   600000          206736          103097         49.8689          0.5826           29939           16290         54.4106          2.4473               0               0          0.0000               0               0          0.0000           59731           10322         17.2808            5974            3193         53.4483       3930.6846

ENER_0:   600000    -776853.7426     595115.5885          0.0000   -1234489.7343    -137479.5968          0.0000          0.0000          0.0000          0.0000          0.0000

STAT_0:   600000     196633.4404         96.7495             850        0.480000        0.520000        469.5785

PRES_0:   600000         28.1694        105.9280         89.8137

MOVE_1:   600000          207542          119525         57.5908         40.8753           30309           27217         89.7984          3.1416               0               0          0.0000               0               0          0.0000           59769           10672         17.8554            5974            3193         53.4483       3930.6846

ENER_1:   600000      77794.0665      97726.9779          0.0000     -18471.1070      -1461.8044          0.0000          0.0000          0.0000          0.0000          0.0000

STAT_1:   600000     546351.5236         12.7294             150        0.613333        0.386667         28.9713

PRES_1:   600000          0.6723         -1.4512          0.2422

Steps/sec. : 736.5764
MOVE_0:   700000          241489          120509         49.9025          0.5809           35055           18851         53.7755          1.3685               0               0          0.0000               0               0          0.0000           69555           11443         16.4517            6925            3699         53.4152       2564.2620

ENER_0:   700000    -717079.3396     589533.1970          0.0000   -1176233.1902    -130379.3465          0.0000          0.0000          0.0000          0.0000          0.0000

STAT_0:   700000     192468.9669          1.0837             820        0.486585        0.513415        462.1534

PRES_0:   700000        -55.3838         31.6394        -48.0427

MOVE_1:   700000          241858          139149         57.5333         40.9789           35371           31862         90.0794          3.1416               0               0          0.0000               0               0          0.0000           69747           11763         16.8652            6925            3699         53.4152       2564.2620

ENER_1:   700000     100159.4034     126415.6827          0.0000     -24123.2995      -2132.9798          0.0000          0.0000          0.0000          0.0000          0.0000

STAT_1:   700000     550515.9971         12.8759             180        0.561111        0.438889         34.9003

PRES_1:   700000         -1.5162         -3.4742         -1.9312

Steps/sec. : 750.5831
MOVE_0:   800000          275833          137699         49.9211          0.5357           40082           21399         53.3881          1.6889               0               0          0.0000               0               0          0.0000           79709           12473         15.6482            7880            4198         53.2741       5479.1333

ENER_0:   800000    -738207.6107     618342.9432          0.0000   -1221733.2427    -134817.3113          0.0000          0.0000          0.0000          0.0000          0.0000

STAT_0:   800000     191012.5652        -10.4724             831        0.488568        0.511432        471.7231

PRES_0:   800000        -84.6070        -19.7831          7.9918

MOVE_1:   800000          276416          158676         57.4048         41.0150           40419           36482         90.2595          3.1416               0               0          0.0000               0               0          0.0000           79661           12804         16.0731            7880            4198         53.2741       5479.1333

ENER_1:   800000      85955.3858     115553.4019          0.0000     -27719.0880      -1878.9280          0.0000          0.0000          0.0000          0.0000          0.0000

STAT_1:   800000     551972.3988         15.2967             169        0.556213        0.443787         32.7160

PRES_1:   800000         -3.7305          2.9300          3.8521

Steps/sec. : 762.1706
MOVE_0:   900000          310397          155035         49.9473          0.5687           44958           23872         53.0984          1.5495               0               0          0.0000               0               0          0.0000           89803           13555         15.0942            8872            4704         53.0207       3338.2968

ENER_0:   900000    -765546.5908     635946.2602          0.0000   -1262036.0857    -139456.7654          0.0000          0.0000          0.0000          0.0000          0.0000

STAT_0:   900000     197876.0888         68.4889             860        0.487209        0.512791        471.3896

PRES_0:   900000         97.0172          1.4458         41.8136

MOVE_1:   900000          310878          178062         57.2771         40.8443           45545           41173         90.4007          3.1416               0               0          0.0000               0               0          0.0000           89547           13915         15.5393            8872            4704         53.0207       3338.2968

ENER_1:   900000      79912.9168      97359.9433          0.0000     -16152.9056      -1294.1209          0.0000          0.0000          0.0000          0.0000          0.0000

STAT_1:   900000     545108.8752         14.5624             140        0.578571        0.421429         27.3095

PRES_1:   900000         -1.4428          4.7931          4.0046

Steps/sec. : 744.1090
MOVE_0:  1000000          344923          172361         49.9709          0.6147           50043           26455         52.8645          1.6812               0               0          0.0000               0               0          0.0000           99620           14775         14.8314            9934            5281         53.1609       2831.3492

ENER_0:  1000000    -687916.0894     604367.1022          0.0000   -1164445.8734    -127837.3182          0.0000          0.0000          0.0000          0.0000          0.0000

STAT_0:  1000000     193328.5639        112.0070             812        0.475369        0.524631        456.7070

PRES_0:  1000000          8.2696         87.4967        160.8423

MOVE_1:  1000000          345444          198107         57.3485         39.4642           50498           45733         90.5640          3.1416               0               0          0.0000               0               0          0.0000           99538           15087         15.1570            9934            5281         53.1609       2831.3492

ENER_1:  1000000      94630.1250     127625.9276          0.0000     -30706.9863      -2288.8163          0.0000          0.0000          0.0000          0.0000          0.0000

STAT_1:  1000000     549656.4001         16.7283             188        0.606383        0.393617         36.1478

PRES_1:  1000000          0.2965         -4.4472          6.7794

Simulation Time (total): 1278.8426 sec.
Displacement:                    112.5060 sec.
Rotation:                         16.4655 sec.
Intra-Swap:                        0.0000 sec.
Regrowth:                          0.0000 sec.
Molecule-Transfer:               270.2346 sec.
Volume-Transfer:                 790.6973 sec.
Info: GOMC Version 2.20
Info: Completed at: Wed May  2 19:21:02 2018
Info: On hostname: wsu13.grid.wayne.edu
