Info: GOMC Version 2.40
Info: Start Time: Fri May 17 16:37:01 2019
Info: Host Name: wsu158
CPU information:
Info: Total number of CPUs: 12
Info: Total number of CPUs available: 12
Info: Model name: AMD Opteron(tm) Processor 4332 HE
Info: System name: Linux
Info: Release: 3.10.0-957.5.1.el7.x86_64
Info: Version: #1 SMP Fri Feb 1 14:54:57 UTC 2019
Info: Kernel Architecture: x86_64
Info: Total Ram: 96496.2MB
Info: Used Ram: 6075.6MB
Info: Working in the current directory: /wsu/home/fe/fe18/fe1855/clone/GOMC_Examples/NPT_GEMC/binary_mixture/freeEnergy_alkane_hexadecane
Info: GOMC COMPILED TO RUN GIBBS ENSEMBLE.
Info: Number of threads                  4 

Reading Input File:                      in.conf
Info: Restart simulation                 Active 
Info: Random seed                        Active 
Info: PARAMETER file                     MIE format! 
Info: Running NPT_GEMC
Info: Input Pressure                     1.0132 bar
Info: Input Temperature                  298.0000 K
Info: Non-truncated potential            Active 
Info: Long Range Correction              Active 
Info: Cutoff                             10.0000 A
Info: Exclude                            ONE-FOUR 
Info: Ewald Summation Tolerance          1.000E-05 
Info: Pressure calculation               Inactive 
Info: Total number of steps              1000000 
Info: Number of equilibration steps      50000 
Info: Move adjustment frequency          5000 
Info: Displacement move frequency        0.2900 
Info: Rotation move frequency            0.1000 
Info: Volume move frequency              0.0100 
Info: Intra-Swap move frequency          0.0000 
Info: IntraMEMC-2 move frequency         0.0000 
Info: Regrowth move frequency            0.1000 
Info: Crank-Shaft move frequency         0.1000 
Info: Molecule swap move frequency       0.2000 
Info: MEMC-2 move frequency              0.2000 
Info: Exchange Sub-Volume Dimensions     1.000 1.000 1.000 A
Info: ExchangeRatio                      1    1    1    1    1    1    1    
Info: Exchange Large Kind                C8P  C7P  C6P  C5P  C4P  C3P  C2P  
Info: Exchange Small Kind                C7P  C6P  C5P  C4P  C3P  C2P  C1P  
Info: Atom Names in Large Kind BackBone  C1 - C8 , C1 - C7 , C1 - C6 , C1 - C5 , C1 - C4 , C1 - C3 , C1 - C2
Info: Atom Names in Small Kind BackBone  C1 - C7 , C1 - C6 , C1 - C5 , C1 - C4 , C1 - C3 , C1 - C2 , C1 - C1
Info: CBMC First atom trials             10   
Info: CBMC Secondary atom trials         8    
Info: CBMC Angle trials                  100  
Info: CBMC Dihedral trials               100  
Info: Output name                        PRDUCTION 
Info: Coordinate frequency               1000000 
Info: Restart frequency                  1000000 
Info: Console output frequency           100000 
Info: Average output frequency           100000 
Default: Short Range Cutoff              0.0000 
Warning: 1-4 Electrostatic scaling set, but will be ignored.
Note: Pressure Calculation Inactived. Pressure average output will be ignored.
Note: Pressure Calculation Inactived. Pressure output will be ignored.
Finished Reading Input File:             in.conf

Reading from EXOTIC-Style parameter file:  	../../../common/Par_Mie_Alkane_Exotic.inp
Reading BONDS parameters.
Reading ANGLES parameters.
Reading DIHEDRALS parameters.
Reading NONBONDED_MIE parameters.
Finished reading EXOTIC-Style parameter file:  	../../../common/Par_Mie_Alkane_Exotic.inp
Reading from box 0 PDB coordinate file:  	./EQ_BOX_0_restart.pdb
Finished reading box 0 PDB coordinate file:  	./EQ_BOX_0_restart.pdb
Reading from box 1 PDB coordinate file:  	./EQ_BOX_1_restart.pdb
Finished reading box 1 PDB coordinate file:  	./EQ_BOX_1_restart.pdb
Random number seed: 7252688

Molecules in PSF:
Molecule Kind: C16P
Idx	name	type	charge	mass
0	C1	CH3	0.0000	15.0350
1	C2	CH2	0.0000	14.0270
2	C3	CH2	0.0000	14.0270
3	C4	CH2	0.0000	14.0270
4	C5	CH2	0.0000	14.0270
5	C6	CH2	0.0000	14.0270
6	C7	CH2	0.0000	14.0270
7	C8	CH2	0.0000	14.0270
8	C9	CH2	0.0000	14.0270
9	C10	CH2	0.0000	14.0270
10	C11	CH2	0.0000	14.0270
11	C12	CH2	0.0000	14.0270
12	C13	CH2	0.0000	14.0270
13	C14	CH2	0.0000	14.0270
14	C15	CH2	0.0000	14.0270
15	C16	CH3	0.0000	15.0350

Bonds:
[0 1] [1 2] [2 3] [3 4] [4 5] [5 6] [6 7] [7 8] [8 9] [9 10] 
[10 11] [11 12] [12 13] [13 14] [14 15] 

Angles:
[0 1 2] [1 2 3] [2 3 4] [3 4 5] [4 5 6] [5 6 7] [6 7 8] 
[7 8 9] [8 9 10] [9 10 11] [10 11 12] [11 12 13] [12 13 14] [13 14 15] 

Dihedrals:
[0 1 2 3] [1 2 3 4] [2 3 4 5] [3 4 5 6] [4 5 6 7] 
[5 6 7 8] [6 7 8 9] [7 8 9 10] [8 9 10 11] [9 10 11 12] 
[10 11 12 13] [11 12 13 14] [12 13 14 15] 

Molecule Kind: C1P
Idx	name	type	charge	mass
0	C1	CH4	0.0000	16.0430

Bonds:

Angles:

Dihedrals:

Molecule Kind: C2P
Idx	name	type	charge	mass
0	C1	CH3	0.0000	15.0350
1	C2	CH3	0.0000	15.0350

Bonds:
[0 1] 

Angles:

Dihedrals:

Molecule Kind: C3P
Idx	name	type	charge	mass
0	C1	CH3	0.0000	15.0350
1	C2	CH2	0.0000	14.0270
2	C3	CH3	0.0000	15.0350

Bonds:
[0 1] [1 2] 

Angles:
[0 1 2] 

Dihedrals:

Molecule Kind: C4P
Idx	name	type	charge	mass
0	C1	CH3	0.0000	15.0350
1	C2	CH2	0.0000	14.0270
2	C3	CH2	0.0000	14.0270
3	C4	CH3	0.0000	15.0350

Bonds:
[0 1] [1 2] [2 3] 

Angles:
[0 1 2] [1 2 3] 

Dihedrals:
[0 1 2 3] 

Molecule Kind: C5P
Idx	name	type	charge	mass
0	C1	CH3	0.0000	15.0350
1	C2	CH2	0.0000	14.0270
2	C3	CH2	0.0000	14.0270
3	C4	CH2	0.0000	14.0270
4	C5	CH3	0.0000	15.0350

Bonds:
[0 1] [1 2] [2 3] [3 4] 

Angles:
[0 1 2] [1 2 3] [2 3 4] 

Dihedrals:
[0 1 2 3] [1 2 3 4] 

Molecule Kind: C6P
Idx	name	type	charge	mass
0	C1	CH3	0.0000	15.0350
1	C2	CH2	0.0000	14.0270
2	C3	CH2	0.0000	14.0270
3	C4	CH2	0.0000	14.0270
4	C5	CH2	0.0000	14.0270
5	C6	CH3	0.0000	15.0350

Bonds:
[0 1] [1 2] [2 3] [3 4] [4 5] 

Angles:
[0 1 2] [1 2 3] [2 3 4] [3 4 5] 

Dihedrals:
[0 1 2 3] [1 2 3 4] [2 3 4 5] 

Molecule Kind: C7P
Idx	name	type	charge	mass
0	C1	CH3	0.0000	15.0350
1	C2	CH2	0.0000	14.0270
2	C3	CH2	0.0000	14.0270
3	C4	CH2	0.0000	14.0270
4	C5	CH2	0.0000	14.0270
5	C6	CH2	0.0000	14.0270
6	C7	CH3	0.0000	15.0350

Bonds:
[0 1] [1 2] [2 3] [3 4] [4 5] [5 6] 

Angles:
[0 1 2] [1 2 3] [2 3 4] [3 4 5] [4 5 6] 

Dihedrals:
[0 1 2 3] [1 2 3 4] [2 3 4 5] [3 4 5 6] 

Molecule Kind: C8P
Idx	name	type	charge	mass
0	C1	CH3	0.0000	15.0350
1	C2	CH2	0.0000	14.0270
2	C3	CH2	0.0000	14.0270
3	C4	CH2	0.0000	14.0270
4	C5	CH2	0.0000	14.0270
5	C6	CH2	0.0000	14.0270
6	C7	CH2	0.0000	14.0270
7	C8	CH3	0.0000	15.0350

Bonds:
[0 1] [1 2] [2 3] [3 4] [4 5] [5 6] [6 7] 

Angles:
[0 1 2] [1 2 3] [2 3 4] [3 4 5] [4 5 6] [5 6 7] 

Dihedrals:
[0 1 2 3] [1 2 3 4] [2 3 4 5] [3 4 5 6] [4 5 6 7] 

Bonds parameter:
Atom Types                             Kb(K)           b0(A) 
CH3	CH2	                         FIX           1.5400 
CH2	CH2	                         FIX           1.5400 
CH2	CH3	                         FIX           1.5400 

CH3	CH3	                         FIX           1.5400 

CH3	CH2	                         FIX           1.5400 
CH2	CH3	                         FIX           1.5400 

CH3	CH2	                         FIX           1.5400 
CH2	CH2	                         FIX           1.5400 
CH2	CH3	                         FIX           1.5400 

CH3	CH2	                         FIX           1.5400 
CH2	CH2	                         FIX           1.5400 
CH2	CH3	                         FIX           1.5400 

CH3	CH2	                         FIX           1.5400 
CH2	CH2	                         FIX           1.5400 
CH2	CH3	                         FIX           1.5400 

CH3	CH2	                         FIX           1.5400 
CH2	CH2	                         FIX           1.5400 
CH2	CH3	                         FIX           1.5400 

CH3	CH2	                         FIX           1.5400 
CH2	CH2	                         FIX           1.5400 
CH2	CH3	                         FIX           1.5400 

Angles parameter:
Atom Types                         Ktheta(K)         theta0(degree) 
CH3	CH2	CH2	          31250.0000         114.0000 
CH2	CH2	CH2	          31250.0000         114.0000 
CH2	CH2	CH3	          31250.0000         114.0000 

CH3	CH2	CH3	          31250.0000         114.0000 

CH3	CH2	CH2	          31250.0000         114.0000 
CH2	CH2	CH3	          31250.0000         114.0000 

CH3	CH2	CH2	          31250.0000         114.0000 
CH2	CH2	CH2	          31250.0000         114.0000 
CH2	CH2	CH3	          31250.0000         114.0000 

CH3	CH2	CH2	          31250.0000         114.0000 
CH2	CH2	CH2	          31250.0000         114.0000 
CH2	CH2	CH3	          31250.0000         114.0000 

CH3	CH2	CH2	          31250.0000         114.0000 
CH2	CH2	CH2	          31250.0000         114.0000 
CH2	CH2	CH3	          31250.0000         114.0000 

CH3	CH2	CH2	          31250.0000         114.0000 
CH2	CH2	CH2	          31250.0000         114.0000 
CH2	CH2	CH3	          31250.0000         114.0000 

Dihedrals parameter:
Atom Types                           Kchi(K)    n    delta(degree) 
CH3	CH2	CH2	CH2	      0.0000    0     90.0000 
CH3	CH2	CH2	CH2	    355.0300    1      0.0000 
CH3	CH2	CH2	CH2	    -68.1898    2    180.0000 
CH3	CH2	CH2	CH2	    791.3178    3      0.0000 
CH2	CH2	CH2	CH2	      0.0000    0     90.0000 
CH2	CH2	CH2	CH2	    355.0300    1      0.0000 
CH2	CH2	CH2	CH2	    -68.1898    2    180.0000 
CH2	CH2	CH2	CH2	    791.3178    3      0.0000 
CH2	CH2	CH2	CH3	      0.0000    0     90.0000 
CH2	CH2	CH2	CH3	    355.0300    1      0.0000 
CH2	CH2	CH2	CH3	    -68.1898    2    180.0000 
CH2	CH2	CH2	CH3	    791.3178    3      0.0000 
CH3	CH2	CH2	CH3	      0.0000    0     90.0000 
CH3	CH2	CH2	CH3	    355.0300    1      0.0000 
CH3	CH2	CH2	CH3	    -68.1898    2    180.0000 
CH3	CH2	CH2	CH3	    791.3178    3      0.0000 
CH3	CH2	CH2	CH2	      0.0000    0     90.0000 
CH3	CH2	CH2	CH2	    355.0300    1      0.0000 
CH3	CH2	CH2	CH2	    -68.1898    2    180.0000 
CH3	CH2	CH2	CH2	    791.3178    3      0.0000 
CH2	CH2	CH2	CH3	      0.0000    0     90.0000 
CH2	CH2	CH2	CH3	    355.0300    1      0.0000 
CH2	CH2	CH2	CH3	    -68.1898    2    180.0000 
CH2	CH2	CH2	CH3	    791.3178    3      0.0000 
CH3	CH2	CH2	CH2	      0.0000    0     90.0000 
CH3	CH2	CH2	CH2	    355.0300    1      0.0000 
CH3	CH2	CH2	CH2	    -68.1898    2    180.0000 
CH3	CH2	CH2	CH2	    791.3178    3      0.0000 
CH2	CH2	CH2	CH2	      0.0000    0     90.0000 
CH2	CH2	CH2	CH2	    355.0300    1      0.0000 
CH2	CH2	CH2	CH2	    -68.1898    2    180.0000 
CH2	CH2	CH2	CH2	    791.3178    3      0.0000 
CH2	CH2	CH2	CH3	      0.0000    0     90.0000 
CH2	CH2	CH2	CH3	    355.0300    1      0.0000 
CH2	CH2	CH2	CH3	    -68.1898    2    180.0000 
CH2	CH2	CH2	CH3	    791.3178    3      0.0000 
CH3	CH2	CH2	CH2	      0.0000    0     90.0000 
CH3	CH2	CH2	CH2	    355.0300    1      0.0000 
CH3	CH2	CH2	CH2	    -68.1898    2    180.0000 
CH3	CH2	CH2	CH2	    791.3178    3      0.0000 
CH2	CH2	CH2	CH2	      0.0000    0     90.0000 
CH2	CH2	CH2	CH2	    355.0300    1      0.0000 
CH2	CH2	CH2	CH2	    -68.1898    2    180.0000 
CH2	CH2	CH2	CH2	    791.3178    3      0.0000 
CH2	CH2	CH2	CH3	      0.0000    0     90.0000 
CH2	CH2	CH2	CH3	    355.0300    1      0.0000 
CH2	CH2	CH2	CH3	    -68.1898    2    180.0000 
CH2	CH2	CH2	CH3	    791.3178    3      0.0000 
CH3	CH2	CH2	CH2	      0.0000    0     90.0000 
CH3	CH2	CH2	CH2	    355.0300    1      0.0000 
CH3	CH2	CH2	CH2	    -68.1898    2    180.0000 
CH3	CH2	CH2	CH2	    791.3178    3      0.0000 
CH2	CH2	CH2	CH2	      0.0000    0     90.0000 
CH2	CH2	CH2	CH2	    355.0300    1      0.0000 
CH2	CH2	CH2	CH2	    -68.1898    2    180.0000 
CH2	CH2	CH2	CH2	    791.3178    3      0.0000 
CH2	CH2	CH2	CH3	      0.0000    0     90.0000 
CH2	CH2	CH2	CH3	    355.0300    1      0.0000 
CH2	CH2	CH2	CH3	    -68.1898    2    180.0000 
CH2	CH2	CH2	CH3	    791.3178    3      0.0000 

NonBonded 1-4 parameters:
Type1  Type2             Epsilon(K)    Sigma(A)       N 
CH3    CH3                 121.2500      3.7830   16.00 
CH3    CH2                  86.0015      3.8865   16.00 
CH3    CH4                 139.7185      3.7615   15.00 
CH2    CH2                  61.0000      3.9900   16.00 
CH2    CH4                  99.1010      3.8650   15.00 
CH4    CH4                 161.0000      3.7400   14.00 

NonBonded parameters:
Type1  Type2             Epsilon(K)    Sigma(A)       N 
CH3    CH3                 121.2500      3.7830   16.00 
CH3    CH2                  86.0015      3.8865   16.00 
CH3    CH4                 139.7185      3.7615   15.00 
CH2    CH2                  61.0000      3.9900   16.00 
CH2    CH4                  99.1010      3.8650   15.00 
CH4    CH4                 161.0000      3.7400   14.00 

Info: Box  0:  Periodic Cell Basis 1     41.882   0.000   0.000 
Info: Box  0:  Periodic Cell Basis 2      0.000  41.882   0.000 
Info: Box  0:  Periodic Cell Basis 3      0.000   0.000  41.882 

Info: Box  1:  Periodic Cell Basis 1     302.127   0.000   0.000 
Info: Box  1:  Periodic Cell Basis 2      0.000 302.127   0.000 
Info: Box  1:  Periodic Cell Basis 3      0.000   0.000 302.127 

Minimum coordinates in box 0: x =   -7.060, y =   -7.487, z =   -5.958
Maximum coordinates in box 0: x =   46.112, y =   45.802, z =   48.318
Wrapping molecules inside the simulation box 0:
Minimum coordinates in box 1: x =   -0.022, y =    0.400, z =    0.615
Maximum coordinates in box 1: x =  301.776, y =  302.058, z =  301.934
Wrapping molecules inside the simulation box 1:

################################################################################
########################## INITIAL SIMULATION ENERGY ###########################

ETITLE:     STEP           TOTAL        INTRA(B)       INTRA(NB)       INTER(LJ)             LRC     TOTAL_ELECT            REAL           RECIP            SELF            CORR

ENER_0:        0     -7.1507e+05      8.5599e+05     -1.3278e+05     -1.3158e+06     -1.2249e+05      0.0000e+00      0.0000e+00      0.0000e+00      0.0000e+00     -0.0000e+00

ENER_1:        0      1.0627e+04      1.3684e+04     -1.6427e+03     -1.3547e+03     -5.9204e+01      0.0000e+00      0.0000e+00      0.0000e+00      0.0000e+00     -0.0000e+00

STITLE:     STEP          VOLUME        TOTALMOL    MOLFRAC_C16P     MOLFRAC_C1P     MOLFRAC_C2P     MOLFRAC_C3P     MOLFRAC_C4P     MOLFRAC_C5P     MOLFRAC_C6P     MOLFRAC_C7P     MOLFRAC_C8P    MOLDENS_C16P     MOLDENS_C1P     MOLDENS_C2P     MOLDENS_C3P     MOLDENS_C4P     MOLDENS_C5P     MOLDENS_C6P     MOLDENS_C7P     MOLDENS_C8P     TOT_DENSITY

STAT_0:        0      7.3465e+04             150  1.00000000e+00  0.00000000e+00  0.00000000e+00  0.00000000e+00  0.00000000e+00  0.00000000e+00  0.00000000e+00  0.00000000e+00  0.00000000e+00  2.04178036e-03  0.00000000e+00  0.00000000e+00  0.00000000e+00  0.00000000e+00  0.00000000e+00  0.00000000e+00  0.00000000e+00  0.00000000e+00      7.6776e+02

STAT_1:        0      2.7578e+07             650  0.00000000e+00  8.92307692e-01  7.69230769e-02  1.53846154e-02  3.07692308e-03  3.07692308e-03  3.07692308e-03  3.07692308e-03  3.07692308e-03  0.00000000e+00  2.10309736e-05  1.81301497e-06  3.62602993e-07  7.25205987e-08  7.25205987e-08  7.25205987e-08  7.25205987e-08  7.25205987e-08      7.2923e-01

################################################################################
############################# STARTING SIMULATION ##############################

MTITLE:     STEP          DISTRY       DISACCEPT      DISACCEPT%          DISMAX          ROTATE       ROTACCEPT      ROTACCEPT%          ROTMAX        REGROWTH    REGROWACCEPT   REGROWACCEPT%      CRANKSHAFT  CRKSHAFTACCEPT CRKSHAFTACCEPT%        TRANSFER      TRANACCEPT     TRANACCEPT%     MOLEXCHANGE     MOLEXACCEPT    MOLEXACCEPT%          VOLUME       VOLACCEPT      VOLACCEPT%          VOLMAX

ETITLE:     STEP           TOTAL        INTRA(B)       INTRA(NB)       INTER(LJ)             LRC     TOTAL_ELECT            REAL           RECIP            SELF            CORR

STITLE:     STEP          VOLUME        TOTALMOL    MOLFRAC_C16P     MOLFRAC_C1P     MOLFRAC_C2P     MOLFRAC_C3P     MOLFRAC_C4P     MOLFRAC_C5P     MOLFRAC_C6P     MOLFRAC_C7P     MOLFRAC_C8P    MOLDENS_C16P     MOLDENS_C1P     MOLDENS_C2P     MOLDENS_C3P     MOLDENS_C4P     MOLDENS_C5P     MOLDENS_C6P     MOLDENS_C7P     MOLDENS_C8P     TOT_DENSITY

Printed combined psf to file PRDUCTION_merged.psf
MOVE_0:   100000           14795            1403      9.4829e+00      1.7942e-02            4818             354      7.3474e+00      7.9037e-03            4949              81      1.6367e+00            5062             525      1.0371e+01           10028              11      1.0969e-01           20118             139      6.9092e-01             504             267      5.2976e+01      7.5694e+02

ENER_0:   100000     -7.1740e+05      8.5840e+05     -1.3328e+05     -1.3195e+06     -1.2307e+05      0.0000e+00      0.0000e+00      0.0000e+00      0.0000e+00      0.0000e+00

STAT_0:   100000      7.3408e+04             152  9.86842105e-01  0.00000000e+00  1.31578947e-02  0.00000000e+00  0.00000000e+00  0.00000000e+00  0.00000000e+00  0.00000000e+00  0.00000000e+00  2.04337290e-03  0.00000000e+00  2.72449720e-05  0.00000000e+00  0.00000000e+00  0.00000000e+00  0.00000000e+00  0.00000000e+00  0.00000000e+00      7.6972e+02

MOVE_1:   100000           15078           12956      8.5927e+01      1.3302e+02            4453            3812      8.5605e+01      2.5307e+00            4827            3295      6.8262e+01            4939            4099      8.2993e+01            9934               9      9.0598e-02           20118             139      6.9092e-01             495             401      8.1010e+01      2.5732e+06

ENER_1:   100000      1.5640e+04      1.8012e+04     -1.6100e+03     -7.0093e+02     -6.0341e+01      0.0000e+00      0.0000e+00      0.0000e+00      0.0000e+00      0.0000e+00

STAT_1:   100000      2.6812e+07             648  0.00000000e+00  8.95061728e-01  7.40740741e-02  1.54320988e-02  3.08641975e-03  3.08641975e-03  3.08641975e-03  3.08641975e-03  3.08641975e-03  0.00000000e+00  2.16321608e-05  1.79024779e-06  3.72968289e-07  7.45936579e-08  7.45936579e-08  7.45936579e-08  7.45936579e-08  7.45936579e-08      7.4636e-01

Steps/sec: 1317.956, Simulation ends in:   0 d:   0 h:  12 m 

MOVE_0:   200000           29691            4825      1.6251e+01      5.6014e-02            9419            1136      1.2061e+01      6.9780e-03           10007             235      2.3484e+00            9980            1095      1.0972e+01           20068              25      1.2458e-01           39934             825      2.0659e+00            1003             536      5.3440e+01      6.6423e+02

ENER_0:   200000     -7.2316e+05      8.5946e+05     -1.3316e+05     -1.3264e+06     -1.2303e+05      0.0000e+00      0.0000e+00      0.0000e+00      0.0000e+00      0.0000e+00

STAT_0:   200000      7.3226e+04             151  9.93377483e-01  6.62251656e-03  0.00000000e+00  0.00000000e+00  0.00000000e+00  0.00000000e+00  0.00000000e+00  0.00000000e+00  0.00000000e+00  2.04844432e-03  1.36562955e-05  0.00000000e+00  0.00000000e+00  0.00000000e+00  0.00000000e+00  0.00000000e+00  0.00000000e+00  0.00000000e+00      7.7063e+02

MOVE_1:   200000           30132           25890      8.5922e+01      1.3285e+02            8901            7653      8.5979e+01      2.5307e+00            9857            6746      6.8439e+01           10024            8306      8.2861e+01           19969              24      1.2019e-01           39934             825      2.0659e+00            1015             669      6.5911e+01      3.2252e+06

ENER_1:   200000      1.4253e+04      1.6322e+04     -1.6588e+03     -3.4950e+02     -6.0968e+01      0.0000e+00      0.0000e+00      0.0000e+00      0.0000e+00      0.0000e+00

STAT_1:   200000      2.6707e+07             649  0.00000000e+00  8.92141757e-01  7.70416025e-02  1.54083205e-02  3.08166410e-03  3.08166410e-03  3.08166410e-03  3.08166410e-03  3.08166410e-03  0.00000000e+00  2.16793824e-05  1.87214010e-06  3.74428020e-07  7.48856040e-08  7.48856040e-08  7.48856040e-08  7.48856040e-08  7.48856040e-08      7.5202e-01

Steps/sec: 1148.991, Simulation ends in:   0 d:   0 h:  11 m 

MOVE_0:   300000           44263            6490      1.4662e+01      1.5305e-02           14257            1509      1.0584e+01      3.5254e-03           14902             306      2.0534e+00           14973            1630      1.0886e+01           30057              38      1.2643e-01           60084             961      1.5994e+00            1529             812      5.3107e+01      7.5552e+02

ENER_0:   300000     -7.2908e+05      8.4473e+05     -1.3324e+05     -1.3180e+06     -1.2261e+05      0.0000e+00      0.0000e+00      0.0000e+00      0.0000e+00      0.0000e+00

STAT_0:   300000      7.3395e+04             150  1.00000000e+00  0.00000000e+00  0.00000000e+00  0.00000000e+00  0.00000000e+00  0.00000000e+00  0.00000000e+00  0.00000000e+00  0.00000000e+00  2.04374639e-03  0.00000000e+00  0.00000000e+00  0.00000000e+00  0.00000000e+00  0.00000000e+00  0.00000000e+00  0.00000000e+00  0.00000000e+00      7.6850e+02

MOVE_1:   300000           45161           38876      8.6083e+01      1.3448e+02           13429           11515      8.5747e+01      2.5307e+00           14776           10133      6.8577e+01           14972           12452      8.3169e+01           30066              38      1.2639e-01           60084             961      1.5994e+00            1531             935      6.1071e+01      2.7087e+06

ENER_1:   300000      1.5878e+04      1.8383e+04     -1.5228e+03     -9.2345e+02     -5.8944e+01      0.0000e+00      0.0000e+00      0.0000e+00      0.0000e+00      0.0000e+00

STAT_1:   300000      2.7700e+07             650  0.00000000e+00  8.92307692e-01  7.69230769e-02  1.53846154e-02  3.07692308e-03  3.07692308e-03  3.07692308e-03  3.07692308e-03  3.07692308e-03  0.00000000e+00  2.09384987e-05  1.80504299e-06  3.61008598e-07  7.22017196e-08  7.22017196e-08  7.22017196e-08  7.22017196e-08  7.22017196e-08      7.2603e-01

Steps/sec: 1247.102, Simulation ends in:   0 d:   0 h:  10 m 

MOVE_0:   400000           58791            7599      1.2925e+01      1.4527e-02           19190            1800      9.3799e+00      8.3474e-03           19904             376      1.8891e+00           19982            2153      1.0775e+01           40018              46      1.1495e-01           80090             978      1.2211e+00            2034            1084      5.3294e+01      5.1355e+02

ENER_0:   400000     -7.2776e+05      8.3611e+05     -1.3334e+05     -1.3088e+06     -1.2170e+05      0.0000e+00      0.0000e+00      0.0000e+00      0.0000e+00      0.0000e+00

STAT_0:   400000      7.4027e+04             151  9.93377483e-01  6.62251656e-03  0.00000000e+00  0.00000000e+00  0.00000000e+00  0.00000000e+00  0.00000000e+00  0.00000000e+00  0.00000000e+00  2.02629884e-03  1.35086589e-05  0.00000000e+00  0.00000000e+00  0.00000000e+00  0.00000000e+00  0.00000000e+00  0.00000000e+00  0.00000000e+00      7.6230e+02

MOVE_1:   400000           60352           51994      8.6151e+01      1.3470e+02           17802           15285      8.5861e+01      2.5307e+00           19834           13652      6.8831e+01           20008           16647      8.3202e+01           39974              45      1.1257e-01           80090             978      1.2211e+00            2021            1186      5.8684e+01      2.4812e+06

ENER_1:   400000      1.6980e+04      1.9501e+04     -1.3965e+03     -1.0660e+03     -5.8485e+01      0.0000e+00      0.0000e+00      0.0000e+00      0.0000e+00      0.0000e+00

STAT_1:   400000      2.7841e+07             649  0.00000000e+00  8.92141757e-01  7.70416025e-02  1.54083205e-02  3.08166410e-03  3.08166410e-03  3.08166410e-03  3.08166410e-03  3.08166410e-03  0.00000000e+00  2.07966640e-05  1.79591227e-06  3.59182453e-07  7.18364907e-08  7.18364907e-08  7.18364907e-08  7.18364907e-08  7.18364907e-08      7.2140e-01

Steps/sec: 1309.350, Simulation ends in:   0 d:   0 h:   8 m 

MOVE_0:   500000           73709           10052      1.3637e+01      1.3807e-02           23799            2194      9.2189e+00      7.1696e-03           24967             474      1.8985e+00           24932            2699      1.0825e+01           49904              62      1.2424e-01           99921            1078      1.0789e+00            2534            1340      5.2881e+01      5.4092e+02

ENER_0:   500000     -7.3134e+05      8.3728e+05     -1.3352e+05     -1.3128e+06     -1.2234e+05      0.0000e+00      0.0000e+00      0.0000e+00      0.0000e+00      0.0000e+00

STAT_0:   500000      7.3640e+04             151  9.93377483e-01  6.62251656e-03  0.00000000e+00  0.00000000e+00  0.00000000e+00  0.00000000e+00  0.00000000e+00  0.00000000e+00  0.00000000e+00  2.03692643e-03  1.35795095e-05  0.00000000e+00  0.00000000e+00  0.00000000e+00  0.00000000e+00  0.00000000e+00  0.00000000e+00  0.00000000e+00      7.6630e+02

MOVE_1:   500000           75358           64966      8.6210e+01      1.3276e+02           22244           19176      8.6208e+01      2.5307e+00           25020           17254      6.8961e+01           25054           20842      8.3188e+01           50072              61      1.2182e-01           99921            1078      1.0789e+00            2486            1428      5.7442e+01      2.6561e+06

ENER_1:   500000      1.5964e+04      1.8303e+04     -1.5498e+03     -7.2866e+02     -6.1091e+01      0.0000e+00      0.0000e+00      0.0000e+00      0.0000e+00      0.0000e+00

STAT_1:   500000      2.6653e+07             649  0.00000000e+00  8.92141757e-01  7.70416025e-02  1.54083205e-02  3.08166410e-03  3.08166410e-03  3.08166410e-03  3.08166410e-03  3.08166410e-03  0.00000000e+00  2.17233741e-05  1.87593904e-06  3.75187809e-07  7.50375617e-08  7.50375617e-08  7.50375617e-08  7.50375617e-08  7.50375617e-08      7.5354e-01

Steps/sec: 1266.380, Simulation ends in:   0 d:   0 h:   7 m 

MOVE_0:   600000           88366           11405      1.2907e+01      1.4399e-02           28751            2499      8.6919e+00      7.9551e-03           30053             532      1.7702e+00           29934            3175      1.0607e+01           59939              81      1.3514e-01          119873            1105      9.2181e-01            3073            1615      5.2555e+01      6.0030e+02

ENER_0:   600000     -7.4465e+05      8.2186e+05     -1.3225e+05     -1.3123e+06     -1.2196e+05      0.0000e+00      0.0000e+00      0.0000e+00      0.0000e+00      0.0000e+00

STAT_0:   600000      7.3788e+04             150  1.00000000e+00  0.00000000e+00  0.00000000e+00  0.00000000e+00  0.00000000e+00  0.00000000e+00  0.00000000e+00  0.00000000e+00  0.00000000e+00  2.03284112e-03  0.00000000e+00  0.00000000e+00  0.00000000e+00  0.00000000e+00  0.00000000e+00  0.00000000e+00  0.00000000e+00  0.00000000e+00      7.6440e+02

MOVE_1:   600000           90492           78043      8.6243e+01      1.3101e+02           26535           22895      8.6282e+01      2.5307e+00           29939           20648      6.8967e+01           30132           25110      8.3333e+01           59940              81      1.3514e-01          119873            1105      9.2181e-01            2973            1675      5.6340e+01      2.2111e+06

ENER_1:   600000      1.6398e+04      1.9368e+04     -1.3765e+03     -1.5299e+03     -6.3749e+01      0.0000e+00      0.0000e+00      0.0000e+00      0.0000e+00      0.0000e+00

STAT_1:   600000      2.5612e+07             650  0.00000000e+00  8.92307692e-01  7.69230769e-02  1.53846154e-02  3.07692308e-03  3.07692308e-03  3.07692308e-03  3.07692308e-03  3.07692308e-03  0.00000000e+00  2.26456026e-05  1.95220712e-06  3.90441423e-07  7.80882847e-08  7.80882847e-08  7.80882847e-08  7.80882847e-08  7.80882847e-08      7.8522e-01

Steps/sec: 1263.815, Simulation ends in:   0 d:   0 h:   6 m 

MOVE_0:   700000          103348           14900      1.4417e+01      1.7811e-02           33342            3156      9.4655e+00      6.2747e-03           35025             673      1.9215e+00           34830            3829      1.0993e+01           69916              97      1.3874e-01          139873            1485      1.0617e+00            3539            1863      5.2642e+01      5.1200e+02

ENER_0:   700000     -7.5360e+05      8.2156e+05     -1.3202e+05     -1.3200e+06     -1.2318e+05      0.0000e+00      0.0000e+00      0.0000e+00      0.0000e+00      0.0000e+00

STAT_0:   700000      7.3379e+04             151  9.93377483e-01  0.00000000e+00  0.00000000e+00  0.00000000e+00  0.00000000e+00  6.62251656e-03  0.00000000e+00  0.00000000e+00  0.00000000e+00  2.04417566e-03  0.00000000e+00  0.00000000e+00  0.00000000e+00  0.00000000e+00  1.36278377e-05  0.00000000e+00  0.00000000e+00  0.00000000e+00      7.7030e+02

MOVE_1:   700000          105539           91090      8.6309e+01      1.2971e+02           31005           26783      8.6383e+01      2.5307e+00           35027           24165      6.8990e+01           35189           29304      8.3276e+01           69924              96      1.3729e-01          139873            1485      1.0617e+00            3443            1918      5.5707e+01      3.0754e+06

ENER_1:   700000      1.2016e+04      1.4774e+04     -1.4094e+03     -1.2839e+03     -6.5015e+01      0.0000e+00      0.0000e+00      0.0000e+00      0.0000e+00      0.0000e+00

STAT_1:   700000      2.4856e+07             649  0.00000000e+00  8.93682589e-01  7.70416025e-02  1.54083205e-02  3.08166410e-03  1.54083205e-03  3.08166410e-03  3.08166410e-03  3.08166410e-03  0.00000000e+00  2.33346727e-05  2.01160972e-06  4.02321944e-07  8.04643887e-08  4.02321944e-08  8.04643887e-08  8.04643887e-08  8.04643887e-08      8.0429e-01

Steps/sec: 1183.108, Simulation ends in:   0 d:   0 h:   4 m 

MOVE_0:   800000          117940           17959      1.5227e+01      1.7453e-02           38108            3874      1.0166e+01      6.2318e-03           40026             881      2.2011e+00           39931            4609      1.1542e+01           79934             108      1.3511e-01          159877            2126      1.3298e+00            4000            2106      5.2650e+01      3.4877e+02

ENER_0:   800000     -7.4172e+05      8.2096e+05     -1.3239e+05     -1.3084e+06     -1.2190e+05      0.0000e+00      0.0000e+00      0.0000e+00      0.0000e+00      0.0000e+00

STAT_0:   800000      7.4029e+04             151  9.93377483e-01  0.00000000e+00  0.00000000e+00  6.62251656e-03  0.00000000e+00  0.00000000e+00  0.00000000e+00  0.00000000e+00  0.00000000e+00  2.02623568e-03  0.00000000e+00  0.00000000e+00  1.35082379e-05  0.00000000e+00  0.00000000e+00  0.00000000e+00  0.00000000e+00  0.00000000e+00      7.6291e+02

MOVE_1:   800000          120730          104217      8.6322e+01      1.3339e+02           35319           30487      8.6319e+01      2.5307e+00           40067           27591      6.8862e+01           40228           33521      8.3328e+01           79932             107      1.3386e-01          159877            2126      1.3298e+00            3908            2153      5.5092e+01      3.1658e+06

ENER_1:   800000      1.1596e+04      1.3724e+04     -1.3682e+03     -6.9921e+02     -6.0003e+01      0.0000e+00      0.0000e+00      0.0000e+00      0.0000e+00      0.0000e+00

STAT_1:   800000      2.7035e+07             649  0.00000000e+00  8.93682589e-01  7.70416025e-02  1.38674884e-02  3.08166410e-03  3.08166410e-03  3.08166410e-03  3.08166410e-03  3.08166410e-03  0.00000000e+00  2.14534197e-05  1.84943274e-06  3.32897893e-07  7.39773095e-08  7.39773095e-08  7.39773095e-08  7.39773095e-08  7.39773095e-08      7.4117e-01

Steps/sec: 1157.613, Simulation ends in:   0 d:   0 h:   3 m 

MOVE_0:   900000          132396           20643      1.5592e+01      1.5608e-02           42961            4650      1.0824e+01      6.8869e-03           45072            1108      2.4583e+00           44964            5397      1.2003e+01           89806             117      1.3028e-01          179943            2755      1.5310e+00            4539            2388      5.2611e+01      6.6230e+02

ENER_0:   900000     -7.5301e+05      8.1731e+05     -1.3146e+05     -1.3164e+06     -1.2248e+05      0.0000e+00      0.0000e+00      0.0000e+00      0.0000e+00      0.0000e+00

STAT_0:   900000      7.3798e+04             151  9.93377483e-01  0.00000000e+00  0.00000000e+00  0.00000000e+00  0.00000000e+00  6.62251656e-03  0.00000000e+00  0.00000000e+00  0.00000000e+00  2.03256487e-03  0.00000000e+00  0.00000000e+00  0.00000000e+00  0.00000000e+00  1.35504325e-05  0.00000000e+00  0.00000000e+00  0.00000000e+00      7.6592e+02

MOVE_1:   900000          135861          117345      8.6371e+01      1.3185e+02           39875           34419      8.6317e+01      2.5307e+00           45148           31119      6.8927e+01           45239           37727      8.3395e+01           89771             116      1.2922e-01          179943            2755      1.5310e+00            4425            2423      5.4757e+01      3.1720e+06

ENER_1:   900000      1.3305e+04      1.6394e+04     -1.4348e+03     -1.5921e+03     -6.1901e+01      0.0000e+00      0.0000e+00      0.0000e+00      0.0000e+00      0.0000e+00

STAT_1:   900000      2.6106e+07             649  0.00000000e+00  8.93682589e-01  7.70416025e-02  1.54083205e-02  3.08166410e-03  1.54083205e-03  3.08166410e-03  3.08166410e-03  3.08166410e-03  0.00000000e+00  2.22169291e-05  1.91525251e-06  3.83050501e-07  7.66101003e-08  3.83050501e-08  7.66101003e-08  7.66101003e-08  7.66101003e-08      7.6577e-01

Steps/sec: 1101.575, Simulation ends in:   0 d:   0 h:   2 m 

MOVE_0:  1000000          147076           24531      1.6679e+01      1.8131e-02           47624            5490      1.1528e+01      8.8119e-03           50183            1330      2.6503e+00           50017            6283      1.2562e+01           99812             126      1.2624e-01          200030            3309      1.6543e+00            5031            2638      5.2435e+01      5.7602e+02

ENER_0:  1000000     -7.4325e+05      8.3652e+05     -1.3137e+05     -1.3253e+06     -1.2313e+05      0.0000e+00      0.0000e+00      0.0000e+00      0.0000e+00      0.0000e+00

STAT_0:  1000000      7.3406e+04             151  9.93377483e-01  0.00000000e+00  0.00000000e+00  0.00000000e+00  0.00000000e+00  6.62251656e-03  0.00000000e+00  0.00000000e+00  0.00000000e+00  2.04342496e-03  0.00000000e+00  0.00000000e+00  0.00000000e+00  0.00000000e+00  1.36228330e-05  0.00000000e+00  0.00000000e+00  0.00000000e+00      7.7001e+02

MOVE_1:  1000000          150999          130489      8.6417e+01      1.3450e+02           44335           38296      8.6379e+01      2.5307e+00           50112           34586      6.9017e+01           50054           41683      8.3276e+01           99807             125      1.2524e-01          200030            3309      1.6543e+00            4920            2675      5.4370e+01      2.4293e+06

ENER_1:  1000000      1.0557e+04      1.2522e+04     -1.3352e+03     -5.7158e+02     -5.8310e+01      0.0000e+00      0.0000e+00      0.0000e+00      0.0000e+00      0.0000e+00

STAT_1:  1000000      2.7714e+07             649  0.00000000e+00  8.93682589e-01  7.70416025e-02  1.54083205e-02  3.08166410e-03  1.54083205e-03  3.08166410e-03  3.08166410e-03  3.08166410e-03  0.00000000e+00  2.09281480e-05  1.80415069e-06  3.60830138e-07  7.21660276e-08  3.60830138e-08  7.21660276e-08  7.21660276e-08  7.21660276e-08      7.2135e-01

Simulation Time (total): 8.3401e+02 sec.

Move Type                Mol. Kind      BOX_0      BOX_1      
% Accepted Displacement        C16P    49.51201    0.00000 
% Accepted Displacement        C1P     49.62907   98.63448 
% Accepted Displacement        C2P     17.23857   98.17726 
% Accepted Displacement        C3P     11.49504   97.46608 
% Accepted Displacement        C4P      8.95485   96.69571 
% Accepted Displacement        C5P      8.33333   96.28875 
% Accepted Displacement        C6P      0.02493   95.69734 
% Accepted Displacement        C7P      0.00000   95.45343 
% Accepted Displacement        C8P      0.00000   94.76711 
% Accepted Rotation            C16P    50.94571    0.00000 
% Accepted Rotation            C1P      0.00000    0.00000 
% Accepted Rotation            C2P     17.36889   99.65536 
% Accepted Rotation            C3P     11.20086   99.58220 
% Accepted Rotation            C4P      9.33019   99.20578 
% Accepted Rotation            C5P      8.24907   99.01603 
% Accepted Rotation            C6P      0.01773   98.53021 
% Accepted Rotation            C7P      0.00000   98.30844 
% Accepted Rotation            C8P      0.00000   97.81139 
% Accepted Volume-Transfer             52.43490   54.36992 
% Accepted Regrowth            C16P    10.94225    0.00000 
% Accepted Regrowth            C1P      0.16040   98.79713 
% Accepted Regrowth            C2P      5.96062   99.83775 
% Accepted Regrowth            C3P      1.03261   80.56855 
% Accepted Regrowth            C4P      3.41170   77.25367 
% Accepted Regrowth            C5P      2.20470   71.35642 
% Accepted Regrowth            C6P      0.00000   66.39765 
% Accepted Regrowth            C7P      0.00000   64.66444 
% Accepted Regrowth            C8P      0.00000   61.46889 
% Accepted Crank-Shaft         C16P    90.47792    0.00000 
% Accepted Crank-Shaft         C1P      0.07435   98.76347 
% Accepted Crank-Shaft         C2P      6.23081   99.63689 
% Accepted Crank-Shaft         C3P      1.58444   79.47661 
% Accepted Crank-Shaft         C4P      7.93594   95.96542 
% Accepted Crank-Shaft         C5P      7.61939   94.69888 
% Accepted Crank-Shaft         C6P      0.00000   93.27065 
% Accepted Crank-Shaft         C7P      0.00000   93.62345 
% Accepted Crank-Shaft         C8P      0.00000   93.22935 
% Accepted MEMC          C8P - C7P      0.00000    0.00000 
% Accepted MEMC          C7P - C6P      0.00000    0.00000 
% Accepted MEMC          C6P - C5P      0.05593    0.05593 
% Accepted MEMC          C5P - C4P      1.13024    1.13024 
% Accepted MEMC          C4P - C3P      1.93042    1.93042 
% Accepted MEMC          C3P - C2P      4.34752    4.34752 
% Accepted MEMC          C2P - C1P      4.12828    4.12828 
% Accepted Mol-Transfer        C16P     0.00000    0.00000 
% Accepted Mol-Transfer        C1P      0.96506    0.95101 
% Accepted Mol-Transfer        C2P      0.15413    0.14421 
% Accepted Mol-Transfer        C3P      0.00891    0.02688 
% Accepted Mol-Transfer        C4P      0.00000    0.00000 
% Accepted Mol-Transfer        C5P      0.00000    0.00000 
% Accepted Mol-Transfer        C6P      0.00000    0.00000 
% Accepted Mol-Transfer        C7P      0.00000    0.00000 
% Accepted Mol-Transfer        C8P      0.00000    0.00000 

Displacement:                           23.6042    sec.
Rotation:                                8.3388    sec.
Intra-Swap:                              0.0000    sec.
Regrowth:                               64.1516    sec.
Intra-MEMC:                              0.0000    sec.
Crank-Shaft:                            84.4468    sec.
Mol-Transfer:                          268.1149    sec.
MEMC:                                   51.6876    sec.
Vol-Transfer:                          331.7171    sec.

Info: GOMC Version 2.40
Info: Completed at: Fri May 17 16:50:55 2019
Info: On hostname: wsu158
