Info: GOMC Version 2.31
Info: Start Time: Tue Feb 26 14:29:19 2019
Info: Host Name: potoff39.eng.wayne.edu
CPU information:
Info: Total number of CPUs: 4
Info: Total number of CPUs available: 4
Info: Model name: Intel(R) Core(TM) i5-2500K CPU @ 3.30GHz
Info: System name: Linux
Info: Release: 3.10.0-514.26.1.el7.x86_64
Info: Version: #1 SMP Wed Jun 28 15:10:01 CDT 2017
Info: Kernel Architecture: x86_64
Info: Total Ram: 7806.1MB
Info: Used Ram: 5674.3MB
Info: Working in the current directory: /home4/soroush/Desktop/validation/GOMC_Examples/NPT_GEMC/binary_mixture/freeEnergy_alkane_hexadecane
Info: GOMC COMPILED TO RUN GIBBS ENSEMBLE.
Info: Number of threads                  1 

Reading Input File:                      in.conf
Info: Restart simulation                 Active 
Info: Random seed                        Active 
Info: PARAMETER file                     MIE format! 
Info: Running NPT_GEMC
Info: Input Pressure                     1.0132 bar
Info: Input Temperature                  298.0000 K
Info: Non-truncated potential            Active 
Info: Long Range Correction              Active 
Info: Cutoff                             10.0000 A
Info: Exclude                            ONE-FOUR 
Info: Ewald Summation Tolerance          1.000E-05 
Info: Pressure calculation               Inactive 
Info: Total number of steps              1000000 
Info: Number of equilibration steps      50000 
Info: Move adjustment frequency          5000 
Info: Displacement move frequency        0.2900 
Info: Rotation move frequency            0.1000 
Info: Volume move frequency              0.0100 
Info: Intra-Swap move frequency          0.0000 
Info: IntraMEMC-2 move frequency         0.0000 
Info: Regrowth move frequency            0.1000 
Info: Crank-Shaft move frequency         0.1000 
Info: Molecule swap move frequency       0.2000 
Info: MEMC-2 move frequency              0.2000 
Info: Exchange Sub-Volume Dimensions     1.000 1.000 1.000 A
Info: ExchangeRatio                      1    1    1    1    1    1    1    
Info: Exchange Large Kind                C8P  C7P  C6P  C5P  C4P  C3P  C2P  
Info: Exchange Small Kind                C7P  C6P  C5P  C4P  C3P  C2P  C1P  
Info: Atom Names in Large Kind BackBone  C1 - C8 , C1 - C7 , C1 - C6 , C1 - C5 , C1 - C4 , C1 - C3 , C1 - C2
Info: Atom Names in Small Kind BackBone  C1 - C7 , C1 - C6 , C1 - C5 , C1 - C4 , C1 - C3 , C1 - C2 , C1 - C1
Info: CBMC First atom trials             10   
Info: CBMC Secondary atom trials         8    
Info: CBMC Angle trials                  100  
Info: CBMC Dihedral trials               100  
Info: Output name                        PRDUCTION 
Info: Coordinate frequency               1000000 
Info: Restart frequency                  1000000 
Info: Console output frequency           100000 
Info: Average output frequency           100000 
Default: Short Range Cutoff              0.0000 
Warning: 1-4 Electrostatic scaling set, but will be ignored.
Note: Pressure Calculation Inactived. Pressure average output will be ignored.
Note: Pressure Calculation Inactived. Pressure output will be ignored.
Finished Reading Input File:             in.conf

Reading from EXOTIC-Style parameter file:  	../../../common/Par_Mie_Alkane_Exotic.inp
Reading BONDS parameters.
Reading ANGLES parameters.
Reading DIHEDRALS parameters.
Reading NONBONDED_MIE parameters.
Finished reading EXOTIC-Style parameter file:  	../../../common/Par_Mie_Alkane_Exotic.inp
Reading from box 0 PDB coordinate file:  	./EQ_BOX_0_restart.pdb
Finished reading box 0 PDB coordinate file:  	./EQ_BOX_0_restart.pdb
Reading from box 1 PDB coordinate file:  	./EQ_BOX_1_restart.pdb
Finished reading box 1 PDB coordinate file:  	./EQ_BOX_1_restart.pdb
Random number seed: 1495900573

Molecules in PSF:
Molecule Kind: C16P
Idx	name	type	charge	mass
0	C1	CH3	0.0000	15.0350
1	C2	CH2	0.0000	14.0270
2	C3	CH2	0.0000	14.0270
3	C4	CH2	0.0000	14.0270
4	C5	CH2	0.0000	14.0270
5	C6	CH2	0.0000	14.0270
6	C7	CH2	0.0000	14.0270
7	C8	CH2	0.0000	14.0270
8	C9	CH2	0.0000	14.0270
9	C10	CH2	0.0000	14.0270
10	C11	CH2	0.0000	14.0270
11	C12	CH2	0.0000	14.0270
12	C13	CH2	0.0000	14.0270
13	C14	CH2	0.0000	14.0270
14	C15	CH2	0.0000	14.0270
15	C16	CH3	0.0000	15.0350

Bonds:
[0 1] [1 2] [2 3] [3 4] [4 5] [5 6] [6 7] [7 8] [8 9] [9 10] 
[10 11] [11 12] [12 13] [13 14] [14 15] 

Angles:
[0 1 2] [1 2 3] [2 3 4] [3 4 5] [4 5 6] [5 6 7] [6 7 8] 
[7 8 9] [8 9 10] [9 10 11] [10 11 12] [11 12 13] [12 13 14] [13 14 15] 

Dihedrals:
[0 1 2 3] [1 2 3 4] [2 3 4 5] [3 4 5 6] [4 5 6 7] 
[5 6 7 8] [6 7 8 9] [7 8 9 10] [8 9 10 11] [9 10 11 12] 
[10 11 12 13] [11 12 13 14] [12 13 14 15] 

Molecule Kind: C1P
Idx	name	type	charge	mass
0	C1	CH4	0.0000	16.0430

Bonds:

Angles:

Dihedrals:

Molecule Kind: C2P
Idx	name	type	charge	mass
0	C1	CH3	0.0000	15.0350
1	C2	CH3	0.0000	15.0350

Bonds:
[0 1] 

Angles:

Dihedrals:

Molecule Kind: C3P
Idx	name	type	charge	mass
0	C1	CH3	0.0000	15.0350
1	C2	CH2	0.0000	14.0270
2	C3	CH3	0.0000	15.0350

Bonds:
[0 1] [1 2] 

Angles:
[0 1 2] 

Dihedrals:

Molecule Kind: C4P
Idx	name	type	charge	mass
0	C1	CH3	0.0000	15.0350
1	C2	CH2	0.0000	14.0270
2	C3	CH2	0.0000	14.0270
3	C4	CH3	0.0000	15.0350

Bonds:
[0 1] [1 2] [2 3] 

Angles:
[0 1 2] [1 2 3] 

Dihedrals:
[0 1 2 3] 

Molecule Kind: C5P
Idx	name	type	charge	mass
0	C1	CH3	0.0000	15.0350
1	C2	CH2	0.0000	14.0270
2	C3	CH2	0.0000	14.0270
3	C4	CH2	0.0000	14.0270
4	C5	CH3	0.0000	15.0350

Bonds:
[0 1] [1 2] [2 3] [3 4] 

Angles:
[0 1 2] [1 2 3] [2 3 4] 

Dihedrals:
[0 1 2 3] [1 2 3 4] 

Molecule Kind: C6P
Idx	name	type	charge	mass
0	C1	CH3	0.0000	15.0350
1	C2	CH2	0.0000	14.0270
2	C3	CH2	0.0000	14.0270
3	C4	CH2	0.0000	14.0270
4	C5	CH2	0.0000	14.0270
5	C6	CH3	0.0000	15.0350

Bonds:
[0 1] [1 2] [2 3] [3 4] [4 5] 

Angles:
[0 1 2] [1 2 3] [2 3 4] [3 4 5] 

Dihedrals:
[0 1 2 3] [1 2 3 4] [2 3 4 5] 

Molecule Kind: C7P
Idx	name	type	charge	mass
0	C1	CH3	0.0000	15.0350
1	C2	CH2	0.0000	14.0270
2	C3	CH2	0.0000	14.0270
3	C4	CH2	0.0000	14.0270
4	C5	CH2	0.0000	14.0270
5	C6	CH2	0.0000	14.0270
6	C7	CH3	0.0000	15.0350

Bonds:
[0 1] [1 2] [2 3] [3 4] [4 5] [5 6] 

Angles:
[0 1 2] [1 2 3] [2 3 4] [3 4 5] [4 5 6] 

Dihedrals:
[0 1 2 3] [1 2 3 4] [2 3 4 5] [3 4 5 6] 

Molecule Kind: C8P
Idx	name	type	charge	mass
0	C1	CH3	0.0000	15.0350
1	C2	CH2	0.0000	14.0270
2	C3	CH2	0.0000	14.0270
3	C4	CH2	0.0000	14.0270
4	C5	CH2	0.0000	14.0270
5	C6	CH2	0.0000	14.0270
6	C7	CH2	0.0000	14.0270
7	C8	CH3	0.0000	15.0350

Bonds:
[0 1] [1 2] [2 3] [3 4] [4 5] [5 6] [6 7] 

Angles:
[0 1 2] [1 2 3] [2 3 4] [3 4 5] [4 5 6] [5 6 7] 

Dihedrals:
[0 1 2 3] [1 2 3 4] [2 3 4 5] [3 4 5 6] [4 5 6 7] 

Bonds parameter:
Atom Types                             Kb(K)           b0(A) 
CH3	CH2	                         FIX           1.5400 
CH2	CH2	                         FIX           1.5400 
CH2	CH3	                         FIX           1.5400 

CH3	CH3	                         FIX           1.5400 

CH3	CH2	                         FIX           1.5400 
CH2	CH3	                         FIX           1.5400 

CH3	CH2	                         FIX           1.5400 
CH2	CH2	                         FIX           1.5400 
CH2	CH3	                         FIX           1.5400 

CH3	CH2	                         FIX           1.5400 
CH2	CH2	                         FIX           1.5400 
CH2	CH3	                         FIX           1.5400 

CH3	CH2	                         FIX           1.5400 
CH2	CH2	                         FIX           1.5400 
CH2	CH3	                         FIX           1.5400 

CH3	CH2	                         FIX           1.5400 
CH2	CH2	                         FIX           1.5400 
CH2	CH3	                         FIX           1.5400 

CH3	CH2	                         FIX           1.5400 
CH2	CH2	                         FIX           1.5400 
CH2	CH3	                         FIX           1.5400 

Angles parameter:
Atom Types                         Ktheta(K)         theta0(degree) 
CH3	CH2	CH2	          31250.0000         114.0000 
CH2	CH2	CH2	          31250.0000         114.0000 
CH2	CH2	CH3	          31250.0000         114.0000 

CH3	CH2	CH3	          31250.0000         114.0000 

CH3	CH2	CH2	          31250.0000         114.0000 
CH2	CH2	CH3	          31250.0000         114.0000 

CH3	CH2	CH2	          31250.0000         114.0000 
CH2	CH2	CH2	          31250.0000         114.0000 
CH2	CH2	CH3	          31250.0000         114.0000 

CH3	CH2	CH2	          31250.0000         114.0000 
CH2	CH2	CH2	          31250.0000         114.0000 
CH2	CH2	CH3	          31250.0000         114.0000 

CH3	CH2	CH2	          31250.0000         114.0000 
CH2	CH2	CH2	          31250.0000         114.0000 
CH2	CH2	CH3	          31250.0000         114.0000 

CH3	CH2	CH2	          31250.0000         114.0000 
CH2	CH2	CH2	          31250.0000         114.0000 
CH2	CH2	CH3	          31250.0000         114.0000 

Dihedrals parameter:
Atom Types                           Kchi(K)    n    delta(degree) 
CH3	CH2	CH2	CH2	      0.0000    0      0.0000 
CH3	CH2	CH2	CH2	    355.0300    1      0.0000 
CH3	CH2	CH2	CH2	    -68.1898    2    180.0000 
CH3	CH2	CH2	CH2	    791.3178    3      0.0000 
CH2	CH2	CH2	CH2	      0.0000    0      0.0000 
CH2	CH2	CH2	CH2	    355.0300    1      0.0000 
CH2	CH2	CH2	CH2	    -68.1898    2    180.0000 
CH2	CH2	CH2	CH2	    791.3178    3      0.0000 
CH2	CH2	CH2	CH3	      0.0000    0      0.0000 
CH2	CH2	CH2	CH3	    355.0300    1      0.0000 
CH2	CH2	CH2	CH3	    -68.1898    2    180.0000 
CH2	CH2	CH2	CH3	    791.3178    3      0.0000 
CH3	CH2	CH2	CH3	      0.0000    0      0.0000 
CH3	CH2	CH2	CH3	    355.0300    1      0.0000 
CH3	CH2	CH2	CH3	    -68.1898    2    180.0000 
CH3	CH2	CH2	CH3	    791.3178    3      0.0000 
CH3	CH2	CH2	CH2	      0.0000    0      0.0000 
CH3	CH2	CH2	CH2	    355.0300    1      0.0000 
CH3	CH2	CH2	CH2	    -68.1898    2    180.0000 
CH3	CH2	CH2	CH2	    791.3178    3      0.0000 
CH2	CH2	CH2	CH3	      0.0000    0      0.0000 
CH2	CH2	CH2	CH3	    355.0300    1      0.0000 
CH2	CH2	CH2	CH3	    -68.1898    2    180.0000 
CH2	CH2	CH2	CH3	    791.3178    3      0.0000 
CH3	CH2	CH2	CH2	      0.0000    0      0.0000 
CH3	CH2	CH2	CH2	    355.0300    1      0.0000 
CH3	CH2	CH2	CH2	    -68.1898    2    180.0000 
CH3	CH2	CH2	CH2	    791.3178    3      0.0000 
CH2	CH2	CH2	CH2	      0.0000    0      0.0000 
CH2	CH2	CH2	CH2	    355.0300    1      0.0000 
CH2	CH2	CH2	CH2	    -68.1898    2    180.0000 
CH2	CH2	CH2	CH2	    791.3178    3      0.0000 
CH2	CH2	CH2	CH3	      0.0000    0      0.0000 
CH2	CH2	CH2	CH3	    355.0300    1      0.0000 
CH2	CH2	CH2	CH3	    -68.1898    2    180.0000 
CH2	CH2	CH2	CH3	    791.3178    3      0.0000 
CH3	CH2	CH2	CH2	      0.0000    0      0.0000 
CH3	CH2	CH2	CH2	    355.0300    1      0.0000 
CH3	CH2	CH2	CH2	    -68.1898    2    180.0000 
CH3	CH2	CH2	CH2	    791.3178    3      0.0000 
CH2	CH2	CH2	CH2	      0.0000    0      0.0000 
CH2	CH2	CH2	CH2	    355.0300    1      0.0000 
CH2	CH2	CH2	CH2	    -68.1898    2    180.0000 
CH2	CH2	CH2	CH2	    791.3178    3      0.0000 
CH2	CH2	CH2	CH3	      0.0000    0      0.0000 
CH2	CH2	CH2	CH3	    355.0300    1      0.0000 
CH2	CH2	CH2	CH3	    -68.1898    2    180.0000 
CH2	CH2	CH2	CH3	    791.3178    3      0.0000 
CH3	CH2	CH2	CH2	      0.0000    0      0.0000 
CH3	CH2	CH2	CH2	    355.0300    1      0.0000 
CH3	CH2	CH2	CH2	    -68.1898    2    180.0000 
CH3	CH2	CH2	CH2	    791.3178    3      0.0000 
CH2	CH2	CH2	CH2	      0.0000    0      0.0000 
CH2	CH2	CH2	CH2	    355.0300    1      0.0000 
CH2	CH2	CH2	CH2	    -68.1898    2    180.0000 
CH2	CH2	CH2	CH2	    791.3178    3      0.0000 
CH2	CH2	CH2	CH3	      0.0000    0      0.0000 
CH2	CH2	CH2	CH3	    355.0300    1      0.0000 
CH2	CH2	CH2	CH3	    -68.1898    2    180.0000 
CH2	CH2	CH2	CH3	    791.3178    3      0.0000 

NonBonded 1-4 parameters:
Type1  Type2             Epsilon(K)    Sigma(A)       N 
CH3    CH3                 121.2500      3.7830   16.00 
CH3    CH2                  86.0015      3.8865   16.00 
CH3    CH4                 139.7185      3.7615   15.00 
CH2    CH2                  61.0000      3.9900   16.00 
CH2    CH4                  99.1010      3.8650   15.00 
CH4    CH4                 161.0000      3.7400   14.00 

NonBonded parameters:
Type1  Type2             Epsilon(K)    Sigma(A)       N 
CH3    CH3                 121.2500      3.7830   16.00 
CH3    CH2                  86.0015      3.8865   16.00 
CH3    CH4                 139.7185      3.7615   15.00 
CH2    CH2                  61.0000      3.9900   16.00 
CH2    CH4                  99.1010      3.8650   15.00 
CH4    CH4                 161.0000      3.7400   14.00 

Info: Box  0:  Periodic Cell Basis 1     41.882   0.000   0.000 
Info: Box  0:  Periodic Cell Basis 2      0.000  41.882   0.000 
Info: Box  0:  Periodic Cell Basis 3      0.000   0.000  41.882 

Info: Box  1:  Periodic Cell Basis 1     302.127   0.000   0.000 
Info: Box  1:  Periodic Cell Basis 2      0.000 302.127   0.000 
Info: Box  1:  Periodic Cell Basis 3      0.000   0.000 302.127 

Minimum coordinates in box 0: x =   -7.060, y =   -7.487, z =   -5.958
Maximum coordinates in box 0: x =   46.112, y =   45.802, z =   48.318
Wrapping molecules inside the simulation box 0:
Minimum coordinates in box 1: x =   -0.022, y =    0.400, z =    0.615
Maximum coordinates in box 1: x =  301.776, y =  302.058, z =  301.934
Wrapping molecules inside the simulation box 1:

################################################################################
########################## INITIAL SIMULATION ENERGY ###########################

ETITLE:     STEP           TOTAL        INTRA(B)       INTRA(NB)       INTER(LJ)             LRC     TOTAL_ELECT            REAL           RECIP            SELF            CORR

ENER_0:        0     -7.1507e+05      8.5599e+05     -1.3278e+05     -1.3158e+06     -1.2249e+05      0.0000e+00      0.0000e+00      0.0000e+00      0.0000e+00     -0.0000e+00

ENER_1:        0      1.0627e+04      1.3684e+04     -1.6427e+03     -1.3547e+03     -5.9204e+01      0.0000e+00      0.0000e+00      0.0000e+00      0.0000e+00     -0.0000e+00

STITLE:     STEP          VOLUME        TOTALMOL    MOLFRAC_C16P     MOLFRAC_C1P     MOLFRAC_C2P     MOLFRAC_C3P     MOLFRAC_C4P     MOLFRAC_C5P     MOLFRAC_C6P     MOLFRAC_C7P     MOLFRAC_C8P    MOLDENS_C16P     MOLDENS_C1P     MOLDENS_C2P     MOLDENS_C3P     MOLDENS_C4P     MOLDENS_C5P     MOLDENS_C6P     MOLDENS_C7P     MOLDENS_C8P     TOT_DENSITY

STAT_0:        0      7.3465e+04             150  1.00000000e+00  0.00000000e+00  0.00000000e+00  0.00000000e+00  0.00000000e+00  0.00000000e+00  0.00000000e+00  0.00000000e+00  0.00000000e+00  2.04178036e-03  0.00000000e+00  0.00000000e+00  0.00000000e+00  0.00000000e+00  0.00000000e+00  0.00000000e+00  0.00000000e+00  0.00000000e+00      7.6776e+02

STAT_1:        0      2.7578e+07             650  0.00000000e+00  8.92307692e-01  7.69230769e-02  1.53846154e-02  3.07692308e-03  3.07692308e-03  3.07692308e-03  3.07692308e-03  3.07692308e-03  0.00000000e+00  2.10309736e-05  1.81301497e-06  3.62602993e-07  7.25205987e-08  7.25205987e-08  7.25205987e-08  7.25205987e-08  7.25205987e-08      7.2923e-01

################################################################################
############################# STARTING SIMULATION ##############################

MTITLE:     STEP          DISTRY       DISACCEPT      DISACCEPT%          DISMAX          ROTATE       ROTACCEPT      ROTACCEPT%          ROTMAX        REGROWTH    REGROWACCEPT   REGROWACCEPT%      CRANKSHAFT  CRKSHAFTACCEPT CRKSHAFTACCEPT%        TRANSFER      TRANACCEPT     TRANACCEPT%     MOLEXCHANGE     MOLEXACCEPT    MOLEXACCEPT%          VOLUME       VOLACCEPT      VOLACCEPT%          VOLMAX

ETITLE:     STEP           TOTAL        INTRA(B)       INTRA(NB)       INTER(LJ)             LRC     TOTAL_ELECT            REAL           RECIP            SELF            CORR

STITLE:     STEP          VOLUME        TOTALMOL    MOLFRAC_C16P     MOLFRAC_C1P     MOLFRAC_C2P     MOLFRAC_C3P     MOLFRAC_C4P     MOLFRAC_C5P     MOLFRAC_C6P     MOLFRAC_C7P     MOLFRAC_C8P    MOLDENS_C16P     MOLDENS_C1P     MOLDENS_C2P     MOLDENS_C3P     MOLDENS_C4P     MOLDENS_C5P     MOLDENS_C6P     MOLDENS_C7P     MOLDENS_C8P     TOT_DENSITY

Printed combined psf to file PRDUCTION_merged.psf
MOVE_0:   100000           14692            1085      7.3850e+00      1.7163e-02            4883             335      6.8605e+00      7.3540e-03            4986              70      1.4039e+00            5076             548      1.0796e+01           10003              10      9.9970e-02           20000              57      2.8500e-01             473             243      5.1374e+01      4.4906e+02

ENER_0:   100000     -7.2460e+05      8.5150e+05     -1.3333e+05     -1.3208e+06     -1.2200e+05      0.0000e+00      0.0000e+00      0.0000e+00      0.0000e+00      0.0000e+00

STAT_0:   100000      7.3849e+04             151  9.93377483e-01  6.62251656e-03  0.00000000e+00  0.00000000e+00  0.00000000e+00  0.00000000e+00  0.00000000e+00  0.00000000e+00  0.00000000e+00  2.03118124e-03  1.35412083e-05  0.00000000e+00  0.00000000e+00  0.00000000e+00  0.00000000e+00  0.00000000e+00  0.00000000e+00  0.00000000e+00      7.6414e+02

MOVE_1:   100000           14923           12930      8.6645e+01      1.2975e+02            4589            3992      8.6991e+01      2.5307e+00            4862            3340      6.8696e+01            4924            4052      8.2291e+01           10049               9      8.9561e-02           20000              57      2.8500e-01             540             444      8.2222e+01      3.8238e+06

ENER_1:   100000      1.2260e+04      1.5706e+04     -1.5940e+03     -1.7862e+03     -6.5444e+01      0.0000e+00      0.0000e+00      0.0000e+00      0.0000e+00      0.0000e+00

STAT_1:   100000      2.4881e+07             649  0.00000000e+00  8.92141757e-01  7.70416025e-02  1.54083205e-02  3.08166410e-03  3.08166410e-03  3.08166410e-03  3.08166410e-03  3.08166410e-03  0.00000000e+00  2.32710583e-05  2.00959052e-06  4.01918105e-07  8.03836209e-08  8.03836209e-08  8.03836209e-08  8.03836209e-08  8.03836209e-08      8.0723e-01

Steps/sec: 1285.116, Simulation ends in:   0 d:   0 h:  12 m 

MOVE_0:   200000           29479            4001      1.3572e+01      2.1532e-02            9510             836      8.7907e+00      7.5651e-03           10083             161      1.5967e+00           10043            1067      1.0624e+01           20040              19      9.4810e-02           40025             286      7.1455e-01             983             512      5.2085e+01      8.5304e+02

ENER_0:   200000     -7.1560e+05      8.5270e+05     -1.3309e+05     -1.3123e+06     -1.2294e+05      0.0000e+00      0.0000e+00      0.0000e+00      0.0000e+00      0.0000e+00

STAT_0:   200000      7.3199e+04             150  1.00000000e+00  0.00000000e+00  0.00000000e+00  0.00000000e+00  0.00000000e+00  0.00000000e+00  0.00000000e+00  0.00000000e+00  0.00000000e+00  2.04921850e-03  0.00000000e+00  0.00000000e+00  0.00000000e+00  0.00000000e+00  0.00000000e+00  0.00000000e+00  0.00000000e+00  0.00000000e+00      7.7056e+02

MOVE_1:   200000           30084           26022      8.6498e+01      1.3254e+02            8987            7779      8.6558e+01      2.5307e+00            9816            6719      6.8449e+01            9875            8204      8.3078e+01           20046              19      9.4782e-02           40025             286      7.1455e-01            1029             683      6.6375e+01      1.8899e+06

ENER_1:   200000      1.1034e+04      1.3621e+04     -1.5967e+03     -9.2819e+02     -6.1571e+01      0.0000e+00      0.0000e+00      0.0000e+00      0.0000e+00      0.0000e+00

STAT_1:   200000      2.6518e+07             650  0.00000000e+00  8.92307692e-01  7.69230769e-02  1.53846154e-02  3.07692308e-03  3.07692308e-03  3.07692308e-03  3.07692308e-03  3.07692308e-03  0.00000000e+00  2.18718435e-05  1.88550375e-06  3.77100750e-07  7.54201499e-08  7.54201499e-08  7.54201499e-08  7.54201499e-08  7.54201499e-08      7.5839e-01

Steps/sec: 1186.786, Simulation ends in:   0 d:   0 h:  11 m 

MOVE_0:   300000           44216            5558      1.2570e+01      1.5498e-02           14340            1186      8.2706e+00      5.3557e-03           15050             258      1.7143e+00           15088            1620      1.0737e+01           30008              29      9.6641e-02           60070             434      7.2249e-01            1440             749      5.2014e+01      4.9465e+02

ENER_0:   300000     -7.2500e+05      8.4395e+05     -1.3217e+05     -1.3141e+06     -1.2271e+05      0.0000e+00      0.0000e+00      0.0000e+00      0.0000e+00      0.0000e+00

STAT_0:   300000      7.3333e+04             150  1.00000000e+00  0.00000000e+00  0.00000000e+00  0.00000000e+00  0.00000000e+00  0.00000000e+00  0.00000000e+00  0.00000000e+00  0.00000000e+00  2.04546446e-03  0.00000000e+00  0.00000000e+00  0.00000000e+00  0.00000000e+00  0.00000000e+00  0.00000000e+00  0.00000000e+00  0.00000000e+00      7.6915e+02

MOVE_1:   300000           44994           38880      8.6412e+01      1.3309e+02           13387           11616      8.6771e+01      2.5307e+00           14859           10219      6.8773e+01           14894           12402      8.3268e+01           30114              29      9.6301e-02           60070             434      7.2249e-01            1540             957      6.2143e+01      1.8031e+06

ENER_1:   300000      1.2813e+04      1.5293e+04     -1.6665e+03     -7.5184e+02     -6.0808e+01      0.0000e+00      0.0000e+00      0.0000e+00      0.0000e+00      0.0000e+00

STAT_1:   300000      2.6851e+07             650  0.00000000e+00  8.92307692e-01  7.69230769e-02  1.53846154e-02  3.07692308e-03  3.07692308e-03  3.07692308e-03  3.07692308e-03  3.07692308e-03  0.00000000e+00  2.16006550e-05  1.86212543e-06  3.72425086e-07  7.44850172e-08  7.44850172e-08  7.44850172e-08  7.44850172e-08  7.44850172e-08      7.4899e-01

Steps/sec: 1245.794, Simulation ends in:   0 d:   0 h:  10 m 

MOVE_0:   400000           58523            7692      1.3144e+01      1.9399e-02           19421            1805      9.2941e+00      1.3606e-02           20106             398      1.9795e+00           20152            2413      1.1974e+01           39925              42      1.0520e-01           80074             493      6.1568e-01            1945            1006      5.1722e+01      3.8373e+02

ENER_0:   400000     -7.1885e+05      8.5803e+05     -1.3176e+05     -1.3219e+06     -1.2316e+05      0.0000e+00      0.0000e+00      0.0000e+00      0.0000e+00      0.0000e+00

STAT_0:   400000      7.3565e+04             151  9.93377483e-01  0.00000000e+00  0.00000000e+00  0.00000000e+00  0.00000000e+00  0.00000000e+00  0.00000000e+00  0.00000000e+00  6.62251656e-03  2.03900428e-03  0.00000000e+00  0.00000000e+00  0.00000000e+00  0.00000000e+00  0.00000000e+00  0.00000000e+00  0.00000000e+00  1.35933618e-05      7.6930e+02

MOVE_1:   400000           60290           52070      8.6366e+01      1.3350e+02           17792           15415      8.6640e+01      2.5307e+00           19823           13639      6.8804e+01           19827           16459      8.3013e+01           40040              41      1.0240e-01           80074             493      6.1568e-01            2082            1238      5.9462e+01      2.9015e+06

ENER_1:   400000      8.4343e+03      1.1171e+04     -1.1842e+03     -1.4928e+03     -5.9279e+01      0.0000e+00      0.0000e+00      0.0000e+00      0.0000e+00      0.0000e+00

STAT_1:   400000      2.7104e+07             649  0.00000000e+00  8.93682589e-01  7.70416025e-02  1.54083205e-02  3.08166410e-03  3.08166410e-03  3.08166410e-03  3.08166410e-03  1.54083205e-03  0.00000000e+00  2.13988191e-05  1.84472578e-06  3.68945157e-07  7.37890314e-08  7.37890314e-08  7.37890314e-08  7.37890314e-08  3.68945157e-08      7.3499e-01

Steps/sec: 1083.285, Simulation ends in:   0 d:   0 h:   9 m 

MOVE_0:   500000           73180           10198      1.3936e+01      1.5011e-02           24423            2619      1.0723e+01      1.7909e-02           25075             533      2.1256e+00           25202            3431      1.3614e+01           50010              50      9.9980e-02           99768             507      5.0818e-01            2463            1286      5.2213e+01      5.1302e+02

ENER_0:   500000     -7.1978e+05      8.5940e+05     -1.3218e+05     -1.3234e+06     -1.2362e+05      0.0000e+00      0.0000e+00      0.0000e+00      0.0000e+00      0.0000e+00

STAT_0:   500000      7.3290e+04             151  9.93377483e-01  0.00000000e+00  0.00000000e+00  0.00000000e+00  0.00000000e+00  0.00000000e+00  0.00000000e+00  0.00000000e+00  6.62251656e-03  2.04665060e-03  0.00000000e+00  0.00000000e+00  0.00000000e+00  0.00000000e+00  0.00000000e+00  0.00000000e+00  0.00000000e+00  1.36443373e-05      7.7218e+02

MOVE_1:   500000           75284           65127      8.6508e+01      1.3281e+02           22327           19388      8.6837e+01      2.5307e+00           24878           17080      6.8655e+01           24862           20655      8.3079e+01           49952              49      9.8094e-02           99768             507      5.0818e-01            2576            1496      5.8075e+01      1.7328e+06

ENER_1:   500000      1.1506e+04      1.3873e+04     -1.2398e+03     -1.0672e+03     -6.0216e+01      0.0000e+00      0.0000e+00      0.0000e+00      0.0000e+00      0.0000e+00

STAT_1:   500000      2.6683e+07             649  0.00000000e+00  8.93682589e-01  7.70416025e-02  1.54083205e-02  3.08166410e-03  3.08166410e-03  3.08166410e-03  3.08166410e-03  1.54083205e-03  0.00000000e+00  2.17370094e-05  1.87388012e-06  3.74776023e-07  7.49552047e-08  7.49552047e-08  7.49552047e-08  7.49552047e-08  3.74776023e-08      7.4661e-01

Steps/sec: 990.669, Simulation ends in:   0 d:   0 h:   8 m 

MOVE_0:   600000           87732           12515      1.4265e+01      2.8925e-02           29337            3185      1.0857e+01      1.9138e-02           30066             705      2.3448e+00           30134            4432      1.4708e+01           59891              57      9.5173e-02          119723             515      4.3016e-01            2970            1552      5.2256e+01      6.7091e+02

ENER_0:   600000     -7.2851e+05      8.4390e+05     -1.3213e+05     -1.3170e+06     -1.2327e+05      0.0000e+00      0.0000e+00      0.0000e+00      0.0000e+00      0.0000e+00

STAT_0:   600000      7.3503e+04             151  9.93377483e-01  0.00000000e+00  0.00000000e+00  0.00000000e+00  0.00000000e+00  0.00000000e+00  0.00000000e+00  0.00000000e+00  6.62251656e-03  2.04072089e-03  0.00000000e+00  0.00000000e+00  0.00000000e+00  0.00000000e+00  0.00000000e+00  0.00000000e+00  0.00000000e+00  1.36048059e-05      7.6994e+02

MOVE_1:   600000           90621           78435      8.6553e+01      1.3218e+02           26806           23266      8.6794e+01      2.5307e+00           29841           20460      6.8563e+01           29936           24849      8.3007e+01           59903              56      9.3484e-02          119723             515      4.3016e-01            3040            1739      5.7204e+01      3.1951e+06

ENER_1:   600000      1.4949e+04      1.7048e+04     -1.2889e+03     -7.4908e+02     -6.1084e+01      0.0000e+00      0.0000e+00      0.0000e+00      0.0000e+00      0.0000e+00

STAT_1:   600000      2.6303e+07             649  0.00000000e+00  8.93682589e-01  7.70416025e-02  1.54083205e-02  3.08166410e-03  3.08166410e-03  3.08166410e-03  3.08166410e-03  1.54083205e-03  0.00000000e+00  2.20505049e-05  1.90090560e-06  3.80181120e-07  7.60362239e-08  7.60362239e-08  7.60362239e-08  7.60362239e-08  3.80181120e-08      7.5737e-01

Steps/sec: 1017.615, Simulation ends in:   0 d:   0 h:   6 m 

MOVE_0:   700000          102221           14665      1.4346e+01      2.3022e-02           34262            3808      1.1114e+01      7.4503e-03           35204             871      2.4742e+00           35097            5405      1.5400e+01           69922              69      9.8681e-02          139653             536      3.8381e-01            3489            1819      5.2135e+01      7.5778e+02

ENER_0:   700000     -7.4223e+05      8.3926e+05     -1.3217e+05     -1.3256e+06     -1.2374e+05      0.0000e+00      0.0000e+00      0.0000e+00      0.0000e+00      0.0000e+00

STAT_0:   700000      7.3165e+04             151  9.93377483e-01  0.00000000e+00  0.00000000e+00  0.00000000e+00  0.00000000e+00  0.00000000e+00  0.00000000e+00  6.62251656e-03  0.00000000e+00  2.05017144e-03  0.00000000e+00  0.00000000e+00  0.00000000e+00  0.00000000e+00  0.00000000e+00  0.00000000e+00  1.36678096e-05  0.00000000e+00      7.7319e+02

MOVE_1:   700000          105687           91371      8.6454e+01      1.3091e+02           31304           27168      8.6788e+01      2.5307e+00           34809           23941      6.8778e+01           35004           29094      8.3116e+01           69839              68      9.7367e-02          139653             536      3.8381e-01            3509            1979      5.6398e+01      2.9878e+06

ENER_1:   700000      1.1341e+04      1.4542e+04     -1.1955e+03     -1.9426e+03     -6.2991e+01      0.0000e+00      0.0000e+00      0.0000e+00      0.0000e+00      0.0000e+00

STAT_1:   700000      2.5556e+07             649  0.00000000e+00  8.93682589e-01  7.70416025e-02  1.54083205e-02  3.08166410e-03  3.08166410e-03  3.08166410e-03  1.54083205e-03  3.08166410e-03  0.00000000e+00  2.26950762e-05  1.95647208e-06  3.91294417e-07  7.82588833e-08  7.82588833e-08  7.82588833e-08  3.91294417e-08  7.82588833e-08      7.8043e-01

Steps/sec: 988.318, Simulation ends in:   0 d:   0 h:   5 m 

MOVE_0:   800000          116939           16550      1.4153e+01      1.5898e-02           39004            4268      1.0942e+01      5.9099e-03           40131             961      2.3947e+00           40099            5982      1.4918e+01           79976              89      1.1128e-01          159544             769      4.8200e-01            3961            2061      5.2032e+01      5.8355e+02

ENER_0:   800000     -7.4438e+05      8.3239e+05     -1.3213e+05     -1.3218e+06     -1.2282e+05      0.0000e+00      0.0000e+00      0.0000e+00      0.0000e+00      0.0000e+00

STAT_0:   800000      7.3645e+04             153  9.80392157e-01  1.30718954e-02  0.00000000e+00  6.53594771e-03  0.00000000e+00  0.00000000e+00  0.00000000e+00  0.00000000e+00  0.00000000e+00  2.03679846e-03  2.71573128e-05  0.00000000e+00  1.35786564e-05  0.00000000e+00  0.00000000e+00  0.00000000e+00  0.00000000e+00  0.00000000e+00      7.6761e+02

MOVE_1:   800000          120843          104534      8.6504e+01      1.3154e+02           35753           30991      8.6681e+01      2.5307e+00           39870           27381      6.8676e+01           40049           33240      8.2998e+01           79843              86      1.0771e-01          159544             769      4.8200e-01            3988            2234      5.6018e+01      1.9891e+06

ENER_1:   800000      1.3238e+04      1.5912e+04     -1.6087e+03     -1.0037e+03     -6.2225e+01      0.0000e+00      0.0000e+00      0.0000e+00      0.0000e+00      0.0000e+00

STAT_1:   800000      2.5927e+07             647  0.00000000e+00  8.93353941e-01  7.72797527e-02  1.39103555e-02  3.09119011e-03  3.09119011e-03  3.09119011e-03  3.09119011e-03  3.09119011e-03  0.00000000e+00  2.22933836e-05  1.92849339e-06  3.47128811e-07  7.71397357e-08  7.71397357e-08  7.71397357e-08  7.71397357e-08  7.71397357e-08      7.7080e-01

Steps/sec: 1193.039, Simulation ends in:   0 d:   0 h:   3 m 

MOVE_0:   900000          131576           18996      1.4437e+01      1.7352e-02           43714            4744      1.0852e+01      5.6905e-03           45135            1065      2.3596e+00           45089            6564      1.4558e+01           89928             112      1.2454e-01          179693            1143      6.3608e-01            4471            2346      5.2471e+01      4.6591e+02

ENER_0:   900000     -7.3723e+05      8.4184e+05     -1.3127e+05     -1.3245e+06     -1.2330e+05      0.0000e+00      0.0000e+00      0.0000e+00      0.0000e+00      0.0000e+00

STAT_0:   900000      7.3298e+04             153  9.80392157e-01  1.30718954e-02  6.53594771e-03  0.00000000e+00  0.00000000e+00  0.00000000e+00  0.00000000e+00  0.00000000e+00  0.00000000e+00  2.04645133e-03  2.72860177e-05  1.36430089e-05  0.00000000e+00  0.00000000e+00  0.00000000e+00  0.00000000e+00  0.00000000e+00  0.00000000e+00      7.7093e+02

MOVE_1:   900000          135992          117619      8.6490e+01      1.3069e+02           40161           34781      8.6604e+01      2.5307e+00           44638           30690      6.8753e+01           45009           37407      8.3110e+01           90053             109      1.2104e-01          179693            1143      6.3608e-01            4541            2526      5.5627e+01      2.4743e+06

ENER_1:   900000      1.0663e+04      1.2792e+04     -1.4232e+03     -6.4203e+02     -6.3569e+01      0.0000e+00      0.0000e+00      0.0000e+00      0.0000e+00      0.0000e+00

STAT_1:   900000      2.5428e+07             647  0.00000000e+00  8.93353941e-01  7.57341577e-02  1.54559505e-02  3.09119011e-03  3.09119011e-03  3.09119011e-03  3.09119011e-03  3.09119011e-03  0.00000000e+00  2.27311311e-05  1.92703360e-06  3.93272164e-07  7.86544327e-08  7.86544327e-08  7.86544327e-08  7.86544327e-08  7.86544327e-08      7.8685e-01

Steps/sec: 1175.386, Simulation ends in:   0 d:   0 h:   2 m 

MOVE_0:  1000000          146602           23297      1.5891e+01      2.0120e-02           48288            5536      1.1465e+01      4.8051e-03           50219            1264      2.5170e+00           50129            7191      1.4345e+01           99841             130      1.3021e-01          199501            1948      9.7644e-01            4988            2615      5.2426e+01      5.6712e+02

ENER_0:  1000000     -7.2584e+05      8.4316e+05     -1.3117e+05     -1.3153e+06     -1.2253e+05      0.0000e+00      0.0000e+00      0.0000e+00      0.0000e+00      0.0000e+00

STAT_0:  1000000      7.3756e+04             153  9.80392157e-01  1.30718954e-02  6.53594771e-03  0.00000000e+00  0.00000000e+00  0.00000000e+00  0.00000000e+00  0.00000000e+00  0.00000000e+00  2.03372235e-03  2.71162980e-05  1.35581490e-05  0.00000000e+00  0.00000000e+00  0.00000000e+00  0.00000000e+00  0.00000000e+00  0.00000000e+00      7.6613e+02

MOVE_1:  1000000          151097          130677      8.6486e+01      1.3583e+02           44708           38718      8.6602e+01      2.5307e+00           49694           34143      6.8706e+01           49956           41516      8.3105e+01           99926             127      1.2709e-01          199501            1948      9.7644e-01            5051            2787      5.5177e+01      2.5515e+06

ENER_1:  1000000      1.1857e+04      1.5128e+04     -1.4082e+03     -1.8062e+03     -5.6632e+01      0.0000e+00      0.0000e+00      0.0000e+00      0.0000e+00      0.0000e+00

STAT_1:  1000000      2.8542e+07             647  0.00000000e+00  8.93353941e-01  7.57341577e-02  1.54559505e-02  3.09119011e-03  3.09119011e-03  3.09119011e-03  3.09119011e-03  3.09119011e-03  0.00000000e+00  2.02506683e-05  1.71675215e-06  3.50357583e-07  7.00715165e-08  7.00715165e-08  7.00715165e-08  7.00715165e-08  7.00715165e-08      7.0099e-01

Simulation Time (total): 8.9373e+02 sec.

Move Type                Mol. Kind      BOX_0      BOX_1      
% Accepted Displacement        C16P    49.14604    0.00000 
% Accepted Displacement        C1P     39.07131   98.83447 
% Accepted Displacement        C2P     15.06858   97.85919 
% Accepted Displacement        C3P      3.85892   97.47972 
% Accepted Displacement        C4P      1.20482   96.65054 
% Accepted Displacement        C5P      0.89275   96.48090 
% Accepted Displacement        C6P      0.70961   95.93684 
% Accepted Displacement        C7P      5.72507   95.47900 
% Accepted Displacement        C8P     24.33246   94.42118 
% Accepted Rotation            C16P    50.98714    0.00000 
% Accepted Rotation            C1P      0.00000    0.00000 
% Accepted Rotation            C2P     16.19469   99.66150 
% Accepted Rotation            C3P      3.43745   99.46572 
% Accepted Rotation            C4P      1.33577   99.06772 
% Accepted Rotation            C5P      0.86409   98.99909 
% Accepted Rotation            C6P      0.69508   98.53553 
% Accepted Rotation            C7P      5.27434   98.41356 
% Accepted Rotation            C8P     20.69709   97.97285 
% Accepted Volume-Transfer             52.42582   55.17719 
% Accepted Regrowth            C16P     9.94893    0.00000 
% Accepted Regrowth            C1P      0.10866   98.80087 
% Accepted Regrowth            C2P      5.01006   99.75979 
% Accepted Regrowth            C3P      0.32573   80.35682 
% Accepted Regrowth            C4P      0.35461   75.77855 
% Accepted Regrowth            C5P      0.18090   70.76532 
% Accepted Regrowth            C6P      0.08945   66.86800 
% Accepted Regrowth            C7P      0.93739   63.69122 
% Accepted Regrowth            C8P      5.57833   63.26902 
% Accepted Crank-Shaft         C16P    91.53255    0.00000 
% Accepted Crank-Shaft         C1P      0.19870   98.90969 
% Accepted Crank-Shaft         C2P      4.92769   99.85444 
% Accepted Crank-Shaft         C3P      0.12516   80.57502 
% Accepted Crank-Shaft         C4P      0.93656   95.48063 
% Accepted Crank-Shaft         C5P      0.52994   94.49176 
% Accepted Crank-Shaft         C6P      0.49587   93.31789 
% Accepted Crank-Shaft         C7P      4.60779   93.80150 
% Accepted Crank-Shaft         C8P     26.85624   93.68557 
% Accepted MEMC          C8P - C7P      0.12635    0.12635 
% Accepted MEMC          C7P - C6P      0.10208    0.10208 
% Accepted MEMC          C6P - C5P      0.01748    0.01748 
% Accepted MEMC          C5P - C4P      0.12194    0.12194 
% Accepted MEMC          C4P - C3P      0.38975    0.38975 
% Accepted MEMC          C3P - C2P      2.05053    2.05053 
% Accepted MEMC          C2P - C1P      4.02640    4.02640 
% Accepted Mol-Transfer        C16P     0.00000    0.00000 
% Accepted Mol-Transfer        C1P      0.84207    0.90844 
% Accepted Mol-Transfer        C2P      0.28115    0.22582 
% Accepted Mol-Transfer        C3P      0.02729    0.00898 
% Accepted Mol-Transfer        C4P      0.00908    0.00000 
% Accepted Mol-Transfer        C5P      0.00000    0.00000 
% Accepted Mol-Transfer        C6P      0.00000    0.00000 
% Accepted Mol-Transfer        C7P      0.00894    0.00000 
% Accepted Mol-Transfer        C8P      0.00000    0.00000 

Displacement:                           28.1098    sec.
Rotation:                                9.6405    sec.
Intra-Swap:                              0.0000    sec.
Regrowth:                               75.7791    sec.
Intra-MEMC:                              0.0000    sec.
Crank-Shaft:                            68.2409    sec.
Mol-Transfer:                          328.0702    sec.
MEMC:                                   48.8108    sec.
Vol-Transfer:                          333.3997    sec.

Info: GOMC Version 2.31
Info: Completed at: Tue Feb 26 14:44:13 2019
Info: On hostname: potoff39.eng.wayne.edu
