Info: GOMC Version 2.40
Info: Start Time: Fri May 17 16:33:52 2019
Info: Host Name: wsu22
CPU information:
Info: Total number of CPUs: 12
Info: Total number of CPUs available: 12
Info: Model name: AMD Opteron(tm) Processor 4332 HE
Info: System name: Linux
Info: Release: 3.10.0-957.5.1.el7.x86_64
Info: Version: #1 SMP Fri Feb 1 14:54:57 UTC 2019
Info: Kernel Architecture: x86_64
Info: Total Ram: 96496.2MB
Info: Used Ram: 5869.5MB
Info: Working in the current directory: /wsu/home/fe/fe18/fe1855/clone/GOMC_Examples/GCMC/water
Info: GOMC COMPILED TO RUN GRAND CANONICAL ENSEMBLE.
Info: Number of threads                  4 

Reading Input File:                      in.conf
Info: Constant seed                      Active 
Info: PARAMETER file                     CHARMM format! 
Info: Input Temperature                  700.0000 K
Info: Non-truncated potential            Active 
Info: Long Range Correction              Active 
Info: Cutoff                             10.0000 A
Info: Short Range Cutoff                 1.0000 A
Info: Exclude                            ONE-FOUR 
Info: Box  0  CutoffCoulomb              10.0000 A
Info: Ewald Summation                    Active 
Info: Cache Ewald Fourier                Inactive 
Info: Ewald Summation Tolerance          1.000E-05 
Info: Pressure calculation               Inactive 
Info: Total number of steps              1000000 
Info: Number of equilibration steps      100000 
Info: Move adjustment frequency          1000 
Info: Displacement move frequency        0.2000 
Info: Rotation move frequency            0.1000 
Info: Molecule swap move frequency       0.6000 
Info: Regrowth move frequency            0.1000 
Info: CBMC First atom trials             10   
Info: CBMC Secondary atom trials         4    
Info: CBMC Angle trials                  100  
Info: CBMC Dihedral trials               30   
Info: Chemical potential                 SPC    -4200.0000 K
Info: Output name                        SPCE_700_00_K_u_4200 
Info: Coordinate frequency               100000 
Info: Restart frequency                  1000000 
Info: Console output frequency           10000 
Info: Average output frequency           100000 
Info: Histogram output frequency         100000 
Info: Histogram sample frequency         200 
Default: Intra-Swap move frequency       0.0000 
Default: Intra-MEMC move frequency       0.0000 
Default: Crank-Shaft move frequency      0.0000 
Default: MEMC move frequency             0.0000 
Default: Box  1  CutoffCoulomb           10.0000 A
Finished Reading Input File:             in.conf

Reading from CHARMM-Style parameter file:  	../../common/Par_SPCE_Charmm.inp
Reading BONDS parameters.
Reading ANGLES parameters.
Reading DIHEDRALS parameters.
Reading NONBONDED parameters.
Finished reading CHARMM-Style parameter file:  	../../common/Par_SPCE_Charmm.inp
Reading from box 0 PDB coordinate file:  	STEP3_START_test_BOX_0.pdb
Finished reading box 0 PDB coordinate file:  	STEP3_START_test_BOX_0.pdb
Reading from box 1 PDB coordinate file:  	STEP3_START_test_BOX_reserv.pdb
Finished reading box 1 PDB coordinate file:  	STEP3_START_test_BOX_reserv.pdb
Random number seed: 800

Molecules in PSF:
Molecule Kind: SPC
Idx	name	type	charge	mass
0	H1	HT	0.4238	1.0080
1	OH2	OT	-0.8476	15.9994
2	H2	HT	0.4238	1.0080

Bonds:
[0 1] [1 2] 

Angles:
[0 1 2] 

Dihedrals:

Bonds parameter:
Atom Types                             Kb(K)           b0(A) 
HT	OT	                         FIX           1.0000 
OT	HT	                         FIX           1.0000 

Angles parameter:
Atom Types                         Ktheta(K)         theta0(degree) 
HT	OT	HT	                 FIX         109.5000 

Dihedrals parameter:
Atom Types                           Kchi(K)    n    delta(degree) 

NonBonded 1-4 parameters:
Type1  Type2             Epsilon(K)    Sigma(A)       N 
HT     HT                    0.0000      0.0000   12.00 
HT     OT                    0.0000      0.0000   12.00 
OT     OT                    0.0000      0.0000   12.00 

NonBonded parameters:
Type1  Type2             Epsilon(K)    Sigma(A)       N 
HT     HT                    0.0000      0.0000   12.00 
HT     OT                   -0.0000      1.5835   12.00 
OT     OT                   78.2054      3.1670   12.00 

Info: Box  0:  Periodic Cell Basis 1     21.000   0.000   0.000 
Info: Box  0:  Periodic Cell Basis 2      0.000  21.000   0.000 
Info: Box  0:  Periodic Cell Basis 3      0.000   0.000  21.000 

Info: Box  1:  Periodic Cell Basis 1     21.000   0.000   0.000 
Info: Box  1:  Periodic Cell Basis 2      0.000  21.000   0.000 
Info: Box  1:  Periodic Cell Basis 3      0.000   0.000  21.000 

Minimum coordinates in box 0: x =    0.104, y =    0.102, z =    0.104
Maximum coordinates in box 0: x =   20.000, y =   20.000, z =   20.000
Wrapping molecules inside the simulation box 0:
Minimum coordinates in box 1: x =    0.100, y =    0.097, z =    0.100
Maximum coordinates in box 1: x =   19.999, y =   19.999, z =   20.000
Wrapping molecules inside the simulation box 1:
Box: 0, RecipVectors:    967, kmax: 8

################################################################################
########################## INITIAL SIMULATION ENERGY ###########################

ETITLE:     STEP           TOTAL        INTRA(B)       INTRA(NB)       INTER(LJ)             LRC     TOTAL_ELECT            REAL           RECIP            SELF            CORR

ENER_0:        0      1.1492e+07      0.0000e+00      0.0000e+00      1.1506e+07     -4.4598e+03     -9.9769e+03      2.0888e+04      1.2660e+05     -8.6129e+06      8.4554e+06

ENER_1:        0      0.0000e+00      0.0000e+00      0.0000e+00      0.0000e+00      0.0000e+00      0.0000e+00      0.0000e+00      0.0000e+00      0.0000e+00     -0.0000e+00

STITLE:     STEP        TOTALMOL

STAT_0:        0             250

STAT_1:        0             600

################################################################################
############################# STARTING SIMULATION ##############################

MTITLE:     STEP          DISTRY       DISACCEPT      DISACCEPT%          DISMAX          ROTATE       ROTACCEPT      ROTACCEPT%          ROTMAX        REGROWTH    REGROWACCEPT   REGROWACCEPT%        TRANSFER      TRANACCEPT     TRANACCEPT%

ETITLE:     STEP           TOTAL        INTRA(B)       INTRA(NB)       INTER(LJ)             LRC     TOTAL_ELECT            REAL           RECIP            SELF            CORR

STITLE:     STEP        TOTALMOL

Printed combined psf to file SPCE_700_00_K_u_4200_merged.psf
MOVE_0:    10000            1984             832      4.1935e+01      4.3001e-01             963             504      5.2336e+01      1.1315e+00            1019             303      2.9735e+01            3009             632      2.1004e+01

ENER_0:    10000     -4.2058e+05      0.0000e+00      0.0000e+00      5.0173e+04     -1.7366e+03     -4.6902e+05     -4.0532e+05      3.4397e+04     -5.3744e+06      5.2763e+06

STAT_0:    10000             156

MOVE_1:    10000            3025             726      2.4000e+01

ENER_1:    10000      0.0000e+00      0.0000e+00      0.0000e+00      0.0000e+00      0.0000e+00      0.0000e+00      0.0000e+00      0.0000e+00      0.0000e+00      0.0000e+00

STAT_1:    10000             694

Steps/sec: 1479.659, Simulation ends in:   0 d:   0 h:  12 m 

MOVE_0:    20000            3965            1809      4.5624e+01      3.5994e-01            1939            1000      5.1573e+01      1.2145e+00            1993             547      2.7446e+01            6073            1216      2.0023e+01

ENER_0:    20000     -4.7020e+05      0.0000e+00      0.0000e+00      6.5057e+04     -2.2104e+03     -5.3305e+05     -4.5185e+05      2.9474e+04     -6.0635e+06      5.9528e+06

STAT_0:    20000             176

MOVE_1:    20000            6030            1290      2.1393e+01

ENER_1:    20000      0.0000e+00      0.0000e+00      0.0000e+00      0.0000e+00      0.0000e+00      0.0000e+00      0.0000e+00      0.0000e+00      0.0000e+00      0.0000e+00

STAT_1:    20000             674

Steps/sec: 1498.211, Simulation ends in:   0 d:   0 h:  11 m 

MOVE_0:    30000            6029            2843      4.7155e+01      3.4515e-01            2935            1498      5.1039e+01      1.0615e+00            3013             835      2.7713e+01            9029            1742      1.9293e+01

ENER_0:    30000     -5.4529e+05      0.0000e+00      0.0000e+00      8.6845e+04     -2.4159e+03     -6.2972e+05     -5.4375e+05      2.9728e+04     -6.3391e+06      6.2234e+06

STAT_0:    30000             184

MOVE_1:    30000            8994            1808      2.0102e+01

ENER_1:    30000      0.0000e+00      0.0000e+00      0.0000e+00      0.0000e+00      0.0000e+00      0.0000e+00      0.0000e+00      0.0000e+00      0.0000e+00      0.0000e+00

STAT_1:    30000             666

Steps/sec: 1399.529, Simulation ends in:   0 d:   0 h:  12 m 

MOVE_0:    40000            7991            3847      4.8142e+01      4.1439e-01            3970            2020      5.0882e+01      1.0790e+00            3982            1054      2.6469e+01           12050            2259      1.8747e+01

ENER_0:    40000     -5.7440e+05      0.0000e+00      0.0000e+00      7.0616e+04     -2.5760e+03     -6.4244e+05     -5.5274e+05      2.9772e+04     -6.5458e+06      6.4263e+06

STAT_0:    40000             190

MOVE_1:    40000           12007            2319      1.9314e+01

ENER_1:    40000      0.0000e+00      0.0000e+00      0.0000e+00      0.0000e+00      0.0000e+00      0.0000e+00      0.0000e+00      0.0000e+00      0.0000e+00      0.0000e+00

STAT_1:    40000             660

Steps/sec: 1356.773, Simulation ends in:   0 d:   0 h:  12 m 

MOVE_0:    50000            9943            4809      4.8366e+01      3.5365e-01            4958            2500      5.0424e+01      7.6985e-01            4969            1263      2.5418e+01           15079            2721      1.8045e+01

ENER_0:    50000     -6.5933e+05      0.0000e+00      0.0000e+00      1.0557e+05     -3.1170e+03     -7.6178e+05     -6.6463e+05      3.4265e+04     -7.2004e+06      7.0689e+06

STAT_0:    50000             209

MOVE_1:    50000           15051            2762      1.8351e+01

ENER_1:    50000      0.0000e+00      0.0000e+00      0.0000e+00      0.0000e+00      0.0000e+00      0.0000e+00      0.0000e+00      0.0000e+00      0.0000e+00      0.0000e+00

STAT_1:    50000             641

Steps/sec: 1307.718, Simulation ends in:   0 d:   0 h:  12 m 

MOVE_0:    60000           12031            5860      4.8708e+01      3.7374e-01            5958            3016      5.0621e+01      9.9052e-01            5988            1494      2.4950e+01           17969            3166      1.7619e+01

ENER_0:    60000     -6.1121e+05      0.0000e+00      0.0000e+00      7.0211e+04     -2.7693e+03     -6.7865e+05     -5.8188e+05      2.7094e+04     -6.7869e+06      6.6631e+06

STAT_0:    60000             197

MOVE_1:    60000           18054            3219      1.7830e+01

ENER_1:    60000      0.0000e+00      0.0000e+00      0.0000e+00      0.0000e+00      0.0000e+00      0.0000e+00      0.0000e+00      0.0000e+00      0.0000e+00      0.0000e+00

STAT_1:    60000             653

Steps/sec: 1365.957, Simulation ends in:   0 d:   0 h:  12 m 

MOVE_0:    70000           14015            6879      4.9083e+01      4.5909e-01            6970            3529      5.0631e+01      9.5400e-01            7019            1730      2.4647e+01           20908            3678      1.7591e+01

ENER_0:    70000     -5.3176e+05      0.0000e+00      0.0000e+00      7.6079e+04     -2.4422e+03     -6.0540e+05     -5.2290e+05      3.3831e+04     -6.3735e+06      6.2572e+06

STAT_0:    70000             185

MOVE_1:    70000           21088            3743      1.7749e+01

ENER_1:    70000      0.0000e+00      0.0000e+00      0.0000e+00      0.0000e+00      0.0000e+00      0.0000e+00      0.0000e+00      0.0000e+00      0.0000e+00      0.0000e+00

STAT_1:    70000             665

Steps/sec: 1406.141, Simulation ends in:   0 d:   0 h:  12 m 

MOVE_0:    80000           16039            7883      4.9149e+01      3.9957e-01            7938            4018      5.0617e+01      1.0204e+00            8070            1981      2.4548e+01           23939            4158      1.7369e+01

ENER_0:    80000     -5.8748e+05      0.0000e+00      0.0000e+00      9.1510e+04     -2.4687e+03     -6.7652e+05     -5.8568e+05      2.6116e+04     -6.4080e+06      6.2910e+06

STAT_0:    80000             186

MOVE_1:    80000           24014            4222      1.7581e+01

ENER_1:    80000      0.0000e+00      0.0000e+00      0.0000e+00      0.0000e+00      0.0000e+00      0.0000e+00      0.0000e+00      0.0000e+00      0.0000e+00      0.0000e+00

STAT_1:    80000             664

Steps/sec: 1355.765, Simulation ends in:   0 d:   0 h:  11 m 

MOVE_0:    90000           18003            8854      4.9181e+01      3.4179e-01            8939            4518      5.0543e+01      9.6387e-01            9125            2230      2.4438e+01           26893            4622      1.7187e+01

ENER_0:    90000     -5.4396e+05      0.0000e+00      0.0000e+00      7.4357e+04     -2.3897e+03     -6.1593e+05     -5.2891e+05      2.8045e+04     -6.3046e+06      6.1895e+06

STAT_0:    90000             183

MOVE_1:    90000           27040            4689      1.7341e+01

ENER_1:    90000      0.0000e+00      0.0000e+00      0.0000e+00      0.0000e+00      0.0000e+00      0.0000e+00      0.0000e+00      0.0000e+00      0.0000e+00      0.0000e+00

STAT_1:    90000             667

Steps/sec: 1378.874, Simulation ends in:   0 d:   0 h:  11 m 

MOVE_0:   100000           20032            9881      4.9326e+01      3.7606e-01            9951            5037      5.0618e+01      1.1331e+00           10149            2438      2.4022e+01           29871            5099      1.7070e+01

ENER_0:   100000     -5.7886e+05      0.0000e+00      0.0000e+00      8.0374e+04     -2.6580e+03     -6.5657e+05     -5.6988e+05      3.4660e+04     -6.6491e+06      6.5278e+06

STAT_0:   100000             193

MOVE_1:   100000           29997            5156      1.7188e+01

ENER_1:   100000      0.0000e+00      0.0000e+00      0.0000e+00      0.0000e+00      0.0000e+00      0.0000e+00      0.0000e+00      0.0000e+00      0.0000e+00      0.0000e+00

STAT_1:   100000             657

Steps/sec: 1319.378, Simulation ends in:   0 d:   0 h:  11 m 

MOVE_0:   110000           22019           10874      4.9385e+01      3.4668e-01           10947            5513      5.0361e+01      6.2923e-01           11142            2643      2.3721e+01           32961            5576      1.6917e+01

ENER_0:   110000     -6.5022e+05      0.0000e+00      0.0000e+00      1.0011e+05     -2.9696e+03     -7.4736e+05     -6.4905e+05      2.9960e+04     -7.0281e+06      6.8998e+06

STAT_0:   110000             204

MOVE_1:   110000           32931            5622      1.7072e+01

ENER_1:   110000      0.0000e+00      0.0000e+00      0.0000e+00      0.0000e+00      0.0000e+00      0.0000e+00      0.0000e+00      0.0000e+00      0.0000e+00      0.0000e+00

STAT_1:   110000             646

Steps/sec: 1309.211, Simulation ends in:   0 d:   0 h:  11 m 

MOVE_0:   120000           24008           11898      4.9558e+01      4.5522e-01           11953            6043      5.0556e+01      1.0014e+00           12197            2853      2.3391e+01           36003            6022      1.6726e+01

ENER_0:   120000     -6.4237e+05      0.0000e+00      0.0000e+00      1.0076e+05     -2.9406e+03     -7.4019e+05     -6.3947e+05      2.6926e+04     -6.9936e+06      6.8660e+06

STAT_0:   120000             203

MOVE_1:   120000           35839            6069      1.6934e+01

ENER_1:   120000      0.0000e+00      0.0000e+00      0.0000e+00      0.0000e+00      0.0000e+00      0.0000e+00      0.0000e+00      0.0000e+00      0.0000e+00      0.0000e+00

STAT_1:   120000             647

Steps/sec: 1312.969, Simulation ends in:   0 d:   0 h:  11 m 

MOVE_0:   130000           26086           12929      4.9563e+01      3.9800e-01           12938            6524      5.0425e+01      7.4297e-01           13153            3040      2.3113e+01           39045            6475      1.6583e+01

ENER_0:   130000     -6.3640e+05      0.0000e+00      0.0000e+00      8.5682e+04     -2.8543e+03     -7.1923e+05     -6.1838e+05      2.4909e+04     -6.8903e+06      6.7645e+06

STAT_0:   130000             200

MOVE_1:   130000           38778            6525      1.6827e+01

ENER_1:   130000      0.0000e+00      0.0000e+00      0.0000e+00      0.0000e+00      0.0000e+00      0.0000e+00      0.0000e+00      0.0000e+00      0.0000e+00      0.0000e+00

STAT_1:   130000             650

Steps/sec: 1317.322, Simulation ends in:   0 d:   0 h:  11 m 

MOVE_0:   140000           28099           13929      4.9571e+01      3.6189e-01           13925            7021      5.0420e+01      7.3015e-01           14226            3286      2.3099e+01           42054            6944      1.6512e+01

ENER_0:   140000     -5.3459e+05      0.0000e+00      0.0000e+00      7.3431e+04     -2.3377e+03     -6.0569e+05     -5.2251e+05      3.0634e+04     -6.2357e+06      6.1219e+06

STAT_0:   140000             181

MOVE_1:   140000           41696            7013      1.6819e+01

ENER_1:   140000      0.0000e+00      0.0000e+00      0.0000e+00      0.0000e+00      0.0000e+00      0.0000e+00      0.0000e+00      0.0000e+00      0.0000e+00      0.0000e+00

STAT_1:   140000             669

Steps/sec: 1358.422, Simulation ends in:   0 d:   0 h:  11 m 

MOVE_0:   150000           30184           14979      4.9626e+01      3.7293e-01           14942            7548      5.0515e+01      9.9077e-01           15173            3517      2.3179e+01           45017            7437      1.6520e+01

ENER_0:   150000     -5.3616e+05      0.0000e+00      0.0000e+00      7.7753e+04     -2.3897e+03     -6.1152e+05     -5.2895e+05      3.2498e+04     -6.3046e+06      6.1895e+06

STAT_0:   150000             183

MOVE_1:   150000           44684            7504      1.6793e+01

ENER_1:   150000      0.0000e+00      0.0000e+00      0.0000e+00      0.0000e+00      0.0000e+00      0.0000e+00      0.0000e+00      0.0000e+00      0.0000e+00      0.0000e+00

STAT_1:   150000             667

Steps/sec: 1394.286, Simulation ends in:   0 d:   0 h:  11 m 

MOVE_0:   160000           32217           16002      4.9669e+01      3.7604e-01           16005            8072      5.0434e+01      7.9024e-01           16160            3735      2.3113e+01           48009            7923      1.6503e+01

ENER_0:   160000     -6.5003e+05      0.0000e+00      0.0000e+00      7.1315e+04     -2.9988e+03     -7.1835e+05     -6.2024e+05      3.0792e+04     -7.0625e+06      6.9336e+06

STAT_0:   160000             205

MOVE_1:   160000           47609            7968      1.6736e+01

ENER_1:   160000      0.0000e+00      0.0000e+00      0.0000e+00      0.0000e+00      0.0000e+00      0.0000e+00      0.0000e+00      0.0000e+00      0.0000e+00      0.0000e+00

STAT_1:   160000             645

Steps/sec: 1359.582, Simulation ends in:   0 d:   0 h:  11 m 

MOVE_0:   170000           34193           16999      4.9715e+01      3.8306e-01           17032            8591      5.0440e+01      8.2452e-01           17174            3956      2.3035e+01           50985            8382      1.6440e+01

ENER_0:   170000     -5.3556e+05      0.0000e+00      0.0000e+00      5.8703e+04     -2.2609e+03     -5.9200e+05     -5.1340e+05      3.3321e+04     -6.1324e+06      6.0204e+06

STAT_0:   170000             178

MOVE_1:   170000           50616            8454      1.6702e+01

ENER_1:   170000      0.0000e+00      0.0000e+00      0.0000e+00      0.0000e+00      0.0000e+00      0.0000e+00      0.0000e+00      0.0000e+00      0.0000e+00      0.0000e+00

STAT_1:   170000             672

Steps/sec: 1330.852, Simulation ends in:   0 d:   0 h:  11 m 

MOVE_0:   180000           36197           17998      4.9722e+01      3.5943e-01           18013            9087      5.0447e+01      8.7458e-01           18183            4178      2.2978e+01           54016            8862      1.6406e+01

ENER_0:   180000     -5.9814e+05      0.0000e+00      0.0000e+00      8.2147e+04     -2.6032e+03     -6.7769e+05     -5.8581e+05      2.8223e+04     -6.5802e+06      6.4601e+06

STAT_0:   180000             191

MOVE_1:   180000           53591            8921      1.6646e+01

ENER_1:   180000      0.0000e+00      0.0000e+00      0.0000e+00      0.0000e+00      0.0000e+00      0.0000e+00      0.0000e+00      0.0000e+00      0.0000e+00      0.0000e+00

STAT_1:   180000             659

Steps/sec: 1354.304, Simulation ends in:   0 d:   0 h:  10 m 

MOVE_0:   190000           38180           18994      4.9749e+01      3.5531e-01           19067            9613      5.0417e+01      8.5446e-01           19201            4363      2.2723e+01           56961            9321      1.6364e+01

ENER_0:   190000     -6.6763e+05      0.0000e+00      0.0000e+00      1.0805e+05     -3.1170e+03     -7.7257e+05     -6.7194e+05      3.0789e+04     -7.2004e+06      7.0689e+06

STAT_0:   190000             209

MOVE_1:   190000           56591            9362      1.6543e+01

ENER_1:   190000      0.0000e+00      0.0000e+00      0.0000e+00      0.0000e+00      0.0000e+00      0.0000e+00      0.0000e+00      0.0000e+00      0.0000e+00      0.0000e+00

STAT_1:   190000             641

Steps/sec: 1332.702, Simulation ends in:   0 d:   0 h:  10 m 

MOVE_0:   200000           40153           20008      4.9829e+01      4.1776e-01           20114           10143      5.0428e+01      8.7558e-01           20232            4585      2.2662e+01           59969            9763      1.6280e+01

ENER_0:   200000     -5.9458e+05      0.0000e+00      0.0000e+00      6.7595e+04     -2.6580e+03     -6.5952e+05     -5.6826e+05      3.0096e+04     -6.6491e+06      6.5278e+06

STAT_0:   200000             193

MOVE_1:   200000           59532            9820      1.6495e+01

ENER_1:   200000      0.0000e+00      0.0000e+00      0.0000e+00      0.0000e+00      0.0000e+00      0.0000e+00      0.0000e+00      0.0000e+00      0.0000e+00      0.0000e+00

STAT_1:   200000             657

Steps/sec: 1356.266, Simulation ends in:   0 d:   0 h:  10 m 

MOVE_0:   210000           42142           20983      4.9791e+01      3.3058e-01           21089           10639      5.0448e+01      8.8472e-01           21244            4776      2.2482e+01           62966           10197      1.6194e+01

ENER_0:   210000     -6.1950e+05      0.0000e+00      0.0000e+00      1.0039e+05     -2.8258e+03     -7.1707e+05     -6.1773e+05      2.5791e+04     -6.8558e+06      6.7307e+06

STAT_0:   210000             199

MOVE_1:   210000           62559           10248      1.6381e+01

ENER_1:   210000      0.0000e+00      0.0000e+00      0.0000e+00      0.0000e+00      0.0000e+00      0.0000e+00      0.0000e+00      0.0000e+00      0.0000e+00      0.0000e+00

STAT_1:   210000             651

Steps/sec: 1331.242, Simulation ends in:   0 d:   0 h:  10 m 

MOVE_0:   220000           44146           22005      4.9846e+01      3.9420e-01           22066           11129      5.0435e+01      8.7763e-01           22208            4975      2.2402e+01           66003           10666      1.6160e+01

ENER_0:   220000     -5.9799e+05      0.0000e+00      0.0000e+00      9.3344e+04     -2.7134e+03     -6.8862e+05     -5.9459e+05      2.8581e+04     -6.7180e+06      6.5954e+06

STAT_0:   220000             195

MOVE_1:   220000           65577           10721      1.6349e+01

ENER_1:   220000      0.0000e+00      0.0000e+00      0.0000e+00      0.0000e+00      0.0000e+00      0.0000e+00      0.0000e+00      0.0000e+00      0.0000e+00      0.0000e+00

STAT_1:   220000             655

Steps/sec: 1352.890, Simulation ends in:   0 d:   0 h:  10 m 

MOVE_0:   230000           46148           23013      4.9868e+01      4.0985e-01           23040           11619      5.0430e+01      8.9723e-01           23183            5156      2.2240e+01           69025           11102      1.6084e+01

ENER_0:   230000     -5.7108e+05      0.0000e+00      0.0000e+00      8.6648e+04     -2.4953e+03     -6.5523e+05     -5.6935e+05      3.1700e+04     -6.4424e+06      6.3248e+06

STAT_0:   230000             187

MOVE_1:   230000           68604           11165      1.6275e+01

ENER_1:   230000      0.0000e+00      0.0000e+00      0.0000e+00      0.0000e+00      0.0000e+00      0.0000e+00      0.0000e+00      0.0000e+00      0.0000e+00      0.0000e+00

STAT_1:   230000             663

Steps/sec: 1318.849, Simulation ends in:   0 d:   0 h:  10 m 

MOVE_0:   240000           48121           23991      4.9856e+01      3.6568e-01           24042           12132      5.0462e+01      1.0800e+00           24137            5390      2.2331e+01           72090           11559      1.6034e+01

ENER_0:   240000     -6.0184e+05      0.0000e+00      0.0000e+00      6.7670e+04     -2.7413e+03     -6.6677e+05     -5.7182e+05      2.8293e+04     -6.7525e+06      6.6292e+06

STAT_0:   240000             196

MOVE_1:   240000           71610           11613      1.6217e+01

ENER_1:   240000      0.0000e+00      0.0000e+00      0.0000e+00      0.0000e+00      0.0000e+00      0.0000e+00      0.0000e+00      0.0000e+00      0.0000e+00      0.0000e+00

STAT_1:   240000             654

Steps/sec: 1381.379, Simulation ends in:   0 d:   0 h:  10 m 

MOVE_0:   250000           50122           24989      4.9856e+01      3.4061e-01           25014           12622      5.0460e+01      1.0735e+00           25134            5598      2.2273e+01           75184           12033      1.6005e+01

ENER_0:   250000     -6.3051e+05      0.0000e+00      0.0000e+00      7.1325e+04     -2.8258e+03     -6.9901e+05     -6.0327e+05      2.9397e+04     -6.8558e+06      6.7307e+06

STAT_0:   250000             199

MOVE_1:   250000           74546           12084      1.6210e+01

ENER_1:   250000      0.0000e+00      0.0000e+00      0.0000e+00      0.0000e+00      0.0000e+00      0.0000e+00      0.0000e+00      0.0000e+00      0.0000e+00      0.0000e+00

STAT_1:   250000             651

Steps/sec: 1334.453, Simulation ends in:   0 d:   0 h:  10 m 

MOVE_0:   260000           52084           25981      4.9883e+01      3.7435e-01           26050           13138      5.0434e+01      8.9505e-01           26126            5817      2.2265e+01           78212           12505      1.5989e+01

ENER_0:   260000     -6.4807e+05      0.0000e+00      0.0000e+00      7.5820e+04     -2.9117e+03     -7.2098e+05     -6.2134e+05      2.7378e+04     -6.9592e+06      6.8322e+06

STAT_0:   260000             202

MOVE_1:   260000           77528           12553      1.6192e+01

ENER_1:   260000      0.0000e+00      0.0000e+00      0.0000e+00      0.0000e+00      0.0000e+00      0.0000e+00      0.0000e+00      0.0000e+00      0.0000e+00      0.0000e+00

STAT_1:   260000             648

Steps/sec: 1370.564, Simulation ends in:   0 d:   0 h:  10 m 

MOVE_0:   270000           54091           26981      4.9881e+01      3.5306e-01           27044           13644      5.0451e+01      9.3364e-01           27137            5996      2.2095e+01           81174           12946      1.5948e+01

ENER_0:   270000     -6.5022e+05      0.0000e+00      0.0000e+00      8.2084e+04     -2.7413e+03     -7.2956e+05     -6.3294e+05      2.6627e+04     -6.7525e+06      6.6292e+06

STAT_0:   270000             196

MOVE_1:   270000           80554           13000      1.6138e+01

ENER_1:   270000      0.0000e+00      0.0000e+00      0.0000e+00      0.0000e+00      0.0000e+00      0.0000e+00      0.0000e+00      0.0000e+00      0.0000e+00      0.0000e+00

STAT_1:   270000             654

Steps/sec: 1317.121, Simulation ends in:   0 d:   0 h:   9 m 

MOVE_0:   280000           56152           28009      4.9881e+01      3.2985e-01           28053           14153      5.0451e+01      9.8262e-01           28145            6183      2.1968e+01           84183           13370      1.5882e+01

ENER_0:   280000     -6.6035e+05      0.0000e+00      0.0000e+00      9.5383e+04     -3.0576e+03     -7.5268e+05     -6.5077e+05      2.8251e+04     -7.1315e+06      7.0013e+06

STAT_0:   280000             207

MOVE_1:   280000           83467           13413      1.6070e+01

ENER_1:   280000      0.0000e+00      0.0000e+00      0.0000e+00      0.0000e+00      0.0000e+00      0.0000e+00      0.0000e+00      0.0000e+00      0.0000e+00      0.0000e+00

STAT_1:   280000             643

Steps/sec: 1301.595, Simulation ends in:   0 d:   0 h:   9 m 

MOVE_0:   290000           58193           29054      4.9927e+01      4.0560e-01           29083           14660      5.0407e+01      8.3496e-01           29078            6372      2.1913e+01           87204           13822      1.5850e+01

ENER_0:   290000     -6.3787e+05      0.0000e+00      0.0000e+00      9.6658e+04     -2.7413e+03     -7.3178e+05     -6.3761e+05      2.9066e+04     -6.7525e+06      6.6292e+06

STAT_0:   290000             196

MOVE_1:   290000           86442           13876      1.6052e+01

ENER_1:   290000      0.0000e+00      0.0000e+00      0.0000e+00      0.0000e+00      0.0000e+00      0.0000e+00      0.0000e+00      0.0000e+00      0.0000e+00      0.0000e+00

STAT_1:   290000             654

Steps/sec: 1296.051, Simulation ends in:   0 d:   0 h:   9 m 

MOVE_0:   300000           60161           30040      4.9933e+01      3.7349e-01           30084           15162      5.0399e+01      7.7652e-01           30075            6571      2.1849e+01           90201           14256      1.5805e+01

ENER_0:   300000     -6.2479e+05      0.0000e+00      0.0000e+00      7.1950e+04     -2.7693e+03     -6.9397e+05     -6.0066e+05      3.0566e+04     -6.7869e+06      6.6631e+06

STAT_0:   300000             197

MOVE_1:   300000           89479           14309      1.5991e+01

ENER_1:   300000      0.0000e+00      0.0000e+00      0.0000e+00      0.0000e+00      0.0000e+00      0.0000e+00      0.0000e+00      0.0000e+00      0.0000e+00      0.0000e+00

STAT_1:   300000             653

Steps/sec: 1276.348, Simulation ends in:   0 d:   0 h:   9 m 

MOVE_0:   310000           62085           31024      4.9970e+01      4.5512e-01           31097           15674      5.0404e+01      8.1328e-01           31105            6787      2.1820e+01           93259           14728      1.5793e+01

ENER_0:   310000     -6.0106e+05      0.0000e+00      0.0000e+00      7.3388e+04     -2.8258e+03     -6.7162e+05     -5.7699e+05      3.0502e+04     -6.8558e+06      6.7307e+06

STAT_0:   310000             199

MOVE_1:   310000           92454           14779      1.5985e+01

ENER_1:   310000      0.0000e+00      0.0000e+00      0.0000e+00      0.0000e+00      0.0000e+00      0.0000e+00      0.0000e+00      0.0000e+00      0.0000e+00      0.0000e+00

STAT_1:   310000             651

Steps/sec: 1348.956, Simulation ends in:   0 d:   0 h:   9 m 

MOVE_0:   320000           64013           31972      4.9946e+01      3.6410e-01           32076           16174      5.0424e+01      9.5429e-01           32111            6999      2.1796e+01           96318           15221      1.5803e+01

ENER_0:   320000     -5.6172e+05      0.0000e+00      0.0000e+00      6.8407e+04     -2.4953e+03     -6.2763e+05     -5.3869e+05      2.8642e+04     -6.4424e+06      6.3248e+06

STAT_0:   320000             187

MOVE_1:   320000           95482           15284      1.6007e+01

ENER_1:   320000      0.0000e+00      0.0000e+00      0.0000e+00      0.0000e+00      0.0000e+00      0.0000e+00      0.0000e+00      0.0000e+00      0.0000e+00      0.0000e+00

STAT_1:   320000             663

Steps/sec: 1377.401, Simulation ends in:   0 d:   0 h:   9 m 

MOVE_0:   330000           65954           32941      4.9945e+01      3.4740e-01           33129           16693      5.0388e+01      8.0934e-01           33109            7212      2.1783e+01           99320           15715      1.5823e+01

ENER_0:   330000     -5.9969e+05      0.0000e+00      0.0000e+00      9.5697e+04     -2.7413e+03     -6.9265e+05     -5.9853e+05      2.9124e+04     -6.7525e+06      6.6292e+06

STAT_0:   330000             196

MOVE_1:   330000           98488           15769      1.6011e+01

ENER_1:   330000      0.0000e+00      0.0000e+00      0.0000e+00      0.0000e+00      0.0000e+00      0.0000e+00      0.0000e+00      0.0000e+00      0.0000e+00      0.0000e+00

STAT_1:   330000             654

Steps/sec: 1339.248, Simulation ends in:   0 d:   0 h:   9 m 

MOVE_0:   340000           67981           33961      4.9957e+01      3.6204e-01           34078           17177      5.0405e+01      8.7508e-01           34056            7421      2.1791e+01          102360           16219      1.5845e+01

ENER_0:   340000     -6.1463e+05      0.0000e+00      0.0000e+00      9.2635e+04     -2.9117e+03     -7.0435e+05     -6.0541e+05      2.8071e+04     -6.9592e+06      6.8322e+06

STAT_0:   340000             202

MOVE_1:   340000          101525           16267      1.6023e+01

ENER_1:   340000      0.0000e+00      0.0000e+00      0.0000e+00      0.0000e+00      0.0000e+00      0.0000e+00      0.0000e+00      0.0000e+00      0.0000e+00      0.0000e+00

STAT_1:   340000             648

Steps/sec: 1337.661, Simulation ends in:   0 d:   0 h:   9 m 

MOVE_0:   350000           70002           34979      4.9969e+01      3.6935e-01           35042           17660      5.0397e+01      8.1671e-01           35067            7659      2.1841e+01          105281           16738      1.5898e+01

ENER_0:   350000     -5.2537e+05      0.0000e+00      0.0000e+00      5.9236e+04     -2.3636e+03     -5.8224e+05     -4.9878e+05      3.0977e+04     -6.2702e+06      6.1557e+06

STAT_0:   350000             182

MOVE_1:   350000          104608           16806      1.6066e+01

ENER_1:   350000      0.0000e+00      0.0000e+00      0.0000e+00      0.0000e+00      0.0000e+00      0.0000e+00      0.0000e+00      0.0000e+00      0.0000e+00      0.0000e+00

STAT_1:   350000             668

Steps/sec: 1427.687, Simulation ends in:   0 d:   0 h:   8 m 

MOVE_0:   360000           72031           35993      4.9969e+01      3.5579e-01           36030           18166      5.0419e+01      9.9245e-01           36073            7878      2.1839e+01          108264           17213      1.5899e+01

ENER_0:   360000     -5.9097e+05      0.0000e+00      0.0000e+00      6.6912e+04     -2.5760e+03     -6.5531e+05     -5.6140e+05      2.5560e+04     -6.5458e+06      6.4263e+06

STAT_0:   360000             190

MOVE_1:   360000          107602           17273      1.6053e+01

ENER_1:   360000      0.0000e+00      0.0000e+00      0.0000e+00      0.0000e+00      0.0000e+00      0.0000e+00      0.0000e+00      0.0000e+00      0.0000e+00      0.0000e+00

STAT_1:   360000             660

Steps/sec: 1407.590, Simulation ends in:   0 d:   0 h:   8 m 

MOVE_0:   370000           74017           37001      4.9990e+01      3.7970e-01           37036           18668      5.0405e+01      8.4461e-01           37037            8083      2.1824e+01          111301           17681      1.5886e+01

ENER_0:   370000     -6.1570e+05      0.0000e+00      0.0000e+00      1.0967e+05     -2.8543e+03     -7.2252e+05     -6.3183e+05      3.5069e+04     -6.8903e+06      6.7645e+06

STAT_0:   370000             200

MOVE_1:   370000          110609           17731      1.6030e+01

ENER_1:   370000      0.0000e+00      0.0000e+00      0.0000e+00      0.0000e+00      0.0000e+00      0.0000e+00      0.0000e+00      0.0000e+00      0.0000e+00      0.0000e+00

STAT_1:   370000             650

Steps/sec: 1320.855, Simulation ends in:   0 d:   0 h:   8 m 

MOVE_0:   380000           75997           37988      4.9986e+01      3.5519e-01           38023           19164      5.0401e+01      8.6295e-01           38052            8300      2.1812e+01          114313           18147      1.5875e+01

ENER_0:   380000     -6.0576e+05      0.0000e+00      0.0000e+00      8.6345e+04     -2.6580e+03     -6.8945e+05     -5.9518e+05      2.7086e+04     -6.6491e+06      6.5278e+06

STAT_0:   380000             193

MOVE_1:   380000          113615           18204      1.6023e+01

ENER_1:   380000      0.0000e+00      0.0000e+00      0.0000e+00      0.0000e+00      0.0000e+00      0.0000e+00      0.0000e+00      0.0000e+00      0.0000e+00      0.0000e+00

STAT_1:   380000             657

Steps/sec: 1336.710, Simulation ends in:   0 d:   0 h:   8 m 

MOVE_0:   390000           78041           39013      4.9990e+01      3.5274e-01           39080           19702      5.0415e+01      9.4608e-01           39043            8523      2.1830e+01          117256           18627      1.5886e+01

ENER_0:   390000     -5.5103e+05      0.0000e+00      0.0000e+00      8.5298e+04     -2.3377e+03     -6.3399e+05     -5.4932e+05      2.9139e+04     -6.2357e+06      6.1219e+06

STAT_0:   390000             181

MOVE_1:   390000          116580           18696      1.6037e+01

ENER_1:   390000      0.0000e+00      0.0000e+00      0.0000e+00      0.0000e+00      0.0000e+00      0.0000e+00      0.0000e+00      0.0000e+00      0.0000e+00      0.0000e+00

STAT_1:   390000             669

Steps/sec: 1403.717, Simulation ends in:   0 d:   0 h:   8 m 

MOVE_0:   400000           80086           40055      5.0015e+01      4.1227e-01           40102           20206      5.0387e+01      7.5469e-01           40052            8761      2.1874e+01          120243           19164      1.5938e+01

ENER_0:   400000     -4.9171e+05      0.0000e+00      0.0000e+00      8.9454e+04     -2.1604e+03     -5.7901e+05     -4.9942e+05      2.9821e+04     -5.9946e+06      5.8851e+06

STAT_0:   400000             174

MOVE_1:   400000          119517           19240      1.6098e+01

ENER_1:   400000      0.0000e+00      0.0000e+00      0.0000e+00      0.0000e+00      0.0000e+00      0.0000e+00      0.0000e+00      0.0000e+00      0.0000e+00      0.0000e+00

STAT_1:   400000             676

Steps/sec: 1413.754, Simulation ends in:   0 d:   0 h:   8 m 

MOVE_0:   410000           82116           41074      5.0019e+01      4.1691e-01           41095           20716      5.0410e+01      8.4867e-01           41028            9006      2.1951e+01          123218           19713      1.5998e+01

ENER_0:   410000     -4.7456e+05      0.0000e+00      0.0000e+00      6.8482e+04     -2.1357e+03     -5.4091e+05     -4.6683e+05      3.4706e+04     -5.9601e+06      5.8513e+06

STAT_0:   410000             173

MOVE_1:   410000          122543           19790      1.6149e+01

ENER_1:   410000      0.0000e+00      0.0000e+00      0.0000e+00      0.0000e+00      0.0000e+00      0.0000e+00      0.0000e+00      0.0000e+00      0.0000e+00      0.0000e+00

STAT_1:   410000             677

Steps/sec: 1496.596, Simulation ends in:   0 d:   0 h:   8 m 

MOVE_0:   420000           84068           42062      5.0033e+01      4.3845e-01           42108           21228      5.0413e+01      9.4562e-01           42002            9246      2.2013e+01          126276           20259      1.6043e+01

ENER_0:   420000     -5.5884e+05      0.0000e+00      0.0000e+00      7.1191e+04     -2.5221e+03     -6.2751e+05     -5.4265e+05      3.3354e+04     -6.4769e+06      6.3587e+06

STAT_0:   420000             188

MOVE_1:   420000          125546           20321      1.6186e+01

ENER_1:   420000      0.0000e+00      0.0000e+00      0.0000e+00      0.0000e+00      0.0000e+00      0.0000e+00      0.0000e+00      0.0000e+00      0.0000e+00      0.0000e+00

STAT_1:   420000             662

Steps/sec: 1436.067, Simulation ends in:   0 d:   0 h:   8 m 

MOVE_0:   430000           86129           43072      5.0009e+01      3.3259e-01           43135           21742      5.0405e+01      8.6929e-01           43058            9493      2.2047e+01          129199           20747      1.6058e+01

ENER_0:   430000     -5.9485e+05      0.0000e+00      0.0000e+00      9.3944e+04     -2.7975e+03     -6.8599e+05     -5.9234e+05      3.0846e+04     -6.8214e+06      6.6969e+06

STAT_0:   430000             198

MOVE_1:   430000          128479           20799      1.6189e+01

ENER_1:   430000      0.0000e+00      0.0000e+00      0.0000e+00      0.0000e+00      0.0000e+00      0.0000e+00      0.0000e+00      0.0000e+00      0.0000e+00      0.0000e+00

STAT_1:   430000             652

Steps/sec: 1388.598, Simulation ends in:   0 d:   0 h:   7 m 

MOVE_0:   440000           88158           44110      5.0035e+01      4.0595e-01           44119           22250      5.0432e+01      1.1547e+00           44029            9720      2.2076e+01          132266           21265      1.6077e+01

ENER_0:   440000     -6.0630e+05      0.0000e+00      0.0000e+00      6.8999e+04     -2.7975e+03     -6.7251e+05     -5.7760e+05      2.9595e+04     -6.8214e+06      6.6969e+06

STAT_0:   440000             198

MOVE_1:   440000          131428           21317      1.6220e+01

ENER_1:   440000      0.0000e+00      0.0000e+00      0.0000e+00      0.0000e+00      0.0000e+00      0.0000e+00      0.0000e+00      0.0000e+00      0.0000e+00      0.0000e+00

STAT_1:   440000             652

Steps/sec: 1359.737, Simulation ends in:   0 d:   0 h:   7 m 

MOVE_0:   450000           90147           45119      5.0050e+01      4.4775e-01           45144           22753      5.0401e+01      8.9087e-01           45012            9950      2.2105e+01          135239           21755      1.6086e+01

ENER_0:   450000     -4.8040e+05      0.0000e+00      0.0000e+00      5.1538e+04     -1.9901e+03     -5.2995e+05     -4.5373e+05      2.8786e+04     -5.7534e+06      5.6484e+06

STAT_0:   450000             167

MOVE_1:   450000          134458           21838      1.6242e+01

ENER_1:   450000      0.0000e+00      0.0000e+00      0.0000e+00      0.0000e+00      0.0000e+00      0.0000e+00      0.0000e+00      0.0000e+00      0.0000e+00      0.0000e+00

STAT_1:   450000             683

Steps/sec: 1406.006, Simulation ends in:   0 d:   0 h:   7 m 

MOVE_0:   460000           92203           46150      5.0053e+01      4.1065e-01           46139           23262      5.0417e+01      1.1198e+00           45982           10184      2.2148e+01          138178           22292      1.6133e+01

ENER_0:   460000     -4.9809e+05      0.0000e+00      0.0000e+00      6.2970e+04     -2.1357e+03     -5.5893e+05     -4.7808e+05      2.7933e+04     -5.9601e+06      5.8513e+06

STAT_0:   460000             173

MOVE_1:   460000          137498           22369      1.6269e+01

ENER_1:   460000      0.0000e+00      0.0000e+00      0.0000e+00      0.0000e+00      0.0000e+00      0.0000e+00      0.0000e+00      0.0000e+00      0.0000e+00      0.0000e+00

STAT_1:   460000             677

Steps/sec: 1514.052, Simulation ends in:   0 d:   0 h:   7 m 

MOVE_0:   470000           94249           47183      5.0062e+01      4.2986e-01           47186           23785      5.0407e+01      9.5822e-01           46995           10395      2.2119e+01          141083           22792      1.6155e+01

ENER_0:   470000     -5.2290e+05      0.0000e+00      0.0000e+00      6.6822e+04     -2.2356e+03     -5.8749e+05     -5.0434e+05      2.8150e+04     -6.0979e+06      5.9866e+06

STAT_0:   470000             177

MOVE_1:   470000          140487           22865      1.6276e+01

ENER_1:   470000      0.0000e+00      0.0000e+00      0.0000e+00      0.0000e+00      0.0000e+00      0.0000e+00      0.0000e+00      0.0000e+00      0.0000e+00      0.0000e+00

STAT_1:   470000             673

Steps/sec: 1478.893, Simulation ends in:   0 d:   0 h:   7 m 

MOVE_0:   480000           96291           48189      5.0045e+01      3.7112e-01           48234           24308      5.0396e+01      8.9462e-01           47997           10614      2.2114e+01          144021           23275      1.6161e+01

ENER_0:   480000     -6.4228e+05      0.0000e+00      0.0000e+00      7.6467e+04     -2.7975e+03     -7.1595e+05     -6.2014e+05      2.8696e+04     -6.8214e+06      6.6969e+06

STAT_0:   480000             198

MOVE_1:   480000          143457           23327      1.6261e+01

ENER_1:   480000      0.0000e+00      0.0000e+00      0.0000e+00      0.0000e+00      0.0000e+00      0.0000e+00      0.0000e+00      0.0000e+00      0.0000e+00      0.0000e+00

STAT_1:   480000             652

Steps/sec: 1374.864, Simulation ends in:   0 d:   0 h:   7 m 

MOVE_0:   490000           98314           49213      5.0057e+01      4.0711e-01           49200           24789      5.0384e+01      8.3521e-01           49017           10828      2.2090e+01          147031           23734      1.6142e+01

ENER_0:   490000     -5.7947e+05      0.0000e+00      0.0000e+00      7.9227e+04     -2.4159e+03     -6.5629e+05     -5.6891e+05      2.8326e+04     -6.3391e+06      6.2234e+06

STAT_0:   490000             184

MOVE_1:   490000          146438           23800      1.6253e+01

ENER_1:   490000      0.0000e+00      0.0000e+00      0.0000e+00      0.0000e+00      0.0000e+00      0.0000e+00      0.0000e+00      0.0000e+00      0.0000e+00      0.0000e+00

STAT_1:   490000             666

Steps/sec: 1363.297, Simulation ends in:   0 d:   0 h:   7 m 

MOVE_0:   500000          100290           50207      5.0062e+01      4.2925e-01           50202           25295      5.0386e+01      9.0739e-01           50036           11060      2.2104e+01          150034           24210      1.6136e+01

ENER_0:   500000     -5.5351e+05      0.0000e+00      0.0000e+00      6.1491e+04     -2.4953e+03     -6.1250e+05     -5.2443e+05      2.9508e+04     -6.4424e+06      6.3248e+06

STAT_0:   500000             187

MOVE_1:   500000          149438           24273      1.6243e+01

ENER_1:   500000      0.0000e+00      0.0000e+00      0.0000e+00      0.0000e+00      0.0000e+00      0.0000e+00      0.0000e+00      0.0000e+00      0.0000e+00      0.0000e+00

STAT_1:   500000             663

Steps/sec: 1367.457, Simulation ends in:   0 d:   0 h:   7 m 

MOVE_0:   510000          102270           51199      5.0063e+01      4.3671e-01           51243           25828      5.0403e+01      1.1037e+00           51017           11294      2.2138e+01          153090           24676      1.6119e+01

ENER_0:   510000     -5.8123e+05      0.0000e+00      0.0000e+00      8.6440e+04     -2.7134e+03     -6.6496e+05     -5.7578e+05      3.3429e+04     -6.7180e+06      6.5954e+06

STAT_0:   510000             195

MOVE_1:   510000          152380           24731      1.6230e+01

ENER_1:   510000      0.0000e+00      0.0000e+00      0.0000e+00      0.0000e+00      0.0000e+00      0.0000e+00      0.0000e+00      0.0000e+00      0.0000e+00      0.0000e+00

STAT_1:   510000             655

Steps/sec: 1370.180, Simulation ends in:   0 d:   0 h:   6 m 

MOVE_0:   520000          104294           52192      5.0043e+01      3.5734e-01           52249           26332      5.0397e+01      1.0160e+00           52072           11547      2.2175e+01          155960           25151      1.6127e+01

ENER_0:   520000     -5.5945e+05      0.0000e+00      0.0000e+00      8.6830e+04     -2.5760e+03     -6.4371e+05     -5.5446e+05      3.0224e+04     -6.5458e+06      6.4263e+06

STAT_0:   520000             190

MOVE_1:   520000          155425           25211      1.6221e+01

ENER_1:   520000      0.0000e+00      0.0000e+00      0.0000e+00      0.0000e+00      0.0000e+00      0.0000e+00      0.0000e+00      0.0000e+00      0.0000e+00      0.0000e+00

STAT_1:   520000             660

Steps/sec: 1364.514, Simulation ends in:   0 d:   0 h:   6 m 

MOVE_0:   530000          106267           53212      5.0074e+01      4.6156e-01           53243           26830      5.0392e+01      9.2578e-01           53076           11784      2.2202e+01          158931           25650      1.6139e+01

ENER_0:   530000     -5.9247e+05      0.0000e+00      0.0000e+00      7.6114e+04     -2.6856e+03     -6.6590e+05     -5.7516e+05      3.1250e+04     -6.6836e+06      6.5616e+06

STAT_0:   530000             194

MOVE_1:   530000          158483           25706      1.6220e+01

ENER_1:   530000      0.0000e+00      0.0000e+00      0.0000e+00      0.0000e+00      0.0000e+00      0.0000e+00      0.0000e+00      0.0000e+00      0.0000e+00      0.0000e+00

STAT_1:   530000             656

Steps/sec: 1397.744, Simulation ends in:   0 d:   0 h:   6 m 

MOVE_0:   540000          108204           54166      5.0059e+01      3.7056e-01           54227           27324      5.0388e+01      9.3017e-01           54103           12017      2.2211e+01          162030           26140      1.6133e+01

ENER_0:   540000     -6.4025e+05      0.0000e+00      0.0000e+00      9.7065e+04     -3.0576e+03     -7.3426e+05     -6.3588e+05      3.1780e+04     -7.1315e+06      7.0013e+06

STAT_0:   540000             207

MOVE_1:   540000          161436           26183      1.6219e+01

ENER_1:   540000      0.0000e+00      0.0000e+00      0.0000e+00      0.0000e+00      0.0000e+00      0.0000e+00      0.0000e+00      0.0000e+00      0.0000e+00      0.0000e+00

STAT_1:   540000             643

Steps/sec: 1302.602, Simulation ends in:   0 d:   0 h:   6 m 

MOVE_0:   550000          110170           55145      5.0054e+01      3.4399e-01           55257           27839      5.0381e+01      9.0700e-01           55125           12253      2.2228e+01          165009           26637      1.6143e+01

ENER_0:   550000     -6.6339e+05      0.0000e+00      0.0000e+00      1.0268e+05     -3.0281e+03     -7.6304e+05     -6.5921e+05      2.5696e+04     -7.0970e+06      6.9675e+06

STAT_0:   550000             206

MOVE_1:   550000          164439           26681      1.6225e+01

ENER_1:   550000      0.0000e+00      0.0000e+00      0.0000e+00      0.0000e+00      0.0000e+00      0.0000e+00      0.0000e+00      0.0000e+00      0.0000e+00      0.0000e+00

STAT_1:   550000             644

Steps/sec: 1359.672, Simulation ends in:   0 d:   0 h:   6 m 

MOVE_0:   560000          112204           56167      5.0058e+01      3.5473e-01           56209           28316      5.0376e+01      9.0116e-01           56127           12457      2.2194e+01          168034           27019      1.6079e+01

ENER_0:   560000     -6.5075e+05      0.0000e+00      0.0000e+00      1.0081e+05     -3.0281e+03     -7.4853e+05     -6.5022e+05      3.1216e+04     -7.0970e+06      6.9675e+06

STAT_0:   560000             206

MOVE_1:   560000          167426           27063      1.6164e+01

ENER_1:   560000      0.0000e+00      0.0000e+00      0.0000e+00      0.0000e+00      0.0000e+00      0.0000e+00      0.0000e+00      0.0000e+00      0.0000e+00      0.0000e+00

STAT_1:   560000             644

Steps/sec: 1284.343, Simulation ends in:   0 d:   0 h:   6 m 

MOVE_0:   570000          114120           57151      5.0080e+01      4.1041e-01           57214           28826      5.0383e+01      9.7011e-01           57096           12677      2.2203e+01          171120           27515      1.6079e+01

ENER_0:   570000     -4.9742e+05      0.0000e+00      0.0000e+00      7.4833e+04     -2.1604e+03     -5.7009e+05     -4.8868e+05      2.7998e+04     -5.9946e+06      5.8851e+06

STAT_0:   570000             174

MOVE_1:   570000          170450           27591      1.6187e+01

ENER_1:   570000      0.0000e+00      0.0000e+00      0.0000e+00      0.0000e+00      0.0000e+00      0.0000e+00      0.0000e+00      0.0000e+00      0.0000e+00      0.0000e+00

STAT_1:   570000             676

Steps/sec: 1367.363, Simulation ends in:   0 d:   0 h:   6 m 

MOVE_0:   580000          116113           58152      5.0082e+01      3.8987e-01           58198           29315      5.0371e+01      9.0692e-01           58143           12918      2.2218e+01          174173           28049      1.6104e+01

ENER_0:   580000     -6.2357e+05      0.0000e+00      0.0000e+00      7.9219e+04     -2.9406e+03     -6.9984e+05     -5.9828e+05      2.6083e+04     -6.9936e+06      6.8660e+06

STAT_0:   580000             203

MOVE_1:   580000          173373           28096      1.6206e+01

ENER_1:   580000      0.0000e+00      0.0000e+00      0.0000e+00      0.0000e+00      0.0000e+00      0.0000e+00      0.0000e+00      0.0000e+00      0.0000e+00      0.0000e+00

STAT_1:   580000             647

Steps/sec: 1430.315, Simulation ends in:   0 d:   0 h:   6 m 

MOVE_0:   590000          118155           59183      5.0089e+01      3.9232e-01           59152           29807      5.0391e+01      9.6764e-01           59216           13161      2.2225e+01          177184           28515      1.6093e+01

ENER_0:   590000     -6.1023e+05      0.0000e+00      0.0000e+00      9.4564e+04     -2.7975e+03     -7.0200e+05     -6.0686e+05      2.9358e+04     -6.8214e+06      6.6969e+06

STAT_0:   590000             198

MOVE_1:   590000          176293           28567      1.6204e+01

ENER_1:   590000      0.0000e+00      0.0000e+00      0.0000e+00      0.0000e+00      0.0000e+00      0.0000e+00      0.0000e+00      0.0000e+00      0.0000e+00      0.0000e+00

STAT_1:   590000             652

Steps/sec: 1337.838, Simulation ends in:   0 d:   0 h:   5 m 

MOVE_0:   600000          120107           60162      5.0090e+01      3.8741e-01           60201           30334      5.0388e+01      8.9363e-01           60303           13433      2.2276e+01          180135           28994      1.6096e+01

ENER_0:   600000     -5.1374e+05      0.0000e+00      0.0000e+00      8.2919e+04     -2.3636e+03     -5.9429e+05     -5.0769e+05      2.7833e+04     -6.2702e+06      6.1557e+06

STAT_0:   600000             182

MOVE_1:   600000          179254           29062      1.6213e+01

ENER_1:   600000      0.0000e+00      0.0000e+00      0.0000e+00      0.0000e+00      0.0000e+00      0.0000e+00      0.0000e+00      0.0000e+00      0.0000e+00      0.0000e+00

STAT_1:   600000             668

Steps/sec: 1405.634, Simulation ends in:   0 d:   0 h:   5 m 

MOVE_0:   610000          122064           61148      5.0095e+01      3.9810e-01           61219           30843      5.0381e+01      8.6084e-01           61268           13667      2.2307e+01          183127           29496      1.6107e+01

ENER_0:   610000     -5.7835e+05      0.0000e+00      0.0000e+00      7.7264e+04     -2.6856e+03     -6.5293e+05     -5.6461e+05      3.3668e+04     -6.6836e+06      6.5616e+06

STAT_0:   610000             194

MOVE_1:   610000          182322           29552      1.6209e+01

ENER_1:   610000      0.0000e+00      0.0000e+00      0.0000e+00      0.0000e+00      0.0000e+00      0.0000e+00      0.0000e+00      0.0000e+00      0.0000e+00      0.0000e+00

STAT_1:   610000             656

Steps/sec: 1377.505, Simulation ends in:   0 d:   0 h:   5 m 

MOVE_0:   620000          124013           62120      5.0092e+01      3.8067e-01           62243           31355      5.0375e+01      7.5788e-01           62231           13900      2.2336e+01          186118           29990      1.6113e+01

ENER_0:   620000     -6.0835e+05      0.0000e+00      0.0000e+00      5.9903e+04     -2.8543e+03     -6.6540e+05     -5.7109e+05      3.1449e+04     -6.8903e+06      6.7645e+06

STAT_0:   620000             200

MOVE_1:   620000          185395           30040      1.6203e+01

ENER_1:   620000      0.0000e+00      0.0000e+00      0.0000e+00      0.0000e+00      0.0000e+00      0.0000e+00      0.0000e+00      0.0000e+00      0.0000e+00      0.0000e+00

STAT_1:   620000             650

Steps/sec: 1363.025, Simulation ends in:   0 d:   0 h:   5 m 

MOVE_0:   630000          126006           63115      5.0089e+01      3.7194e-01           63315           31906      5.0392e+01      1.0092e+00           63223           14115      2.2326e+01          189087           30444      1.6101e+01

ENER_0:   630000     -5.5859e+05      0.0000e+00      0.0000e+00      8.6678e+04     -2.5490e+03     -6.4272e+05     -5.5336e+05      2.9477e+04     -6.5113e+06      6.3925e+06

STAT_0:   630000             189

MOVE_1:   630000          188369           30505      1.6194e+01

ENER_1:   630000      0.0000e+00      0.0000e+00      0.0000e+00      0.0000e+00      0.0000e+00      0.0000e+00      0.0000e+00      0.0000e+00      0.0000e+00      0.0000e+00

STAT_1:   630000             661

Steps/sec: 1342.274, Simulation ends in:   0 d:   0 h:   5 m 

MOVE_0:   640000          127985           64099      5.0083e+01      3.3632e-01           64288           32405      5.0406e+01      1.0877e+00           64240           14322      2.2295e+01          192109           30952      1.6112e+01

ENER_0:   640000     -5.3811e+05      0.0000e+00      0.0000e+00      7.4244e+04     -2.3377e+03     -6.1001e+05     -5.2342e+05      2.7216e+04     -6.2357e+06      6.1219e+06

STAT_0:   640000             181

MOVE_1:   640000          191378           31021      1.6209e+01

ENER_1:   640000      0.0000e+00      0.0000e+00      0.0000e+00      0.0000e+00      0.0000e+00      0.0000e+00      0.0000e+00      0.0000e+00      0.0000e+00      0.0000e+00

STAT_1:   640000             669

Steps/sec: 1362.034, Simulation ends in:   0 d:   0 h:   5 m 

MOVE_0:   650000          130046           65139      5.0089e+01      3.5162e-01           65255           32880      5.0387e+01      8.6717e-01           65229           14540      2.2291e+01          195142           31463      1.6123e+01

ENER_0:   650000     -6.5708e+05      0.0000e+00      0.0000e+00      9.0368e+04     -2.9117e+03     -7.4453e+05     -6.4882e+05      3.1301e+04     -6.9592e+06      6.8322e+06

STAT_0:   650000             202

MOVE_1:   650000          194328           31511      1.6215e+01

ENER_1:   650000      0.0000e+00      0.0000e+00      0.0000e+00      0.0000e+00      0.0000e+00      0.0000e+00      0.0000e+00      0.0000e+00      0.0000e+00      0.0000e+00

STAT_1:   650000             648

Steps/sec: 1399.133, Simulation ends in:   0 d:   0 h:   5 m 

MOVE_0:   660000          131971           66120      5.0102e+01      4.1002e-01           66257           33387      5.0390e+01      8.8392e-01           66221           14756      2.2283e+01          198239           31912      1.6098e+01

ENER_0:   660000     -5.8426e+05      0.0000e+00      0.0000e+00      8.1635e+04     -2.6856e+03     -6.6321e+05     -5.7147e+05      3.0253e+04     -6.6836e+06      6.5616e+06

STAT_0:   660000             194

MOVE_1:   660000          197312           31968      1.6202e+01

ENER_1:   660000      0.0000e+00      0.0000e+00      0.0000e+00      0.0000e+00      0.0000e+00      0.0000e+00      0.0000e+00      0.0000e+00      0.0000e+00      0.0000e+00

STAT_1:   660000             656

Steps/sec: 1287.865, Simulation ends in:   0 d:   0 h:   5 m 

MOVE_0:   670000          134020           67137      5.0095e+01      3.4872e-01           67259           33902      5.0405e+01      1.0952e+00           67205           15005      2.2327e+01          201169           32372      1.6092e+01

ENER_0:   670000     -5.6093e+05      0.0000e+00      0.0000e+00      8.5624e+04     -2.3120e+03     -6.4424e+05     -5.6033e+05      2.9277e+04     -6.2013e+06      6.0881e+06

STAT_0:   670000             180

MOVE_1:   670000          200347           32442      1.6193e+01

ENER_1:   670000      0.0000e+00      0.0000e+00      0.0000e+00      0.0000e+00      0.0000e+00      0.0000e+00      0.0000e+00      0.0000e+00      0.0000e+00      0.0000e+00

STAT_1:   670000             670

Steps/sec: 1374.026, Simulation ends in:   0 d:   0 h:   5 m 

MOVE_0:   680000          136012           68132      5.0093e+01      3.4099e-01           68272           34396      5.0381e+01      7.2969e-01           68182           15230      2.2337e+01          204114           32846      1.6092e+01

ENER_0:   680000     -5.9302e+05      0.0000e+00      0.0000e+00      8.4651e+04     -2.6032e+03     -6.7507e+05     -5.8546e+05      3.0497e+04     -6.5802e+06      6.4601e+06

STAT_0:   680000             191

MOVE_1:   680000          203420           32905      1.6176e+01

ENER_1:   680000      0.0000e+00      0.0000e+00      0.0000e+00      0.0000e+00      0.0000e+00      0.0000e+00      0.0000e+00      0.0000e+00      0.0000e+00      0.0000e+00

STAT_1:   680000             659

Steps/sec: 1338.020, Simulation ends in:   0 d:   0 h:   4 m 

MOVE_0:   690000          138065           69176      5.0104e+01      3.7994e-01           69306           34933      5.0404e+01      1.0053e+00           69226           15450      2.2318e+01          207022           33288      1.6079e+01

ENER_0:   690000     -6.0039e+05      0.0000e+00      0.0000e+00      6.0597e+04     -2.7693e+03     -6.5822e+05     -5.6734e+05      3.2994e+04     -6.7869e+06      6.6631e+06

STAT_0:   690000             197

MOVE_1:   690000          206381           33341      1.6155e+01

ENER_1:   690000      0.0000e+00      0.0000e+00      0.0000e+00      0.0000e+00      0.0000e+00      0.0000e+00      0.0000e+00      0.0000e+00      0.0000e+00      0.0000e+00

STAT_1:   690000             653

Steps/sec: 1356.092, Simulation ends in:   0 d:   0 h:   4 m 

MOVE_0:   700000          140045           70172      5.0107e+01      3.9396e-01           70349           35441      5.0379e+01      7.3956e-01           70165           15650      2.2305e+01          210006           33732      1.6062e+01

ENER_0:   700000     -6.7811e+05      0.0000e+00      0.0000e+00      1.0083e+05     -3.1170e+03     -7.7583e+05     -6.7332e+05      2.8915e+04     -7.2004e+06      7.0689e+06

STAT_0:   700000             209

MOVE_1:   700000          209435           33773      1.6126e+01

ENER_1:   700000      0.0000e+00      0.0000e+00      0.0000e+00      0.0000e+00      0.0000e+00      0.0000e+00      0.0000e+00      0.0000e+00      0.0000e+00      0.0000e+00

STAT_1:   700000             641

Steps/sec: 1323.920, Simulation ends in:   0 d:   0 h:   4 m 

MOVE_0:   710000          142008           71163      5.0112e+01      4.1320e-01           71357           35949      5.0379e+01      7.3747e-01           71186           15863      2.2284e+01          212994           34173      1.6044e+01

ENER_0:   710000     -5.8651e+05      0.0000e+00      0.0000e+00      7.4772e+04     -2.5490e+03     -6.5873e+05     -5.7008e+05      3.0193e+04     -6.5113e+06      6.3925e+06

STAT_0:   710000             189

MOVE_1:   710000          212455           34234      1.6114e+01

ENER_1:   710000      0.0000e+00      0.0000e+00      0.0000e+00      0.0000e+00      0.0000e+00      0.0000e+00      0.0000e+00      0.0000e+00      0.0000e+00      0.0000e+00

STAT_1:   710000             661

Steps/sec: 1334.181, Simulation ends in:   0 d:   0 h:   4 m 

MOVE_0:   720000          144030           72159      5.0100e+01      3.5468e-01           72322           36456      5.0408e+01      1.0248e+00           72217           16067      2.2248e+01          215997           34640      1.6037e+01

ENER_0:   720000     -5.9596e+05      0.0000e+00      0.0000e+00      9.7635e+04     -2.5221e+03     -6.9107e+05     -5.9957e+05      2.6712e+04     -6.4769e+06      6.3587e+06

STAT_0:   720000             188

MOVE_1:   720000          215434           34702      1.6108e+01

ENER_1:   720000      0.0000e+00      0.0000e+00      0.0000e+00      0.0000e+00      0.0000e+00      0.0000e+00      0.0000e+00      0.0000e+00      0.0000e+00      0.0000e+00

STAT_1:   720000             662

Steps/sec: 1400.673, Simulation ends in:   0 d:   0 h:   4 m 

MOVE_0:   730000          146015           73171      5.0112e+01      3.8782e-01           73346           36967      5.0401e+01      9.3523e-01           73252           16277      2.2221e+01          219047           35067      1.6009e+01

ENER_0:   730000     -6.4602e+05      0.0000e+00      0.0000e+00      9.2139e+04     -2.8829e+03     -7.3527e+05     -6.3528e+05      2.6400e+04     -6.9247e+06      6.7984e+06

STAT_0:   730000             201

MOVE_1:   730000          218340           35116      1.6083e+01

ENER_1:   730000      0.0000e+00      0.0000e+00      0.0000e+00      0.0000e+00      0.0000e+00      0.0000e+00      0.0000e+00      0.0000e+00      0.0000e+00      0.0000e+00

STAT_1:   730000             649

Steps/sec: 1292.640, Simulation ends in:   0 d:   0 h:   4 m 

MOVE_0:   740000          148066           74201      5.0113e+01      3.8462e-01           74383           37484      5.0393e+01      8.9179e-01           74227           16486      2.2210e+01          221932           35518      1.6004e+01

ENER_0:   740000     -5.5433e+05      0.0000e+00      0.0000e+00      8.4900e+04     -2.4953e+03     -6.3673e+05     -5.4975e+05      3.0599e+04     -6.4424e+06      6.3248e+06

STAT_0:   740000             187

MOVE_1:   740000          221392           35581      1.6071e+01

ENER_1:   740000      0.0000e+00      0.0000e+00      0.0000e+00      0.0000e+00      0.0000e+00      0.0000e+00      0.0000e+00      0.0000e+00      0.0000e+00      0.0000e+00

STAT_1:   740000             663

Steps/sec: 1350.926, Simulation ends in:   0 d:   0 h:   4 m 

MOVE_0:   750000          150008           75172      5.0112e+01      3.7519e-01           75399           38003      5.0403e+01      1.0162e+00           75218           16726      2.2237e+01          224938           36029      1.6017e+01

ENER_0:   750000     -5.9063e+05      0.0000e+00      0.0000e+00      8.7289e+04     -2.6856e+03     -6.7523e+05     -5.8024e+05      2.6996e+04     -6.6836e+06      6.5616e+06

STAT_0:   750000             194

MOVE_1:   750000          224437           36085      1.6078e+01

ENER_1:   750000      0.0000e+00      0.0000e+00      0.0000e+00      0.0000e+00      0.0000e+00      0.0000e+00      0.0000e+00      0.0000e+00      0.0000e+00      0.0000e+00

STAT_1:   750000             656

Steps/sec: 1379.736, Simulation ends in:   0 d:   0 h:   4 m 

MOVE_0:   760000          152105           76228      5.0115e+01      3.8034e-01           76336           38469      5.0394e+01      8.8412e-01           76235           16971      2.2261e+01          227889           36529      1.6029e+01

ENER_0:   760000     -5.0224e+05      0.0000e+00      0.0000e+00      5.4537e+04     -2.0866e+03     -5.5469e+05     -4.7550e+05      2.8331e+04     -5.8912e+06      5.7837e+06

STAT_0:   760000             171

MOVE_1:   760000          227435           36608      1.6096e+01

ENER_1:   760000      0.0000e+00      0.0000e+00      0.0000e+00      0.0000e+00      0.0000e+00      0.0000e+00      0.0000e+00      0.0000e+00      0.0000e+00      0.0000e+00

STAT_1:   760000             679

Steps/sec: 1411.054, Simulation ends in:   0 d:   0 h:   3 m 

MOVE_0:   770000          154017           77188      5.0117e+01      3.8232e-01           77356           38991      5.0405e+01      1.0125e+00           77230           17202      2.2274e+01          230901           37010      1.6029e+01

ENER_0:   770000     -6.3234e+05      0.0000e+00      0.0000e+00      8.8385e+04     -3.0281e+03     -7.1770e+05     -6.2204e+05      3.3874e+04     -7.0970e+06      6.9675e+06

STAT_0:   770000             206

MOVE_1:   770000          230496           37054      1.6076e+01

ENER_1:   770000      0.0000e+00      0.0000e+00      0.0000e+00      0.0000e+00      0.0000e+00      0.0000e+00      0.0000e+00      0.0000e+00      0.0000e+00      0.0000e+00

STAT_1:   770000             644

Steps/sec: 1352.017, Simulation ends in:   0 d:   0 h:   3 m 

MOVE_0:   780000          156009           78181      5.0113e+01      3.5712e-01           78364           39494      5.0398e+01      9.1350e-01           78210           17440      2.2299e+01          233938           37486      1.6024e+01

ENER_0:   780000     -6.3901e+05      0.0000e+00      0.0000e+00      8.0609e+04     -2.9988e+03     -7.1662e+05     -6.1709e+05      2.9374e+04     -7.0625e+06      6.9336e+06

STAT_0:   780000             205

MOVE_1:   780000          233479           37531      1.6075e+01

ENER_1:   780000      0.0000e+00      0.0000e+00      0.0000e+00      0.0000e+00      0.0000e+00      0.0000e+00      0.0000e+00      0.0000e+00      0.0000e+00      0.0000e+00

STAT_1:   780000             645

Steps/sec: 1322.605, Simulation ends in:   0 d:   0 h:   3 m 

MOVE_0:   790000          158029           79196      5.0115e+01      3.7014e-01           79389           40004      5.0390e+01      9.1835e-01           79172           17632      2.2270e+01          236865           37937      1.6016e+01

ENER_0:   790000     -5.2977e+05      0.0000e+00      0.0000e+00      8.1828e+04     -2.4159e+03     -6.0918e+05     -5.2267e+05      2.9184e+04     -6.3391e+06      6.2234e+06

STAT_0:   790000             184

MOVE_1:   790000          236545           38003      1.6066e+01

ENER_1:   790000      0.0000e+00      0.0000e+00      0.0000e+00      0.0000e+00      0.0000e+00      0.0000e+00      0.0000e+00      0.0000e+00      0.0000e+00      0.0000e+00

STAT_1:   790000             666

Steps/sec: 1361.330, Simulation ends in:   0 d:   0 h:   3 m 

MOVE_0:   800000          159986           80167      5.0109e+01      3.3666e-01           80370           40502      5.0394e+01      9.5970e-01           80213           17878      2.2288e+01          239917           38414      1.6011e+01

ENER_0:   800000     -6.7880e+05      0.0000e+00      0.0000e+00      8.7782e+04     -3.0576e+03     -7.6352e+05     -6.6166e+05      2.8298e+04     -7.1315e+06      7.0013e+06

STAT_0:   800000             207

MOVE_1:   800000          239514           38457      1.6056e+01

ENER_1:   800000      0.0000e+00      0.0000e+00      0.0000e+00      0.0000e+00      0.0000e+00      0.0000e+00      0.0000e+00      0.0000e+00      0.0000e+00      0.0000e+00

STAT_1:   800000             643

Steps/sec: 1347.735, Simulation ends in:   0 d:   0 h:   3 m 

MOVE_0:   810000          161958           81172      5.0119e+01      3.8338e-01           81372           40997      5.0382e+01      7.2605e-01           81242           18086      2.2262e+01          242898           38856      1.5997e+01

ENER_0:   810000     -5.4106e+05      0.0000e+00      0.0000e+00      6.8428e+04     -2.4159e+03     -6.0708e+05     -5.1905e+05      2.7673e+04     -6.3391e+06      6.2234e+06

STAT_0:   810000             184

MOVE_1:   810000          242530           38922      1.6048e+01

ENER_1:   810000      0.0000e+00      0.0000e+00      0.0000e+00      0.0000e+00      0.0000e+00      0.0000e+00      0.0000e+00      0.0000e+00      0.0000e+00      0.0000e+00

STAT_1:   810000             666

Steps/sec: 1352.197, Simulation ends in:   0 d:   0 h:   3 m 

MOVE_0:   820000          163951           82169      5.0118e+01      3.6459e-01           82347           41503      5.0400e+01      9.1258e-01           82263           18304      2.2251e+01          245904           39314      1.5988e+01

ENER_0:   820000     -6.1602e+05      0.0000e+00      0.0000e+00      7.6458e+04     -2.8829e+03     -6.8959e+05     -5.9252e+05      2.9311e+04     -6.9247e+06      6.7984e+06

STAT_0:   820000             201

MOVE_1:   820000          245535           39363      1.6032e+01

ENER_1:   820000      0.0000e+00      0.0000e+00      0.0000e+00      0.0000e+00      0.0000e+00      0.0000e+00      0.0000e+00      0.0000e+00      0.0000e+00      0.0000e+00

STAT_1:   820000             649

Steps/sec: 1338.208, Simulation ends in:   0 d:   0 h:   3 m 

MOVE_0:   830000          166001           83202      5.0121e+01      3.8160e-01           83353           42019      5.0411e+01      1.0841e+00           83266           18517      2.2238e+01          248837           39764      1.5980e+01

ENER_0:   830000     -6.0337e+05      0.0000e+00      0.0000e+00      9.7939e+04     -2.6305e+03     -6.9868e+05     -6.1006e+05      3.2115e+04     -6.6147e+06      6.4940e+06

STAT_0:   830000             192

MOVE_1:   830000          248543           39822      1.6022e+01

ENER_1:   830000      0.0000e+00      0.0000e+00      0.0000e+00      0.0000e+00      0.0000e+00      0.0000e+00      0.0000e+00      0.0000e+00      0.0000e+00      0.0000e+00

STAT_1:   830000             658

Steps/sec: 1323.550, Simulation ends in:   0 d:   0 h:   3 m 

MOVE_0:   840000          168011           84216      5.0125e+01      3.8662e-01           84377           42523      5.0396e+01      8.9174e-01           84288           18713      2.2201e+01          251851           40189      1.5957e+01

ENER_0:   840000     -6.8275e+05      0.0000e+00      0.0000e+00      1.0117e+05     -2.9988e+03     -7.8093e+05     -6.7946e+05      2.7439e+04     -7.0625e+06      6.9336e+06

STAT_0:   840000             205

MOVE_1:   840000          251473           40234      1.5999e+01

ENER_1:   840000      0.0000e+00      0.0000e+00      0.0000e+00      0.0000e+00      0.0000e+00      0.0000e+00      0.0000e+00      0.0000e+00      0.0000e+00      0.0000e+00

STAT_1:   840000             645

Steps/sec: 1301.098, Simulation ends in:   0 d:   0 h:   2 m 

MOVE_0:   850000          170031           85230      5.0126e+01      3.9191e-01           85386           43025      5.0389e+01      8.1508e-01           85253           18888      2.2155e+01          254934           40573      1.5915e+01

ENER_0:   850000     -6.8548e+05      0.0000e+00      0.0000e+00      9.2314e+04     -2.9988e+03     -7.7480e+05     -6.7296e+05      2.7064e+04     -7.0625e+06      6.9336e+06

STAT_0:   850000             205

MOVE_1:   850000          254396           40618      1.5966e+01

ENER_1:   850000      0.0000e+00      0.0000e+00      0.0000e+00      0.0000e+00      0.0000e+00      0.0000e+00      0.0000e+00      0.0000e+00      0.0000e+00      0.0000e+00

STAT_1:   850000             645

Steps/sec: 1303.637, Simulation ends in:   0 d:   0 h:   2 m 

MOVE_0:   860000          172065           86243      5.0122e+01      3.7400e-01           86392           43537      5.0395e+01      8.8054e-01           86260           19094      2.2135e+01          257927           40951      1.5877e+01

ENER_0:   860000     -6.6608e+05      0.0000e+00      0.0000e+00      1.1200e+05     -2.9988e+03     -7.7508e+05     -6.7380e+05      2.7623e+04     -7.0625e+06      6.9336e+06

STAT_0:   860000             205

MOVE_1:   860000          257356           40996      1.5930e+01

ENER_1:   860000      0.0000e+00      0.0000e+00      0.0000e+00      0.0000e+00      0.0000e+00      0.0000e+00      0.0000e+00      0.0000e+00      0.0000e+00      0.0000e+00

STAT_1:   860000             645

Steps/sec: 1290.737, Simulation ends in:   0 d:   0 h:   2 m 

MOVE_0:   870000          174056           87239      5.0121e+01      3.6438e-01           87386           44048      5.0406e+01      1.0059e+00           87247           19294      2.2114e+01          260956           41353      1.5847e+01

ENER_0:   870000     -6.3262e+05      0.0000e+00      0.0000e+00      7.2393e+04     -2.7975e+03     -7.0222e+05     -6.1026e+05      3.2544e+04     -6.8214e+06      6.6969e+06

STAT_0:   870000             198

MOVE_1:   870000          260355           41405      1.5903e+01

ENER_1:   870000      0.0000e+00      0.0000e+00      0.0000e+00      0.0000e+00      0.0000e+00      0.0000e+00      0.0000e+00      0.0000e+00      0.0000e+00      0.0000e+00

STAT_1:   870000             652

Steps/sec: 1321.669, Simulation ends in:   0 d:   0 h:   2 m 

MOVE_0:   880000          176009           88216      5.0120e+01      3.5219e-01           88372           44546      5.0407e+01      1.0395e+00           88281           19528      2.2120e+01          263975           41845      1.5852e+01

ENER_0:   880000     -5.6959e+05      0.0000e+00      0.0000e+00      7.4539e+04     -2.6032e+03     -6.4153e+05     -5.4984e+05      2.8408e+04     -6.5802e+06      6.4601e+06

STAT_0:   880000             191

MOVE_1:   880000          263363           41904      1.5911e+01

ENER_1:   880000      0.0000e+00      0.0000e+00      0.0000e+00      0.0000e+00      0.0000e+00      0.0000e+00      0.0000e+00      0.0000e+00      0.0000e+00      0.0000e+00

STAT_1:   880000             659

Steps/sec: 1331.385, Simulation ends in:   0 d:   0 h:   2 m 

MOVE_0:   890000          178105           89258      5.0115e+01      3.2428e-01           89329           45024      5.0402e+01      9.3730e-01           89217           19706      2.2088e+01          267023           42352      1.5861e+01

ENER_0:   890000     -6.4122e+05      0.0000e+00      0.0000e+00      9.1422e+04     -2.9696e+03     -7.2967e+05     -6.3093e+05      2.9538e+04     -7.0281e+06      6.8998e+06

STAT_0:   890000             204

MOVE_1:   890000          266326           42398      1.5920e+01

ENER_1:   890000      0.0000e+00      0.0000e+00      0.0000e+00      0.0000e+00      0.0000e+00      0.0000e+00      0.0000e+00      0.0000e+00      0.0000e+00      0.0000e+00

STAT_1:   890000             646

Steps/sec: 1379.740, Simulation ends in:   0 d:   0 h:   2 m 

MOVE_0:   900000          180130           90282      5.0120e+01      3.4205e-01           90343           45535      5.0402e+01      9.5634e-01           90211           19929      2.2092e+01          269931           42808      1.5859e+01

ENER_0:   900000     -6.6530e+05      0.0000e+00      0.0000e+00      1.0344e+05     -2.8829e+03     -7.6587e+05     -6.6694e+05      2.7457e+04     -6.9247e+06      6.7984e+06

STAT_0:   900000             201

MOVE_1:   900000          269385           42857      1.5909e+01

ENER_1:   900000      0.0000e+00      0.0000e+00      0.0000e+00      0.0000e+00      0.0000e+00      0.0000e+00      0.0000e+00      0.0000e+00      0.0000e+00      0.0000e+00

STAT_1:   900000             649

Steps/sec: 1338.333, Simulation ends in:   0 d:   0 h:   2 m 

MOVE_0:   910000          182090           91269      5.0123e+01      3.5953e-01           91324           46027      5.0400e+01      9.4276e-01           91199           20111      2.2052e+01          272997           43251      1.5843e+01

ENER_0:   910000     -6.4011e+05      0.0000e+00      0.0000e+00      8.5931e+04     -2.8543e+03     -7.2318e+05     -6.2886e+05      3.1431e+04     -6.8903e+06      6.7645e+06

STAT_0:   910000             200

MOVE_1:   910000          272390           43301      1.5897e+01

ENER_1:   910000      0.0000e+00      0.0000e+00      0.0000e+00      0.0000e+00      0.0000e+00      0.0000e+00      0.0000e+00      0.0000e+00      0.0000e+00      0.0000e+00

STAT_1:   910000             650

Steps/sec: 1286.340, Simulation ends in:   0 d:   0 h:   2 m 

MOVE_0:   920000          184085           92286      5.0132e+01      4.2491e-01           92307           46522      5.0399e+01      9.6375e-01           92222           20333      2.2048e+01          276000           43727      1.5843e+01

ENER_0:   920000     -5.2604e+05      0.0000e+00      0.0000e+00      8.3673e+04     -2.2609e+03     -6.0745e+05     -5.2768e+05      3.2158e+04     -6.1324e+06      6.0204e+06

STAT_0:   920000             178

MOVE_1:   920000          275386           43799      1.5905e+01

ENER_1:   920000      0.0000e+00      0.0000e+00      0.0000e+00      0.0000e+00      0.0000e+00      0.0000e+00      0.0000e+00      0.0000e+00      0.0000e+00      0.0000e+00

STAT_1:   920000             672

Steps/sec: 1373.501, Simulation ends in:   0 d:   0 h:   1 m 

MOVE_0:   930000          186100           93290      5.0129e+01      3.8688e-01           93327           47038      5.0401e+01      9.8615e-01           93192           20568      2.2071e+01          278970           44204      1.5845e+01

ENER_0:   930000     -6.5368e+05      0.0000e+00      0.0000e+00      9.7183e+04     -2.9406e+03     -7.4792e+05     -6.4885e+05      2.8572e+04     -6.9936e+06      6.8660e+06

STAT_0:   930000             203

MOVE_1:   930000          278411           44251      1.5894e+01

ENER_1:   930000      0.0000e+00      0.0000e+00      0.0000e+00      0.0000e+00      0.0000e+00      0.0000e+00      0.0000e+00      0.0000e+00      0.0000e+00      0.0000e+00

STAT_1:   930000             647

Steps/sec: 1382.071, Simulation ends in:   0 d:   0 h:   1 m 

MOVE_0:   940000          188039           94253      5.0124e+01      3.4718e-01           94305           47524      5.0394e+01      8.8297e-01           94188           20761      2.2042e+01          282007           44630      1.5826e+01

ENER_0:   940000     -6.0024e+05      0.0000e+00      0.0000e+00      6.2997e+04     -2.7413e+03     -6.6050e+05     -5.6759e+05      3.0342e+04     -6.7525e+06      6.6292e+06

STAT_0:   940000             196

MOVE_1:   940000          281461           44684      1.5876e+01

ENER_1:   940000      0.0000e+00      0.0000e+00      0.0000e+00      0.0000e+00      0.0000e+00      0.0000e+00      0.0000e+00      0.0000e+00      0.0000e+00      0.0000e+00

STAT_1:   940000             654

Steps/sec: 1321.253, Simulation ends in:   0 d:   0 h:   1 m 

MOVE_0:   950000          190024           95265      5.0133e+01      4.2055e-01           95356           48054      5.0394e+01      7.7033e-01           95215           20968      2.2022e+01          284972           45096      1.5825e+01

ENER_0:   950000     -6.4784e+05      0.0000e+00      0.0000e+00      9.8343e+04     -2.8829e+03     -7.4330e+05     -6.4096e+05      2.4048e+04     -6.9247e+06      6.7984e+06

STAT_0:   950000             201

MOVE_1:   950000          284433           45145      1.5872e+01

ENER_1:   950000      0.0000e+00      0.0000e+00      0.0000e+00      0.0000e+00      0.0000e+00      0.0000e+00      0.0000e+00      0.0000e+00      0.0000e+00      0.0000e+00

STAT_1:   950000             649

Steps/sec: 1346.976, Simulation ends in:   0 d:   0 h:   1 m 

MOVE_0:   960000          191995           96236      5.0124e+01      3.5887e-01           96390           48580      5.0399e+01      8.3603e-01           96208           21174      2.2009e+01          287984           45547      1.5816e+01

ENER_0:   960000     -5.8654e+05      0.0000e+00      0.0000e+00      8.9664e+04     -2.5221e+03     -6.7368e+05     -5.8251e+05      2.7043e+04     -6.4769e+06      6.3587e+06

STAT_0:   960000             188

MOVE_1:   960000          287423           45609      1.5868e+01

ENER_1:   960000      0.0000e+00      0.0000e+00      0.0000e+00      0.0000e+00      0.0000e+00      0.0000e+00      0.0000e+00      0.0000e+00      0.0000e+00      0.0000e+00

STAT_1:   960000             662

Steps/sec: 1349.967, Simulation ends in:   0 d:   0 h:   1 m 

MOVE_0:   970000          193974           97243      5.0132e+01      3.9569e-01           97429           49111      5.0407e+01      9.3861e-01           97183           21407      2.2028e+01          290965           46060      1.5830e+01

ENER_0:   970000     -5.6620e+05      0.0000e+00      0.0000e+00      6.7517e+04     -2.6032e+03     -6.3111e+05     -5.4061e+05      2.9594e+04     -6.5802e+06      6.4601e+06

STAT_0:   970000             191

MOVE_1:   970000          290449           46119      1.5879e+01

ENER_1:   970000      0.0000e+00      0.0000e+00      0.0000e+00      0.0000e+00      0.0000e+00      0.0000e+00      0.0000e+00      0.0000e+00      0.0000e+00      0.0000e+00

STAT_1:   970000             659

Steps/sec: 1400.548, Simulation ends in:   0 d:   0 h:   1 m 

MOVE_0:   980000          195978           98255      5.0136e+01      4.0285e-01           98480           49638      5.0404e+01      9.2865e-01           98144           21598      2.2006e+01          293949           46552      1.5837e+01

ENER_0:   980000     -6.3642e+05      0.0000e+00      0.0000e+00      8.7718e+04     -2.8543e+03     -7.2129e+05     -6.2461e+05      2.9084e+04     -6.8903e+06      6.7645e+06

STAT_0:   980000             200

MOVE_1:   980000          293449           46602      1.5881e+01

ENER_1:   980000      0.0000e+00      0.0000e+00      0.0000e+00      0.0000e+00      0.0000e+00      0.0000e+00      0.0000e+00      0.0000e+00      0.0000e+00      0.0000e+00

STAT_1:   980000             650

Steps/sec: 1361.086, Simulation ends in:   0 d:   0 h:   1 m 

MOVE_0:   990000          197961           99266      5.0144e+01      4.3678e-01           99482           50136      5.0397e+01      8.2119e-01           99099           21803      2.2001e+01          296905           47018      1.5836e+01

ENER_0:   990000     -5.4639e+05      0.0000e+00      0.0000e+00      4.7269e+04     -2.4159e+03     -5.9124e+05     -5.0749e+05      3.1945e+04     -6.3391e+06      6.2234e+06

STAT_0:   990000             184

MOVE_1:   990000          296553           47084      1.5877e+01

ENER_1:   990000      0.0000e+00      0.0000e+00      0.0000e+00      0.0000e+00      0.0000e+00      0.0000e+00      0.0000e+00      0.0000e+00      0.0000e+00      0.0000e+00

STAT_1:   990000             666

Steps/sec: 1357.592, Simulation ends in:   0 d:   0 h:   1 m 

MOVE_0:  1000000          199995          100300      5.0151e+01      4.8596e-01          100488           50646      5.0400e+01      8.8781e-01          100161           22052      2.2017e+01          299899           47488      1.5835e+01

ENER_0:  1000000     -5.5503e+05      0.0000e+00      0.0000e+00      5.6130e+04     -2.6032e+03     -6.0855e+05     -5.1800e+05      2.9543e+04     -6.5802e+06      6.4601e+06

STAT_0:  1000000             191

MOVE_1:  1000000          299457           47547      1.5878e+01

ENER_1:  1000000      0.0000e+00      0.0000e+00      0.0000e+00      0.0000e+00      0.0000e+00      0.0000e+00      0.0000e+00      0.0000e+00      0.0000e+00      0.0000e+00

STAT_1:  1000000             659

Simulation Time (total): 7.3622e+02 sec.

Move Type                Mol. Kind      BOX_0      BOX_1      
% Accepted Displacement        SPC     50.15125    0.00000 
% Accepted Rotation            SPC     50.40005    0.00000 
% Accepted Regrowth            SPC     22.01655    0.00000 
% Accepted Mol-Transfer        SPC     15.83466   15.87774 

Displacement:                           68.8002    sec.
Rotation:                               34.6049    sec.
Intra-Swap:                              0.0000    sec.
Regrowth:                               83.3132    sec.
Intra-MEMC:                              0.0000    sec.
Crank-Shaft:                             0.0000    sec.
Mol-Transfer:                          547.4138    sec.
MEMC:                                    0.0000    sec.

Info: GOMC Version 2.40
Info: Completed at: Fri May 17 16:46:08 2019
Info: On hostname: wsu22
