Info: GOMC Version 2.1
Info: Start Time: Tue Sep  5 18:18:59 2017
Info: Host Name: potoff39.eng.wayne.edu
CPU information:
Info: Total number of CPUs: 4
Info: Total number of CPUs available: 4
Info: Model name: Intel(R) Core(TM) i5-2500K CPU @ 3.30GHz
Info: System name: Linux
Info: Release: 3.10.0-514.16.1.el7.x86_64
Info: Version: #1 SMP Wed Apr 12 07:10:20 CDT 2017
Info: Kernel Architecture: x86_64
Info: Total Ram: 7806.1MB
Info: Used Ram: 6060.4MB
Info: Working in the current directory: /home4/soroush/Desktop/validation/GOMC_Examples/GCMC/water/run2a_bridge
GPU information:
Info: Device Number: 0
Info: Device name: Tesla K40c
Info: Memory Clock Rate (KHz): 3004000
Info: Memory Bus Width (bits): 384
Info: Peak Memory Bandwidth (GB/s): 288.384000
Info: Device Number: 1
Info: Device name: GeForce GTX 660 Ti
Info: Memory Clock Rate (KHz): 3004000
Info: Memory Bus Width (bits): 192
Info: Peak Memory Bandwidth (GB/s): 144.192000
Info: Using Device Number: 0
Info: GOMC COMPILED TO RUN GRAND CANONICAL ENSEMBLE.
Info: Number of threads                  1 

Reading Input File:                      in.conf
Info: Restart simulation                 Active 
Info: Constant seed                      Active 
Info: PARAMETER file: CHARMM format!
Info: Input Temperature                  700.0000 K
Info: Non-truncated potential            Active 
Info: Long Range Correction              Active 
Info: Cutoff                             10.0000 A
Info: Short Range Cutoff                 1.0000 A.
Info: Exclude                            ONE-FOUR 
Warning: Modified 1-4 VDW parameters will be ignored!
Info: Ewald Summation                    Active 
Info: Ewald Summation Tolerance          1.000E-05 
Info: Pressure calculation               Inactive 
Info: Total number of steps              1000000 
Info: Number of equilibration steps      100000 
Info: Move adjustment frequency          1000 
Info: Displacement move frequency        0.2000 
Info: Rotation move frequency            0.2000 
Info: Molecule swap move frequency       0.6000 
Info: Simulation dimension of box        0: 21.0000 21.0000 21.0000 
Info: Simulation dimension of box        1: 21.0000 21.0000 21.0000 
Info: Chemical potential                 SPC    -4200.0000 K
Info: Output name                        SPCE_700_00_K_u_4200 
Info: Coordinate frequency               100000 
Info: Restart frequency                  1000000 
Info: Console output frequency           10000 
Info: Average output frequency           100000 
Info: Histogram output frequency         100000 
Info: Histogram sample frequency         200 
Default: Intra-Swap move frequency       0.0000 
Default: Cache Ewald Fourier             Active 
Finished Reading Input File:             in.conf

Reading from CHARMM-Style Parameter File:     ../../../common/Par_SPCE_Charmm.inp
Finished reading CHARMM-Style Parameter File:     ../../../common/Par_SPCE_Charmm.inp
Reading from box 1 PDB coordinate file:     STEP3_START_test_BOX_0.pdb
Finished reading box 1 PDB coordinate file:     STEP3_START_test_BOX_0.pdb
Reading from box 2 PDB coordinate file:     STEP3_START_test_BOX_reserv.pdb
Finished reading box 2 PDB coordinate file:     STEP3_START_test_BOX_reserv.pdb
Random number seed: 800

Molecules in PSF:
Molecule Kind: SPC
Idx	name	type	charge	mass
0	H1	HT	0.4238	1.0080
1	OH2	OT	-0.8476	15.9994
2	H2	HT	0.4238	1.0080

Bonds:
[0 1] [1 2] 

Angles:
[0 1 2] 

Dihedrals:

Bonds parameter:
Atom Types                    Kb(K)                b0(A) 
HT  OT                226448.819546               1.0000 


Angles parameter:
Atom Types                Ktheta(K)       theta0(degree) 
HT  OT  HT             27677.077944             109.5000 


Dihedrals parameter:
Atom Types                  Kchi(K)    n   delta(degree) 

Minimum coordinates in box 1: x =    0.104, y =    0.102, z =    0.104
Maximum coordinates in box 1: x =   20.000, y =   20.000, z =   20.000
Wrapping molecules inside the simulation box 1:
Minimum coordinates in box 2: x =    0.100, y =    0.097, z =    0.100
Maximum coordinates in box 2: x =   19.999, y =   19.999, z =   20.000
Wrapping molecules inside the simulation box 2:
box: 0, RecipVectors: 967, kmax: 8

################################################################################
########################## INITIAL SIMULATION ENERGY ###########################

ETITLE:     STEP           TOTAL        INTRA(B)       INTRA(NB)       INTER(LJ)             LRC     TOTAL_ELECT            REAL           RECIP            SELF            CORR

ENER_0:        0   11491705.4615         42.3151          0.0000   11506099.9313      -4459.8403      -9976.9445      20887.8058     126602.9541   -8612863.1176    8455395.4132

ENER_1:        0         95.1894         95.1894          0.0000          0.0000          0.0000          0.0000          0.0000          0.0000          0.0000         -0.0000

STITLE:     STEP        TOTALMOL

STAT_0:        0             250

STAT_1:        0             600

################################################################################
############################# STARTING SIMULATION ##############################

MTITLE:     STEP          DISTRY       DISACCEPT      DISACCEPT%          DISMAX          ROTATE       ROTACCEPT      ROTACCEPT%          ROTMAX       INTRASWAP       INTACCEPT      INTACCEPT%        TRANSFER      TRANACCEPT     TRANACCEPT%

ETITLE:     STEP           TOTAL        INTRA(B)       INTRA(NB)       INTER(LJ)             LRC     TOTAL_ELECT            REAL           RECIP            SELF            CORR

STITLE:     STEP        TOTALMOL

Printed combined psf to file SPCE_700_00_K_u_4200_merged.psf
MOVE_0:    10000            2027             857         42.2792          0.4146            1955            1013         51.8159          1.0794               0               0          0.0000            2936             204          6.9482

ENER_0:    10000    -477661.1330      31726.5960          0.0000      76079.2574      -2389.6895    -583077.2970    -502006.2087      35908.2158   -6304615.8021    6187636.4980

STAT_0:    10000             183

MOVE_1:    10000            3082             137          4.4452

ENER_1:    10000      71372.7967      71372.7967          0.0000          0.0000          0.0000          0.0000          0.0000          0.0000          0.0000          0.0000

STAT_1:    10000             667

Steps/sec. : 1456.1121
MOVE_0:    20000            4061            1870         46.0478          0.3671            3905            1967         50.3713          0.8678               0               0          0.0000            5958             308          5.1695

ENER_0:    20000    -551587.0253      49054.3304          0.0000      77117.8258      -2713.3669    -675045.8146    -581624.8894      32088.6576   -6718033.2318    6592523.6489

STAT_0:    20000             195

MOVE_1:    20000            6076             253          4.1639

ENER_1:    20000      92579.8796      92579.8796          0.0000          0.0000          0.0000          0.0000          0.0000          0.0000          0.0000          0.0000

STAT_1:    20000             655

Steps/sec. : 1476.0353
MOVE_0:    30000            6050            2878         47.5702          0.4030            5890            2974         50.4924          0.9512               0               0          0.0000            8986             436          4.8520

ENER_0:    30000    -522188.5375      55673.6765          0.0000      69960.6679      -2468.6822    -645354.1997    -553245.1053      27175.0827   -6407970.1595    6288685.9825

STAT_0:    30000             186

MOVE_1:    30000            9074             372          4.0996

ENER_1:    30000     115828.1945     115828.1945          0.0000          0.0000          0.0000          0.0000          0.0000          0.0000          0.0000          0.0000

STAT_1:    30000             664

Steps/sec. : 1449.4115
MOVE_0:    40000            8114            3909         48.1760          0.3607            7872            3963         50.3430          0.8877               0               0          0.0000           11907             538          4.5184

ENER_0:    40000    -529861.5128      64355.0764          0.0000      79525.4322      -2389.6895    -671352.3319    -579738.5042      27423.2999   -6304615.8021    6185578.6745

STAT_0:    40000             183

MOVE_1:    40000           12107             471          3.8903

ENER_1:    40000     123131.4383     123131.4383          0.0000          0.0000          0.0000          0.0000          0.0000          0.0000          0.0000          0.0000

STAT_1:    40000             667

Steps/sec. : 1529.7490
MOVE_0:    50000           10112            4914         48.5957          0.3812            9865            4949         50.1673          0.7749               0               0          0.0000           14907             625          4.1927

ENER_0:    50000    -582969.7572      74527.9510          0.0000     100259.9439      -2741.2676    -755016.3845    -650426.8225      22788.6681   -6752484.6842    6625106.4542

STAT_0:    50000             196

MOVE_1:    50000           15116             571          3.7775

ENER_1:    50000     130777.0199     130777.0199          0.0000          0.0000          0.0000          0.0000          0.0000          0.0000          0.0000          0.0000

STAT_1:    50000             654

Steps/sec. : 1436.7890
MOVE_0:    60000           12049            5888         48.8671          0.3886           11932            6008         50.3520          0.9734               0               0          0.0000           17990             720          4.0022

ENER_0:    60000    -594605.6870      84176.7303          0.0000      68560.8368      -2940.5690    -744402.6850    -640825.5473      29547.2702   -6993644.8515    6860520.4435

STAT_0:    60000             203

MOVE_1:    60000           18029             673          3.7329

ENER_1:    60000     143081.9404     143081.9404          0.0000          0.0000          0.0000          0.0000          0.0000          0.0000          0.0000          0.0000

STAT_1:    60000             647

Steps/sec. : 1387.9771
MOVE_0:    70000           14125            6941         49.1398          0.4250           13919            7014         50.3916          1.0310               0               0          0.0000           20968             809          3.8583

ENER_0:    70000    -557307.2842      77749.7785          0.0000      85654.9071      -2522.0575    -718189.9122    -623395.9087      29334.8437   -6476873.0645    6352744.2173

STAT_0:    70000             188

MOVE_1:    70000           20988             747          3.5592

ENER_1:    70000     161374.8118     161374.8118          0.0000          0.0000          0.0000          0.0000          0.0000          0.0000          0.0000          0.0000

STAT_1:    70000             662

Steps/sec. : 1416.1504
MOVE_0:    80000           16098            7908         49.1241          0.3414           15897            7979         50.1919          0.7560               0               0          0.0000           23994             913          3.8051

ENER_0:    80000    -581843.4539      84753.0173          0.0000      82041.4764      -2911.6692    -745726.2785    -643949.2102      31670.1169   -6959193.3991    6825746.2138

STAT_0:    80000             202

MOVE_1:    80000           24011             865          3.6025

ENER_1:    80000     172757.0277     172757.0277          0.0000          0.0000          0.0000          0.0000          0.0000          0.0000          0.0000          0.0000

STAT_1:    80000             648

Steps/sec. : 1453.4356
MOVE_0:    90000           18113            8933         49.3182          0.3730           17931            9030         50.3597          1.0405               0               0          0.0000           26952             997          3.6992

ENER_0:    90000    -596113.0079      88937.1879          0.0000      94691.2902      -2998.7966    -776742.6894    -671305.5965      31018.8203   -7062547.7565    6926091.8433

STAT_0:    90000             205

MOVE_1:    90000           27004             952          3.5254

ENER_1:    90000     177165.1797     177165.1797          0.0000          0.0000          0.0000          0.0000          0.0000          0.0000          0.0000          0.0000

STAT_1:    90000             645

Steps/sec. : 1339.6490
MOVE_0:   100000           20082            9919         49.3925          0.3714           19896            9996         50.2413          0.8447               0               0          0.0000           29979            1067          3.5592

ENER_0:   100000    -662649.6744      84181.1520          0.0000     112312.3435      -3116.9646    -856026.2054    -746068.2085      28727.3800   -7200353.5664    7061668.1895

STAT_0:   100000             209

MOVE_1:   100000           30043            1026          3.4151

ENER_1:   100000     188623.3233     188623.3233          0.0000          0.0000          0.0000          0.0000          0.0000          0.0000          0.0000          0.0000

STAT_1:   100000             641

Steps/sec. : 1340.2848
MOVE_0:   110000           22099           10928         49.4502          0.3515           21874           10989         50.2377          0.8410               0               0          0.0000           32906            1156          3.5130

ENER_0:   110000    -631264.9613      87266.8210          0.0000     101428.0376      -3146.8633    -816812.9566    -705171.4853      27907.3861   -7234805.0188    7095256.1614

STAT_0:   110000             210

MOVE_1:   110000           33121            1116          3.3695

ENER_1:   110000     188934.4184     188934.4184          0.0000          0.0000          0.0000          0.0000          0.0000          0.0000          0.0000          0.0000

STAT_1:   110000             640

Steps/sec. : 1370.2623
MOVE_0:   120000           24153           11966         49.5425          0.3779           23806           11970         50.2814          0.9812               0               0          0.0000           35960            1238          3.4427

ENER_0:   120000    -583628.0218      92335.9714          0.0000      81801.5474      -2940.5690    -754824.9717    -649373.6939      31009.9489   -6993644.8515    6857183.6249

STAT_0:   120000             203

MOVE_1:   120000           36081            1191          3.3009

ENER_1:   120000     193612.5761     193612.5761          0.0000          0.0000          0.0000          0.0000          0.0000          0.0000          0.0000          0.0000

STAT_1:   120000             647

Steps/sec. : 1367.4371
MOVE_0:   130000           26119           12954         49.5961          0.3996           25810           12972         50.2596          0.9448               0               0          0.0000           39009            1327          3.4018

ENER_0:   130000    -628520.2543      97708.0533          0.0000     118521.3499      -3267.8856    -841481.7719    -726933.7023      28740.7821   -7372610.8287    7229321.9769

STAT_0:   130000             214

MOVE_1:   130000           39062            1291          3.3050

ENER_1:   130000     186079.9511     186079.9511          0.0000          0.0000          0.0000          0.0000          0.0000          0.0000          0.0000          0.0000

STAT_1:   130000             636

Steps/sec. : 1345.5665
MOVE_0:   140000           28086           13925         49.5799          0.3435           27849           13992         50.2424          0.9175               0               0          0.0000           41956            1384          3.2987

ENER_0:   140000    -711859.3232      97311.9286          0.0000     116943.8714      -3709.4454    -922405.6778    -799630.0084      28488.3431   -7854931.1633    7703667.1508

STAT_0:   140000             228

MOVE_1:   140000           42109            1362          3.2345

ENER_1:   140000     179970.4923     179970.4923          0.0000          0.0000          0.0000          0.0000          0.0000          0.0000          0.0000          0.0000

STAT_1:   140000             622

Steps/sec. : 1289.1296
MOVE_0:   150000           30113           14951         49.6497          0.3738           29774           14945         50.1948          0.7942               0               0          0.0000           45031            1442          3.2022

ENER_0:   150000    -713612.6244      98596.0469          0.0000     112074.6205      -3612.4707    -920670.8211    -800767.0628      29955.1795   -7751576.8059    7601717.8681

STAT_0:   150000             225

MOVE_1:   150000           45082            1417          3.1432

ENER_1:   150000     183693.7741     183693.7741          0.0000          0.0000          0.0000          0.0000          0.0000          0.0000          0.0000          0.0000

STAT_1:   150000             625

Steps/sec. : 1253.9738
MOVE_0:   160000           32086           15931         49.6509          0.3515           31762           15946         50.2046          0.8266               0               0          0.0000           47991            1508          3.1423

ENER_0:   160000    -690277.0536      97182.2739          0.0000     118044.2155      -3612.4707    -901891.0724    -783845.7423      31431.8434   -7751576.8059    7602099.6324

STAT_0:   160000             225

MOVE_1:   160000           48161            1483          3.0793

ENER_1:   160000     185982.4792     185982.4792          0.0000          0.0000          0.0000          0.0000          0.0000          0.0000          0.0000          0.0000

STAT_1:   160000             625

Steps/sec. : 1298.4883
MOVE_0:   170000           34114           16955         49.7010          0.3724           33758           16945         50.1955          0.8140               0               0          0.0000           51005            1589          3.1154

ENER_0:   170000    -655746.7708      95837.5113          0.0000     114993.7323      -3329.2530    -863248.7614    -752623.2438      33131.8184   -7441513.7336    7297756.3977

STAT_0:   170000             216

MOVE_1:   170000           51123            1555          3.0417

ENER_1:   170000     194850.7978     194850.7978          0.0000          0.0000          0.0000          0.0000          0.0000          0.0000          0.0000          0.0000

STAT_1:   170000             634

Steps/sec. : 1326.1611
MOVE_0:   180000           36123           17960         49.7190          0.3625           35735           17953         50.2393          0.9507               0               0          0.0000           53963            1665          3.0854

ENER_0:   180000    -607077.1286      93273.4065          0.0000     102995.9087      -3176.9048    -800169.5391    -692716.7691      33049.0065   -7269256.4713    7128754.6948

STAT_0:   180000             211

MOVE_1:   180000           54179            1626          3.0012

ENER_1:   180000     205935.9588     205935.9588          0.0000          0.0000          0.0000          0.0000          0.0000          0.0000          0.0000          0.0000

STAT_1:   180000             639

Steps/sec. : 1321.6494
MOVE_0:   190000           38095           18951         49.7467          0.3477           37819           19001         50.2419          0.9927               0               0          0.0000           56885            1741          3.0606

ENER_0:   190000    -667534.1413      84768.7383          0.0000     106125.5389      -3267.8856    -855160.5329    -743871.6130      31009.0362   -7372610.8287    7230312.8726

STAT_0:   190000             214

MOVE_1:   190000           57201            1705          2.9807

ENER_1:   190000     199806.3126     199806.3126          0.0000          0.0000          0.0000          0.0000          0.0000          0.0000          0.0000          0.0000

STAT_1:   190000             636

Steps/sec. : 1344.2132
MOVE_0:   200000           40115           19984         49.8168          0.3674           39739           19939         50.1749          0.7625               0               0          0.0000           59933            1813          3.0250

ENER_0:   200000    -689828.1285      81048.8684          0.0000      96629.9137      -3207.0890    -864299.8216    -754294.9576      30479.4672   -7303707.9238    7163223.5927

STAT_0:   200000             212

MOVE_1:   200000           60213            1775          2.9479

ENER_1:   200000     206368.1145     206368.1145          0.0000          0.0000          0.0000          0.0000          0.0000          0.0000          0.0000          0.0000

STAT_1:   200000             638

Steps/sec. : 1306.1728
MOVE_0:   210000           42134           20983         49.8006          0.3145           41715           20957         50.2385          1.0041               0               0          0.0000           62996            1897          3.0113

ENER_0:   210000    -651674.5304      84170.2454          0.0000      92299.8895      -3207.0890    -824937.5762    -712167.5186      27771.4086   -7303707.9238    7163166.4576

STAT_0:   210000             212

MOVE_1:   210000           63155            1859          2.9436

ENER_1:   210000     212118.6518     212118.6518          0.0000          0.0000          0.0000          0.0000          0.0000          0.0000          0.0000          0.0000

STAT_1:   210000             638

Steps/sec. : 1356.6196
MOVE_0:   220000           44190           22032         49.8574          0.3513           43741           21958         50.2000          0.8678               0               0          0.0000           66009            1979          2.9981

ENER_0:   220000    -598258.5827      84294.5387          0.0000      88532.5923      -2911.6692    -768174.0444    -663193.4096      30225.8152   -6959193.3991    6823986.9490

STAT_0:   220000             202

MOVE_1:   220000           66060            1931          2.9231

ENER_1:   220000     217501.6899     217501.6899          0.0000          0.0000          0.0000          0.0000          0.0000          0.0000          0.0000          0.0000

STAT_1:   220000             648

Steps/sec. : 1351.4450
MOVE_0:   230000           46160           23025         49.8808          0.3784           45788           22992         50.2140          0.9384               0               0          0.0000           68915            2058          2.9863

ENER_0:   230000    -608081.9183      91929.3551          0.0000      98533.5408      -3028.1245    -795516.6896    -684036.2661      26423.9410   -7096999.2089    6959094.8444

STAT_0:   230000             206

MOVE_1:   230000           69137            2014          2.9131

ENER_1:   230000     219127.2303     219127.2303          0.0000          0.0000          0.0000          0.0000          0.0000          0.0000          0.0000          0.0000

STAT_1:   230000             644

Steps/sec. : 1346.4733
MOVE_0:   240000           48168           24021         49.8692          0.3409           47865           24031         50.2058          0.9215               0               0          0.0000           71904            2154          2.9957

ENER_0:   240000    -581697.9939      86050.7732          0.0000     103158.0049      -2825.8262    -768080.9457    -663058.9645      27732.8121   -6855839.0416    6723084.2484

STAT_0:   240000             199

MOVE_1:   240000           72063            2103          2.9183

ENER_1:   240000     233008.1548     233008.1548          0.0000          0.0000          0.0000          0.0000          0.0000          0.0000          0.0000          0.0000

STAT_1:   240000             651

Steps/sec. : 1409.0699
MOVE_0:   250000           50227           25045         49.8636          0.3181           49876           25040         50.2045          0.8815               0               0          0.0000           74861            2240          2.9922

ENER_0:   250000    -633563.0717      82263.3895          0.0000      84098.7871      -2911.6692    -797013.5791    -684835.1681      21852.4383   -6959193.3991    6825162.5498

STAT_0:   250000             202

MOVE_1:   250000           75036            2192          2.9213

ENER_1:   250000     240204.3819     240204.3819          0.0000          0.0000          0.0000          0.0000          0.0000          0.0000          0.0000          0.0000

STAT_1:   250000             648

Steps/sec. : 1392.9152
MOVE_0:   260000           52169           26033         49.9013          0.3553           51940           26075         50.2022          0.8843               0               0          0.0000           77868            2300          2.9537

ENER_0:   260000    -699084.6770      85113.0363          0.0000     102417.9104      -3485.1690    -883130.4547    -766369.5239      29500.5818   -7613770.9960    7467509.4833

STAT_0:   260000             221

MOVE_1:   260000           78023            2271          2.9107

ENER_1:   260000     241122.7223     241122.7223          0.0000          0.0000          0.0000          0.0000          0.0000          0.0000          0.0000          0.0000

STAT_1:   260000             629

Steps/sec. : 1321.5352
MOVE_0:   270000           54200           27059         49.9244          0.3595           53904           27052         50.1855          0.7993               0               0          0.0000           80871            2378          2.9405

ENER_0:   270000    -695993.5227      90712.6068          0.0000      99938.2229      -3516.7803    -883127.5721    -763383.5743      26921.5139   -7648222.4485    7501556.9368

STAT_0:   270000             222

MOVE_1:   270000           81025            2350          2.9003

ENER_1:   270000     242823.1644     242823.1644          0.0000          0.0000          0.0000          0.0000          0.0000          0.0000          0.0000          0.0000

STAT_1:   270000             628

Steps/sec. : 1297.0615
MOVE_0:   280000           56211           28069         49.9351          0.3538           55915           28071         50.2030          0.8693               0               0          0.0000           83823            2435          2.9049

ENER_0:   280000    -663939.7874     100068.9093          0.0000      98296.7200      -3485.1690    -858820.2477    -741521.2985      28982.9144   -7613770.9960    7467489.1324

STAT_0:   280000             221

MOVE_1:   280000           84051            2406          2.8625

ENER_1:   280000     237083.0965     237083.0965          0.0000          0.0000          0.0000          0.0000          0.0000          0.0000          0.0000          0.0000

STAT_1:   280000             629

Steps/sec. : 1316.6590
MOVE_0:   290000           58290           29121         49.9588          0.3848           57884           29060         50.2039          0.9017               0               0          0.0000           86761            2513          2.8965

ENER_0:   290000    -632717.5455     106695.8482          0.0000     107875.3253      -3360.1507    -843928.5682    -738796.4199      39578.4771   -7475965.1861    7331254.5607

STAT_0:   290000             217

MOVE_1:   290000           87065            2480          2.8484

ENER_1:   290000     231312.1127     231312.1127          0.0000          0.0000          0.0000          0.0000          0.0000          0.0000          0.0000          0.0000

STAT_1:   290000             633

Steps/sec. : 1306.4204
MOVE_0:   300000           60325           30141         49.9644          0.3863           59818           30042         50.2223          0.9245               0               0          0.0000           89735            2601          2.8985

ENER_0:   300000    -648206.7206      96372.4776          0.0000     105208.6818      -3267.8856    -846519.9944    -729006.7171      24644.7852   -7372610.8287    7230452.7662

STAT_0:   300000             214

MOVE_1:   300000           90122            2565          2.8461

ENER_1:   300000     228451.6596     228451.6596          0.0000          0.0000          0.0000          0.0000          0.0000          0.0000          0.0000          0.0000

STAT_1:   300000             636

Steps/sec. : 1297.4291
MOVE_0:   310000           62338           31130         49.9374          0.3187           61819           31050         50.2273          0.9361               0               0          0.0000           92738            2679          2.8888

ENER_0:   310000    -627761.6356      99455.2784          0.0000     122123.5307      -3207.0890    -846133.3558    -733121.5794      29129.2104   -7303707.9238    7161566.9371

STAT_0:   310000             212

MOVE_1:   310000           93105            2641          2.8366

ENER_1:   310000     238472.9656     238472.9656          0.0000          0.0000          0.0000          0.0000          0.0000          0.0000          0.0000          0.0000

STAT_1:   310000             638

Steps/sec. : 1339.2485
MOVE_0:   320000           64334           32151         49.9751          0.3963           63810           32034         50.2022          0.8109               0               0          0.0000           95760            2754          2.8759

ENER_0:   320000    -680454.2058      89773.2593          0.0000     104352.8857      -3267.8856    -871312.4652    -756542.0669      28370.8041   -7372610.8287    7229469.6263

STAT_0:   320000             214

MOVE_1:   320000           96096            2718          2.8284

ENER_1:   320000     233467.9173     233467.9173          0.0000          0.0000          0.0000          0.0000          0.0000          0.0000          0.0000          0.0000

STAT_1:   320000             636

Steps/sec. : 1339.7579
MOVE_0:   330000           66317           33119         49.9404          0.3055           65783           33030         50.2105          0.8717               0               0          0.0000           98770            2844          2.8794

ENER_0:   330000    -606179.6036      81342.9735          0.0000     124126.2795      -2998.7966    -808650.0600    -700226.9103      29682.1514   -7062547.7565    6924442.4553

STAT_0:   330000             205

MOVE_1:   330000           99130            2799          2.8236

ENER_1:   330000     239451.9107     239451.9107          0.0000          0.0000          0.0000          0.0000          0.0000          0.0000          0.0000          0.0000

STAT_1:   330000             645

Steps/sec. : 1356.4518
MOVE_0:   340000           68306           34135         49.9736          0.3586           67728           34008         50.2126          0.8859               0               0          0.0000          101842            2942          2.8888

ENER_0:   340000    -556787.8936      75235.4642          0.0000      99847.0687      -2630.5209    -729239.9057    -633392.9031      31519.6672   -6614678.8744    6487312.2046

STAT_0:   340000             192

MOVE_1:   340000          102124            2884          2.8240

ENER_1:   340000     250315.6498     250315.6498          0.0000          0.0000          0.0000          0.0000          0.0000          0.0000          0.0000          0.0000

STAT_1:   340000             658

Steps/sec. : 1417.4666
MOVE_0:   350000           70290           35133         49.9829          0.3597           69727           35001         50.1972          0.8169               0               0          0.0000          104770            3031          2.8930

ENER_0:   350000    -575286.1657      83297.1057          0.0000     103436.6077      -2969.6114    -759050.2677    -651896.9845      27840.4244   -7028096.3040    6893102.5964

STAT_0:   350000             204

MOVE_1:   350000          105213            2985          2.8371

ENER_1:   350000     240773.3379     240773.3379          0.0000          0.0000          0.0000          0.0000          0.0000          0.0000          0.0000          0.0000

STAT_1:   350000             646

Steps/sec. : 1401.3143
MOVE_0:   360000           72280           36130         49.9862          0.3570           71727           36008         50.2015          0.8552               0               0          0.0000          107800            3111          2.8859

ENER_0:   360000    -615380.0214      85678.1389          0.0000     103795.0801      -3176.9048    -801676.3357    -691593.5355      28890.4338   -7269256.4713    7130283.2373

STAT_0:   360000             211

MOVE_1:   360000          108193            3072          2.8394

ENER_1:   360000     237900.9961     237900.9961          0.0000          0.0000          0.0000          0.0000          0.0000          0.0000          0.0000          0.0000

STAT_1:   360000             639

Steps/sec. : 1340.4001
MOVE_0:   370000           74340           37147         49.9691          0.2959           73646           36963         50.1901          0.8037               0               0          0.0000          110833            3191          2.8791

ENER_0:   370000    -697775.7519      88717.4641          0.0000     126978.3541      -3580.4312    -909891.1389    -788709.8213      25426.8328   -7717125.3534    7570517.2030

STAT_0:   370000             224

MOVE_1:   370000          111181            3165          2.8467

ENER_1:   370000     230535.9836     230535.9836          0.0000          0.0000          0.0000          0.0000          0.0000          0.0000          0.0000          0.0000

STAT_1:   370000             626

Steps/sec. : 1313.9342
MOVE_0:   380000           76313           38151         49.9928          0.3345           75639           37963         50.1897          0.7888               0               0          0.0000          113835            3256          2.8603

ENER_0:   380000    -718839.9037      95997.1427          0.0000     103511.4913      -3807.7046    -914540.8331    -788764.4544      25739.7121   -7958285.5207    7806769.4300

STAT_0:   380000             231

MOVE_1:   380000          114213            3237          2.8342

ENER_1:   380000     220571.3100     220571.3100          0.0000          0.0000          0.0000          0.0000          0.0000          0.0000          0.0000          0.0000

STAT_1:   380000             619

Steps/sec. : 1248.8095
MOVE_0:   390000           78303           39153         50.0019          0.3459           77564           38928         50.1882          0.7694               0               0          0.0000          116883            3332          2.8507

ENER_0:   390000    -729015.3522      88957.6991          0.0000      82454.4333      -3676.9778    -896750.5068    -776576.2020      28966.2179   -7820479.7108    7671339.1881

STAT_0:   390000             227

MOVE_1:   390000          117250            3309          2.8222

ENER_1:   390000     228679.3738     228679.3738          0.0000          0.0000          0.0000          0.0000          0.0000          0.0000          0.0000          0.0000

STAT_1:   390000             623

Steps/sec. : 1254.9484
MOVE_0:   400000           80246           40120         49.9963          0.3250           79667           39992         50.1990          0.8532               0               0          0.0000          119831            3407          2.8432

ENER_0:   400000    -683299.2954      96885.3957          0.0000     113690.9102      -3548.5344    -890327.0668    -771299.0925      28899.7828   -7682673.9009    7534746.1438

STAT_0:   400000             223

MOVE_1:   400000          120256            3380          2.8107

ENER_1:   400000     238780.1176     238780.1176          0.0000          0.0000          0.0000          0.0000          0.0000          0.0000          0.0000          0.0000

STAT_1:   400000             627

Steps/sec. : 1285.7104
MOVE_0:   410000           82192           41118         50.0268          0.4046           81673           41011         50.2137          0.9360               0               0          0.0000          122841            3501          2.8500

ENER_0:   410000    -608485.6247      91730.3962          0.0000      89485.7017      -2998.7966    -786702.9260    -677320.7518      27839.9182   -7062547.7565    6925325.6640

STAT_0:   410000             205

MOVE_1:   410000          123294            3456          2.8031

ENER_1:   410000     232403.6467     232403.6467          0.0000          0.0000          0.0000          0.0000          0.0000          0.0000          0.0000          0.0000

STAT_1:   410000             645

Steps/sec. : 1309.5111
MOVE_0:   420000           84162           42113         50.0380          0.4139           83700           42015         50.1971          0.8109               0               0          0.0000          125861            3579          2.8436

ENER_0:   420000    -595451.0909      90338.6232          0.0000      90583.9920      -3028.1245    -773345.5816    -673200.0556      36923.0416   -7096999.2089    6959930.6414

STAT_0:   420000             206

MOVE_1:   420000          126277            3535          2.7994

ENER_1:   420000     229531.5252     229531.5252          0.0000          0.0000          0.0000          0.0000          0.0000          0.0000          0.0000          0.0000

STAT_1:   420000             644

Steps/sec. : 1383.7988
MOVE_0:   430000           86181           43114         50.0273          0.3537           85709           43023         50.1966          0.7923               0               0          0.0000          128854            3674          2.8513

ENER_0:   430000    -547401.8196      80045.8630          0.0000      91468.6919      -2940.5690    -715975.8055    -612743.6149      29455.9538   -6993644.8515    6860956.7071

STAT_0:   430000             203

MOVE_1:   430000          129256            3627          2.8061

ENER_1:   430000     227488.7207     227488.7207          0.0000          0.0000          0.0000          0.0000          0.0000          0.0000          0.0000          0.0000

STAT_1:   430000             647

Steps/sec. : 1439.6597
MOVE_0:   440000           88162           44116         50.0397          0.3861           87653           44012         50.2116          0.8973               0               0          0.0000          131901            3769          2.8574

ENER_0:   440000    -565460.5404      87989.8648          0.0000     102200.1441      -2854.2978    -752796.2515    -654779.7134      32889.3682   -6890290.4941    6759384.5878

STAT_0:   440000             200

MOVE_1:   440000          132284            3719          2.8114

ENER_1:   440000     225174.8653     225174.8653          0.0000          0.0000          0.0000          0.0000          0.0000          0.0000          0.0000          0.0000

STAT_1:   440000             650

Steps/sec. : 1395.3456
MOVE_0:   450000           90189           45126         50.0349          0.3705           89709           45038         50.2046          0.8712               0               0          0.0000          134854            3847          2.8527

ENER_0:   450000    -669489.8658      93046.1005          0.0000     124118.2015      -3360.1507    -883294.0171    -775330.3570      35440.5568   -7475965.1861    7332560.9692

STAT_0:   450000             217

MOVE_1:   450000          135248            3814          2.8200

ENER_1:   450000     220980.0652     220980.0652          0.0000          0.0000          0.0000          0.0000          0.0000          0.0000          0.0000          0.0000

STAT_1:   450000             633

Steps/sec. : 1390.0450
MOVE_0:   460000           92293           46160         50.0146          0.2982           91627           45985         50.1872          0.7396               0               0          0.0000          137852            3917          2.8415

ENER_0:   460000    -673157.1856      89885.0092          0.0000      99232.7276      -3298.4979    -858976.4245    -747017.5608      29012.5155   -7407062.2812    7266090.9020

STAT_0:   460000             215

MOVE_1:   460000          138228            3882          2.8084

ENER_1:   460000     226395.4198     226395.4198          0.0000          0.0000          0.0000          0.0000          0.0000          0.0000          0.0000          0.0000

STAT_1:   460000             635

Steps/sec. : 1341.2122
MOVE_0:   470000           94331           47201         50.0376          0.3540           93599           46989         50.2025          0.8397               0               0          0.0000          140830            3999          2.8396

ENER_0:   470000    -623419.9290      91212.6264          0.0000     115423.8821      -3116.9646    -826939.4729    -717297.5997      28861.1588   -7200353.5664    7061850.5343

STAT_0:   470000             209

MOVE_1:   470000          141240            3958          2.8023

ENER_1:   470000     231139.8062     231139.8062          0.0000          0.0000          0.0000          0.0000          0.0000          0.0000          0.0000          0.0000

STAT_1:   470000             641

Steps/sec. : 1356.4834
MOVE_0:   480000           96344           48213         50.0426          0.3562           95533           47972         50.2151          0.9597               0               0          0.0000          143874            4085          2.8393

ENER_0:   480000    -584297.6036      85872.3815          0.0000     104924.6458      -2882.9121    -772211.7187    -666446.4480      27736.8539   -6924741.9466    6791239.8220

STAT_0:   480000             201

MOVE_1:   480000          144249            4036          2.7979

ENER_1:   480000     230025.9712     230025.9712          0.0000          0.0000          0.0000          0.0000          0.0000          0.0000          0.0000          0.0000

STAT_1:   480000             649

Steps/sec. : 1379.9910
MOVE_0:   490000           98307           49202         50.0493          0.3556           97504           48955         50.2082          0.8879               0               0          0.0000          146981            4193          2.8527

ENER_0:   490000    -541119.1667      88709.4691          0.0000      96171.8222      -2603.1910    -723397.2670    -627854.5141      31874.9102   -6580227.4219    6452809.7587

STAT_0:   490000             191

MOVE_1:   490000          147208            4134          2.8083

ENER_1:   490000     241773.6904     241773.6904          0.0000          0.0000          0.0000          0.0000          0.0000          0.0000          0.0000          0.0000

STAT_1:   490000             659

Steps/sec. : 1404.9472
MOVE_0:   500000          100298           50200         50.0508          0.3687           99541           49974         50.2044          0.8796               0               0          0.0000          149976            4291          2.8611

ENER_0:   500000    -554358.8442      96595.7880          0.0000      94789.5460      -2769.3111    -742974.8671    -638881.8948      26333.5471   -6786936.1367    6656509.6173

STAT_0:   500000             197

MOVE_1:   500000          150185            4238          2.8219

ENER_1:   500000     235548.2131     235548.2131          0.0000          0.0000          0.0000          0.0000          0.0000          0.0000          0.0000          0.0000

STAT_1:   500000             653

Steps/sec. : 1447.1024
MOVE_0:   510000          102327           51218         50.0533          0.3715          101498           50957         50.2049          0.8901               0               0          0.0000          152993            4392          2.8707

ENER_0:   510000    -594536.7669      95724.0067          0.0000     107014.4022      -2940.5690    -794334.6068    -691427.8821      32773.5577   -6993644.8515    6857964.5691

STAT_0:   510000             203

MOVE_1:   510000          153182            4345          2.8365

ENER_1:   510000     238319.3729     238319.3729          0.0000          0.0000          0.0000          0.0000          0.0000          0.0000          0.0000          0.0000

STAT_1:   510000             647

Steps/sec. : 1450.2945
MOVE_0:   520000          104336           52223         50.0527          0.3650          103575           51991         50.1965          0.8369               0               0          0.0000          155961            4486          2.8764

ENER_0:   520000    -597958.6434     104131.7053          0.0000      94475.7326      -3116.9646    -793449.1167    -684906.6789      31332.1445   -7200353.5664    7060478.9840

STAT_0:   520000             209

MOVE_1:   520000          156128            4445          2.8470

ENER_1:   520000     242259.8588     242259.8588          0.0000          0.0000          0.0000          0.0000          0.0000          0.0000          0.0000          0.0000

STAT_1:   520000             641

Steps/sec. : 1394.7562
MOVE_0:   530000          106405           53266         50.0597          0.3882          105524           52978         50.2047          0.9053               0               0          0.0000          159040            4579          2.8791

ENER_0:   530000    -560492.6385     101391.3830          0.0000      78297.5572      -2854.2978    -737327.2809    -634806.0395      30929.6411   -6890290.4941    6756839.6115

STAT_0:   530000             200

MOVE_1:   530000          159031            4529          2.8479

ENER_1:   530000     256569.6852     256569.6852          0.0000          0.0000          0.0000          0.0000          0.0000          0.0000          0.0000          0.0000

STAT_1:   530000             650

Steps/sec. : 1388.7956
MOVE_0:   540000          108348           54244         50.0646          0.4019          107520           53977         50.2018          0.8995               0               0          0.0000          162035            4666          2.8796

ENER_0:   540000    -578906.2676     102485.0468          0.0000      90828.2449      -2911.6692    -769307.8901    -661034.5611      26435.9472   -6959193.3991    6824484.1228

STAT_0:   540000             202

MOVE_1:   540000          162097            4618          2.8489

ENER_1:   540000     259203.2416     259203.2416          0.0000          0.0000          0.0000          0.0000          0.0000          0.0000          0.0000          0.0000

STAT_1:   540000             648

Steps/sec. : 1408.7457
MOVE_0:   550000          110359           55246         50.0603          0.3643          109506           54979         50.2064          0.9569               0               0          0.0000          165030            4769          2.8898

ENER_0:   550000    -573607.8059      86526.1384          0.0000      94256.2630      -2769.3111    -751620.8961    -649953.1500      28932.1919   -6786936.1367    6656336.1986

STAT_0:   550000             197

MOVE_1:   550000          165105            4716          2.8564

ENER_1:   550000     268750.2106     268750.2106          0.0000          0.0000          0.0000          0.0000          0.0000          0.0000          0.0000          0.0000

STAT_1:   550000             653

Steps/sec. : 1437.2344
MOVE_0:   560000          112346           56251         50.0694          0.3994          111504           55976         50.2009          0.9066               0               0          0.0000          168063            4858          2.8906

ENER_0:   560000    -605044.3783      86148.7810          0.0000      82624.1876      -2998.7966    -770818.5503    -667513.6900      31922.9179   -7062547.7565    6927319.9783

STAT_0:   560000             205

MOVE_1:   560000          168087            4813          2.8634

ENER_1:   560000     262240.0918     262240.0918          0.0000          0.0000          0.0000          0.0000          0.0000          0.0000          0.0000          0.0000

STAT_1:   560000             645

Steps/sec. : 1446.0498
MOVE_0:   570000          114294           57216         50.0604          0.3513          113489           56970         50.1987          0.8634               0               0          0.0000          171095            4945          2.8902

ENER_0:   570000    -600605.7631      82249.0623          0.0000      79588.0287      -2854.2978    -759588.5563    -658730.5176      31057.0185   -6890290.4941    6758375.4368

STAT_0:   570000             200

MOVE_1:   570000          171122            4895          2.8605

ENER_1:   570000     257358.2937     257358.2937          0.0000          0.0000          0.0000          0.0000          0.0000          0.0000          0.0000          0.0000

STAT_1:   570000             650

Steps/sec. : 1395.3443
MOVE_0:   580000          116305           58219         50.0572          0.3294          115512           57989         50.2017          0.8957               0               0          0.0000          174049            5026          2.8877

ENER_0:   580000    -622105.5513      87396.8354          0.0000      98318.1166      -3207.0890    -804613.4144    -696621.8567      31965.0101   -7303707.9238    7163751.3560

STAT_0:   580000             212

MOVE_1:   580000          174134            4988          2.8645

ENER_1:   580000     249904.6583     249904.6583          0.0000          0.0000          0.0000          0.0000          0.0000          0.0000          0.0000          0.0000

STAT_1:   580000             638

Steps/sec. : 1387.7311
MOVE_0:   590000          118285           59226         50.0706          0.3819          117512           58994         50.2025          0.9054               0               0          0.0000          177120            5105          2.8822

ENER_0:   590000    -629001.4000      79440.4338          0.0000     104957.4358      -3207.0890    -810192.1806    -700725.4988      30598.9608   -7303707.9238    7163642.2812

STAT_0:   590000             212

MOVE_1:   590000          177083            5067          2.8614

ENER_1:   590000     249352.5563     249352.5563          0.0000          0.0000          0.0000          0.0000          0.0000          0.0000          0.0000          0.0000

STAT_1:   590000             638

Steps/sec. : 1368.9063
MOVE_0:   600000          120258           60211         50.0682          0.3541          119568           60021         50.1982          0.8728               0               0          0.0000          180092            5196          2.8852

ENER_0:   600000    -564383.5219      82797.7181          0.0000     107525.6901      -2854.2978    -751852.6323    -655178.8788      34098.8154   -6890290.4941    6759517.9253

STAT_0:   600000             200

MOVE_1:   600000          180082            5146          2.8576

ENER_1:   600000     255243.5405     255243.5405          0.0000          0.0000          0.0000          0.0000          0.0000          0.0000          0.0000          0.0000

STAT_1:   600000             650

Steps/sec. : 1403.2122
MOVE_0:   610000          122271           61232         50.0789          0.3844          121448           60962         50.1960          0.8454               0               0          0.0000          183205            5296          2.8908

ENER_0:   610000    -590091.2630      83430.2278          0.0000      71518.2983      -2797.4973    -742242.2918    -641819.6728      29667.7653   -6821387.5892    6691297.2049

STAT_0:   610000             198

MOVE_1:   610000          183076            5244          2.8644

ENER_1:   610000     255149.0975     255149.0975          0.0000          0.0000          0.0000          0.0000          0.0000          0.0000          0.0000          0.0000

STAT_1:   610000             652

Steps/sec. : 1428.4983
MOVE_0:   620000          124290           62241         50.0772          0.3742          123576           62024         50.1910          0.8382               0               0          0.0000          186111            5382          2.8918

ENER_0:   620000    -588959.8284      85309.8058          0.0000      90282.9197      -3087.2085    -761465.3455    -656111.4812      30830.5215   -7165902.1139    7029717.7280

STAT_0:   620000             208

MOVE_1:   620000          186023            5340          2.8706

ENER_1:   620000     245190.7979     245190.7979          0.0000          0.0000          0.0000          0.0000          0.0000          0.0000          0.0000          0.0000

STAT_1:   620000             642

Steps/sec. : 1425.2512
MOVE_0:   630000          126339           63286         50.0922          0.3760          125583           63037         50.1955          0.8688               0               0          0.0000          189098            5482          2.8990

ENER_0:   630000    -552168.7095      82156.4113          0.0000      86190.9819      -2769.3111    -717746.7916    -626168.0465      37999.2643   -6786936.1367    6657358.1272

STAT_0:   630000             197

MOVE_1:   630000          188980            5429          2.8728

ENER_1:   630000     242315.0884     242315.0884          0.0000          0.0000          0.0000          0.0000          0.0000          0.0000          0.0000          0.0000

STAT_1:   630000             653

Steps/sec. : 1417.3304
MOVE_0:   640000          128355           64299         50.0947          0.3887          127572           64036         50.1960          0.9065               0               0          0.0000          192108            5584          2.9067

ENER_0:   640000    -582619.0008      92700.7586          0.0000      94814.7719      -2854.2978    -767280.2336    -663387.0373      29219.6749   -6890290.4941    6757177.6229

STAT_0:   640000             200

MOVE_1:   640000          191965            5534          2.8828

ENER_1:   640000     241580.0601     241580.0601          0.0000          0.0000          0.0000          0.0000          0.0000          0.0000          0.0000          0.0000

STAT_1:   640000             650

Steps/sec. : 1428.0957
MOVE_0:   650000          130294           65279         50.1013          0.4065          129571           65033         50.1910          0.8562               0               0          0.0000          195201            5678          2.9088

ENER_0:   650000    -582039.3406      86133.7976          0.0000      87838.7146      -2911.6692    -753100.1836    -650192.3540      30674.8158   -6959193.3991    6825610.7537

STAT_0:   650000             202

MOVE_1:   650000          194934            5630          2.8882

ENER_1:   650000     243537.3999     243537.3999          0.0000          0.0000          0.0000          0.0000          0.0000          0.0000          0.0000          0.0000

STAT_1:   650000             648

Steps/sec. : 1411.4866
MOVE_0:   660000          132244           66236         50.0862          0.3118          131600           66039         50.1816          0.7791               0               0          0.0000          198212            5783          2.9176

ENER_0:   660000    -584096.1548      95034.8631          0.0000      81061.2497      -2854.2978    -757337.9697    -652063.8004      28869.3322   -6890290.4941    6756146.9926

STAT_0:   660000             200

MOVE_1:   660000          197944            5733          2.8963

ENER_1:   660000     230346.5083     230346.5083          0.0000          0.0000          0.0000          0.0000          0.0000          0.0000          0.0000          0.0000

STAT_1:   660000             650

Steps/sec. : 1419.8775
MOVE_0:   670000          134217           67240         50.0980          0.3466          133526           67017         50.1902          0.8744               0               0          0.0000          201245            5864          2.9139

ENER_0:   670000    -642553.6482     100679.1557          0.0000     120632.6265      -3176.9048    -860688.5256    -749428.9140      30317.8000   -7269256.4713    7127679.0596

STAT_0:   670000             211

MOVE_1:   670000          201012            5825          2.8978

ENER_1:   670000     232053.3147     232053.3147          0.0000          0.0000          0.0000          0.0000          0.0000          0.0000          0.0000          0.0000

STAT_1:   670000             639

Steps/sec. : 1392.2434
MOVE_0:   680000          136206           68241         50.1013          0.3527          135477           68004         50.1960          0.9338               0               0          0.0000          204220            5931          2.9042

ENER_0:   680000    -650149.4683     109272.7018          0.0000      98823.5586      -3485.1690    -854760.5597    -739376.6057      31139.2290   -7613770.9960    7467247.8130

STAT_0:   680000             221

MOVE_1:   680000          204097            5902          2.8918

ENER_1:   680000     232668.6990     232668.6990          0.0000          0.0000          0.0000          0.0000          0.0000          0.0000          0.0000          0.0000

STAT_1:   680000             629

Steps/sec. : 1324.0796
MOVE_0:   690000          138198           69241         50.1028          0.3551          137508           69004         50.1818          0.7875               0               0          0.0000          207210            6006          2.8985

ENER_0:   690000    -654053.6370     114844.2954          0.0000     120603.0495      -3422.3744    -886078.6074    -769037.6957      29522.1709   -7544868.0911    7398305.0084

STAT_0:   690000             219

MOVE_1:   690000          207084            5975          2.8853

ENER_1:   690000     228518.2975     228518.2975          0.0000          0.0000          0.0000          0.0000          0.0000          0.0000          0.0000          0.0000

STAT_1:   690000             631

Steps/sec. : 1347.4637
MOVE_0:   700000          140224           70252         50.0998          0.3453          139498           70000         50.1799          0.7652               0               0          0.0000          210218            6075          2.8899

ENER_0:   700000    -699045.1342     112181.3295          0.0000     117834.8079      -3644.6529    -925416.6188    -802027.1575      28227.6987   -7786028.2584    7634411.0984

STAT_0:   700000             226

MOVE_1:   700000          210060            6051          2.8806

ENER_1:   700000     218997.7923     218997.7923          0.0000          0.0000          0.0000          0.0000          0.0000          0.0000          0.0000          0.0000

STAT_1:   700000             624

Steps/sec. : 1298.7632
MOVE_0:   710000          142254           71278         50.1061          0.3821          141466           70997         50.1866          0.8628               0               0          0.0000          213213            6138          2.8788

ENER_0:   710000    -676190.5755     102712.6789          0.0000     152288.8724      -3709.4454    -927482.6814    -804566.6769      29943.1306   -7854931.1633    7702072.0282

STAT_0:   710000             228

MOVE_1:   710000          213067            6116          2.8705

ENER_1:   710000     216383.2911     216383.2911          0.0000          0.0000          0.0000          0.0000          0.0000          0.0000          0.0000          0.0000

STAT_1:   710000             622

Steps/sec. : 1273.1368
MOVE_0:   720000          144302           72286         50.0936          0.3154          143562           72053         50.1895          0.8780               0               0          0.0000          216152            6219          2.8771

ENER_0:   720000    -674583.6858      95141.8906          0.0000     137197.1230      -3329.2530    -903593.4465    -789221.1169      28907.6497   -7441513.7336    7298233.7544

STAT_0:   720000             216

MOVE_1:   720000          215984            6185          2.8636

ENER_1:   720000     225169.1881     225169.1881          0.0000          0.0000          0.0000          0.0000          0.0000          0.0000          0.0000          0.0000

STAT_1:   720000             634

Steps/sec. : 1346.2962
MOVE_0:   730000          146317           73311         50.1042          0.3711          145561           73066         50.1961          0.9573               0               0          0.0000          219236            6301          2.8741

ENER_0:   730000    -619696.0516      92658.2124          0.0000     115883.7443      -3087.2085    -825150.7999    -715654.9050      29316.4197   -7165902.1139    7027089.7993

STAT_0:   730000             208

MOVE_1:   730000          218886            6259          2.8595

ENER_1:   730000     240863.5440     240863.5440          0.0000          0.0000          0.0000          0.0000          0.0000          0.0000          0.0000          0.0000

STAT_1:   730000             642

Steps/sec. : 1366.1887
MOVE_0:   740000          148327           74319         50.1048          0.3610          147552           74062         50.1938          0.9062               0               0          0.0000          222240            6367          2.8649

ENER_0:   740000    -673892.7224     101644.5621          0.0000     117408.5295      -3485.1690    -889460.6451    -774726.2592      31579.1631   -7613770.9960    7467457.4470

STAT_0:   740000             221

MOVE_1:   740000          221881            6338          2.8565

ENER_1:   740000     235358.1493     235358.1493          0.0000          0.0000          0.0000          0.0000          0.0000          0.0000          0.0000          0.0000

STAT_1:   740000             629

Steps/sec. : 1345.4812
MOVE_0:   750000          150330           75320         50.1031          0.3486          149538           75066         50.1986          0.9080               0               0          0.0000          225287            6453          2.8643

ENER_0:   750000    -679499.6534     105152.9202          0.0000     107673.2745      -3453.7003    -888872.1477    -768634.4494      26596.1275   -7579319.5435    7432485.7176

STAT_0:   750000             220

MOVE_1:   750000          224845            6423          2.8566

ENER_1:   750000     232906.8346     232906.8346          0.0000          0.0000          0.0000          0.0000          0.0000          0.0000          0.0000          0.0000

STAT_1:   750000             630

Steps/sec. : 1348.8714
MOVE_0:   760000          152403           76366         50.1079          0.3632          151537           76065         50.1957          0.8818               0               0          0.0000          228236            6513          2.8536

ENER_0:   760000    -702746.8489     105861.1064          0.0000      94653.4331      -3742.0558    -899519.3326    -774019.5456      26644.4899   -7889382.6158    7737238.3388

STAT_0:   760000             229

MOVE_1:   760000          227824            6492          2.8496

ENER_1:   760000     222209.1470     222209.1470          0.0000          0.0000          0.0000          0.0000          0.0000          0.0000          0.0000          0.0000

STAT_1:   760000             621

Steps/sec. : 1298.1456
MOVE_0:   770000          154451           77399         50.1123          0.3747          153513           77049         50.1905          0.8248               0               0          0.0000          231269            6564          2.8383

ENER_0:   770000    -719053.4129     116430.0636          0.0000     135065.4450      -4008.0763    -966540.8452    -840527.6380      32411.9655   -8164994.2355    8006569.0628

STAT_0:   770000             237

MOVE_1:   770000          230767            6551          2.8388

ENER_1:   770000     227963.5074     227963.5074          0.0000          0.0000          0.0000          0.0000          0.0000          0.0000          0.0000          0.0000

STAT_1:   770000             613

Steps/sec. : 1261.1796
MOVE_0:   780000          156460           78394         50.1048          0.3360          155488           78051         50.1974          0.9287               0               0          0.0000          234273            6634          2.8317

ENER_0:   780000    -692520.0391     104993.6646          0.0000     150089.6509      -3644.6529    -943958.7017    -819365.7265      26952.1621   -7786028.2584    7634483.1210

STAT_0:   780000             226

MOVE_1:   780000          233779            6610          2.8275

ENER_1:   780000     232026.0437     232026.0437          0.0000          0.0000          0.0000          0.0000          0.0000          0.0000          0.0000          0.0000

STAT_1:   780000             624

Steps/sec. : 1270.1495
MOVE_0:   790000          158373           79349         50.1026          0.3084          157493           79043         50.1883          0.8292               0               0          0.0000          237346            6714          2.8288

ENER_0:   790000    -659040.6289     102113.2911          0.0000     112856.2108      -3176.9048    -870833.2259    -757968.1953      29164.9436   -7269256.4713    7127226.4970

STAT_0:   790000             211

MOVE_1:   790000          236788            6675          2.8190

ENER_1:   790000     234230.3873     234230.3873          0.0000          0.0000          0.0000          0.0000          0.0000          0.0000          0.0000          0.0000

STAT_1:   790000             639

Steps/sec. : 1315.4327
MOVE_0:   800000          160343           80348         50.1101          0.3433          159508           80058         50.1906          0.8589               0               0          0.0000          240373            6801          2.8294

ENER_0:   800000    -681625.2000     105021.9703          0.0000      95448.0036      -3237.4159    -878857.7579    -759146.4408      23900.8843   -7338159.3762    7194547.1748

STAT_0:   800000             213

MOVE_1:   800000          239776            6764          2.8210

ENER_1:   800000     230187.4044     230187.4044          0.0000          0.0000          0.0000          0.0000          0.0000          0.0000          0.0000          0.0000

STAT_1:   800000             637

Steps/sec. : 1349.4640
MOVE_0:   810000          162304           81334         50.1121          0.3299          161515           81061         50.1879          0.8269               0               0          0.0000          243354            6871          2.8235

ENER_0:   810000    -644745.6667     107615.9279          0.0000     119813.6376      -3298.4979    -868876.7343    -753247.5899      29367.6476   -7407062.2812    7262065.4892

STAT_0:   810000             215

MOVE_1:   810000          242827            6836          2.8152

ENER_1:   810000     231473.1011     231473.1011          0.0000          0.0000          0.0000          0.0000          0.0000          0.0000          0.0000          0.0000

STAT_1:   810000             635

Steps/sec. : 1320.8354
MOVE_0:   820000          164306           82338         50.1126          0.3267          163488           82066         50.1970          0.9615               0               0          0.0000          246315            6925          2.8114

ENER_0:   820000    -641521.5435     109181.9579          0.0000     107122.5744      -3391.1912    -854434.8846    -733786.8129      25949.7647   -7510416.6386    7363818.8022

STAT_0:   820000             218

MOVE_1:   820000          245891            6893          2.8033

ENER_1:   820000     235989.3971     235989.3971          0.0000          0.0000          0.0000          0.0000          0.0000          0.0000          0.0000          0.0000

STAT_1:   820000             632

Steps/sec. : 1312.4798
MOVE_0:   830000          166372           83385         50.1196          0.3682          165454           83051         50.1958          0.9544               0               0          0.0000          249278            6973          2.7973

ENER_0:   830000    -727330.4902     104756.1348          0.0000     114374.5373      -3774.8088    -942686.3534    -813676.4786      25512.9334   -7923834.0682    7769311.2600

STAT_0:   830000             230

MOVE_1:   830000          248896            6953          2.7935

ENER_1:   830000     229663.0563     229663.0563          0.0000          0.0000          0.0000          0.0000          0.0000          0.0000          0.0000          0.0000

STAT_1:   830000             620

Steps/sec. : 1304.7070
MOVE_0:   840000          168389           84378         50.1090          0.3080          167539           84091         50.1919          0.8650               0               0          0.0000          252220            7047          2.7940

ENER_0:   840000    -741940.1027     107610.9575          0.0000     128348.3947      -3807.7046    -974091.7502    -847583.7188      28492.3172   -7958285.5207    7803285.1720

STAT_0:   840000             231

MOVE_1:   840000          251852            7028          2.7905

ENER_1:   840000     225037.1076     225037.1076          0.0000          0.0000          0.0000          0.0000          0.0000          0.0000          0.0000          0.0000

STAT_1:   840000             619

Steps/sec. : 1309.2403
MOVE_0:   850000          170366           85385         50.1186          0.3719          169520           85083         50.1905          0.8694               0               0          0.0000          255278            7137          2.7958

ENER_0:   850000    -660258.0475      92239.6082          0.0000     111573.1384      -3146.8633    -860923.9308    -748662.9326      28857.1842   -7234805.0188    7093686.8364

STAT_0:   850000             210

MOVE_1:   850000          254836            7097          2.7849

ENER_1:   850000     230072.0311     230072.0311          0.0000          0.0000          0.0000          0.0000          0.0000          0.0000          0.0000          0.0000

STAT_1:   850000             640

Steps/sec. : 1323.8719
MOVE_0:   860000          172445           86422         50.1157          0.3474          171530           86092         50.1906          0.8875               0               0          0.0000          258241            7200          2.7881

ENER_0:   860000    -611712.5590      93289.3009          0.0000      73945.9183      -3028.1245    -775919.6536    -672396.2784      34477.4518   -7096999.2089    6958998.3820

STAT_0:   860000             206

MOVE_1:   860000          257784            7156          2.7760

ENER_1:   860000     231639.6240     231639.6240          0.0000          0.0000          0.0000          0.0000          0.0000          0.0000          0.0000          0.0000

STAT_1:   860000             644

Steps/sec. : 1379.8486
MOVE_0:   870000          174408           87416         50.1216          0.3685          173535           87104         50.1939          0.9175               0               0          0.0000          261297            7272          2.7830

ENER_0:   870000    -623770.4802      90781.4406          0.0000      87388.0414      -3028.1245    -798911.8377    -684212.7641      23184.7718   -7096999.2089    6959115.3634

STAT_0:   870000             206

MOVE_1:   870000          260760            7228          2.7719

ENER_1:   870000     225760.7959     225760.7959          0.0000          0.0000          0.0000          0.0000          0.0000          0.0000          0.0000          0.0000

STAT_1:   870000             644

Steps/sec. : 1394.1304
MOVE_0:   880000          176358           88397         50.1236          0.3828          175539           88104         50.1906          0.8849               0               0          0.0000          264316            7368          2.7876

ENER_0:   880000    -586791.6148      85756.7675          0.0000      70680.2990      -2713.3669    -740515.3145    -641436.5509      31262.8877   -6718033.2318    6587691.5805

STAT_0:   880000             195

MOVE_1:   880000          263787            7313          2.7723

ENER_1:   880000     217602.7920     217602.7920          0.0000          0.0000          0.0000          0.0000          0.0000          0.0000          0.0000          0.0000

STAT_1:   880000             655

Steps/sec. : 1428.9746
MOVE_0:   890000          178294           89357         50.1178          0.3458          177520           89096         50.1893          0.8350               0               0          0.0000          267421            7456          2.7881

ENER_0:   890000    -574403.6171      93436.5895          0.0000      85547.2192      -2969.6114    -750417.8144    -646550.9292      32720.5011   -7028096.3040    6891508.9177

STAT_0:   890000             204

MOVE_1:   890000          266765            7410          2.7777

ENER_1:   890000     234849.3879     234849.3879          0.0000          0.0000          0.0000          0.0000          0.0000          0.0000          0.0000          0.0000

STAT_1:   890000             646

Steps/sec. : 1380.1331
MOVE_0:   900000          180317           90377         50.1212          0.3740          179440           90080         50.2006          1.0078               0               0          0.0000          270432            7545          2.7900

ENER_0:   900000    -595978.1836     100192.7167          0.0000      78474.3952      -2940.5690    -771704.7265    -664008.1931      28514.0910   -6993644.8515    6857434.2272

STAT_0:   900000             203

MOVE_1:   900000          269811            7498          2.7790

ENER_1:   900000     238073.0328     238073.0328          0.0000          0.0000          0.0000          0.0000          0.0000          0.0000          0.0000          0.0000

STAT_1:   900000             647

Steps/sec. : 1378.7145
MOVE_0:   910000          182358           91384         50.1124          0.3120          181449           91073         50.1921          0.8788               0               0          0.0000          273402            7626          2.7893

ENER_0:   910000    -648258.6388      97025.6082          0.0000     117340.0501      -3237.4159    -859386.8812    -744098.3611      27429.4100   -7338159.3762    7195441.4461

STAT_0:   910000             213

MOVE_1:   910000          272791            7589          2.7820

ENER_1:   910000     228935.0608     228935.0608          0.0000          0.0000          0.0000          0.0000          0.0000          0.0000          0.0000          0.0000

STAT_1:   910000             637

Steps/sec. : 1400.9990
MOVE_0:   920000          184346           92393         50.1193          0.3535          183435           92075         50.1949          0.8935               0               0          0.0000          276456            7711          2.7892

ENER_0:   920000    -660380.7734      99943.2569          0.0000     108166.6972      -3453.7003    -865037.0272    -749098.7281      31486.3696   -7579319.5435    7431894.8749

STAT_0:   920000             220

MOVE_1:   920000          275763            7681          2.7854

ENER_1:   920000     231401.0971     231401.0971          0.0000          0.0000          0.0000          0.0000          0.0000          0.0000          0.0000          0.0000

STAT_1:   920000             630

Steps/sec. : 1371.6042
MOVE_0:   930000          186402           93438         50.1271          0.4062          185414           93072         50.1969          0.9639               0               0          0.0000          279543            7796          2.7888

ENER_0:   930000    -624896.1993      92111.6084          0.0000     106826.4429      -3176.9048    -820657.3458    -713283.1785      34102.1710   -7269256.4713    7127780.1330

STAT_0:   930000             211

MOVE_1:   930000          278641            7757          2.7839

ENER_1:   930000     235924.0024     235924.0024          0.0000          0.0000          0.0000          0.0000          0.0000          0.0000          0.0000          0.0000

STAT_1:   930000             639

Steps/sec. : 1365.4459
MOVE_0:   940000          188436           94450         50.1231          0.3813          187398           94062         50.1937          0.9190               0               0          0.0000          282563            7873          2.7863

ENER_0:   940000    -630409.1232      85177.2249          0.0000      81314.1530      -3176.9048    -793723.5963    -686120.9371      33031.7495   -7269256.4713    7128622.0626

STAT_0:   940000             211

MOVE_1:   940000          281603            7834          2.7819

ENER_1:   940000     239509.5730     239509.5730          0.0000          0.0000          0.0000          0.0000          0.0000          0.0000          0.0000          0.0000

STAT_1:   940000             639

Steps/sec. : 1367.3594
MOVE_0:   950000          190389           95431         50.1242          0.3720          189446           95066         50.1811          0.7375               0               0          0.0000          285549            7976          2.7932

ENER_0:   950000    -597791.6864      92222.3369          0.0000      66169.9776      -2911.6692    -753272.3318    -647322.1401      29401.2892   -6959193.3991    6823841.9181

STAT_0:   950000             202

MOVE_1:   950000          284616            7928          2.7855

ENER_1:   950000     243878.1529     243878.1529          0.0000          0.0000          0.0000          0.0000          0.0000          0.0000          0.0000          0.0000

STAT_1:   950000             648

Steps/sec. : 1399.3142
MOVE_0:   960000          192296           96386         50.1238          0.3710          191487           96138         50.2060          1.0896               0               0          0.0000          288612            8051          2.7896

ENER_0:   960000    -615116.1345      84344.4782          0.0000      84399.9106      -3146.8633    -780713.6600    -666171.0786      25592.4636   -7234805.0188    7094669.9739

STAT_0:   960000             210

MOVE_1:   960000          287605            8011          2.7854

ENER_1:   960000     231983.2136     231983.2136          0.0000          0.0000          0.0000          0.0000          0.0000          0.0000          0.0000          0.0000

STAT_1:   960000             640

Steps/sec. : 1403.8538
MOVE_0:   970000          194375           97436         50.1278          0.3905          193470           97100         50.1887          0.7787               0               0          0.0000          291489            8133          2.7902

ENER_0:   970000    -674627.8361      95812.7372          0.0000     107162.1747      -3709.4454    -873893.3025    -750288.9281      26815.7306   -7854931.1633    7704511.0583

STAT_0:   970000             228

MOVE_1:   970000          290666            8111          2.7905

ENER_1:   970000     234747.5743     234747.5743          0.0000          0.0000          0.0000          0.0000          0.0000          0.0000          0.0000          0.0000

STAT_1:   970000             622

Steps/sec. : 1332.7944
MOVE_0:   980000          196374           98419         50.1181          0.3097          195435           98084         50.1875          0.7787               0               0          0.0000          294470            8222          2.7921

ENER_0:   980000    -631802.1514      85554.6529          0.0000      91389.5890      -3146.8633    -805599.5300    -694292.3925      28915.7181   -7234805.0188    7094582.1633

STAT_0:   980000             210

MOVE_1:   980000          293721            8182          2.7856

ENER_1:   980000     243861.8331     243861.8331          0.0000          0.0000          0.0000          0.0000          0.0000          0.0000          0.0000          0.0000

STAT_1:   980000             640

Steps/sec. : 1324.2195
MOVE_0:   990000          198299           99407         50.1299          0.3965          197436           99101         50.1940          0.8687               0               0          0.0000          297520            8291          2.7867

ENER_0:   990000    -660254.4902      87799.3477          0.0000      94581.6425      -3298.4979    -839336.9824    -727027.3979      31866.5863   -7407062.2812    7262886.1104

STAT_0:   990000             215

MOVE_1:   990000          296745            8256          2.7822

ENER_1:   990000     247091.9181     247091.9181          0.0000          0.0000          0.0000          0.0000          0.0000          0.0000          0.0000          0.0000

STAT_1:   990000             635

Steps/sec. : 1346.8686
MOVE_0:  1000000          200244          100357         50.1174          0.3060          199492          100122         50.1885          0.7789               0               0          0.0000          300521            8355          2.7802

ENER_0:  1000000    -724069.4034      97562.1563          0.0000      97187.8268      -3676.9778    -915142.4087    -795790.8323      33515.6624   -7820479.7108    7667612.4720

STAT_0:  1000000             227

MOVE_1:  1000000          299743            8332          2.7797

ENER_1:  1000000     232591.4541     232591.4541          0.0000          0.0000          0.0000          0.0000          0.0000          0.0000          0.0000          0.0000

STAT_1:  1000000             623

Simulation Time (total): 734.6145 sec.
Info: GOMC Version 2.1
Info: Completed at: Tue Sep  5 18:31:14 2017
Info: On hostname: potoff39.eng.wayne.edu
