Info: GOMC Version 2.40
Info: Start Time: Fri May 17 16:42:48 2019
Info: Host Name: wsu7
CPU information:
Info: Total number of CPUs: 12
Info: Total number of CPUs available: 12
Info: Model name: AMD Opteron(tm) Processor 4332 HE
Info: System name: Linux
Info: Release: 3.10.0-957.5.1.el7.x86_64
Info: Version: #1 SMP Fri Feb 1 14:54:57 UTC 2019
Info: Kernel Architecture: x86_64
Info: Total Ram: 96496.3MB
Info: Used Ram: 5993.5MB
Info: Working in the current directory: /wsu/home/fe/fe18/fe1855/clone/GOMC_Examples/NVT_GEMC/binary_mixture/argon_and_krypton_T_143_15_K
Info: GOMC COMPILED TO RUN GIBBS ENSEMBLE.
Info: Number of threads                  4 

Reading Input File:                      in.conf
Info: Random seed                        Active 
Info: PARAMETER file                     MIE format! 
Info: Running NVT_GEMC
Info: Input Temperature                  143.1500 K
Info: Non-truncated potential            Active 
Info: Long Range Correction              Active 
Info: Cutoff                             10.0000 A
Info: Exclude                            ONE-FOUR 
Info: Pressure calculation frequency     1000 
Info: Total number of steps              1000000 
Info: Number of equilibration steps      500000 
Info: Move adjustment frequency          1000 
Info: Displacement move frequency        0.6900 
Info: Rotation move frequency            0.1000 
Info: Volume move frequency              0.0100 
Info: Molecule swap move frequency       0.2000 
Info: CBMC First atom trials             10   
Info: CBMC Secondary atom trials         8    
Info: CBMC Angle trials                  100  
Info: CBMC Dihedral trials               30   
Info: Output name                        argon_krypton_NVT_143_15_K 
Info: Coordinate frequency               100000 
Info: Restart frequency                  1000000 
Info: Console output frequency           100000 
Info: Average output frequency           100000 
Default: Intra-Swap move frequency       0.0000 
Default: Intra-MEMC move frequency       0.0000 
Default: Regrowth move frequency         0.0000 
Default: Crank-Shaft move frequency      0.0000 
Default: MEMC move frequency             0.0000 
Default: Short Range Cutoff              0.0000 
Warning: 1-4 Electrostatic scaling set, but will be ignored.
Finished Reading Input File:             in.conf

Reading from EXOTIC-Style parameter file:  	../../../common/Par_Vrabec01_Noble_Gases_Exotic.inp
Reading BONDS parameters.
Reading ANGLES parameters.
Reading DIHEDRALS parameters.
Reading NONBONDED_MIE parameters.
Finished reading EXOTIC-Style parameter file:  	../../../common/Par_Vrabec01_Noble_Gases_Exotic.inp
Reading from box 0 PDB coordinate file:  	STEP3_START_AR_KR_sys_BOX_0.pdb
Finished reading box 0 PDB coordinate file:  	STEP3_START_AR_KR_sys_BOX_0.pdb
Reading from box 1 PDB coordinate file:  	STEP3_START_AR_KR_sys_BOX_1.pdb
Finished reading box 1 PDB coordinate file:  	STEP3_START_AR_KR_sys_BOX_1.pdb
Random number seed: 3049347441

Molecules in PSF:
Molecule Kind: AR
Idx	name	type	charge	mass
0	AR	AR	0.0000	39.9480

Bonds:

Angles:

Dihedrals:

Molecule Kind: KR
Idx	name	type	charge	mass
0	KR	KR	0.0000	83.7980

Bonds:

Angles:

Dihedrals:

Bonds parameter:
Atom Types                             Kb(K)           b0(A) 
Angles parameter:
Atom Types                         Ktheta(K)         theta0(degree) 
Dihedrals parameter:
Atom Types                           Kchi(K)    n    delta(degree) 

NonBonded 1-4 parameters:
Type1  Type2             Epsilon(K)    Sigma(A)       N 
AR     AR                  116.7900      3.3952   12.00 
AR     KR                  137.7959      3.5113   12.00 
KR     KR                  162.5800      3.6274   12.00 

NonBonded parameters:
Type1  Type2             Epsilon(K)    Sigma(A)       N 
AR     AR                  116.7900      3.3952   12.00 
AR     KR                  137.7959      3.5113   12.00 
KR     KR                  162.5800      3.6274   12.00 

Info: Box  0:  Periodic Cell Basis 1     40.600   0.000   0.000 
Info: Box  0:  Periodic Cell Basis 2      0.000  40.600   0.000 
Info: Box  0:  Periodic Cell Basis 3      0.000   0.000  40.600 

Info: Box  1:  Periodic Cell Basis 1     40.600   0.000   0.000 
Info: Box  1:  Periodic Cell Basis 2      0.000  40.600   0.000 
Info: Box  1:  Periodic Cell Basis 3      0.000   0.000  40.600 

Minimum coordinates in box 0: x =    1.000, y =    1.092, z =    1.000
Maximum coordinates in box 0: x =   38.802, y =   38.839, z =   39.000
Wrapping molecules inside the simulation box 0:
Minimum coordinates in box 1: x =    1.024, y =    1.013, z =    1.000
Maximum coordinates in box 1: x =   39.000, y =   39.000, z =   39.000
Wrapping molecules inside the simulation box 1:

################################################################################
########################## INITIAL SIMULATION ENERGY ###########################

ETITLE:     STEP           TOTAL        INTRA(B)       INTRA(NB)       INTER(LJ)             LRC     TOTAL_ELECT            REAL           RECIP            SELF            CORR

ENER_0:        0      6.5090e+06      0.0000e+00      0.0000e+00      6.5174e+06     -8.3330e+03      0.0000e+00      0.0000e+00      0.0000e+00      0.0000e+00     -0.0000e+00

ENER_1:        0     -1.0341e+05      0.0000e+00      0.0000e+00     -9.5074e+04     -8.3330e+03      0.0000e+00      0.0000e+00      0.0000e+00      0.0000e+00     -0.0000e+00

STITLE:     STEP          VOLUME        PRESSURE        TOTALMOL      MOLFRAC_AR      MOLFRAC_KR      MOLDENS_AR      MOLDENS_KR     TOT_DENSITY

STAT_0:        0      6.6923e+04      5.8485e+04             500  5.00000000e-01  5.00000000e-01  3.73561326e-03  3.73561326e-03      7.6761e+02

STAT_1:        0      6.6923e+04      6.7431e+02             500  5.00000000e-01  5.00000000e-01  3.73561326e-03  3.73561326e-03      7.6761e+02

################################################################################
############################# STARTING SIMULATION ##############################

MTITLE:     STEP          DISTRY       DISACCEPT      DISACCEPT%          DISMAX          ROTATE       ROTACCEPT      ROTACCEPT%          ROTMAX        TRANSFER      TRANACCEPT     TRANACCEPT%          VOLUME       VOLACCEPT      VOLACCEPT%          VOLMAX

ETITLE:     STEP           TOTAL        INTRA(B)       INTRA(NB)       INTER(LJ)             LRC     TOTAL_ELECT            REAL           RECIP            SELF            CORR

STITLE:     STEP          VOLUME        PRESSURE        TOTALMOL      MOLFRAC_AR      MOLFRAC_KR      MOLDENS_AR      MOLDENS_KR     TOT_DENSITY

Printed combined psf to file argon_krypton_NVT_143_15_K_merged.psf
MOVE_0:   100000           39351           20183      5.1290e+01      1.7808e+01               0               0      0.0000e+00      7.8540e-01           10031            1162      1.1584e+01             996             533      5.3514e+01      1.5548e+03

ENER_0:   100000     -7.5547e+03      0.0000e+00      0.0000e+00     -7.2867e+03     -2.6799e+02      0.0000e+00      0.0000e+00      0.0000e+00      0.0000e+00      0.0000e+00

STAT_0:   100000      7.7894e+04      2.0307e+01             107  7.66355140e-01  2.33644860e-01  1.05271575e-03  3.20949925e-04      1.1449e+02

PRES_0:   100000     -1.0826e+01     -2.4819e+00     -4.3700e+00

MOVE_1:   100000           39698           19498      4.9116e+01      4.7202e-01               0               0      0.0000e+00      7.8540e-01            9924            1555      1.5669e+01             996             533      5.3514e+01      1.5548e+03

ENER_1:   100000     -6.1569e+05      0.0000e+00      0.0000e+00     -5.8317e+05     -3.2525e+04      0.0000e+00      0.0000e+00      0.0000e+00      0.0000e+00      0.0000e+00

STAT_1:   100000      5.5953e+04     -5.4394e+01             893  4.68085106e-01  5.31914894e-01  7.47054751e-03  8.48925853e-03      1.6768e+03

PRES_1:   100000     -2.4050e+02     -2.1160e+02     -1.7615e+02

Steps/sec: 4596.901, Simulation ends in:   0 d:   0 h:   4 m 

MOVE_0:   200000           78620           42251      5.3741e+01      1.7855e+01               0               0      0.0000e+00      7.8540e-01           20205            1662      8.2257e+00            2031            1085      5.3422e+01      1.4843e+03

ENER_0:   200000     -6.0249e+03      0.0000e+00      0.0000e+00     -5.7392e+03     -2.8577e+02      0.0000e+00      0.0000e+00      0.0000e+00      0.0000e+00      0.0000e+00

STAT_0:   200000      7.7670e+04      2.2833e+01             112  8.03571429e-01  1.96428571e-01  1.15874127e-03  2.83247866e-04      1.1628e+02

PRES_0:   200000     -9.3234e+00     -3.5069e+00     -1.1236e+00

MOVE_1:   200000           79291           39360      4.9640e+01      4.3479e-01               0               0      0.0000e+00      7.8540e-01           19853            2050      1.0326e+01            2031            1085      5.3422e+01      1.4843e+03

ENER_1:   200000     -6.0977e+05      0.0000e+00      0.0000e+00     -5.7759e+05     -3.2179e+04      0.0000e+00      0.0000e+00      0.0000e+00      0.0000e+00      0.0000e+00

STAT_1:   200000      5.6176e+04     -2.6565e+01             888  4.61711712e-01  5.38288288e-01  7.29844577e-03  8.50891970e-03      1.6682e+03

PRES_1:   200000     -1.4883e+02     -1.4466e+02     -2.4925e+02

Steps/sec: 3994.160, Simulation ends in:   0 d:   0 h:   4 m 

MOVE_0:   300000          118230           64804      5.4812e+01      2.1243e+01               0               0      0.0000e+00      7.8540e-01           30227            2240      7.4106e+00            3030            1629      5.3762e+01      1.6763e+03

ENER_0:   300000     -5.9169e+03      0.0000e+00      0.0000e+00     -5.6983e+03     -2.1855e+02      0.0000e+00      0.0000e+00      0.0000e+00      0.0000e+00      0.0000e+00

STAT_0:   300000      7.7127e+04      2.1200e+01              99  8.38383838e-01  1.61616162e-01  1.07614718e-03  2.07450058e-04      1.0025e+02

PRES_0:   300000     -9.6584e+00      7.1364e+00     -7.6386e+00

MOVE_1:   300000          118675           59129      4.9824e+01      4.6616e-01               0               0      0.0000e+00      7.8540e-01           29838            2641      8.8511e+00            3030            1629      5.3762e+01      1.6763e+03

ENER_1:   300000     -6.2086e+05      0.0000e+00      0.0000e+00     -5.8807e+05     -3.2785e+04      0.0000e+00      0.0000e+00      0.0000e+00      0.0000e+00      0.0000e+00

STAT_1:   300000      5.6720e+04     -1.4448e+01             901  4.62819090e-01  5.37180910e-01  7.35192548e-03  8.53317010e-03      1.6751e+03

PRES_1:   300000     -2.4480e+02     -9.0589e+01     -1.7131e+02

Steps/sec: 4047.609, Simulation ends in:   0 d:   0 h:   3 m 

MOVE_0:   400000          157589           87936      5.5801e+01      2.1331e+01               0               0      0.0000e+00      7.8540e-01           40210            2731      6.7918e+00            4080            2178      5.3382e+01      1.2129e+03

ENER_0:   400000     -3.3629e+03      0.0000e+00      0.0000e+00     -3.2136e+03     -1.4934e+02      0.0000e+00      0.0000e+00      0.0000e+00      0.0000e+00      0.0000e+00

STAT_0:   400000      7.7650e+04      1.6461e+01              84  8.92857143e-01  1.07142857e-01  9.65870099e-04  1.15904412e-04      8.0199e+01

PRES_0:   400000     -2.5312e+00     -5.4569e+00     -5.1774e+00

MOVE_1:   400000          158182           78959      4.9917e+01      4.3321e-01               0               0      0.0000e+00      7.8540e-01           39939            3147      7.8795e+00            4080            2178      5.3382e+01      1.2129e+03

ENER_1:   400000     -6.3644e+05      0.0000e+00      0.0000e+00     -6.0227e+05     -3.4173e+04      0.0000e+00      0.0000e+00      0.0000e+00      0.0000e+00      0.0000e+00

STAT_1:   400000      5.6197e+04      1.3035e+02             916  4.63973799e-01  5.36026201e-01  7.56272992e-03  8.73717739e-03      1.7175e+03

PRES_1:   400000     -7.9467e+01      5.0996e+01     -4.3520e+01

Steps/sec: 3928.593, Simulation ends in:   0 d:   0 h:   3 m 

MOVE_0:   500000          197224          111554      5.6562e+01      2.1257e+01               0               0      0.0000e+00      7.8540e-01           50082            3270      6.5293e+00            5040            2686      5.3294e+01      6.7968e+02

ENER_0:   500000     -2.2026e+03      0.0000e+00      0.0000e+00     -2.0776e+03     -1.2500e+02      0.0000e+00      0.0000e+00      0.0000e+00      0.0000e+00      0.0000e+00

STAT_0:   500000      7.6837e+04      1.3630e+01              73  7.80821918e-01  2.19178082e-01  7.41826532e-04  2.08232009e-04      7.8185e+01

PRES_0:   500000     -5.2889e+00     -4.9196e+00     -3.8847e+00

MOVE_1:   500000          197700           98814      4.9982e+01      4.4172e-01               0               0      0.0000e+00      7.8540e-01           49954            3697      7.4008e+00            5040            2686      5.3294e+01      6.7968e+02

ENER_1:   500000     -6.4554e+05      0.0000e+00      0.0000e+00     -6.1138e+05     -3.4160e+04      0.0000e+00      0.0000e+00      0.0000e+00      0.0000e+00      0.0000e+00

STAT_1:   500000      5.7009e+04      1.5079e+01             927  4.77885653e-01  5.22114347e-01  7.77063994e-03  8.48981881e-03      1.6968e+03

PRES_1:   500000     -1.8696e+02     -1.4755e+02     -8.8316e+01

Steps/sec: 4212.399, Simulation ends in:   0 d:   0 h:   2 m 

MOVE_0:   600000          236771          135808      5.7358e+01      2.1244e+01               0               0      0.0000e+00      7.8540e-01           60079            3892      6.4781e+00            6008            3214      5.3495e+01      1.0179e+03

ENER_0:   600000     -5.4966e+03      0.0000e+00      0.0000e+00     -5.2671e+03     -2.2951e+02      0.0000e+00      0.0000e+00      0.0000e+00      0.0000e+00      0.0000e+00

STAT_0:   600000      7.6697e+04      1.7487e+01             100  8.10000000e-01  1.90000000e-01  1.05610735e-03  2.47728885e-04      1.0453e+02

PRES_0:   600000     -4.0197e+00     -1.0921e+01     -7.4270e+00

MOVE_1:   600000          237253          118664      5.0016e+01      4.2014e-01               0               0      0.0000e+00      7.8540e-01           59889            4292      7.1666e+00            6008            3214      5.3495e+01      1.0179e+03

ENER_1:   600000     -6.1423e+05      0.0000e+00      0.0000e+00     -5.8183e+05     -3.2403e+04      0.0000e+00      0.0000e+00      0.0000e+00      0.0000e+00      0.0000e+00

STAT_1:   600000      5.7150e+04      2.9530e+00             900  4.65555556e-01  5.34444444e-01  7.33157285e-03  8.41643566e-03      1.6575e+03

PRES_1:   600000     -2.2784e+02     -9.4238e+01     -1.3342e+02

Steps/sec: 4184.046, Simulation ends in:   0 d:   0 h:   2 m 

MOVE_0:   700000          276615          158962      5.7467e+01      2.1331e+01               0               0      0.0000e+00      7.8540e-01           69857            4497      6.4374e+00            7024            3753      5.3431e+01      6.8059e+02

ENER_0:   700000     -6.3667e+03      0.0000e+00      0.0000e+00     -6.1413e+03     -2.2533e+02      0.0000e+00      0.0000e+00      0.0000e+00      0.0000e+00      0.0000e+00

STAT_0:   700000      7.7652e+04      2.1919e+01             101  8.41584158e-01  1.58415842e-01  1.09462490e-03  2.06047040e-04      1.0128e+02

PRES_0:   700000     -6.4333e+00      1.3448e+00     -3.8711e+00

MOVE_1:   700000          276610          138421      5.0042e+01      4.4097e-01               0               0      0.0000e+00      7.8540e-01           69894            4896      7.0049e+00            7024            3753      5.3431e+01      6.8059e+02

ENER_1:   700000     -6.2032e+05      0.0000e+00      0.0000e+00     -5.8735e+05     -3.2972e+04      0.0000e+00      0.0000e+00      0.0000e+00      0.0000e+00      0.0000e+00

STAT_1:   700000      5.6195e+04      2.3328e+01             899  4.61624027e-01  5.38375973e-01  7.38504324e-03  8.61291790e-03      1.6884e+03

PRES_1:   700000     -1.0482e+02     -1.1792e+02     -1.7009e+02

Steps/sec: 3954.960, Simulation ends in:   0 d:   0 h:   2 m 

MOVE_0:   800000          315849          181326      5.7409e+01      1.9132e+01               0               0      0.0000e+00      7.8540e-01           79730            5041      6.3226e+00            7983            4287      5.3702e+01      1.0834e+03

ENER_0:   800000     -5.4648e+03      0.0000e+00      0.0000e+00     -5.2396e+03     -2.2512e+02      0.0000e+00      0.0000e+00      0.0000e+00      0.0000e+00      0.0000e+00

STAT_0:   800000      7.8700e+04      1.7498e+01             103  8.73786408e-01  1.26213592e-01  1.14358412e-03  1.65184373e-04      9.8845e+01

PRES_0:   800000     -9.2656e+00     -6.4820e+00     -6.9894e+00

MOVE_1:   800000          316401          158399      5.0063e+01      4.1152e-01               0               0      0.0000e+00      7.8540e-01           80037            5438      6.7944e+00            7983            4287      5.3702e+01      1.0834e+03

ENER_1:   800000     -6.3216e+05      0.0000e+00      0.0000e+00     -5.9860e+05     -3.3557e+04      0.0000e+00      0.0000e+00      0.0000e+00      0.0000e+00      0.0000e+00

STAT_1:   800000      5.5147e+04      2.4578e+01             897  4.57079153e-01  5.42920847e-01  7.43468894e-03  8.83095979e-03      1.7220e+03

PRES_1:   800000     -9.5719e+01     -2.0224e+02     -8.8979e+01

Steps/sec: 4177.685, Simulation ends in:   0 d:   0 h:   1 m 

MOVE_0:   900000          355264          202799      5.7084e+01      1.5433e+01               0               0      0.0000e+00      7.8540e-01           89687            5552      6.1904e+00            9002            4825      5.3599e+01      1.8862e+02

ENER_0:   900000     -7.2812e+03      0.0000e+00      0.0000e+00     -6.9977e+03     -2.8358e+02      0.0000e+00      0.0000e+00      0.0000e+00      0.0000e+00      0.0000e+00

STAT_0:   900000      7.7704e+04      1.8713e+01             112  8.12500000e-01  1.87500000e-01  1.17111339e-03  2.70256937e-04      1.1529e+02

PRES_0:   900000     -6.6558e+00     -1.3605e+01     -6.0395e+00

MOVE_1:   900000          356093          178353      5.0086e+01      4.2551e-01               0               0      0.0000e+00      7.8540e-01           89954            5940      6.6034e+00            9002            4825      5.3599e+01      1.8862e+02

ENER_1:   900000     -6.0837e+05      0.0000e+00      0.0000e+00     -5.7614e+05     -3.2224e+04      0.0000e+00      0.0000e+00      0.0000e+00      0.0000e+00      0.0000e+00

STAT_1:   900000      5.6143e+04     -3.8090e+01             888  4.60585586e-01  5.39414414e-01  7.28496892e-03  8.53178512e-03      1.6704e+03

PRES_1:   900000     -1.6496e+02     -3.1783e+02     -9.4142e+01

Steps/sec: 4014.382, Simulation ends in:   0 d:   0 h:   1 m 

MOVE_0:  1000000          394839          225292      5.7059e+01      2.1339e+01               0               0      0.0000e+00      7.8540e-01           99698            6098      6.1165e+00           10041            5389      5.3670e+01      8.5059e+02

ENER_0:  1000000     -4.5516e+03      0.0000e+00      0.0000e+00     -4.3344e+03     -2.1718e+02      0.0000e+00      0.0000e+00      0.0000e+00      0.0000e+00      0.0000e+00

STAT_0:  1000000      7.7739e+04      1.7219e+01              96  7.60416667e-01  2.39583333e-01  9.39038630e-04  2.95861486e-04      1.0346e+02

PRES_0:  1000000     -7.5739e+00     -7.5718e+00     -4.1037e+00

MOVE_1:  1000000          395619          198185      5.0095e+01      4.1327e-01               0               0      0.0000e+00      7.8540e-01           99803            6502      6.5148e+00           10041            5389      5.3670e+01      8.5059e+02

ENER_1:  1000000     -6.2847e+05      0.0000e+00      0.0000e+00     -5.9533e+05     -3.3139e+04      0.0000e+00      0.0000e+00      0.0000e+00      0.0000e+00      0.0000e+00

STAT_1:  1000000      5.6108e+04     -3.6785e+01             904  4.72345133e-01  5.27654867e-01  7.61035671e-03  8.50149918e-03      1.6878e+03

PRES_1:  1000000     -1.0511e+02     -1.8371e+02     -2.8789e+02

Simulation Time (total): 2.4403e+02 sec.

Move Type                Mol. Kind      BOX_0      BOX_1      
% Accepted Displacement        AR      60.30611   50.08804 
% Accepted Displacement        KR      53.81797   50.10174 
% Accepted Rotation            AR       0.00000    0.00000 
% Accepted Rotation            KR       0.00000    0.00000 
% Accepted Volume-Transfer             53.66995   53.66995 
% Accepted Mol-Transfer        AR       7.82412    8.19725 
% Accepted Mol-Transfer        KR       4.40553    4.84026 

Displacement:                           21.3096    sec.
Rotation:                                3.1659    sec.
Intra-Swap:                              0.0000    sec.
Regrowth:                                0.0000    sec.
Intra-MEMC:                              0.0000    sec.
Crank-Shaft:                             0.0000    sec.
Mol-Transfer:                           50.4776    sec.
MEMC:                                    0.0000    sec.
Vol-Transfer:                          152.1473    sec.

Info: GOMC Version 2.40
Info: Completed at: Fri May 17 16:46:52 2019
Info: On hostname: wsu7
