Info: GOMC Version 2.40
Info: Start Time: Fri May 17 16:32:01 2019
Info: Host Name: wsu9
CPU information:
Info: Total number of CPUs: 12
Info: Total number of CPUs available: 12
Info: Model name: AMD Opteron(tm) Processor 4332 HE
Info: System name: Linux
Info: Release: 3.10.0-957.5.1.el7.x86_64
Info: Version: #1 SMP Fri Feb 1 14:54:57 UTC 2019
Info: Kernel Architecture: x86_64
Info: Total Ram: 96496.3MB
Info: Used Ram: 4266.3MB
Info: Working in the current directory: /wsu/home/fe/fe18/fe1855/clone/GOMC_Examples/GCMC/isobutane
Info: GOMC COMPILED TO RUN GRAND CANONICAL ENSEMBLE.
Info: Number of threads                  4 

Reading Input File:                      in.conf
Info: Random seed                        Active 
Info: PARAMETER file                     CHARMM format! 
Info: Input Temperature                  410.0000 K
Info: Non-truncated potential            Active 
Info: Long Range Correction              Active 
Info: Cutoff                             10.0000 A
Info: Exclude                            ONE-FOUR 
Info: Pressure calculation               Inactive 
Info: Total number of steps              1000000 
Info: Number of equilibration steps      500000 
Info: Move adjustment frequency          1000 
Info: Displacement move frequency        0.2000 
Info: Rotation move frequency            0.1000 
Info: Molecule swap move frequency       0.6000 
Info: Regrowth move frequency            0.1000 
Info: CBMC First atom trials             10   
Info: CBMC Secondary atom trials         4    
Info: CBMC Angle trials                  100  
Info: CBMC Dihedral trials               30   
Info: Chemical potential                 ISB    -3135.0000 K
Info: Output name                        ISB_410_00_K_u_3135_r1a 
Info: Coordinate frequency               1000000 
Info: Restart frequency                  1000000 
Info: Console output frequency           10000 
Info: Average output frequency           100000 
Info: Histogram output frequency         100000 
Info: Histogram sample frequency         200 
Default: Intra-Swap move frequency       0.0000 
Default: Intra-MEMC move frequency       0.0000 
Default: Crank-Shaft move frequency      0.0000 
Default: MEMC move frequency             0.0000 
Default: Short Range Cutoff              0.0000 
Warning: 1-4 Electrostatic scaling set, but will be ignored.
Finished Reading Input File:             in.conf

Reading from CHARMM-Style parameter file:  	../../common/Par_TraPPE_Alkanes_CHARMM.inp
Reading BONDS parameters.
Reading ANGLES parameters.
Reading DIHEDRALS parameters.
Reading NONBONDED parameters.
Finished reading CHARMM-Style parameter file:  	../../common/Par_TraPPE_Alkanes_CHARMM.inp
Reading from box 0 PDB coordinate file:  	STEP3_START_ISB_vap_BOX_0.pdb
Finished reading box 0 PDB coordinate file:  	STEP3_START_ISB_vap_BOX_0.pdb
Reading from box 1 PDB coordinate file:  	STEP3_START_ISB_reservoir_BOX_1.pdb
Finished reading box 1 PDB coordinate file:  	STEP3_START_ISB_reservoir_BOX_1.pdb
Random number seed: 3702015818

Molecules in PSF:
Molecule Kind: ISB
Idx	name	type	charge	mass
0	C1	CH1	0.0000	13.0190
1	C2	CH3	0.0000	15.0350
2	C3	CH3	0.0000	15.0350
3	C4	CH3	0.0000	15.0350

Bonds:
[0 1] [0 2] [0 3] 

Angles:
[1 0 3] [1 0 2] [2 0 3] 

Dihedrals:

Bonds parameter:
Atom Types                             Kb(K)           b0(A) 
CH1	CH3	                         FIX           1.5400 

Angles parameter:
Atom Types                         Ktheta(K)         theta0(degree) 
CH3	CH1	CH3	          31250.0025         112.0000 

Dihedrals parameter:
Atom Types                           Kchi(K)    n    delta(degree) 

NonBonded 1-4 parameters:
Type1  Type2             Epsilon(K)    Sigma(A)       N 
CH1    CH1                  10.0000      4.6800   12.00 
CH1    CH3                  31.3050      4.2150   12.00 
CH3    CH3                  98.0000      3.7500   12.00 

NonBonded parameters:
Type1  Type2             Epsilon(K)    Sigma(A)       N 
CH1    CH1                  10.0000      4.6800   12.00 
CH1    CH3                  31.3050      4.2150   12.00 
CH3    CH3                  98.0000      3.7500   12.00 

Info: Box  0:  Periodic Cell Basis 1     30.000   0.000   0.000 
Info: Box  0:  Periodic Cell Basis 2      0.000  30.000   0.000 
Info: Box  0:  Periodic Cell Basis 3      0.000   0.000  30.000 

Info: Box  1:  Periodic Cell Basis 1     30.000   0.000   0.000 
Info: Box  1:  Periodic Cell Basis 2      0.000  30.000   0.000 
Info: Box  1:  Periodic Cell Basis 3      0.000   0.000  30.000 

Minimum coordinates in box 0: x =    1.000, y =   20.816, z =   25.283
Maximum coordinates in box 0: x =    5.215, y =   28.682, z =   29.000
Wrapping molecules inside the simulation box 0:
Minimum coordinates in box 1: x =    1.000, y =    1.000, z =    1.000
Maximum coordinates in box 1: x =   29.000, y =   29.000, z =   29.000
Wrapping molecules inside the simulation box 1:

################################################################################
########################## INITIAL SIMULATION ENERGY ###########################

ETITLE:     STEP           TOTAL        INTRA(B)       INTRA(NB)       INTER(LJ)             LRC     TOTAL_ELECT            REAL           RECIP            SELF            CORR

ENER_0:        0      2.0645e+02      3.6445e+02      0.0000e+00     -1.5353e+02     -4.4761e+00      0.0000e+00      0.0000e+00      0.0000e+00      0.0000e+00     -0.0000e+00

ENER_1:        0      1.0969e+05      1.0969e+05      0.0000e+00      0.0000e+00      0.0000e+00      0.0000e+00      0.0000e+00      0.0000e+00      0.0000e+00     -0.0000e+00

STITLE:     STEP        TOTALMOL

STAT_0:        0               2

STAT_1:        0             600

################################################################################
############################# STARTING SIMULATION ##############################

MTITLE:     STEP          DISTRY       DISACCEPT      DISACCEPT%          DISMAX          ROTATE       ROTACCEPT      ROTACCEPT%          ROTMAX        REGROWTH    REGROWACCEPT   REGROWACCEPT%        TRANSFER      TRANACCEPT     TRANACCEPT%

ETITLE:     STEP           TOTAL        INTRA(B)       INTRA(NB)       INTER(LJ)             LRC     TOTAL_ELECT            REAL           RECIP            SELF            CORR

STITLE:     STEP        TOTALMOL

Printed combined psf to file ISB_410_00_K_u_3135_r1a_merged.psf
MOVE_0:    10000            1986             836      4.2095e+01      1.2561e+00             961             751      7.8148e+01      3.1416e+00             979             585      5.9755e+01            3069            1686      5.4936e+01

ENER_0:    10000     -1.4762e+04      4.4577e+04      0.0000e+00     -5.3698e+04     -5.6410e+03      0.0000e+00      0.0000e+00      0.0000e+00      0.0000e+00      0.0000e+00

STAT_0:    10000              71

MOVE_1:    10000            3005            1617      5.3810e+01

ENER_1:    10000      3.3488e+05      3.3488e+05      0.0000e+00      0.0000e+00      0.0000e+00      0.0000e+00      0.0000e+00      0.0000e+00      0.0000e+00      0.0000e+00

STAT_1:    10000             531

Steps/sec: 4992.623, Simulation ends in:   0 d:   0 h:   4 m 

MOVE_0:    20000            3983            1800      4.5192e+01      8.2949e-01            1919            1277      6.6545e+01      3.0525e+00            2005            1162      5.7955e+01            6115            2707      4.4268e+01

ENER_0:    20000     -3.0494e+04      6.3873e+04      0.0000e+00     -8.5100e+04     -9.2667e+03      0.0000e+00      0.0000e+00      0.0000e+00      0.0000e+00      0.0000e+00

STAT_0:    20000              91

MOVE_1:    20000            5978            2618      4.3794e+01

ENER_1:    20000      3.2649e+05      3.2649e+05      0.0000e+00      0.0000e+00      0.0000e+00      0.0000e+00      0.0000e+00      0.0000e+00      0.0000e+00      0.0000e+00

STAT_1:    20000             511

Steps/sec: 3814.930, Simulation ends in:   0 d:   0 h:   4 m 

MOVE_0:    30000            6039            2828      4.6829e+01      8.0118e-01            2895            1791      6.1865e+01      3.1416e+00            3010            1692      5.6213e+01            9194            3621      3.9384e+01

ENER_0:    30000     -6.8496e+04      6.6138e+04      0.0000e+00     -1.2230e+05     -1.2337e+04      0.0000e+00      0.0000e+00      0.0000e+00      0.0000e+00      0.0000e+00

STAT_0:    30000             105

MOVE_1:    30000            8862            3518      3.9698e+01

ENER_1:    30000      3.2337e+05      3.2337e+05      0.0000e+00      0.0000e+00      0.0000e+00      0.0000e+00      0.0000e+00      0.0000e+00      0.0000e+00      0.0000e+00

STAT_1:    30000             497

Steps/sec: 3744.554, Simulation ends in:   0 d:   0 h:   4 m 

MOVE_0:    40000            8072            3872      4.7968e+01      1.0142e+00            3926            2376      6.0520e+01      3.1416e+00            4059            2250      5.5432e+01           12156            4659      3.8327e+01

ENER_0:    40000     -8.7356e+03      3.7242e+04      0.0000e+00     -4.1676e+04     -4.3016e+03      0.0000e+00      0.0000e+00      0.0000e+00      0.0000e+00      0.0000e+00

STAT_0:    40000              62

MOVE_1:    40000           11787            4599      3.9018e+01

ENER_1:    40000      3.3808e+05      3.3808e+05      0.0000e+00      0.0000e+00      0.0000e+00      0.0000e+00      0.0000e+00      0.0000e+00      0.0000e+00      0.0000e+00

STAT_1:    40000             540

Steps/sec: 4035.501, Simulation ends in:   0 d:   0 h:   4 m 

MOVE_0:    50000           10143            4936      4.8664e+01      1.0685e+00            4902            3075      6.2729e+01      3.1416e+00            5027            2830      5.6296e+01           15133            6111      4.0382e+01

ENER_0:    50000     -3.0855e+04      6.0774e+04      0.0000e+00     -8.2963e+04     -8.6658e+03      0.0000e+00      0.0000e+00      0.0000e+00      0.0000e+00      0.0000e+00

STAT_0:    50000              88

MOVE_1:    50000           14795            6025      4.0723e+01

ENER_1:    50000      3.3667e+05      3.3667e+05      0.0000e+00      0.0000e+00      0.0000e+00      0.0000e+00      0.0000e+00      0.0000e+00      0.0000e+00      0.0000e+00

STAT_1:    50000             514

Steps/sec: 4869.718, Simulation ends in:   0 d:   0 h:   4 m 

MOVE_0:    60000           12151            5954      4.9000e+01      1.1986e+00            5835            3652      6.2588e+01      3.1416e+00            6078            3422      5.6301e+01           18175            7352      4.0451e+01

ENER_0:    60000      4.9699e+03      3.3328e+04      0.0000e+00     -2.5671e+04     -2.6868e+03      0.0000e+00      0.0000e+00      0.0000e+00      0.0000e+00      0.0000e+00

STAT_0:    60000              49

MOVE_1:    60000           17761            7305      4.1129e+01

ENER_1:    60000      3.4603e+05      3.4603e+05      0.0000e+00      0.0000e+00      0.0000e+00      0.0000e+00      0.0000e+00      0.0000e+00      0.0000e+00      0.0000e+00

STAT_1:    60000             553

Steps/sec: 4236.708, Simulation ends in:   0 d:   0 h:   4 m 

MOVE_0:    70000           14159            6997      4.9417e+01      1.3285e+00            6849            4447      6.4929e+01      3.1416e+00            7044            4027      5.7169e+01           21211            9019      4.2520e+01

ENER_0:    70000      3.6355e+03      4.9203e+04      0.0000e+00     -4.1126e+04     -4.4414e+03      0.0000e+00      0.0000e+00      0.0000e+00      0.0000e+00      0.0000e+00

STAT_0:    70000              63

MOVE_1:    70000           20737            8958      4.3198e+01

ENER_1:    70000      3.2954e+05      3.2954e+05      0.0000e+00      0.0000e+00      0.0000e+00      0.0000e+00      0.0000e+00      0.0000e+00      0.0000e+00      0.0000e+00

STAT_1:    70000             539

Steps/sec: 5457.261, Simulation ends in:   0 d:   0 h:   4 m 

MOVE_0:    80000           16078            7922      4.9272e+01      7.6267e-01            7890            5194      6.5830e+01      3.1416e+00            8043            4653      5.7852e+01           24256           10525      4.3391e+01

ENER_0:    80000     -3.8106e+04      5.7933e+04      0.0000e+00     -8.6772e+04     -9.2667e+03      0.0000e+00      0.0000e+00      0.0000e+00      0.0000e+00      0.0000e+00

STAT_0:    80000              91

MOVE_1:    80000           23733           10436      4.3973e+01

ENER_1:    80000      3.1739e+05      3.1739e+05      0.0000e+00      0.0000e+00      0.0000e+00      0.0000e+00      0.0000e+00      0.0000e+00      0.0000e+00      0.0000e+00

STAT_1:    80000             511

Steps/sec: 4901.334, Simulation ends in:   0 d:   0 h:   4 m 

MOVE_0:    90000           18006            8919      4.9533e+01      9.7752e-01            8845            5767      6.5201e+01      3.1416e+00            9032            5212      5.7706e+01           27329           11734      4.2936e+01

ENER_0:    90000      9.8898e+02      4.0506e+04      0.0000e+00     -3.6132e+04     -3.3851e+03      0.0000e+00      0.0000e+00      0.0000e+00      0.0000e+00      0.0000e+00

STAT_0:    90000              55

MOVE_1:    90000           26788           11681      4.3605e+01

ENER_1:    90000      3.3671e+05      3.3671e+05      0.0000e+00      0.0000e+00      0.0000e+00      0.0000e+00      0.0000e+00      0.0000e+00      0.0000e+00      0.0000e+00

STAT_1:    90000             547

Steps/sec: 4040.064, Simulation ends in:   0 d:   0 h:   4 m 

MOVE_0:   100000           20028            9959      4.9725e+01      1.2410e+00            9830            6419      6.5300e+01      3.1416e+00           10070            5818      5.7776e+01           30345           13086      4.3124e+01

ENER_0:   100000     -7.0089e+03      4.8547e+04      0.0000e+00     -5.0382e+04     -5.1744e+03      0.0000e+00      0.0000e+00      0.0000e+00      0.0000e+00      0.0000e+00

STAT_0:   100000              68

MOVE_1:   100000           29727           13020      4.3799e+01

ENER_1:   100000      3.4905e+05      3.4905e+05      0.0000e+00      0.0000e+00      0.0000e+00      0.0000e+00      0.0000e+00      0.0000e+00      0.0000e+00      0.0000e+00

STAT_1:   100000             534

Steps/sec: 4467.333, Simulation ends in:   0 d:   0 h:   4 m 

MOVE_0:   110000           22052           10936      4.9592e+01      8.0766e-01           10782            6981      6.4747e+01      3.1416e+00           11040            6335      5.7382e+01           33333           14216      4.2648e+01

ENER_0:   110000     -2.1609e+04      5.6405e+04      0.0000e+00     -7.1031e+04     -6.9839e+03      0.0000e+00      0.0000e+00      0.0000e+00      0.0000e+00      0.0000e+00

STAT_0:   110000              79

MOVE_1:   110000           32793           14139      4.3116e+01

ENER_1:   110000      3.4723e+05      3.4723e+05      0.0000e+00      0.0000e+00      0.0000e+00      0.0000e+00      0.0000e+00      0.0000e+00      0.0000e+00      0.0000e+00

STAT_1:   110000             523

Steps/sec: 3971.171, Simulation ends in:   0 d:   0 h:   4 m 

MOVE_0:   120000           24002           11896      4.9563e+01      6.4384e-01           11811            7523      6.3695e+01      3.1416e+00           12085            6858      5.6748e+01           36370           15140      4.1628e+01

ENER_0:   120000     -6.3001e+04      7.5275e+04      0.0000e+00     -1.2498e+05     -1.3295e+04      0.0000e+00      0.0000e+00      0.0000e+00      0.0000e+00      0.0000e+00

STAT_0:   120000             109

MOVE_1:   120000           35732           15033      4.2072e+01

ENER_1:   120000      3.1674e+05      3.1674e+05      0.0000e+00      0.0000e+00      0.0000e+00      0.0000e+00      0.0000e+00      0.0000e+00      0.0000e+00      0.0000e+00

STAT_1:   120000             493

Steps/sec: 3721.692, Simulation ends in:   0 d:   0 h:   4 m 

MOVE_0:   130000           26086           13021      4.9916e+01      1.2872e+00           12809            8096      6.3206e+01      3.1416e+00           13061            7381      5.6512e+01           39328           16211      4.1220e+01

ENER_0:   130000     -7.6665e+03      3.3905e+04      0.0000e+00     -3.8062e+04     -3.5093e+03      0.0000e+00      0.0000e+00      0.0000e+00      0.0000e+00      0.0000e+00

STAT_0:   130000              56

MOVE_1:   130000           38716           16157      4.1732e+01

ENER_1:   130000      3.4952e+05      3.4952e+05      0.0000e+00      0.0000e+00      0.0000e+00      0.0000e+00      0.0000e+00      0.0000e+00      0.0000e+00      0.0000e+00

STAT_1:   130000             546

Steps/sec: 4016.950, Simulation ends in:   0 d:   0 h:   4 m 

MOVE_0:   140000           28128           14050      4.9950e+01      1.3183e+00           13816            8831      6.3919e+01      3.1416e+00           14027            7998      5.7019e+01           42369           17701      4.1778e+01

ENER_0:   140000     -2.7237e+04      4.4635e+04      0.0000e+00     -6.4711e+04     -7.1618e+03      0.0000e+00      0.0000e+00      0.0000e+00      0.0000e+00      0.0000e+00

STAT_0:   140000              80

MOVE_1:   140000           41660           17623      4.2302e+01

ENER_1:   140000      3.3741e+05      3.3741e+05      0.0000e+00      0.0000e+00      0.0000e+00      0.0000e+00      0.0000e+00      0.0000e+00      0.0000e+00      0.0000e+00

STAT_1:   140000             522

Steps/sec: 4968.186, Simulation ends in:   0 d:   0 h:   4 m 

MOVE_0:   150000           30133           15134      5.0224e+01      2.4716e+00           14785            9602      6.4944e+01      3.1416e+00           15050            8683      5.7694e+01           45317           19369      4.2741e+01

ENER_0:   150000      3.5120e+03      1.7690e+04      0.0000e+00     -1.2959e+04     -1.2186e+03      0.0000e+00      0.0000e+00      0.0000e+00      0.0000e+00      0.0000e+00

STAT_0:   150000              33

MOVE_1:   150000           44715           19338      4.3247e+01

ENER_1:   150000      3.6819e+05      3.6819e+05      0.0000e+00      0.0000e+00      0.0000e+00      0.0000e+00      0.0000e+00      0.0000e+00      0.0000e+00      0.0000e+00

STAT_1:   150000             569

Steps/sec: 5506.011, Simulation ends in:   0 d:   0 h:   4 m 

MOVE_0:   160000           32067           16091      5.0179e+01      2.0679e+00           15812           10423      6.5918e+01      3.1416e+00           16057            9320      5.8043e+01           48310           21086      4.3647e+01

ENER_0:   160000      4.0192e+03      1.4316e+04      0.0000e+00     -9.3556e+03     -9.4111e+02      0.0000e+00      0.0000e+00      0.0000e+00      0.0000e+00      0.0000e+00

STAT_0:   160000              29

MOVE_1:   160000           47754           21059      4.4099e+01

ENER_1:   160000      3.6692e+05      3.6692e+05      0.0000e+00      0.0000e+00      0.0000e+00      0.0000e+00      0.0000e+00      0.0000e+00      0.0000e+00      0.0000e+00

STAT_1:   160000             573

Steps/sec: 5450.426, Simulation ends in:   0 d:   0 h:   4 m 

MOVE_0:   170000           34084           17043      5.0003e+01      1.0666e+00           16792           11157      6.6442e+01      3.1416e+00           17055            9908      5.8094e+01           51301           22642      4.4136e+01

ENER_0:   170000     -1.1696e+04      4.3828e+04      0.0000e+00     -5.0350e+04     -5.1744e+03      0.0000e+00      0.0000e+00      0.0000e+00      0.0000e+00      0.0000e+00

STAT_0:   170000              68

MOVE_1:   170000           50768           22576      4.4469e+01

ENER_1:   170000      3.6254e+05      3.6254e+05      0.0000e+00      0.0000e+00      0.0000e+00      0.0000e+00      0.0000e+00      0.0000e+00      0.0000e+00      0.0000e+00

STAT_1:   170000             534

Steps/sec: 5108.698, Simulation ends in:   0 d:   0 h:   4 m 

MOVE_0:   180000           36114           18188      5.0363e+01      3.0362e+00           17768           11931      6.7149e+01      3.1416e+00           17986           10499      5.8373e+01           54301           24250      4.4658e+01

ENER_0:   180000      7.3373e+03      1.4675e+04      0.0000e+00     -6.6385e+03     -6.9940e+02      0.0000e+00      0.0000e+00      0.0000e+00      0.0000e+00      0.0000e+00

STAT_0:   180000              25

MOVE_1:   180000           53831           24227      4.5006e+01

ENER_1:   180000      3.6345e+05      3.6345e+05      0.0000e+00      0.0000e+00      0.0000e+00      0.0000e+00      0.0000e+00      0.0000e+00      0.0000e+00      0.0000e+00

STAT_1:   180000             577

Steps/sec: 5294.625, Simulation ends in:   0 d:   0 h:   4 m 

MOVE_0:   190000           38106           19195      5.0373e+01      2.6575e+00           18767           12690      6.7619e+01      3.1416e+00           18996           11143      5.8660e+01           57322           25843      4.5084e+01

ENER_0:   190000      5.8119e+03      1.5934e+04      0.0000e+00     -9.1149e+03     -1.0071e+03      0.0000e+00      0.0000e+00      0.0000e+00      0.0000e+00      0.0000e+00

STAT_0:   190000              30

MOVE_1:   190000           56809           25815      4.5442e+01

ENER_1:   190000      3.3926e+05      3.3926e+05      0.0000e+00      0.0000e+00      0.0000e+00      0.0000e+00      0.0000e+00      0.0000e+00      0.0000e+00      0.0000e+00

STAT_1:   190000             572

Steps/sec: 5158.178, Simulation ends in:   0 d:   0 h:   3 m 

MOVE_0:   200000           40159           20255      5.0437e+01      3.3165e+00           19754           13462      6.8148e+01      3.1416e+00           19904           11722      5.8893e+01           60313           27516      4.5622e+01

ENER_0:   200000      5.9862e+03      1.0816e+04      0.0000e+00     -4.3823e+03     -4.4761e+02      0.0000e+00      0.0000e+00      0.0000e+00      0.0000e+00      0.0000e+00

STAT_0:   200000              20

MOVE_1:   200000           59870           27498      4.5930e+01

ENER_1:   200000      3.6249e+05      3.6249e+05      0.0000e+00      0.0000e+00      0.0000e+00      0.0000e+00      0.0000e+00      0.0000e+00      0.0000e+00      0.0000e+00

STAT_1:   200000             582

Steps/sec: 5653.556, Simulation ends in:   0 d:   0 h:   3 m 

MOVE_0:   210000           42138           21214      5.0344e+01      2.0025e+00           20739           14245      6.8687e+01      3.1416e+00           20957           12412      5.9226e+01           63342           29242      4.6165e+01

ENER_0:   210000      9.7601e+03      3.0085e+04      0.0000e+00     -1.8256e+04     -2.0691e+03      0.0000e+00      0.0000e+00      0.0000e+00      0.0000e+00      0.0000e+00

STAT_0:   210000              43

MOVE_1:   210000           62824           29201      4.6481e+01

ENER_1:   210000      4.0292e+05      4.0292e+05      0.0000e+00      0.0000e+00      0.0000e+00      0.0000e+00      0.0000e+00      0.0000e+00      0.0000e+00      0.0000e+00

STAT_1:   210000             559

Steps/sec: 5539.037, Simulation ends in:   0 d:   0 h:   3 m 

MOVE_0:   220000           44132           22218      5.0344e+01      1.7415e+00           21792           14991      6.8791e+01      3.1416e+00           21926           13023      5.9395e+01           66342           30760      4.6366e+01

ENER_0:   220000      1.7884e+03      3.9370e+04      0.0000e+00     -3.4438e+04     -3.1434e+03      0.0000e+00      0.0000e+00      0.0000e+00      0.0000e+00      0.0000e+00

STAT_0:   220000              53

MOVE_1:   220000           65808           30709      4.6665e+01

ENER_1:   220000      3.4760e+05      3.4760e+05      0.0000e+00      0.0000e+00      0.0000e+00      0.0000e+00      0.0000e+00      0.0000e+00      0.0000e+00      0.0000e+00

STAT_1:   220000             549

Steps/sec: 5050.444, Simulation ends in:   0 d:   0 h:   3 m 

MOVE_0:   230000           46133           23241      5.0378e+01      1.8598e+00           22751           15719      6.9091e+01      3.1416e+00           22985           13669      5.9469e+01           69327           32346      4.6657e+01

ENER_0:   230000      8.4853e+02      1.4444e+04      0.0000e+00     -1.2719e+04     -8.7732e+02      0.0000e+00      0.0000e+00      0.0000e+00      0.0000e+00      0.0000e+00

STAT_0:   230000              28

MOVE_1:   230000           68804           32320      4.6974e+01

ENER_1:   230000      3.7202e+05      3.7202e+05      0.0000e+00      0.0000e+00      0.0000e+00      0.0000e+00      0.0000e+00      0.0000e+00      0.0000e+00      0.0000e+00

STAT_1:   230000             574

Steps/sec: 5355.647, Simulation ends in:   0 d:   0 h:   3 m 

MOVE_0:   240000           48133           24295      5.0475e+01      2.7310e+00           23723           16484      6.9485e+01      3.1416e+00           24017           14345      5.9729e+01           72328           34001      4.7009e+01

ENER_0:   240000      7.3044e+03      1.3325e+04      0.0000e+00     -5.5269e+03     -4.9349e+02      0.0000e+00      0.0000e+00      0.0000e+00      0.0000e+00      0.0000e+00

STAT_0:   240000              21

MOVE_1:   240000           71799           33982      4.7329e+01

ENER_1:   240000      3.7226e+05      3.7226e+05      0.0000e+00      0.0000e+00      0.0000e+00      0.0000e+00      0.0000e+00      0.0000e+00      0.0000e+00      0.0000e+00

STAT_1:   240000             581

Steps/sec: 5608.496, Simulation ends in:   0 d:   0 h:   3 m 

MOVE_0:   250000           50099           25255      5.0410e+01      1.6926e+00           24738           17326      7.0038e+01      3.1416e+00           25031           14985      5.9866e+01           75296           35767      4.7502e+01

ENER_0:   250000     -3.0344e+03      3.8360e+04      0.0000e+00     -3.7499e+04     -3.8954e+03      0.0000e+00      0.0000e+00      0.0000e+00      0.0000e+00      0.0000e+00

STAT_0:   250000              59

MOVE_1:   250000           74836           35710      4.7718e+01

ENER_1:   250000      3.5317e+05      3.5317e+05      0.0000e+00      0.0000e+00      0.0000e+00      0.0000e+00      0.0000e+00      0.0000e+00      0.0000e+00      0.0000e+00

STAT_1:   250000             543

Steps/sec: 5765.952, Simulation ends in:   0 d:   0 h:   3 m 

MOVE_0:   260000           52094           26295      5.0476e+01      2.1847e+00           25749           18074      7.0193e+01      3.1416e+00           26008           15583      5.9916e+01           78262           37269      4.7621e+01

ENER_0:   260000      1.0996e+04      1.8230e+04      0.0000e+00     -6.5353e+03     -6.9940e+02      0.0000e+00      0.0000e+00      0.0000e+00      0.0000e+00      0.0000e+00

STAT_0:   260000              25

MOVE_1:   260000           77887           37246      4.7821e+01

ENER_1:   260000      3.5896e+05      3.5896e+05      0.0000e+00      0.0000e+00      0.0000e+00      0.0000e+00      0.0000e+00      0.0000e+00      0.0000e+00      0.0000e+00

STAT_1:   260000             577

Steps/sec: 4968.332, Simulation ends in:   0 d:   0 h:   3 m 

MOVE_0:   270000           54118           27271      5.0392e+01      1.3632e+00           26742           18770      7.0189e+01      3.1416e+00           26995           16173      5.9911e+01           81236           38786      4.7745e+01

ENER_0:   270000     -5.0642e+03      3.7531e+04      0.0000e+00     -3.8294e+04     -4.3016e+03      0.0000e+00      0.0000e+00      0.0000e+00      0.0000e+00      0.0000e+00

STAT_0:   270000              62

MOVE_1:   270000           80909           38726      4.7864e+01

ENER_1:   270000      3.2982e+05      3.2982e+05      0.0000e+00      0.0000e+00      0.0000e+00      0.0000e+00      0.0000e+00      0.0000e+00      0.0000e+00      0.0000e+00

STAT_1:   270000             540

Steps/sec: 5088.877, Simulation ends in:   0 d:   0 h:   3 m 

MOVE_0:   280000           56115           28210      5.0272e+01      6.8457e-01           27721           19301      6.9626e+01      2.3892e+00           27974           16656      5.9541e+01           84294           39775      4.7186e+01

ENER_0:   280000     -7.6308e+04      6.7967e+04      0.0000e+00     -1.3024e+05     -1.4037e+04      0.0000e+00      0.0000e+00      0.0000e+00      0.0000e+00      0.0000e+00

STAT_0:   280000             112

MOVE_1:   280000           83896           39665      4.7279e+01

ENER_1:   280000      3.0034e+05      3.0034e+05      0.0000e+00      0.0000e+00      0.0000e+00      0.0000e+00      0.0000e+00      0.0000e+00      0.0000e+00      0.0000e+00

STAT_1:   280000             490

Steps/sec: 3785.717, Simulation ends in:   0 d:   0 h:   3 m 

MOVE_0:   290000           58184           29283      5.0328e+01      9.3173e-01           28713           19851      6.9136e+01      3.1416e+00           28987           17163      5.9209e+01           87264           40802      4.6757e+01

ENER_0:   290000     -5.1622e+04      6.3573e+04      0.0000e+00     -1.0445e+05     -1.0747e+04      0.0000e+00      0.0000e+00      0.0000e+00      0.0000e+00      0.0000e+00

STAT_0:   290000              98

MOVE_1:   290000           86852           40706      4.6868e+01

ENER_1:   290000      3.2962e+05      3.2962e+05      0.0000e+00      0.0000e+00      0.0000e+00      0.0000e+00      0.0000e+00      0.0000e+00      0.0000e+00      0.0000e+00

STAT_1:   290000             504

Steps/sec: 3900.777, Simulation ends in:   0 d:   0 h:   3 m 

MOVE_0:   300000           60148           30321      5.0411e+01      1.5378e+00           29676           20444      6.8891e+01      3.1416e+00           30026           17762      5.9155e+01           90255           42039      4.6578e+01

ENER_0:   300000      5.0159e+03      2.5668e+04      0.0000e+00     -1.8862e+04     -1.7905e+03      0.0000e+00      0.0000e+00      0.0000e+00      0.0000e+00      0.0000e+00

STAT_0:   300000              40

MOVE_1:   300000           89895           42001      4.6722e+01

ENER_1:   300000      3.5320e+05      3.5320e+05      0.0000e+00      0.0000e+00      0.0000e+00      0.0000e+00      0.0000e+00      0.0000e+00      0.0000e+00      0.0000e+00

STAT_1:   300000             562

Steps/sec: 4336.114, Simulation ends in:   0 d:   0 h:   3 m 

MOVE_0:   310000           62100           31253      5.0327e+01      8.7309e-01           30628           21077      6.8816e+01      3.1416e+00           31054           18375      5.9171e+01           93329           43522      4.6633e+01

ENER_0:   310000     -3.0509e+04      5.4410e+04      0.0000e+00     -7.6834e+04     -8.0850e+03      0.0000e+00      0.0000e+00      0.0000e+00      0.0000e+00      0.0000e+00

STAT_0:   310000              85

MOVE_1:   310000           92889           43439      4.6764e+01

ENER_1:   310000      3.4229e+05      3.4229e+05      0.0000e+00      0.0000e+00      0.0000e+00      0.0000e+00      0.0000e+00      0.0000e+00      0.0000e+00      0.0000e+00

STAT_1:   310000             517

Steps/sec: 4714.475, Simulation ends in:   0 d:   0 h:   3 m 

MOVE_0:   320000           64096           32321      5.0426e+01      1.4643e+00           31628           21721      6.8676e+01      3.1416e+00           32075           18994      5.9217e+01           96349           44867      4.6567e+01

ENER_0:   320000     -6.2294e+03      3.5996e+04      0.0000e+00     -3.8330e+04     -3.8954e+03      0.0000e+00      0.0000e+00      0.0000e+00      0.0000e+00      0.0000e+00

STAT_0:   320000              59

MOVE_1:   320000           95852           44810      4.6749e+01

ENER_1:   320000      3.6487e+05      3.6487e+05      0.0000e+00      0.0000e+00      0.0000e+00      0.0000e+00      0.0000e+00      0.0000e+00      0.0000e+00      0.0000e+00

STAT_1:   320000             543

Steps/sec: 4448.104, Simulation ends in:   0 d:   0 h:   3 m 

MOVE_0:   330000           66079           33331      5.0441e+01      1.1256e+00           32636           22464      6.8832e+01      3.1416e+00           33140           19652      5.9300e+01           99343           46372      4.6679e+01

ENER_0:   330000     -1.8914e+04      3.9244e+04      0.0000e+00     -5.3135e+04     -5.0233e+03      0.0000e+00      0.0000e+00      0.0000e+00      0.0000e+00      0.0000e+00

STAT_0:   330000              67

MOVE_1:   330000           98802           46307      4.6868e+01

ENER_1:   330000      3.5570e+05      3.5570e+05      0.0000e+00      0.0000e+00      0.0000e+00      0.0000e+00      0.0000e+00      0.0000e+00      0.0000e+00      0.0000e+00

STAT_1:   330000             535

Steps/sec: 5083.393, Simulation ends in:   0 d:   0 h:   3 m 

MOVE_0:   340000           68075           34309      5.0399e+01      8.3241e-01           33632           23068      6.8589e+01      2.6038e+00           34188           20234      5.9185e+01          102321           47629      4.6549e+01

ENER_0:   340000     -5.7997e+04      6.3064e+04      0.0000e+00     -1.0987e+05     -1.1190e+04      0.0000e+00      0.0000e+00      0.0000e+00      0.0000e+00      0.0000e+00

STAT_0:   340000             100

MOVE_1:   340000          101784           47531      4.6698e+01

ENER_1:   340000      3.0155e+05      3.0155e+05      0.0000e+00      0.0000e+00      0.0000e+00      0.0000e+00      0.0000e+00      0.0000e+00      0.0000e+00      0.0000e+00

STAT_1:   340000             502

Steps/sec: 4197.437, Simulation ends in:   0 d:   0 h:   3 m 

MOVE_0:   350000           70161           35349      5.0383e+01      7.6967e-01           34624           23635      6.8262e+01      3.1416e+00           35203           20794      5.9069e+01          105244           48658      4.6234e+01

ENER_0:   350000     -5.7594e+04      6.2044e+04      0.0000e+00     -1.0800e+05     -1.1642e+04      0.0000e+00      0.0000e+00      0.0000e+00      0.0000e+00      0.0000e+00

STAT_0:   350000             102

MOVE_1:   350000          104768           48558      4.6348e+01

ENER_1:   350000      3.3305e+05      3.3305e+05      0.0000e+00      0.0000e+00      0.0000e+00      0.0000e+00      0.0000e+00      0.0000e+00      0.0000e+00      0.0000e+00

STAT_1:   350000             500

Steps/sec: 3973.735, Simulation ends in:   0 d:   0 h:   3 m 

MOVE_0:   360000           72162           36513      5.0599e+01      3.2439e+00           35611           24324      6.8305e+01      3.1416e+00           36221           21399      5.9079e+01          108212           50079      4.6279e+01

ENER_0:   360000      9.2228e+03      1.5434e+04      0.0000e+00     -5.6692e+03     -5.4161e+02      0.0000e+00      0.0000e+00      0.0000e+00      0.0000e+00      0.0000e+00

STAT_0:   360000              22

MOVE_1:   360000          107794           50059      4.6440e+01

ENER_1:   360000      3.6486e+05      3.6486e+05      0.0000e+00      0.0000e+00      0.0000e+00      0.0000e+00      0.0000e+00      0.0000e+00      0.0000e+00      0.0000e+00

STAT_1:   360000             580

Steps/sec: 4758.015, Simulation ends in:   0 d:   0 h:   3 m 

MOVE_0:   370000           74154           37384      5.0414e+01      7.2429e-01           36609           24957      6.8172e+01      3.1416e+00           37268           21986      5.8994e+01          111228           51387      4.6200e+01

ENER_0:   370000     -5.3965e+04      7.7345e+04      0.0000e+00     -1.1921e+05     -1.2103e+04      0.0000e+00      0.0000e+00      0.0000e+00      0.0000e+00      0.0000e+00

STAT_0:   370000             104

MOVE_1:   370000          110741           51285      4.6311e+01

ENER_1:   370000      3.2664e+05      3.2664e+05      0.0000e+00      0.0000e+00      0.0000e+00      0.0000e+00      0.0000e+00      0.0000e+00      0.0000e+00      0.0000e+00

STAT_1:   370000             498

Steps/sec: 4396.470, Simulation ends in:   0 d:   0 h:   3 m 

MOVE_0:   380000           76049           38424      5.0525e+01      1.7683e+00           37687           25724      6.8257e+01      3.1416e+00           38207           22544      5.9005e+01          114293           52812      4.6208e+01

ENER_0:   380000      4.5673e+03      1.7296e+04      0.0000e+00     -1.1788e+04     -9.4111e+02      0.0000e+00      0.0000e+00      0.0000e+00      0.0000e+00      0.0000e+00

STAT_0:   380000              29

MOVE_1:   380000          113764           52785      4.6399e+01

ENER_1:   380000      4.0068e+05      4.0068e+05      0.0000e+00      0.0000e+00      0.0000e+00      0.0000e+00      0.0000e+00      0.0000e+00      0.0000e+00      0.0000e+00

STAT_1:   380000             573

Steps/sec: 4726.669, Simulation ends in:   0 d:   0 h:   3 m 

MOVE_0:   390000           78055           39435      5.0522e+01      1.5139e+00           38692           26497      6.8482e+01      3.1416e+00           39185           23159      5.9102e+01          117303           54431      4.6402e+01

ENER_0:   390000      9.9260e+03      2.5665e+04      0.0000e+00     -1.4445e+04     -1.2936e+03      0.0000e+00      0.0000e+00      0.0000e+00      0.0000e+00      0.0000e+00

STAT_0:   390000              34

MOVE_1:   390000          116765           54399      4.6588e+01

ENER_1:   390000      3.6872e+05      3.6872e+05      0.0000e+00      0.0000e+00      0.0000e+00      0.0000e+00      0.0000e+00      0.0000e+00      0.0000e+00      0.0000e+00

STAT_1:   390000             568

Steps/sec: 5424.185, Simulation ends in:   0 d:   0 h:   3 m 

MOVE_0:   400000           80061           40458      5.0534e+01      1.4886e+00           39694           27280      6.8726e+01      3.1416e+00           40171           23790      5.9222e+01          120272           56073      4.6622e+01

ENER_0:   400000      4.9766e+03      2.8796e+04      0.0000e+00     -2.1846e+04     -1.9740e+03      0.0000e+00      0.0000e+00      0.0000e+00      0.0000e+00      0.0000e+00

STAT_0:   400000              42

MOVE_1:   400000          119802           56033      4.6771e+01

ENER_1:   400000      3.5937e+05      3.5937e+05      0.0000e+00      0.0000e+00      0.0000e+00      0.0000e+00      0.0000e+00      0.0000e+00      0.0000e+00      0.0000e+00

STAT_1:   400000             560

Steps/sec: 5543.394, Simulation ends in:   0 d:   0 h:   3 m 

MOVE_0:   410000           82016           41401      5.0479e+01      9.1225e-01           40723           27962      6.8664e+01      3.0836e+00           41174           24398      5.9256e+01          123273           57495      4.6640e+01

ENER_0:   410000     -3.3469e+04      6.1073e+04      0.0000e+00     -8.5877e+04     -8.6658e+03      0.0000e+00      0.0000e+00      0.0000e+00      0.0000e+00      0.0000e+00

STAT_0:   410000              88

MOVE_1:   410000          122814           57409      4.6745e+01

ENER_1:   410000      3.4668e+05      3.4668e+05      0.0000e+00      0.0000e+00      0.0000e+00      0.0000e+00      0.0000e+00      0.0000e+00      0.0000e+00      0.0000e+00

STAT_1:   410000             514

Steps/sec: 4813.373, Simulation ends in:   0 d:   0 h:   3 m 

MOVE_0:   420000           84112           42495      5.0522e+01      1.2621e+00           41746           28643      6.8613e+01      3.1416e+00           42166           24989      5.9263e+01          126201           58855      4.6636e+01

ENER_0:   420000     -4.1449e+03      3.1411e+04      0.0000e+00     -3.2530e+04     -3.0259e+03      0.0000e+00      0.0000e+00      0.0000e+00      0.0000e+00      0.0000e+00

STAT_0:   420000              52

MOVE_1:   420000          125775           58805      4.6754e+01

ENER_1:   420000      3.5407e+05      3.5407e+05      0.0000e+00      0.0000e+00      0.0000e+00      0.0000e+00      0.0000e+00      0.0000e+00      0.0000e+00      0.0000e+00

STAT_1:   420000             550

Steps/sec: 4846.290, Simulation ends in:   0 d:   0 h:   3 m 

MOVE_0:   430000           86141           43507      5.0507e+01      1.0363e+00           42760           29348      6.8634e+01      3.1416e+00           43197           25651      5.9381e+01          129179           60360      4.6726e+01

ENER_0:   430000     -5.5390e+03      3.9143e+04      0.0000e+00     -4.0787e+04     -3.8954e+03      0.0000e+00      0.0000e+00      0.0000e+00      0.0000e+00      0.0000e+00

STAT_0:   430000              59

MOVE_1:   430000          128723           60303      4.6847e+01

ENER_1:   430000      3.4865e+05      3.4865e+05      0.0000e+00      0.0000e+00      0.0000e+00      0.0000e+00      0.0000e+00      0.0000e+00      0.0000e+00      0.0000e+00

STAT_1:   430000             543

Steps/sec: 5018.511, Simulation ends in:   0 d:   0 h:   3 m 

MOVE_0:   440000           88091           44532      5.0552e+01      1.4233e+00           43770           30147      6.8876e+01      3.1416e+00           44177           26283      5.9495e+01          132188           62041      4.6934e+01

ENER_0:   440000     -9.4853e+03      4.4804e+04      0.0000e+00     -4.9705e+04     -4.5836e+03      0.0000e+00      0.0000e+00      0.0000e+00      0.0000e+00      0.0000e+00

STAT_0:   440000              64

MOVE_1:   440000          131774           61979      4.7034e+01

ENER_1:   440000      3.5160e+05      3.5160e+05      0.0000e+00      0.0000e+00      0.0000e+00      0.0000e+00      0.0000e+00      0.0000e+00      0.0000e+00      0.0000e+00

STAT_1:   440000             538

Steps/sec: 5439.285, Simulation ends in:   0 d:   0 h:   2 m 

MOVE_0:   450000           90104           45512      5.0511e+01      9.7363e-01           44758           30760      6.8725e+01      3.1416e+00           45158           26867      5.9496e+01          135248           63279      4.6787e+01

ENER_0:   450000     -2.6623e+04      5.4205e+04      0.0000e+00     -7.3119e+04     -7.7090e+03      0.0000e+00      0.0000e+00      0.0000e+00      0.0000e+00      0.0000e+00

STAT_0:   450000              83

MOVE_1:   450000          134732           63198      4.6906e+01

ENER_1:   450000      3.4645e+05      3.4645e+05      0.0000e+00      0.0000e+00      0.0000e+00      0.0000e+00      0.0000e+00      0.0000e+00      0.0000e+00      0.0000e+00

STAT_1:   450000             519

Steps/sec: 4169.857, Simulation ends in:   0 d:   0 h:   2 m 

MOVE_0:   460000           92063           46539      5.0551e+01      1.2602e+00           45741           31367      6.8575e+01      3.1416e+00           46165           27401      5.9354e+01          138287           64499      4.6641e+01

ENER_0:   460000     -1.8354e+03      3.8663e+04      0.0000e+00     -3.6334e+04     -4.1639e+03      0.0000e+00      0.0000e+00      0.0000e+00      0.0000e+00      0.0000e+00

STAT_0:   460000              61

MOVE_1:   460000          137744           64440      4.6782e+01

ENER_1:   460000      3.6832e+05      3.6832e+05      0.0000e+00      0.0000e+00      0.0000e+00      0.0000e+00      0.0000e+00      0.0000e+00      0.0000e+00      0.0000e+00

STAT_1:   460000             541

Steps/sec: 4139.207, Simulation ends in:   0 d:   0 h:   2 m 

MOVE_0:   470000           94077           47566      5.0561e+01      1.4297e+00           46782           32057      6.8524e+01      3.1416e+00           47142           27964      5.9319e+01          141269           65873      4.6629e+01

ENER_0:   470000     -9.4179e+03      3.8408e+04      0.0000e+00     -4.3525e+04     -4.3016e+03      0.0000e+00      0.0000e+00      0.0000e+00      0.0000e+00      0.0000e+00

STAT_0:   470000              62

MOVE_1:   470000          140730           65813      4.6765e+01

ENER_1:   470000      3.4837e+05      3.4837e+05      0.0000e+00      0.0000e+00      0.0000e+00      0.0000e+00      0.0000e+00      0.0000e+00      0.0000e+00      0.0000e+00

STAT_1:   470000             540

Steps/sec: 4685.748, Simulation ends in:   0 d:   0 h:   2 m 

MOVE_0:   480000           96055           48624      5.0621e+01      2.5699e+00           47816           32792      6.8580e+01      3.1416e+00           48113           28536      5.9310e+01          144246           67330      4.6677e+01

ENER_0:   480000      1.2142e+04      1.5445e+04      0.0000e+00     -2.9794e+03     -3.2340e+02      0.0000e+00      0.0000e+00      0.0000e+00      0.0000e+00      0.0000e+00

STAT_0:   480000              17

MOVE_1:   480000          143770           67315      4.6821e+01

ENER_1:   480000      3.8693e+05      3.8693e+05      0.0000e+00      0.0000e+00      0.0000e+00      0.0000e+00      0.0000e+00      0.0000e+00      0.0000e+00      0.0000e+00

STAT_1:   480000             585

Steps/sec: 5033.457, Simulation ends in:   0 d:   0 h:   2 m 

MOVE_0:   490000           98070           49670      5.0647e+01      3.3159e+00           48849           33633      6.8851e+01      3.1416e+00           49106           29196      5.9455e+01          147179           69033      4.6904e+01

ENER_0:   490000      1.4175e+04      2.3802e+04      0.0000e+00     -8.7496e+03     -8.7732e+02      0.0000e+00      0.0000e+00      0.0000e+00      0.0000e+00      0.0000e+00

STAT_0:   490000              28

MOVE_1:   490000          146796           69007      4.7009e+01

ENER_1:   490000      3.9649e+05      3.9649e+05      0.0000e+00      0.0000e+00      0.0000e+00      0.0000e+00      0.0000e+00      0.0000e+00      0.0000e+00      0.0000e+00

STAT_1:   490000             574

Steps/sec: 5750.735, Simulation ends in:   0 d:   0 h:   2 m 

MOVE_0:   500000          100099           50564      5.0514e+01      8.3374e-01           49831           34288      6.8809e+01      3.1416e+00           50048           29758      5.9459e+01          150218           70454      4.6901e+01

ENER_0:   500000     -1.5852e+04      5.7845e+04      0.0000e+00     -6.7233e+04     -6.4635e+03      0.0000e+00      0.0000e+00      0.0000e+00      0.0000e+00      0.0000e+00

STAT_0:   500000              76

MOVE_1:   500000          149804           70380      4.6981e+01

ENER_1:   500000      3.3651e+05      3.3651e+05      0.0000e+00      0.0000e+00      0.0000e+00      0.0000e+00      0.0000e+00      0.0000e+00      0.0000e+00      0.0000e+00

STAT_1:   500000             526

Steps/sec: 4628.687, Simulation ends in:   0 d:   0 h:   2 m 

MOVE_0:   510000          102038           51542      5.0513e+01      8.3038e-01           50904           34958      6.8674e+01      3.1111e+00           51029           30340      5.9456e+01          153199           71702      4.6803e+01

ENER_0:   510000     -5.8371e+04      6.8152e+04      0.0000e+00     -1.1488e+05     -1.1642e+04      0.0000e+00      0.0000e+00      0.0000e+00      0.0000e+00      0.0000e+00

STAT_0:   510000             102

MOVE_1:   510000          152830           71602      4.6851e+01

ENER_1:   510000      3.1685e+05      3.1685e+05      0.0000e+00      0.0000e+00      0.0000e+00      0.0000e+00      0.0000e+00      0.0000e+00      0.0000e+00      0.0000e+00

STAT_1:   510000             500

Steps/sec: 4252.545, Simulation ends in:   0 d:   0 h:   2 m 

MOVE_0:   520000          104011           52514      5.0489e+01      6.5469e-01           51919           35513      6.8401e+01      3.1416e+00           52051           30842      5.9253e+01          156224           72613      4.6480e+01

ENER_0:   520000     -5.8806e+04      6.6893e+04      0.0000e+00     -1.1428e+05     -1.1415e+04      0.0000e+00      0.0000e+00      0.0000e+00      0.0000e+00      0.0000e+00

STAT_0:   520000             101

MOVE_1:   520000          155795           72514      4.6544e+01

ENER_1:   520000      3.3092e+05      3.3092e+05      0.0000e+00      0.0000e+00      0.0000e+00      0.0000e+00      0.0000e+00      0.0000e+00      0.0000e+00      0.0000e+00

STAT_1:   520000             501

Steps/sec: 3703.690, Simulation ends in:   0 d:   0 h:   2 m 

MOVE_0:   530000          106080           53638      5.0564e+01      1.3308e+00           52874           36074      6.8226e+01      3.1416e+00           53041           31376      5.9154e+01          159196           73747      4.6325e+01

ENER_0:   530000      9.7225e+03      3.0912e+04      0.0000e+00     -1.9216e+04     -1.9740e+03      0.0000e+00      0.0000e+00      0.0000e+00      0.0000e+00      0.0000e+00

STAT_0:   530000              42

MOVE_1:   530000          158809           73707      4.6412e+01

ENER_1:   530000      3.7291e+05      3.7291e+05      0.0000e+00      0.0000e+00      0.0000e+00      0.0000e+00      0.0000e+00      0.0000e+00      0.0000e+00      0.0000e+00

STAT_1:   530000             560

Steps/sec: 4139.087, Simulation ends in:   0 d:   0 h:   2 m 

MOVE_0:   540000          108019           54590      5.0537e+01      7.9370e-01           53911           36782      6.8227e+01      3.1416e+00           54065           31994      5.9177e+01          162224           75141      4.6319e+01

ENER_0:   540000     -6.8633e+04      5.8653e+04      0.0000e+00     -1.1495e+05     -1.2337e+04      0.0000e+00      0.0000e+00      0.0000e+00      0.0000e+00      0.0000e+00

STAT_0:   540000             105

MOVE_1:   540000          161781           75038      4.6382e+01

ENER_1:   540000      3.0969e+05      3.0969e+05      0.0000e+00      0.0000e+00      0.0000e+00      0.0000e+00      0.0000e+00      0.0000e+00      0.0000e+00      0.0000e+00

STAT_1:   540000             497

Steps/sec: 4520.465, Simulation ends in:   0 d:   0 h:   2 m 

MOVE_0:   550000          110052           55705      5.0617e+01      1.8528e+00           54945           37468      6.8192e+01      3.1416e+00           55043           32568      5.9168e+01          165142           76491      4.6318e+01

ENER_0:   550000     -1.7993e+03      2.3838e+04      0.0000e+00     -2.3756e+04     -1.8811e+03      0.0000e+00      0.0000e+00      0.0000e+00      0.0000e+00      0.0000e+00

STAT_0:   550000              41

MOVE_1:   550000          164818           76452      4.6386e+01

ENER_1:   550000      3.4326e+05      3.4326e+05      0.0000e+00      0.0000e+00      0.0000e+00      0.0000e+00      0.0000e+00      0.0000e+00      0.0000e+00      0.0000e+00

STAT_1:   550000             561

Steps/sec: 4704.654, Simulation ends in:   0 d:   0 h:   2 m 

MOVE_0:   560000          112133           56826      5.0677e+01      3.5119e+00           55946           38323      6.8500e+01      3.1416e+00           56026           33195      5.9249e+01          168051           78237      4.6556e+01

ENER_0:   560000      4.1451e+03      2.5152e+04      0.0000e+00     -1.9305e+04     -1.7021e+03      0.0000e+00      0.0000e+00      0.0000e+00      0.0000e+00      0.0000e+00

STAT_0:   560000              39

MOVE_1:   560000          167844           78200      4.6591e+01

ENER_1:   560000      3.7120e+05      3.7120e+05      0.0000e+00      0.0000e+00      0.0000e+00      0.0000e+00      0.0000e+00      0.0000e+00      0.0000e+00      0.0000e+00

STAT_1:   560000             563

Steps/sec: 5905.304, Simulation ends in:   0 d:   0 h:   2 m 

MOVE_0:   570000          114179           57860      5.0675e+01      3.3436e+00           56912           39067      6.8645e+01      3.1416e+00           56980           33828      5.9368e+01          171051           79930      4.6729e+01

ENER_0:   570000      5.9561e+03      9.3254e+03      0.0000e+00     -3.0067e+03     -3.6257e+02      0.0000e+00      0.0000e+00      0.0000e+00      0.0000e+00      0.0000e+00

STAT_0:   570000              18

MOVE_1:   570000          170878           79914      4.6767e+01

ENER_1:   570000      3.6409e+05      3.6409e+05      0.0000e+00      0.0000e+00      0.0000e+00      0.0000e+00      0.0000e+00      0.0000e+00      0.0000e+00      0.0000e+00

STAT_1:   570000             584

Steps/sec: 5610.885, Simulation ends in:   0 d:   0 h:   2 m 

MOVE_0:   580000          116171           58849      5.0657e+01      2.4655e+00           57904           39864      6.8845e+01      3.1416e+00           57958           34447      5.9434e+01          174059           81663      4.6917e+01

ENER_0:   580000      9.2273e+03      1.7509e+04      0.0000e+00     -7.6893e+03     -5.9197e+02      0.0000e+00      0.0000e+00      0.0000e+00      0.0000e+00      0.0000e+00

STAT_0:   580000              23

MOVE_1:   580000          173908           81642      4.6946e+01

ENER_1:   580000      3.8324e+05      3.8324e+05      0.0000e+00      0.0000e+00      0.0000e+00      0.0000e+00      0.0000e+00      0.0000e+00      0.0000e+00      0.0000e+00

STAT_1:   580000             579

Steps/sec: 5635.578, Simulation ends in:   0 d:   0 h:   2 m 

MOVE_0:   590000          118184           59862      5.0652e+01      2.1704e+00           58934           40642      6.8962e+01      3.1416e+00           58960           35118      5.9562e+01          177080           83315      4.7049e+01

ENER_0:   590000      4.8100e+03      1.8317e+04      0.0000e+00     -1.2431e+04     -1.0754e+03      0.0000e+00      0.0000e+00      0.0000e+00      0.0000e+00      0.0000e+00

STAT_0:   590000              31

MOVE_1:   590000          176842           83286      4.7096e+01

ENER_1:   590000      3.6521e+05      3.6521e+05      0.0000e+00      0.0000e+00      0.0000e+00      0.0000e+00      0.0000e+00      0.0000e+00      0.0000e+00      0.0000e+00

STAT_1:   590000             571

Steps/sec: 5463.519, Simulation ends in:   0 d:   0 h:   2 m 

MOVE_0:   600000          120138           60791      5.0601e+01      1.1684e+00           59954           41360      6.8986e+01      3.1416e+00           59983           35749      5.9599e+01          180083           84849      4.7117e+01

ENER_0:   600000     -4.5735e+04      4.6073e+04      0.0000e+00     -8.3338e+04     -8.4700e+03      0.0000e+00      0.0000e+00      0.0000e+00      0.0000e+00      0.0000e+00

STAT_0:   600000              87

MOVE_1:   600000          179842           84764      4.7132e+01

ENER_1:   600000      3.3791e+05      3.3791e+05      0.0000e+00      0.0000e+00      0.0000e+00      0.0000e+00      0.0000e+00      0.0000e+00      0.0000e+00      0.0000e+00

STAT_1:   600000             515

Steps/sec: 4858.631, Simulation ends in:   0 d:   0 h:   2 m 

MOVE_0:   610000          122134           61777      5.0581e+01      9.2264e-01           60967           41951      6.8809e+01      3.1416e+00           60984           36265      5.9466e+01          183051           86014      4.6989e+01

ENER_0:   610000     -9.3084e+03      4.6420e+04      0.0000e+00     -5.1287e+04     -4.4414e+03      0.0000e+00      0.0000e+00      0.0000e+00      0.0000e+00      0.0000e+00

STAT_0:   610000              63

MOVE_1:   610000          182864           85953      4.7004e+01

ENER_1:   610000      3.3524e+05      3.3524e+05      0.0000e+00      0.0000e+00      0.0000e+00      0.0000e+00      0.0000e+00      0.0000e+00      0.0000e+00      0.0000e+00

STAT_1:   610000             539

Steps/sec: 3997.050, Simulation ends in:   0 d:   0 h:   2 m 

MOVE_0:   620000          124189           62789      5.0559e+01      7.3392e-01           61972           42488      6.8560e+01      2.8474e+00           61925           36733      5.9319e+01          186075           87044      4.6779e+01

ENER_0:   620000     -5.3230e+04      5.4468e+04      0.0000e+00     -9.7811e+04     -9.8878e+03      0.0000e+00      0.0000e+00      0.0000e+00      0.0000e+00      0.0000e+00

STAT_0:   620000              94

MOVE_1:   620000          185839           86952      4.6789e+01

ENER_1:   620000      3.1853e+05      3.1853e+05      0.0000e+00      0.0000e+00      0.0000e+00      0.0000e+00      0.0000e+00      0.0000e+00      0.0000e+00      0.0000e+00

STAT_1:   620000             508

Steps/sec: 3871.406, Simulation ends in:   0 d:   0 h:   2 m 

MOVE_0:   630000          126177           63871      5.0620e+01      1.6067e+00           62975           43132      6.8491e+01      3.1416e+00           62942           37297      5.9256e+01          189091           88322      4.6709e+01

ENER_0:   630000      4.0364e+03      2.1193e+04      0.0000e+00     -1.5786e+04     -1.3708e+03      0.0000e+00      0.0000e+00      0.0000e+00      0.0000e+00      0.0000e+00

STAT_0:   630000              35

MOVE_1:   630000          188815           88289      4.6760e+01

ENER_1:   630000      3.5467e+05      3.5467e+05      0.0000e+00      0.0000e+00      0.0000e+00      0.0000e+00      0.0000e+00      0.0000e+00      0.0000e+00      0.0000e+00

STAT_1:   630000             567

Steps/sec: 4467.225, Simulation ends in:   0 d:   0 h:   2 m 

MOVE_0:   640000          128193           64922      5.0644e+01      2.2451e+00           63929           43869      6.8621e+01      3.1416e+00           63917           37910      5.9311e+01          192150           89997      4.6837e+01

ENER_0:   640000      6.5791e+03      2.4007e+04      0.0000e+00     -1.5726e+04     -1.7021e+03      0.0000e+00      0.0000e+00      0.0000e+00      0.0000e+00      0.0000e+00

STAT_0:   640000              39

MOVE_1:   640000          191811           89960      4.6900e+01

ENER_1:   640000      3.5533e+05      3.5533e+05      0.0000e+00      0.0000e+00      0.0000e+00      0.0000e+00      0.0000e+00      0.0000e+00      0.0000e+00      0.0000e+00

STAT_1:   640000             563

Steps/sec: 5603.638, Simulation ends in:   0 d:   0 h:   2 m 

MOVE_0:   650000          130203           65843      5.0569e+01      8.2520e-01           64879           44444      6.8503e+01      3.1416e+00           64918           38457      5.9239e+01          195231           91167      4.6697e+01

ENER_0:   650000     -4.6653e+04      6.2555e+04      0.0000e+00     -9.9530e+04     -9.6785e+03      0.0000e+00      0.0000e+00      0.0000e+00      0.0000e+00      0.0000e+00

STAT_0:   650000              93

MOVE_1:   650000          194769           91076      4.6761e+01

ENER_1:   650000      3.3802e+05      3.3802e+05      0.0000e+00      0.0000e+00      0.0000e+00      0.0000e+00      0.0000e+00      0.0000e+00      0.0000e+00      0.0000e+00

STAT_1:   650000             509

Steps/sec: 4025.012, Simulation ends in:   0 d:   0 h:   2 m 

MOVE_0:   660000          132144           66809      5.0558e+01      7.7246e-01           65927           45001      6.8259e+01      3.0767e+00           65969           39008      5.9131e+01          198305           92077      4.6432e+01

ENER_0:   660000     -6.2706e+04      6.7040e+04      0.0000e+00     -1.1693e+05     -1.2812e+04      0.0000e+00      0.0000e+00      0.0000e+00      0.0000e+00      0.0000e+00

STAT_0:   660000             107

MOVE_1:   660000          197655           91972      4.6532e+01

ENER_1:   660000      3.1201e+05      3.1201e+05      0.0000e+00      0.0000e+00      0.0000e+00      0.0000e+00      0.0000e+00      0.0000e+00      0.0000e+00      0.0000e+00

STAT_1:   660000             495

Steps/sec: 3732.039, Simulation ends in:   0 d:   0 h:   2 m 

MOVE_0:   670000          134169           67883      5.0595e+01      1.3390e+00           66933           45588      6.8110e+01      3.1416e+00           66950           39549      5.9072e+01          201286           93113      4.6259e+01

ENER_0:   670000     -6.1572e+03      2.8147e+04      0.0000e+00     -3.1506e+04     -2.7976e+03      0.0000e+00      0.0000e+00      0.0000e+00      0.0000e+00      0.0000e+00

STAT_0:   670000              50

MOVE_1:   670000          200662           93065      4.6379e+01

ENER_1:   670000      3.0828e+05      3.0828e+05      0.0000e+00      0.0000e+00      0.0000e+00      0.0000e+00      0.0000e+00      0.0000e+00      0.0000e+00      0.0000e+00

STAT_1:   670000             552

Steps/sec: 3937.853, Simulation ends in:   0 d:   0 h:   2 m 

MOVE_0:   680000          136195           69004      5.0666e+01      3.2819e+00           67911           46379      6.8294e+01      3.1416e+00           67926           40175      5.9145e+01          204282           94776      4.6395e+01

ENER_0:   680000      8.6437e+03      1.0814e+04      0.0000e+00     -1.8467e+03     -3.2340e+02      0.0000e+00      0.0000e+00      0.0000e+00      0.0000e+00      0.0000e+00

STAT_0:   680000              17

MOVE_1:   680000          203686           94761      4.6523e+01

ENER_1:   680000      3.7555e+05      3.7555e+05      0.0000e+00      0.0000e+00      0.0000e+00      0.0000e+00      0.0000e+00      0.0000e+00      0.0000e+00      0.0000e+00

STAT_1:   680000             585

Steps/sec: 5686.826, Simulation ends in:   0 d:   0 h:   2 m 

MOVE_0:   690000          138126           69930      5.0628e+01      2.0168e+00           68950           47174      6.8418e+01      3.1416e+00           68930           40834      5.9240e+01          207264           96464      4.6542e+01

ENER_0:   690000      5.7838e+03      2.8977e+04      0.0000e+00     -2.1312e+04     -1.8811e+03      0.0000e+00      0.0000e+00      0.0000e+00      0.0000e+00      0.0000e+00

STAT_0:   690000              41

MOVE_1:   690000          206730           96425      4.6643e+01

ENER_1:   690000      3.5017e+05      3.5017e+05      0.0000e+00      0.0000e+00      0.0000e+00      0.0000e+00      0.0000e+00      0.0000e+00      0.0000e+00      0.0000e+00

STAT_1:   690000             561

Steps/sec: 5671.738, Simulation ends in:   0 d:   0 h:   2 m 

MOVE_0:   700000          140112           70842      5.0561e+01      7.7128e-01           69940           47781      6.8317e+01      3.1416e+00           69894           41399      5.9231e+01          210304           97713      4.6463e+01

ENER_0:   700000     -5.5971e+04      6.9972e+04      0.0000e+00     -1.1407e+05     -1.1872e+04      0.0000e+00      0.0000e+00      0.0000e+00      0.0000e+00      0.0000e+00

STAT_0:   700000             103

MOVE_1:   700000          209750           97612      4.6537e+01

ENER_1:   700000      3.2243e+05      3.2243e+05      0.0000e+00      0.0000e+00      0.0000e+00      0.0000e+00      0.0000e+00      0.0000e+00      0.0000e+00      0.0000e+00

STAT_1:   700000             499

Steps/sec: 4202.586, Simulation ends in:   0 d:   0 h:   2 m 

MOVE_0:   710000          142124           71880      5.0576e+01      9.9694e-01           70972           48398      6.8193e+01      3.1416e+00           70873           41950      5.9190e+01          213314           98829      4.6330e+01

ENER_0:   710000     -2.0385e+04      6.6709e+04      0.0000e+00     -7.9198e+04     -7.8959e+03      0.0000e+00      0.0000e+00      0.0000e+00      0.0000e+00      0.0000e+00

STAT_0:   710000              84

MOVE_1:   710000          212717           98747      4.6422e+01

ENER_1:   710000      3.1515e+05      3.1515e+05      0.0000e+00      0.0000e+00      0.0000e+00      0.0000e+00      0.0000e+00      0.0000e+00      0.0000e+00      0.0000e+00

STAT_1:   710000             518

Steps/sec: 4045.687, Simulation ends in:   0 d:   0 h:   2 m 

MOVE_0:   720000          144167           72949      5.0600e+01      1.4144e+00           71975           49074      6.8182e+01      3.1416e+00           71880           42535      5.9175e+01          216300          100158      4.6305e+01

ENER_0:   720000     -2.1750e+03      3.5446e+04      0.0000e+00     -3.4236e+04     -3.3851e+03      0.0000e+00      0.0000e+00      0.0000e+00      0.0000e+00      0.0000e+00

STAT_0:   720000              55

MOVE_1:   720000          215678          100105      4.6414e+01

ENER_1:   720000      3.5205e+05      3.5205e+05      0.0000e+00      0.0000e+00      0.0000e+00      0.0000e+00      0.0000e+00      0.0000e+00      0.0000e+00      0.0000e+00

STAT_1:   720000             547

Steps/sec: 4536.831, Simulation ends in:   0 d:   0 h:   1 m 

MOVE_0:   730000          146177           73993      5.0619e+01      1.7268e+00           72936           49808      6.8290e+01      3.1416e+00           72868           43161      5.9232e+01          219321          101772      4.6403e+01

ENER_0:   730000      4.8360e+03      2.4046e+04      0.0000e+00     -1.7594e+04     -1.6159e+03      0.0000e+00      0.0000e+00      0.0000e+00      0.0000e+00      0.0000e+00

STAT_0:   730000              38

MOVE_1:   730000          218698          101736      4.6519e+01

ENER_1:   730000      3.7326e+05      3.7326e+05      0.0000e+00      0.0000e+00      0.0000e+00      0.0000e+00      0.0000e+00      0.0000e+00      0.0000e+00      0.0000e+00

STAT_1:   730000             564

Steps/sec: 5299.709, Simulation ends in:   0 d:   0 h:   1 m 

MOVE_0:   740000          148117           75022      5.0650e+01      2.5541e+00           73927           50503      6.8315e+01      3.1416e+00           73892           43743      5.9199e+01          222301          103230      4.6437e+01

ENER_0:   740000      6.6642e+03      1.5518e+04      0.0000e+00     -8.1541e+03     -6.9940e+02      0.0000e+00      0.0000e+00      0.0000e+00      0.0000e+00      0.0000e+00

STAT_0:   740000              25

MOVE_1:   740000          221763          103207      4.6539e+01

ENER_1:   740000      3.7132e+05      3.7132e+05      0.0000e+00      0.0000e+00      0.0000e+00      0.0000e+00      0.0000e+00      0.0000e+00      0.0000e+00      0.0000e+00

STAT_1:   740000             577

Steps/sec: 4730.814, Simulation ends in:   0 d:   0 h:   1 m 

MOVE_0:   750000          150166           76031      5.0631e+01      1.6454e+00           74914           51210      6.8358e+01      3.1416e+00           74882           44342      5.9216e+01          225341          104799      4.6507e+01

ENER_0:   750000     -5.7801e+02      2.4089e+04      0.0000e+00     -2.2501e+04     -2.1664e+03      0.0000e+00      0.0000e+00      0.0000e+00      0.0000e+00      0.0000e+00

STAT_0:   750000              44

MOVE_1:   750000          224697          104757      4.6621e+01

ENER_1:   750000      3.8063e+05      3.8063e+05      0.0000e+00      0.0000e+00      0.0000e+00      0.0000e+00      0.0000e+00      0.0000e+00      0.0000e+00      0.0000e+00

STAT_1:   750000             558

Steps/sec: 5123.938, Simulation ends in:   0 d:   0 h:   1 m 

MOVE_0:   760000          152211           77134      5.0676e+01      3.2711e+00           75898           51991      6.8501e+01      3.1416e+00           75926           45017      5.9291e+01          228326          106435      4.6615e+01

ENER_0:   760000      6.3511e+03      2.3356e+04      0.0000e+00     -1.5473e+04     -1.5320e+03      0.0000e+00      0.0000e+00      0.0000e+00      0.0000e+00      0.0000e+00

STAT_0:   760000              37

MOVE_1:   760000          227639          106400      4.6741e+01

ENER_1:   760000      3.6349e+05      3.6349e+05      0.0000e+00      0.0000e+00      0.0000e+00      0.0000e+00      0.0000e+00      0.0000e+00      0.0000e+00      0.0000e+00

STAT_1:   760000             565

Steps/sec: 5594.625, Simulation ends in:   0 d:   0 h:   1 m 

MOVE_0:   770000          154183           78076      5.0639e+01      1.7954e+00           76863           52742      6.8618e+01      3.1416e+00           76967           45670      5.9337e+01          231313          108089      4.6728e+01

ENER_0:   770000      9.6636e+03      1.6867e+04      0.0000e+00     -6.5586e+03     -6.4456e+02      0.0000e+00      0.0000e+00      0.0000e+00      0.0000e+00      0.0000e+00

STAT_0:   770000              24

MOVE_1:   770000          230674          108067      4.6848e+01

ENER_1:   770000      3.7303e+05      3.7303e+05      0.0000e+00      0.0000e+00      0.0000e+00      0.0000e+00      0.0000e+00      0.0000e+00      0.0000e+00      0.0000e+00

STAT_1:   770000             578

Steps/sec: 5493.205, Simulation ends in:   0 d:   0 h:   1 m 

MOVE_0:   780000          156205           79096      5.0636e+01      1.9109e+00           77888           53528      6.8724e+01      3.1416e+00           77988           46321      5.9395e+01          234297          109729      4.6833e+01

ENER_0:   780000     -3.2787e+03      2.7361e+04      0.0000e+00     -2.7614e+04     -3.0259e+03      0.0000e+00      0.0000e+00      0.0000e+00      0.0000e+00      0.0000e+00

STAT_0:   780000              52

MOVE_1:   780000          233622          109679      4.6947e+01

ENER_1:   780000      3.3946e+05      3.3946e+05      0.0000e+00      0.0000e+00      0.0000e+00      0.0000e+00      0.0000e+00      0.0000e+00      0.0000e+00      0.0000e+00

STAT_1:   780000             550

Steps/sec: 5485.536, Simulation ends in:   0 d:   0 h:   1 m 

MOVE_0:   790000          158190           80146      5.0664e+01      3.1633e+00           78850           54270      6.8827e+01      3.1416e+00           78949           46947      5.9465e+01          237328          111403      4.6941e+01

ENER_0:   790000      6.8095e+03      1.9739e+04      0.0000e+00     -1.1784e+04     -1.1459e+03      0.0000e+00      0.0000e+00      0.0000e+00      0.0000e+00      0.0000e+00

STAT_0:   790000              32

MOVE_1:   790000          236683          111373      4.7056e+01

ENER_1:   790000      3.6013e+05      3.6013e+05      0.0000e+00      0.0000e+00      0.0000e+00      0.0000e+00      0.0000e+00      0.0000e+00      0.0000e+00      0.0000e+00

STAT_1:   790000             570

Steps/sec: 5638.580, Simulation ends in:   0 d:   0 h:   1 m 

MOVE_0:   800000          160201           81034      5.0583e+01      8.9540e-01           79833           54933      6.8810e+01      3.1416e+00           79960           47558      5.9477e+01          240359          112898      4.6971e+01

ENER_0:   800000     -2.9680e+04      4.9766e+04      0.0000e+00     -7.1922e+04     -7.5244e+03      0.0000e+00      0.0000e+00      0.0000e+00      0.0000e+00      0.0000e+00

STAT_0:   800000              82

MOVE_1:   800000          239647          112818      4.7077e+01

ENER_1:   800000      3.2244e+05      3.2244e+05      0.0000e+00      0.0000e+00      0.0000e+00      0.0000e+00      0.0000e+00      0.0000e+00      0.0000e+00      0.0000e+00

STAT_1:   800000             520

Steps/sec: 4792.961, Simulation ends in:   0 d:   0 h:   1 m 

MOVE_0:   810000          162191           82030      5.0576e+01      8.4621e-01           80780           55449      6.8642e+01      3.1416e+00           80925           48065      5.9395e+01          243450          113916      4.6792e+01

ENER_0:   810000     -3.1775e+04      6.2914e+04      0.0000e+00     -8.5217e+04     -9.4715e+03      0.0000e+00      0.0000e+00      0.0000e+00      0.0000e+00      0.0000e+00

STAT_0:   810000              92

MOVE_1:   810000          242654          113826      4.6909e+01

ENER_1:   810000      3.2602e+05      3.2602e+05      0.0000e+00      0.0000e+00      0.0000e+00      0.0000e+00      0.0000e+00      0.0000e+00      0.0000e+00      0.0000e+00

STAT_1:   810000             510

Steps/sec: 3815.426, Simulation ends in:   0 d:   0 h:   1 m 

MOVE_0:   820000          164134           83147      5.0658e+01      2.8865e+00           81764           56141      6.8662e+01      3.1416e+00           81920           48680      5.9424e+01          246376          115485      4.6873e+01

ENER_0:   820000      7.9604e+03      1.9972e+04      0.0000e+00     -1.0936e+04     -1.0754e+03      0.0000e+00      0.0000e+00      0.0000e+00      0.0000e+00      0.0000e+00

STAT_0:   820000              31

MOVE_1:   820000          245806          115456      4.6970e+01

ENER_1:   820000      3.4504e+05      3.4504e+05      0.0000e+00      0.0000e+00      0.0000e+00      0.0000e+00      0.0000e+00      0.0000e+00      0.0000e+00      0.0000e+00

STAT_1:   820000             571

Steps/sec: 5066.572, Simulation ends in:   0 d:   0 h:   1 m 

MOVE_0:   830000          166033           84032      5.0612e+01      1.3100e+00           82733           56837      6.8699e+01      3.1416e+00           82932           49320      5.9470e+01          249448          117085      4.6938e+01

ENER_0:   830000      8.5096e+03      3.8974e+04      0.0000e+00     -2.7777e+04     -2.6868e+03      0.0000e+00      0.0000e+00      0.0000e+00      0.0000e+00      0.0000e+00

STAT_0:   830000              49

MOVE_1:   830000          248854          117038      4.7031e+01

ENER_1:   830000      3.3083e+05      3.3083e+05      0.0000e+00      0.0000e+00      0.0000e+00      0.0000e+00      0.0000e+00      0.0000e+00      0.0000e+00      0.0000e+00

STAT_1:   830000             553

Steps/sec: 5154.472, Simulation ends in:   0 d:   0 h:   1 m 

MOVE_0:   840000          168004           85083      5.0643e+01      2.3011e+00           83706           57563      6.8768e+01      3.1416e+00           83941           49960      5.9518e+01          252445          118638      4.6996e+01

ENER_0:   840000      8.5355e+03      3.2035e+04      0.0000e+00     -2.1525e+04     -1.9740e+03      0.0000e+00      0.0000e+00      0.0000e+00      0.0000e+00      0.0000e+00

STAT_0:   840000              42

MOVE_1:   840000          251904          118598      4.7081e+01

ENER_1:   840000      3.6668e+05      3.6668e+05      0.0000e+00      0.0000e+00      0.0000e+00      0.0000e+00      0.0000e+00      0.0000e+00      0.0000e+00      0.0000e+00

STAT_1:   840000             560

Steps/sec: 5183.711, Simulation ends in:   0 d:   0 h:   1 m 

MOVE_0:   850000          169991           86008      5.0596e+01      9.4310e-01           84734           58224      6.8714e+01      3.1416e+00           84947           50540      5.9496e+01          255411          119986      4.6978e+01

ENER_0:   850000     -2.0534e+04      4.4741e+04      0.0000e+00     -5.8980e+04     -6.2946e+03      0.0000e+00      0.0000e+00      0.0000e+00      0.0000e+00      0.0000e+00

STAT_0:   850000              75

MOVE_1:   850000          254917          119913      4.7040e+01

ENER_1:   850000      3.3792e+05      3.3792e+05      0.0000e+00      0.0000e+00      0.0000e+00      0.0000e+00      0.0000e+00      0.0000e+00      0.0000e+00      0.0000e+00

STAT_1:   850000             527

Steps/sec: 4472.746, Simulation ends in:   0 d:   0 h:   1 m 

MOVE_0:   860000          172057           87107      5.0627e+01      1.5821e+00           85729           58971      6.8788e+01      3.1416e+00           85939           51148      5.9517e+01          258408          121556      4.7040e+01

ENER_0:   860000     -7.0220e+03      4.6030e+04      0.0000e+00     -4.8610e+04     -4.4414e+03      0.0000e+00      0.0000e+00      0.0000e+00      0.0000e+00      0.0000e+00

STAT_0:   860000              63

MOVE_1:   860000          257867          121495      4.7115e+01

ENER_1:   860000      3.4023e+05      3.4023e+05      0.0000e+00      0.0000e+00      0.0000e+00      0.0000e+00      0.0000e+00      0.0000e+00      0.0000e+00      0.0000e+00

STAT_1:   860000             539

Steps/sec: 5363.751, Simulation ends in:   0 d:   0 h:   1 m 

MOVE_0:   870000          174064           88055      5.0588e+01      8.4216e-01           86768           59608      6.8698e+01      3.1416e+00           86904           51711      5.9504e+01          261436          122798      4.6971e+01

ENER_0:   870000     -5.4545e+04      6.3623e+04      0.0000e+00     -1.0630e+05     -1.1872e+04      0.0000e+00      0.0000e+00      0.0000e+00      0.0000e+00      0.0000e+00

STAT_0:   870000             103

MOVE_1:   870000          260828          122697      4.7041e+01

ENER_1:   870000      3.1178e+05      3.1178e+05      0.0000e+00      0.0000e+00      0.0000e+00      0.0000e+00      0.0000e+00      0.0000e+00      0.0000e+00      0.0000e+00

STAT_1:   870000             499

Steps/sec: 4255.207, Simulation ends in:   0 d:   0 h:   1 m 

MOVE_0:   880000          176071           89083      5.0595e+01      1.0377e+00           87788           60163      6.8532e+01      3.1416e+00           87862           52223      5.9438e+01          264474          123745      4.6789e+01

ENER_0:   880000     -3.7699e+04      5.7906e+04      0.0000e+00     -8.6542e+04     -9.0642e+03      0.0000e+00      0.0000e+00      0.0000e+00      0.0000e+00      0.0000e+00

STAT_0:   880000              90

MOVE_1:   880000          263805          123657      4.6874e+01

ENER_1:   880000      3.3436e+05      3.3436e+05      0.0000e+00      0.0000e+00      0.0000e+00      0.0000e+00      0.0000e+00      0.0000e+00      0.0000e+00      0.0000e+00

STAT_1:   880000             512

Steps/sec: 3767.441, Simulation ends in:   0 d:   0 h:   1 m 

MOVE_0:   890000          178083           90147      5.0621e+01      1.5104e+00           88817           60873      6.8538e+01      3.1416e+00           88819           52797      5.9443e+01          267505          125195      4.6801e+01

ENER_0:   890000     -3.2608e+03      5.0035e+04      0.0000e+00     -4.8713e+04     -4.5836e+03      0.0000e+00      0.0000e+00      0.0000e+00      0.0000e+00      0.0000e+00

STAT_0:   890000              64

MOVE_1:   890000          266776          125133      4.6906e+01

ENER_1:   890000      3.4665e+05      3.4665e+05      0.0000e+00      0.0000e+00      0.0000e+00      0.0000e+00      0.0000e+00      0.0000e+00      0.0000e+00      0.0000e+00

STAT_1:   890000             538

Steps/sec: 4828.329, Simulation ends in:   0 d:   0 h:   1 m 

MOVE_0:   900000          180097           91148      5.0611e+01      1.1457e+00           89833           61531      6.8495e+01      3.1416e+00           89824           53386      5.9434e+01          270534          126629      4.6807e+01

ENER_0:   900000     -1.3663e+04      3.6733e+04      0.0000e+00     -4.5813e+04     -4.5836e+03      0.0000e+00      0.0000e+00      0.0000e+00      0.0000e+00      0.0000e+00

STAT_0:   900000              64

MOVE_1:   900000          269712          126567      4.6927e+01

ENER_1:   900000      3.4026e+05      3.4026e+05      0.0000e+00      0.0000e+00      0.0000e+00      0.0000e+00      0.0000e+00      0.0000e+00      0.0000e+00      0.0000e+00

STAT_1:   900000             538

Steps/sec: 4618.878, Simulation ends in:   0 d:   0 h:   1 m 

MOVE_0:   910000          182177           92304      5.0667e+01      3.0107e+00           90807           62253      6.8555e+01      3.1416e+00           90814           54011      5.9474e+01          273543          128215      4.6872e+01

ENER_0:   910000      7.4208e+03      1.2448e+04      0.0000e+00     -4.4857e+03     -5.4161e+02      0.0000e+00      0.0000e+00      0.0000e+00      0.0000e+00      0.0000e+00

STAT_0:   910000              22

MOVE_1:   910000          272659          128195      4.7017e+01

ENER_1:   910000      3.8665e+05      3.8665e+05      0.0000e+00      0.0000e+00      0.0000e+00      0.0000e+00      0.0000e+00      0.0000e+00      0.0000e+00      0.0000e+00

STAT_1:   910000             580

Steps/sec: 5209.060, Simulation ends in:   0 d:   0 h:   1 m 

MOVE_0:   920000          184198           93315      5.0660e+01      2.5815e+00           91775           63031      6.8680e+01      3.1416e+00           91801           54639      5.9519e+01          276520          129938      4.6990e+01

ENER_0:   920000      5.3519e+03      3.0074e+04      0.0000e+00     -2.2653e+04     -2.0691e+03      0.0000e+00      0.0000e+00      0.0000e+00      0.0000e+00      0.0000e+00

STAT_0:   920000              43

MOVE_1:   920000          275706          129897      4.7114e+01

ENER_1:   920000      3.4963e+05      3.4963e+05      0.0000e+00      0.0000e+00      0.0000e+00      0.0000e+00      0.0000e+00      0.0000e+00      0.0000e+00      0.0000e+00

STAT_1:   920000             559

Steps/sec: 5717.135, Simulation ends in:   0 d:   0 h:   1 m 

MOVE_0:   930000          186173           94267      5.0634e+01      1.5606e+00           92779           63820      6.8787e+01      3.1416e+00           92829           55287      5.9558e+01          279553          131603      4.7076e+01

ENER_0:   930000     -1.0603e+04      3.9464e+04      0.0000e+00     -4.5483e+04     -4.5836e+03      0.0000e+00      0.0000e+00      0.0000e+00      0.0000e+00      0.0000e+00

STAT_0:   930000              64

MOVE_1:   930000          278666          131541      4.7204e+01

ENER_1:   930000      3.2642e+05      3.2642e+05      0.0000e+00      0.0000e+00      0.0000e+00      0.0000e+00      0.0000e+00      0.0000e+00      0.0000e+00      0.0000e+00

STAT_1:   930000             538

Steps/sec: 5424.909, Simulation ends in:   0 d:   0 h:   1 m 

MOVE_0:   940000          188173           95319      5.0655e+01      1.9794e+00           93715           64551      6.8880e+01      3.1416e+00           93867           55971      5.9628e+01          282540          133271      4.7169e+01

ENER_0:   940000      1.4252e+04      2.0141e+04      0.0000e+00     -5.2449e+03     -6.4456e+02      0.0000e+00      0.0000e+00      0.0000e+00      0.0000e+00      0.0000e+00

STAT_0:   940000              24

MOVE_1:   940000          281705          133249      4.7301e+01

ENER_1:   940000      3.7949e+05      3.7949e+05      0.0000e+00      0.0000e+00      0.0000e+00      0.0000e+00      0.0000e+00      0.0000e+00      0.0000e+00      0.0000e+00

STAT_1:   940000             578

Steps/sec: 5478.173, Simulation ends in:   0 d:   0 h:   1 m 

MOVE_0:   950000          190040           96280      5.0663e+01      2.4168e+00           94739           65381      6.9012e+01      3.1416e+00           94870           56623      5.9685e+01          285555          135094      4.7309e+01

ENER_0:   950000      1.2226e+04      1.7992e+04      0.0000e+00     -5.1746e+03     -5.9197e+02      0.0000e+00      0.0000e+00      0.0000e+00      0.0000e+00      0.0000e+00

STAT_0:   950000              23

MOVE_1:   950000          284796          135073      4.7428e+01

ENER_1:   950000      3.6995e+05      3.6995e+05      0.0000e+00      0.0000e+00      0.0000e+00      0.0000e+00      0.0000e+00      0.0000e+00      0.0000e+00      0.0000e+00

STAT_1:   950000             579

Steps/sec: 5755.969, Simulation ends in:   0 d:   0 h:   1 m 

MOVE_0:   960000          192051           97209      5.0616e+01      9.8035e-01           95728           65994      6.8939e+01      3.1416e+00           95853           57152      5.9625e+01          288639          136371      4.7246e+01

ENER_0:   960000     -3.9449e+04      4.5790e+04      0.0000e+00     -7.7343e+04     -7.8959e+03      0.0000e+00      0.0000e+00      0.0000e+00      0.0000e+00      0.0000e+00

STAT_0:   960000              84

MOVE_1:   960000          287729          136289      4.7367e+01

ENER_1:   960000      3.4304e+05      3.4304e+05      0.0000e+00      0.0000e+00      0.0000e+00      0.0000e+00      0.0000e+00      0.0000e+00      0.0000e+00      0.0000e+00

STAT_1:   960000             518

Steps/sec: 4273.804, Simulation ends in:   0 d:   0 h:   1 m 

MOVE_0:   970000          194063           98223      5.0614e+01      9.2214e-01           96713           66560      6.8822e+01      3.1416e+00           96838           57670      5.9553e+01          291676          137465      4.7129e+01

ENER_0:   970000     -2.1618e+04      6.0459e+04      0.0000e+00     -7.4552e+04     -7.5244e+03      0.0000e+00      0.0000e+00      0.0000e+00      0.0000e+00      0.0000e+00

STAT_0:   970000              82

MOVE_1:   970000          290710          137385      4.7258e+01

ENER_1:   970000      3.3146e+05      3.3146e+05      0.0000e+00      0.0000e+00      0.0000e+00      0.0000e+00      0.0000e+00      0.0000e+00      0.0000e+00      0.0000e+00

STAT_1:   970000             520

Steps/sec: 3934.728, Simulation ends in:   0 d:   0 h:   1 m 

MOVE_0:   980000          196027           99204      5.0607e+01      8.2389e-01           97733           67118      6.8675e+01      2.7802e+00           97809           58199      5.9503e+01          294703          138555      4.7015e+01

ENER_0:   980000     -3.4821e+04      6.1377e+04      0.0000e+00     -8.7134e+04     -9.0642e+03      0.0000e+00      0.0000e+00      0.0000e+00      0.0000e+00      0.0000e+00

STAT_0:   980000              90

MOVE_1:   980000          293728          138467      4.7141e+01

ENER_1:   980000      3.2435e+05      3.2435e+05      0.0000e+00      0.0000e+00      0.0000e+00      0.0000e+00      0.0000e+00      0.0000e+00      0.0000e+00      0.0000e+00

STAT_1:   980000             512

Steps/sec: 3944.227, Simulation ends in:   0 d:   0 h:   1 m 

MOVE_0:   990000          198078          100230      5.0601e+01      8.2536e-01           98699           67670      6.8562e+01      3.1416e+00           98800           58725      5.9438e+01          297726          139647      4.6905e+01

ENER_0:   990000     -2.8116e+04      5.4499e+04      0.0000e+00     -7.4905e+04     -7.7090e+03      0.0000e+00      0.0000e+00      0.0000e+00      0.0000e+00      0.0000e+00

STAT_0:   990000              83

MOVE_1:   990000          296697          139566      4.7040e+01

ENER_1:   990000      3.4044e+05      3.4044e+05      0.0000e+00      0.0000e+00      0.0000e+00      0.0000e+00      0.0000e+00      0.0000e+00      0.0000e+00      0.0000e+00

STAT_1:   990000             519

Steps/sec: 4003.188, Simulation ends in:   0 d:   0 h:   1 m 

MOVE_0:  1000000          200080          101241      5.0600e+01      8.3013e-01           99726           68246      6.8434e+01      3.1416e+00           99821           59295      5.9401e+01          300689          140789      4.6822e+01

ENER_0:  1000000     -5.3392e+04      5.9974e+04      0.0000e+00     -1.0262e+05     -1.0747e+04      0.0000e+00      0.0000e+00      0.0000e+00      0.0000e+00      0.0000e+00

STAT_0:  1000000              98

MOVE_1:  1000000          299684          140693      4.6947e+01

ENER_1:  1000000      3.3631e+05      3.3631e+05      0.0000e+00      0.0000e+00      0.0000e+00      0.0000e+00      0.0000e+00      0.0000e+00      0.0000e+00      0.0000e+00

STAT_1:  1000000             504

Simulation Time (total): 2.1354e+02 sec.

Move Type                Mol. Kind      BOX_0      BOX_1      
% Accepted Displacement        ISB     50.60026    0.00000 
% Accepted Rotation            ISB     68.43351    0.00000 
% Accepted Regrowth            ISB     59.40133    0.00000 
% Accepted Mol-Transfer        ISB     46.82213   46.94712 

Displacement:                           16.2595    sec.
Rotation:                                8.1792    sec.
Intra-Swap:                              0.0000    sec.
Regrowth:                               29.4814    sec.
Intra-MEMC:                              0.0000    sec.
Crank-Shaft:                             0.0000    sec.
Mol-Transfer:                          158.2721    sec.
MEMC:                                    0.0000    sec.

Info: GOMC Version 2.40
Info: Completed at: Fri May 17 16:35:35 2019
Info: On hostname: wsu9
