Info: GOMC Version 2.20
Info: Start Time: Wed May  2 18:59:44 2018
Info: Host Name: wsu160.grid.wayne.edu
CPU information:
Info: Total number of CPUs: 12
Info: Total number of CPUs available: 12
Info: Model name: AMD Opteron(tm) Processor 4174 HE
Info: System name: Linux
Info: Release: 2.6.32-696.6.3.el6.x86_64
Info: Version: #1 SMP Wed Jul 12 14:17:22 UTC 2017
Info: Kernel Architecture: x86_64
Info: Total Ram: 32231.1MB
Info: Used Ram: 3975.0MB
Info: Working in the current directory: /wsu/home/fe/fe18/fe1855/testing/TestingSuite/Github/serial/GOMC_Examples/NVT_GEMC/binary_mixture/xenon_and_ethane_T_210_02_K/x_0.500
Info: GOMC COMPILED TO RUN GIBBS ENSEMBLE.
Info: Number of threads                  1 

Reading Input File:                      in.conf
Info: PARAMETER file: EXOTIC format!
Info: Running NVT_GEMC
Info: Input Temperature                  210.0200 K
Info: Non-truncated potential            Active 
Info: Long Range Correction              Active 
Info: Cutoff                             10.0000 A
Info: Exclude                            ONE-FOUR 
Warning: Modified 1-4 VDW parameters will be ignored!
Info: Pressure calculation frequency     1000 
Info: Total number of steps              1000000 
Info: Number of equilibration steps      500000 
Info: Move adjustment frequency          1000 
Info: Displacement move frequency        0.6900 
Info: Rotation move frequency            0.1000 
Info: Volume move frequency              0.0100 
Info: Molecule swap move frequency       0.2000 
Info: Output name                        xenon_ethane_NVT_210_02_K 
Info: Coordinate frequency               100000 
Info: Restart frequency                  1000000 
Info: Console output frequency           100000 
Info: Average output frequency           100000 
Info: Constant seed                      Active 
Default: Intra-Swap move frequency       0.0000 
Default: Regrowth move frequency         0.0000 
Default: Short Range Cutoff              0.0000 
Warning: 1-4 Electrostatic scaling set, but will be ignored.
Finished Reading Input File:             in.conf

Reading from EXOTIC-Style parameter file:  	../../../../common/Par_Mie_Alkane_Vrabec01_Noble_Gases_Exotic.inp
Reading BONDS parameters.
Reading ANGLES parameters.
Reading DIHEDRALS parameters.
Reading NONBONDED_MIE parameters.
Finished reading EXOTIC-Style parameter file:  	../../../../common/Par_Mie_Alkane_Vrabec01_Noble_Gases_Exotic.inp
Reading from box 0 PDB coordinate file:  	STEP3_START_XE_C2P_sys_BOX_0.pdb
Finished reading box 0 PDB coordinate file:  	STEP3_START_XE_C2P_sys_BOX_0.pdb
Reading from box 1 PDB coordinate file:  	STEP3_START_XE_C2P_sys_BOX_1.pdb
Finished reading box 1 PDB coordinate file:  	STEP3_START_XE_C2P_sys_BOX_1.pdb
Random number seed: 50

Molecules in PSF:
Molecule Kind: C2P
Idx	name	type	charge	mass
0	C1	CH3	0.0000	15.0350
1	C2	CH3	0.0000	15.0350

Bonds:
[0 1] 

Angles:

Dihedrals:

Molecule Kind: XE
Idx	name	type	charge	mass
0	XE	XE	0.0000	131.2930

Bonds:

Angles:

Dihedrals:

Bonds parameter:
Atom Types                    Kb(K)                b0(A) 
CH3  CH3                        FIX               1.5400 

Angles parameter:
Atom Types                Ktheta(K)       theta0(degree) 
Dihedrals parameter:
Atom Types                  Kchi(K)    n   delta(degree) 

NonBonded 1-4 parameters:
Type1  Type2             Epsilon(K)    Sigma(A)       N 
XE     XE                  227.5500      3.9011   12.00 
XE     CH3                 166.1037      3.8420   14.00 
CH3    CH3                 121.2500      3.7830   16.00 

NonBonded parameters:
Type1  Type2             Epsilon(K)    Sigma(A)       N 
XE     XE                  227.5500      3.9011   12.00 
XE     CH3                 166.1037      3.8420   14.00 
CH3    CH3                 121.2500      3.7830   16.00 

Info: Box  0:  Periodic Cell Basis 1     56.000   0.000   0.000 
Info: Box  0:  Periodic Cell Basis 2      0.000  56.000   0.000 
Info: Box  0:  Periodic Cell Basis 3      0.000   0.000  56.000 

Info: Box  1:  Periodic Cell Basis 1     79.000   0.000   0.000 
Info: Box  1:  Periodic Cell Basis 2      0.000  79.000   0.000 
Info: Box  1:  Periodic Cell Basis 3      0.000   0.000  79.000 

Minimum coordinates in box 0: x =    1.000, y =    1.041, z =    1.001
Maximum coordinates in box 0: x =   56.986, y =   57.000, z =   57.000
Wrapping molecules inside the simulation box 0:
Minimum coordinates in box 1: x =    1.000, y =    1.062, z =    1.000
Maximum coordinates in box 1: x =   80.000, y =   80.000, z =   79.955
Wrapping molecules inside the simulation box 1:

################################################################################
########################## INITIAL SIMULATION ENERGY ###########################

ETITLE:     STEP           TOTAL        INTRA(B)       INTRA(NB)       INTER(LJ)             LRC     TOTAL_ELECT            REAL           RECIP            SELF            CORR

ENER_0:        0 2897322494.4761          0.0000          0.0000 2897365311.5879     -42817.1118          0.0000          0.0000          0.0000          0.0000         -0.0000

ENER_1:        0 8586888559.3163          0.0000          0.0000 8586903810.3814     -15251.0651          0.0000          0.0000          0.0000          0.0000         -0.0000

STITLE:     STEP          VOLUME        PRESSURE        TOTALMOL      MOLFRAC_XE     MOLFRAC_C2P     TOT_DENSITY

STAT_0:        0     175616.0000   11090281.4434            1000        0.500000        0.500000        762.8849

STAT_1:        0     493039.0000   11186078.2296            1000        0.500000        0.500000        271.7327

################################################################################
############################# STARTING SIMULATION ##############################

MTITLE:     STEP          DISTRY       DISACCEPT      DISACCEPT%          DISMAX          ROTATE       ROTACCEPT      ROTACCEPT%          ROTMAX       INTRASWAP       INTACCEPT      INTACCEPT%        REGROWTH    REGROWACCEPT   REGROWACCEPT%        TRANSFER      TRANACCEPT     TRANACCEPT%          VOLUME       VOLACCEPT      VOLACCEPT%          VOLMAX

ETITLE:     STEP           TOTAL        INTRA(B)       INTRA(NB)       INTER(LJ)             LRC     TOTAL_ELECT            REAL           RECIP            SELF            CORR

STITLE:     STEP          VOLUME        PRESSURE        TOTALMOL      MOLFRAC_XE     MOLFRAC_C2P     TOT_DENSITY

Printed combined psf to file xenon_ethane_NVT_210_02_K_merged.psf
MOVE_0:   100000           36937           17963         48.6315          0.3951            2615            1374         52.5430          1.1959               0               0          0.0000               0               0          0.0000            9913             964          9.7246            1047             591         56.4470       1682.9013

ENER_0:   100000   -2240351.0475          0.0000          0.0000   -2096590.1318    -143760.9157          0.0000          0.0000          0.0000          0.0000          0.0000

STAT_0:   100000     181243.5496        -51.0403            1858        0.484930        0.515070       1347.4620

PRES_0:   100000       -208.8073       -101.1905        -78.0338

MOVE_1:   100000           36951           22482         60.8427         39.3491            2521            2305         91.4320          3.1416               0               0          0.0000               0               0          0.0000           10016            1822         18.1909            1047             591         56.4470       1682.9013

ENER_1:   100000      -7982.1993          0.0000          0.0000      -7685.5599       -296.6394          0.0000          0.0000          0.0000          0.0000          0.0000

STAT_1:   100000     487411.4504          6.9405             142        0.697183        0.302817         48.6874

PRES_1:   100000         -1.3930         -0.9881         -1.6365

Steps/sec. : 1632.2303
MOVE_0:   200000           73835           36452         49.3695          0.3953            5097            2645         51.8933          1.8720               0               0          0.0000               0               0          0.0000           20028            1278          6.3811            2049            1128         55.0512       1410.5334

ENER_0:   200000   -2415939.2848          0.0000          0.0000   -2261470.9222    -154468.3626          0.0000          0.0000          0.0000          0.0000          0.0000

STAT_0:   200000     175764.2864        112.2369            1897        0.486558        0.513442       1421.5859

PRES_0:   200000         60.8335        -52.3430        117.1311

MOVE_1:   200000           73991           50892         68.7813         39.4960            4968            4666         93.9211          3.1416               0               0          0.0000               0               0          0.0000           20032            2175         10.8576            2049            1128         55.0512       1410.5334

ENER_1:   200000      -3894.7418          0.0000          0.0000      -3742.1874       -152.5544          0.0000          0.0000          0.0000          0.0000          0.0000

STAT_1:   200000     492890.7136          5.1157             103        0.747573        0.252427         36.6929

PRES_1:   200000         -1.0340         -0.9078         -0.6332

Steps/sec. : 1429.3509
MOVE_0:   300000          110671           54903         49.6092          0.3660            7561            3901         51.5937          1.7709               0               0          0.0000               0               0          0.0000           30093            1550          5.1507            3034            1663         54.8121        952.7673

ENER_0:   300000   -2447216.5523          0.0000          0.0000   -2291622.6802    -155593.8722          0.0000          0.0000          0.0000          0.0000          0.0000

STAT_0:   300000     172204.7347        146.4005            1885        0.488594        0.511406       1445.5391

PRES_0:   300000         64.3908        133.9102         36.9208

MOVE_1:   300000          111149           80248         72.1986         39.5909            7410            7013         94.6424          3.1416               0               0          0.0000               0               0          0.0000           30082            2435          8.0945            3034            1663         54.8121        952.7673

ENER_1:   300000      -5180.6141          0.0000          0.0000      -4989.1426       -191.4714          0.0000          0.0000          0.0000          0.0000          0.0000

STAT_1:   300000     496450.2653          5.5156             115        0.686957        0.313043         38.3139

PRES_1:   300000         -1.5540         -0.5818         -1.1486

Steps/sec. : 1429.5724
MOVE_0:   400000          147472           73356         49.7423          0.4046           10070            5191         51.5492          1.4977               0               0          0.0000               0               0          0.0000           40142            1768          4.4044            4082            2228         54.5811       1851.8566

ENER_0:   400000   -2507691.2825          0.0000          0.0000   -2349822.8395    -157868.4430          0.0000          0.0000          0.0000          0.0000          0.0000

STAT_0:   400000     172510.9123        -22.8702            1900        0.486842        0.513158       1451.2125

PRES_0:   400000        -97.5242       -108.6958        -62.6520

MOVE_1:   400000          148255          109723         74.0096         39.5827            9933            9455         95.1878          3.1416               0               0          0.0000               0               0          0.0000           40046            2668          6.6623            4082            2228         54.5811       1851.8566

ENER_1:   400000      -2715.9622          0.0000          0.0000      -2573.1871       -142.7751          0.0000          0.0000          0.0000          0.0000          0.0000

STAT_1:   400000     496144.0877          5.1957             100        0.750000        0.250000         35.4728

PRES_1:   400000          0.2128         -0.9445         -0.9759

Steps/sec. : 1361.0699
MOVE_0:   500000          184635           91964         49.8085          0.3774           12493            6427         51.4448          0.9141               0               0          0.0000               0               0          0.0000           50100            1964          3.9202            5101            2782         54.5383       1111.0518

ENER_0:   500000   -2533288.5443          0.0000          0.0000   -2374196.0017    -159092.5427          0.0000          0.0000          0.0000          0.0000          0.0000

STAT_0:   500000     173360.6365        -46.2037            1913        0.490852        0.509148       1461.4177

PRES_0:   500000       -144.6006       -157.3204        -36.6492

MOVE_1:   500000          185357          139769         75.4053         39.5601           12378           11822         95.5082          3.1416               0               0          0.0000               0               0          0.0000           49936            2877          5.7614            5101            2782         54.5383       1111.0518

ENER_1:   500000      -3336.0348          0.0000          0.0000      -3226.5579       -109.4768          0.0000          0.0000          0.0000          0.0000          0.0000

STAT_1:   500000     495294.3635          4.1764              87        0.701149        0.298851         29.4720

PRES_1:   500000         -0.7608         -0.8632         -0.9437

Steps/sec. : 1379.4292
MOVE_0:   600000          221625          110503         49.8603          0.4046           15072            7749         51.4132          0.8625               0               0          0.0000               0               0          0.0000           60201            2189          3.6362            6110            3314         54.2390       1048.7890

ENER_0:   600000   -2519183.2515          0.0000          0.0000   -2359908.0388    -159275.2127          0.0000          0.0000          0.0000          0.0000          0.0000

STAT_0:   600000     171718.1894         53.0610            1905        0.490814        0.509186       1469.1543

PRES_0:   600000          6.6097        -25.3469        -19.0179

MOVE_1:   600000          222446          170241         76.5314         39.6038           14775           14152         95.7834          3.1416               0               0          0.0000               0               0          0.0000           59771            3094          5.1764            6110            3314         54.2390       1048.7890

ENER_1:   600000      -3557.8801          0.0000          0.0000      -3427.2603       -130.6198          0.0000          0.0000          0.0000          0.0000          0.0000

STAT_1:   600000     496936.8106          4.7578              95        0.684211        0.315789         31.5314

PRES_1:   600000         -0.7805         -0.8753         -0.4829

Steps/sec. : 1387.5717
MOVE_0:   700000          258534          128990         49.8929          0.3875           17590            9048         51.4383          1.7283               0               0          0.0000               0               0          0.0000           70272            2402          3.4181            7078            3847         54.3515       1144.0802

ENER_0:   700000   -2566939.8044          0.0000          0.0000   -2405694.0433    -161245.7611          0.0000          0.0000          0.0000          0.0000          0.0000

STAT_0:   700000     171035.0054        -24.6711            1914        0.495298        0.504702       1490.4259

PRES_0:   700000        -97.7985         49.4071       -218.3870

MOVE_1:   700000          259554          200457         77.2313         39.6220           17182           16491         95.9783          3.1416               0               0          0.0000               0               0          0.0000           69790            3316          4.7514            7078            3847         54.3515       1144.0802

ENER_1:   700000      -1808.7384          0.0000          0.0000      -1699.8049       -108.9335          0.0000          0.0000          0.0000          0.0000          0.0000

STAT_1:   700000     497619.9946          4.5727              86        0.604651        0.395349         26.1939

PRES_1:   700000         -0.5243         -0.8156          0.2054

Steps/sec. : 1436.9342
MOVE_0:   800000          295454          147472         49.9137          0.3795           20076           10324         51.4246          1.5058               0               0          0.0000               0               0          0.0000           80283            2593          3.2298            8063            4369         54.1858       1175.2353

ENER_0:   800000   -2555009.1165          0.0000          0.0000   -2394241.5904    -160767.5261          0.0000          0.0000          0.0000          0.0000          0.0000

STAT_0:   800000     171353.5346        -29.7328            1913        0.495557        0.504443       1487.3640

PRES_0:   800000        -93.7135        -66.9913       -122.7040

MOVE_1:   800000          296535          230520         77.7379         39.6135           19691           18925         96.1099          3.1416               0               0          0.0000               0               0          0.0000           79898            3506          4.3881            8063            4369         54.1858       1175.2353

ENER_1:   800000      -2429.3889          0.0000          0.0000      -2317.6491       -111.7399          0.0000          0.0000          0.0000          0.0000          0.0000

STAT_1:   800000     497301.4654          4.1098              87        0.597701        0.402299         26.3111

PRES_1:   800000         -0.9960         -0.9474         -0.7595

Steps/sec. : 1421.0891
MOVE_0:   900000          332360          165949         49.9305          0.3607           22562           11599         51.4094          1.1958               0               0          0.0000               0               0          0.0000           90190            2781          3.0835            9068            4912         54.1685       1019.8210

ENER_0:   900000   -2574188.7439          0.0000          0.0000   -2412284.7610    -161903.9829          0.0000          0.0000          0.0000          0.0000          0.0000

STAT_0:   900000     171185.2733        -16.2340            1918        0.492179        0.507821       1486.3568

PRES_0:   900000        -97.0360        -77.2555        -65.8524

MOVE_1:   900000          333749          260610         78.0856         39.6180           22153           21309         96.1901          3.1416               0               0          0.0000               0               0          0.0000           89918            3699          4.1137            9068            4912         54.1685       1019.8210

ENER_1:   900000      -2225.3782          0.0000          0.0000      -2128.1361        -97.2421          0.0000          0.0000          0.0000          0.0000          0.0000

STAT_1:   900000     497469.7267          4.7561              82        0.682927        0.317073         27.1518

PRES_1:   900000          0.9274         -0.4159         -0.4201

Steps/sec. : 1405.5085
MOVE_0:  1000000          369434          184538         49.9515          0.3872           25155           12934         51.4172          1.2418               0               0          0.0000               0               0          0.0000          100087            2972          2.9694           10038            5424         54.0347       1210.1550

ENER_0:  1000000   -2589762.3911          0.0000          0.0000   -2426896.3229    -162866.0682          0.0000          0.0000          0.0000          0.0000          0.0000

STAT_0:  1000000     168075.3454         73.5880            1906        0.491605        0.508395       1503.2937

PRES_0:  1000000        -49.2255        -22.3718        108.3287

MOVE_1:  1000000          370849          290467         78.3249         39.7004           24654           23739         96.2886          3.1416               0               0          0.0000               0               0          0.0000           99783            3878          3.8864           10038            5424         54.0347       1210.1550

ENER_1:  1000000      -3675.3465          0.0000          0.0000      -3547.9753       -127.3712          0.0000          0.0000          0.0000          0.0000          0.0000

STAT_1:  1000000     500579.6546          4.5572              94        0.670213        0.329787         30.5306

PRES_1:  1000000         -0.5875         -0.9760         -0.8893

Simulation Time (total): 699.6309 sec.
Displacement:                     30.6929 sec.
Rotation:                          4.5404 sec.
Intra-Swap:                        0.0000 sec.
Regrowth:                          0.0000 sec.
Molecule-Transfer:                74.1983 sec.
Volume-Transfer:                 528.5487 sec.
Info: GOMC Version 2.20
Info: Completed at: Wed May  2 19:11:24 2018
Info: On hostname: wsu160.grid.wayne.edu
