Info: GOMC Version 2.20
Info: Start Time: Mon Nov 27 17:10:55 2017
Info: Host Name: potoff39.eng.wayne.edu
CPU information:
Info: Total number of CPUs: 4
Info: Total number of CPUs available: 4
Info: Model name: Intel(R) Core(TM) i5-2500K CPU @ 3.30GHz
Info: System name: Linux
Info: Release: 3.10.0-514.26.1.el7.x86_64
Info: Version: #1 SMP Wed Jun 28 15:10:01 CDT 2017
Info: Kernel Architecture: x86_64
Info: Total Ram: 7806.1MB
Info: Used Ram: 7114.3MB
Info: Working in the current directory: /home4/soroush/Desktop/validation/GOMC_Examples/NVT/isobutane_T_300_00_K
Info: GOMC COMPILED TO RUN CANONICAL (NVT) ENSEMBLE.
Info: Number of threads                  1 

Reading Input File:                      in.conf
Info: Constant seed                      Active 
Info: PARAMETER file: CHARMM format!
Info: Input Temperature                  300.0000 K
Info: Non-truncated potential            Active 
Info: Long Range Correction              Active 
Info: Cutoff                             10.0000 A
Info: Exclude                            ONE-FOUR 
Warning: Modified 1-4 VDW parameters will be ignored!
Info: Pressure calculation frequency     1000 
Info: Total number of steps              1000000 
Info: Number of equilibration steps      500000 
Info: Move adjustment frequency          1000 
Info: Displacement move frequency        0.5000 
Info: Rotation move frequency            0.3000 
Info: Intra-Swap move frequency          0.2000 
Info: Box  0:  Periodic Cell Basis 1     215.760   0.000   0.000 
Info: Box  0:  Periodic Cell Basis 2      0.000 215.760   0.000 
Info: Box  0:  Periodic Cell Basis 3      0.000   0.000 215.760 
Info: Output name                        isobutane_300_00_K 
Info: Coordinate frequency               1000000 
Info: Restart frequency                  1000000 
Info: Console output frequency           100000 
Info: Average output frequency           100000 
Warning: Unknown input HistogramFreq!
Default: Short Range Cutoff              1.0000 
Warning: 1-4 Electrostatic scaling set, but will be ignored.
Finished Reading Input File:             in.conf

Reading from CHARMM-Style parameter file:  	../../common/Par_TraPPE_Alkanes_CHARMM.inp
Reading BONDS parameters.
Reading ANGLES parameters.
Reading DIHEDRALS parameters.
Reading NONBONDED parameters.
Finished reading CHARMM-Style parameter file:  	../../common/Par_TraPPE_Alkanes_CHARMM.inp
Reading from system PDB coordinate file:  	STEP3_START_ISB_sys_BOX_0.pdb
Finished reading system PDB coordinate file:  	STEP3_START_ISB_sys_BOX_0.pdb
Random number seed: 150

Molecules in PSF:
Molecule Kind: ISB
Idx	name	type	charge	mass
0	C1	CH1	0.0000	13.0190
1	C2	CH3	0.0000	15.0350
2	C3	CH3	0.0000	15.0350
3	C4	CH3	0.0000	15.0350

Bonds:
[0 1] [0 2] [0 3] 

Angles:
[1 0 3] [1 0 2] [2 0 3] 

Dihedrals:

Bonds parameter:
Atom Types                    Kb(K)                b0(A) 
CH1  CH3                        FIX               1.5400 

Angles parameter:
Atom Types                Ktheta(K)       theta0(degree) 
CH3  CH1  CH3          31250.002516             112.0000 

Dihedrals parameter:
Atom Types                  Kchi(K)    n   delta(degree) 

Minimum coordinates in box 0: x =    1.015, y =    1.226, z =    1.032
Maximum coordinates in box 0: x =  211.965, y =  211.747, z =  211.769
Wrapping molecules inside the simulation box 0:

################################################################################
########################## INITIAL SIMULATION ENERGY ###########################

ETITLE:     STEP           TOTAL        INTRA(B)       INTRA(NB)       INTER(LJ)             LRC     TOTAL_ELECT            REAL           RECIP            SELF            CORR

ENER_0:        0     873195.2858     182733.4580          0.0000     693469.9405      -3008.1127          0.0000          0.0000          0.0000          0.0000         -0.0000

STITLE:     STEP        PRESSURE        TOTALMOL     TOT_DENSITY

STAT_0:        0         62.7371            1000          9.6093

################################################################################
############################# STARTING SIMULATION ##############################

MTITLE:     STEP          DISTRY       DISACCEPT      DISACCEPT%          DISMAX          ROTATE       ROTACCEPT      ROTACCEPT%          ROTMAX       INTRASWAP       INTACCEPT      INTACCEPT%

ETITLE:     STEP           TOTAL        INTRA(B)       INTRA(NB)       INTER(LJ)             LRC     TOTAL_ELECT            REAL           RECIP            SELF            CORR

STITLE:     STEP        PRESSURE        TOTALMOL     TOT_DENSITY

Printed combined psf to file isobutane_300_00_K_merged.psf
MOVE_0:   100000           49816           39383         79.0569        107.8800           30403           29168         95.9379          3.1416           19781           12331         62.3376

ENER_0:   100000     406457.1411     456278.0253          0.0000     -46812.7715      -3008.1127          0.0000          0.0000          0.0000          0.0000          0.0000

STAT_0:   100000          3.5235            1000          9.6093

PRES_0:   100000         -0.5434         -0.5060         -0.5037

Steps/sec. : 34697.4033
MOVE_0:   200000           99723           78999         79.2184        107.8800           60462           58049         96.0091          3.1416           39815           24993         62.7728

ENER_0:   200000     411700.4217     459931.7573          0.0000     -45223.2228      -3008.1127          0.0000          0.0000          0.0000          0.0000          0.0000

STAT_0:   200000          3.8528            1000          9.6093

PRES_0:   200000         -0.1650         -0.0785         -0.3216

Steps/sec. : 35654.7416
MOVE_0:   300000          149924          118598         79.1054        107.8800           90227           86625         96.0078          3.1416           59849           37598         62.8214

ENER_0:   300000     412376.9578     461813.2687          0.0000     -46428.1982      -3008.1127          0.0000          0.0000          0.0000          0.0000          0.0000

STAT_0:   300000          3.5370            1000          9.6093

PRES_0:   300000         -0.7027         -0.3004         -0.5093

Steps/sec. : 35684.9217
MOVE_0:   400000          200100          158089         79.0050        107.8800          120015          115252         96.0313          3.1416           79885           50107         62.7239

ENER_0:   400000     400230.9623     447128.1635          0.0000     -43889.0885      -3008.1127          0.0000          0.0000          0.0000          0.0000          0.0000

STAT_0:   400000          4.0520            1000          9.6093

PRES_0:   400000          0.1966          0.0149         -0.1790

Steps/sec. : 35379.6333
MOVE_0:   500000          250330          197626         78.9462        107.8800          150075          144138         96.0440          3.1416           99595           62569         62.8234

ENER_0:   500000     410713.0549     457368.9491          0.0000     -43647.7814      -3008.1127          0.0000          0.0000          0.0000          0.0000          0.0000

STAT_0:   500000          3.9349            1000          9.6093

PRES_0:   500000          0.0147         -0.2035         -0.1298

Steps/sec. : 35801.5003
MOVE_0:   600000          300666          237346         78.9401        107.8800          179864          172704         96.0192          3.1416          119470           74865         62.6643

ENER_0:   600000     405368.2980     449611.5040          0.0000     -41235.0933      -3008.1127          0.0000          0.0000          0.0000          0.0000          0.0000

STAT_0:   600000          3.6882            1000          9.6093

PRES_0:   600000         -0.4699         -0.3197         -0.2692

Steps/sec. : 36114.5895
MOVE_0:   700000          350550          276615         78.9089        107.8800          210052          201621         95.9862          3.1416          139398           87344         62.6580

ENER_0:   700000     405583.4618     455698.0785          0.0000     -47106.5040      -3008.1127          0.0000          0.0000          0.0000          0.0000          0.0000

STAT_0:   700000          3.6113            1000          9.6093

PRES_0:   700000         -0.2807         -0.5607         -0.4480

Steps/sec. : 35982.9130
MOVE_0:   800000          400492          316131         78.9357        107.8800          239825          230218         95.9942          3.1416          159683          100116         62.6967

ENER_0:   800000     413965.0214     467968.5629          0.0000     -50995.4289      -3008.1127          0.0000          0.0000          0.0000          0.0000          0.0000

STAT_0:   800000          3.7292            1000          9.6093

PRES_0:   800000         -0.2476         -0.1975         -0.4906

Steps/sec. : 35205.5025
MOVE_0:   900000          450176          355515         78.9724        107.8800          270140          259266         95.9747          3.1416          179684          112693         62.7173

ENER_0:   900000     425547.4110     475211.8162          0.0000     -46656.2926      -3008.1127          0.0000          0.0000          0.0000          0.0000          0.0000

STAT_0:   900000          3.8208            1000          9.6093

PRES_0:   900000         -0.2305         -0.2311         -0.1995

Steps/sec. : 35296.4027
MOVE_0:  1000000          499825          394489         78.9254        107.8800          300252          288137         95.9651          3.1416          199923          125387         62.7176

ENER_0:  1000000     415740.4499     466450.7944          0.0000     -47702.2318      -3008.1127          0.0000          0.0000          0.0000          0.0000          0.0000

STAT_0:  1000000          3.9479            1000          9.6093

PRES_0:  1000000         -0.0961         -0.2226          0.0389

Simulation Time (total): 28.2240 sec.
Info: GOMC Version 2.20
Info: Completed at: Mon Nov 27 17:11:23 2017
Info: On hostname: potoff39.eng.wayne.edu
