Info: GOMC Version 2.20
Info: Start Time: Mon Nov 27 15:05:15 2017
Info: Host Name: potoff39.eng.wayne.edu
CPU information:
Info: Total number of CPUs: 4
Info: Total number of CPUs available: 4
Info: Model name: Intel(R) Core(TM) i5-2500K CPU @ 3.30GHz
Info: System name: Linux
Info: Release: 3.10.0-514.26.1.el7.x86_64
Info: Version: #1 SMP Wed Jun 28 15:10:01 CDT 2017
Info: Kernel Architecture: x86_64
Info: Total Ram: 7806.1MB
Info: Used Ram: 7433.3MB
Info: Working in the current directory: /home4/soroush/Desktop/validation/GOMC_Examples/NVT_GEMC/pure_fluid/argon_T_115_00_K
Info: GOMC COMPILED TO RUN GIBBS ENSEMBLE.
Info: Number of threads                  1 

Reading Input File:                      in.conf
Info: Random seed                        Active 
Info: PARAMETER file: EXOTIC format!
Info: Running NVT_GEMC
Info: Input Temperature                  115.0000 K
Info: Non-truncated potential            Active 
Info: Long Range Correction              Active 
Info: Cutoff                             10.0000 A
Info: Exclude                            ONE-FOUR 
Warning: Modified 1-4 VDW parameters will be ignored!
Info: Pressure calculation frequency     1000 
Info: Total number of steps              1000000 
Info: Number of equilibration steps      500000 
Info: Move adjustment frequency          1000 
Info: Displacement move frequency        0.6900 
Info: Rotation move frequency            0.1000 
Info: Volume move frequency              0.0100 
Info: Molecule swap move frequency       0.2000 
Info: Box  0:  Periodic Cell Basis 1     38.700   0.000   0.000 
Info: Box  0:  Periodic Cell Basis 2      0.000  38.700   0.000 
Info: Box  0:  Periodic Cell Basis 3      0.000   0.000  38.700 
Info: Box  1:  Periodic Cell Basis 1     86.300   0.000   0.000 
Info: Box  1:  Periodic Cell Basis 2      0.000  86.300   0.000 
Info: Box  1:  Periodic Cell Basis 3      0.000   0.000  86.300 
Info: Output name                        argon_115_00_K 
Info: Coordinate frequency               1000000 
Info: Restart frequency                  1000000 
Info: Console output frequency           100000 
Info: Average output frequency           100000 
Warning: Unknown input FluctuationFreq!
Default: Intra-Swap move frequency       0.0000 
Default: Short Range Cutoff              1.0000 
Warning: 1-4 Electrostatic scaling set, but will be ignored.
Finished Reading Input File:             in.conf

Reading from EXOTIC-Style parameter file:  	../../../common/Par_Vrabec01_Noble_Gases_Exotic.inp
Reading BONDS parameters.
Reading ANGLES parameters.
Reading DIHEDRALS parameters.
Reading NONBONDED_MIE parameters.
Finished reading EXOTIC-Style parameter file:  	../../../common/Par_Vrabec01_Noble_Gases_Exotic.inp
Reading from box 0 PDB coordinate file:  	STEP3_START_AR_sys_BOX_0.pdb
Finished reading box 0 PDB coordinate file:  	STEP3_START_AR_sys_BOX_0.pdb
Reading from box 1 PDB coordinate file:  	STEP3_START_AR_sys_BOX_1.pdb
Finished reading box 1 PDB coordinate file:  	STEP3_START_AR_sys_BOX_1.pdb
Random number seed: 2764912343

Molecules in PSF:
Molecule Kind: AR
Idx	name	type	charge	mass
0	AR	AR	0.0000	39.9480

Bonds:

Angles:

Dihedrals:

Bonds parameter:
Atom Types                    Kb(K)                b0(A) 
Angles parameter:
Atom Types                Ktheta(K)       theta0(degree) 
Dihedrals parameter:
Atom Types                  Kchi(K)    n   delta(degree) 

Minimum coordinates in box 0: x =    0.000, y =    0.000, z =    0.000
Maximum coordinates in box 0: x =   37.000, y =   37.000, z =   37.000
Wrapping molecules inside the simulation box 0:
Minimum coordinates in box 1: x =    0.013, y =    0.090, z =    0.035
Maximum coordinates in box 1: x =   83.969, y =   83.978, z =   83.984
Wrapping molecules inside the simulation box 1:

################################################################################
########################## INITIAL SIMULATION ENERGY ###########################

ETITLE:     STEP           TOTAL        INTRA(B)       INTRA(NB)       INTER(LJ)             LRC     TOTAL_ELECT            REAL           RECIP            SELF            CORR

ENER_0:        0   14312409.0872          0.0000          0.0000   14338253.2067     -25844.1194          0.0000          0.0000          0.0000          0.0000         -0.0000

ENER_1:        0     894319.3949          0.0000          0.0000     896649.9654      -2330.5705          0.0000          0.0000          0.0000          0.0000         -0.0000

STITLE:     STEP          VOLUME        PRESSURE        TOTALMOL     TOT_DENSITY

STAT_0:        0      57960.6030     151824.5281            1000       1144.4881

STAT_1:        0     642735.6470        904.2104            1000        103.2076

################################################################################
############################# STARTING SIMULATION ##############################

MTITLE:     STEP          DISTRY       DISACCEPT      DISACCEPT%          DISMAX          ROTATE       ROTACCEPT      ROTACCEPT%          ROTMAX       INTRASWAP       INTACCEPT      INTACCEPT%        TRANSFER      TRANACCEPT     TRANACCEPT%          VOLUME       VOLACCEPT      VOLACCEPT%          VOLMAX

ETITLE:     STEP           TOTAL        INTRA(B)       INTRA(NB)       INTER(LJ)             LRC     TOTAL_ELECT            REAL           RECIP            SELF            CORR

STITLE:     STEP          VOLUME        PRESSURE        TOTALMOL     TOT_DENSITY

Printed combined psf to file argon_115_00_K_merged.psf
MOVE_0:   100000           39579           19357         48.9072          0.3981               0               0          0.0000          0.7854               0               0          0.0000           10125            1181         11.6642             963             527         54.7248       1125.9072

ENER_0:   100000    -647862.3602          0.0000          0.0000    -616996.7971     -30865.5631          0.0000          0.0000          0.0000          0.0000          0.0000

STAT_0:   100000      62739.5443        116.3830            1137       1202.1628

PRES_0:   100000       -109.5030        -38.7799         41.5409

MOVE_1:   100000           39396           19980         50.7158         43.0428               0               0          0.0000          0.7854               0               0          0.0000            9937            1318         13.2636             963             527         54.7248      12485.3891

ENER_1:   100000     -50548.2009          0.0000          0.0000     -48799.4618      -1748.7391          0.0000          0.0000          0.0000          0.0000          0.0000

STAT_1:   100000     637956.7057         14.7168             863         89.7354

PRES_1:   100000         -3.8853         -7.5610         -6.5688

Steps/sec. : 4348.1586
MOVE_0:   200000           79107           39150         49.4899          0.3766               0               0          0.0000          0.7854               0               0          0.0000           19861            1507          7.5877            1931            1044         54.0653        899.7026

ENER_0:   200000    -693916.4679          0.0000          0.0000    -661204.4923     -32.20.9757          0.0000          0.0000          0.0000          0.0000          0.0000

STAT_0:   200000      63976.8441         72.4359            1182       1225.5721

PRES_0:   200000       -110.2978        -73.7264        -55.3500

MOVE_1:   200000           79002           41325         52.3088         43.0149               0               0          0.0000          0.7854               0               0          0.0000           20099            1689          8.4034            1931            1044         54.0653       9976.9655

ENER_1:   200000     -44860.9310          0.0000          0.0000     -43286.7555      -1574.1755          0.0000          0.0000          0.0000          0.0000          0.0000

STAT_1:   200000     636719.4059         14.7142             818         85.2215

PRES_1:   200000         -6.6731         -5.1948         -3.1362

Steps/sec. : 3235.6291
MOVE_0:   300000          118524           58919         49.7106          0.4230               0               0          0.0000          0.7854               0               0          0.0000           29788            1782          5.9823            2909            1581         54.3486        595.0141

ENER_0:   300000    -712331.3358          0.0000          0.0000    -679104.7419     -33226.5938          0.0000          0.0000          0.0000          0.0000          0.0000

STAT_0:   300000      65896.3582        -83.0267            1209       1217.0519

PRES_0:   300000       -218.9935       -247.1650       -239.3515

MOVE_1:   300000          118674           62930         53.0276         42.9717               0               0          0.0000          0.7854               0               0          0.0000           30105            1991          6.6135            2909            1581         54.3486       6598.2195

ENER_1:   300000     -42351.4666          0.0000          0.0000     -40875.0437      -1476.4228          0.0000          0.0000          0.0000          0.0000          0.0000

STAT_1:   300000     634799.8918         15.9836             791         82.6578

PRES_1:   300000         -2.6481         -3.3325         -3.4958

Steps/sec. : 4975.4122
MOVE_0:   400000          158172           78785         49.8097          0.4190               0               0          0.0000          0.7854               0               0          0.0000           39703            2059          5.1860            3901            2124         54.4476        707.4488

ENER_0:   400000    -718672.4348          0.0000          0.0000    -684995.0211     -33677.4137          0.0000          0.0000          0.0000          0.0000          0.0000

STAT_0:   400000      65553.1064         19.6900            1214       1228.4843

PRES_0:   400000        -44.2933       -194.9317       -158.4639

MOVE_1:   400000          158163           84736         53.5751         42.9794               0               0          0.0000          0.7854               0               0          0.0000           40061            2273          5.6738            3901            2124         54.4476       7845.0284

ENER_1:   400000     -46102.3685          0.0000          0.0000     -44645.3398      -1457.0287          0.0000          0.0000          0.0000          0.0000          0.0000

STAT_1:   400000     635143.1436         12.8733             786         82.0909

PRES_1:   400000         -4.9113         -6.1029         -7.4123

Steps/sec. : 5191.5543
MOVE_0:   500000          197399           98442         49.8696          0.3994               0               0          0.0000          0.7854               0               0          0.0000           49876            2382          4.7758            4920            2670         54.2683       1380.2727

ENER_0:   500000    -715109.6451          0.0000          0.0000    -681213.9185     -33895.7266          0.0000          0.0000          0.0000          0.0000          0.0000

STAT_0:   500000      66641.7542         81.8579            1228       1222.3516

PRES_0:   500000         -5.7692       -118.2029        -87.0458

MOVE_1:   500000          197850          106819         53.9899         42.9548               0               0          0.0000          0.7854               0               0          0.0000           49955            2610          5.2247            4920            2670         54.2683      15306.0943

ENER_1:   500000     -42399.0378          0.0000          0.0000     -40991.0378      -1408.0000          0.0000          0.0000          0.0000          0.0000          0.0000

STAT_1:   500000     634054.4958         13.8399             772         80.7672

PRES_1:   500000         -3.7111         -6.7177         -4.2082

Steps/sec. : 5147.9681
MOVE_0:   600000          236757          118160         49.9077          0.3984               0               0          0.0000          0.7854               0               0          0.0000           59918            2747          4.5846            5949            3239         54.4461        714.8243

ENER_0:   600000    -717676.6944          0.0000          0.0000    -683995.5771     -33681.1174          0.0000          0.0000          0.0000          0.0000          0.0000

STAT_0:   600000      68825.4254        -28.6734            1244       1198.9903

PRES_0:   600000       -155.7014       -194.5990       -191.4797

MOVE_1:   600000          237372          129081         54.3792         42.9055               0               0          0.0000          0.7854               0               0          0.0000           60004            2991          4.9847            5949            3239         54.4461       7926.8160

ENER_1:   600000     -38223.5835          0.0000          0.0000     -36868.6752      -1354.9084          0.0000          0.0000          0.0000          0.0000          0.0000

STAT_1:   600000     631870.8246         12.7575             756         79.3666

PRES_1:   600000         -4.1885         -5.4245         -7.3286

Steps/sec. : 4890.0044
MOVE_0:   700000          276157          137873         49.9256          0.3654               0               0          0.0000          0.7854               0               0          0.0000           69937            3121          4.4626            6952            3796         54.6030        762.6714

ENER_0:   700000    -724708.7752          0.0000          0.0000    -690617.3053     -34091.4699          0.0000          0.0000          0.0000          0.0000          0.0000

STAT_0:   700000      66799.7844         60.6209            1233       1224.4251

PRES_0:   700000        -72.1587       -159.3452        -43.2837

MOVE_1:   700000          276996          151264         54.6087         42.9513               0               0          0.0000          0.7854               0               0          0.0000           69958            3354          4.7943            6952            3796         54.6030       8457.4014

ENER_1:   700000     -43875.1263          0.0000          0.0000     -42484.9591      -1390.1672          0.0000          0.0000          0.0000          0.0000          0.0000

STAT_1:   700000     633896.4656         12.5278             767         80.2641

PRES_1:   700000         -4.4415         -7.2130         -6.5805

Steps/sec. : 5138.9064
MOVE_0:   800000          315792          157755         49.9554          0.3977               0               0          0.0000          0.7854               0               0          0.0000           79838            3411          4.2724            7980            4362         54.6617       1251.4325

ENER_0:   800000    -739326.9983          0.0000          0.0000    -704758.1205     -34568.8779          0.0000          0.0000          0.0000          0.0000          0.0000

STAT_0:   800000      68466.7807         -9.1635            1257       1217.8662

PRES_0:   800000       -231.2975       -114.4673       -138.1815

MOVE_1:   800000          316490          173992         54.9755         42.9136               0               0          0.0000          0.7854               0               0          0.0000           79900            3668          4.5907            7980            4362         54.6617      13877.3617

ENER_1:   800000     -37428.7001          0.0000          0.0000     -36120.7309      -1307.9692          0.0000          0.0000          0.0000          0.0000          0.0000

STAT_1:   800000     632229.4693         13.5433             743         77.9576

PRES_1:   800000         -5.3111         -4.8142         -3.5097

Steps/sec. : 4959.0949
MOVE_0:   900000          355199          177476         49.9652          0.3373               0               0          0.0000          0.7854               0               0          0.0000           89880            3704          4.1211            8954            4879         54.4896        824.8144

ENER_0:   900000    -777860.9782          0.0000          0.0000    -741497.6327     -36363.3456          0.0000          0.0000          0.0000          0.0000          0.0000

STAT_0:   900000      71233.1758          9.5957            1315       1224.5813

PRES_0:   900000       -209.9216       -132.0515        -85.8945

MOVE_1:   900000          355880          196924         55.3344         42.8509               0               0          0.0000          0.7854               0               0          0.0000           90087            4019          4.4612            8954            4879         54.4896       9146.5167

ENER_1:   900000     -33197.9153          0.0000          0.0000     -32081.2950      -1116.6203          0.0000          0.0000          0.0000          0.0000          0.0000

STAT_1:   900000     629463.0742         13.1274             685         72.1879

PRES_1:   900000         -4.0580         -3.1305         -3.7954

Steps/sec. : 4164.4380
MOVE_0:  1000000          394465          197176         49.9857          0.3887               0               0          0.0000          0.7854               0               0          0.0000           99794            3999          4.0073            9955            5417         54.4149        699.2010

ENER_0:  1000000    -785099.3704          0.0000          0.0000    -748473.5860     -36625.7844          0.0000          0.0000          0.0000          0.0000          0.0000

STAT_0:  1000000      72454.2410        -67.1547            1331       1218.5923

PRES_0:  1000000       -167.2748       -214.6287       -276.0391

MOVE_1:  1000000          395494          220633         55.7867         42.8232               0               0          0.0000          0.7854               0               0          0.0000          100292            4330          4.3174            9955            5417         54.4149       7753.5667

ENER_1:  1000000     -32132.1625          0.0000          0.0000     -31065.0262      -1067.1363          0.0000          0.0000          0.0000          0.0000          0.0000

STAT_1:  1000000     628242.0090         13.0353             669         70.6388

PRES_1:  1000000         -3.9778         -3.4551         -2.7774

Simulation Time (total): 223.2846 sec.
Info: GOMC Version 2.20
Info: Completed at: Mon Nov 27 15:08:59 2017
Info: On hostname: potoff39.eng.wayne.edu
