Info: GOMC Version 2.40
Info: Start Time: Fri May 17 16:25:38 2019
Info: Host Name: wsu50
CPU information:
Info: Total number of CPUs: 12
Info: Total number of CPUs available: 12
Info: Model name: AMD Opteron(tm) Processor 4332 HE
Info: System name: Linux
Info: Release: 3.10.0-957.1.3.el7.x86_64
Info: Version: #1 SMP Thu Nov 29 14:49:43 UTC 2018
Info: Kernel Architecture: x86_64
Info: Total Ram: 96496.3MB
Info: Used Ram: 5916.3MB
Info: Working in the current directory: /wsu/home/fe/fe18/fe1855/clone/GOMC_Examples/GCMC/argon
Info: GOMC COMPILED TO RUN GRAND CANONICAL ENSEMBLE.
Info: Number of threads                  4 

Reading Input File:                      in.conf
Info: Random seed                        Active 
Info: PARAMETER file                     MIE format! 
Info: Input Temperature                  150.0000 K
Info: Non-truncated potential            Active 
Info: Long Range Correction              Active 
Info: Cutoff                             10.0000 A
Info: Exclude                            ONE-FOUR 
Info: Pressure calculation               Inactive 
Info: Total number of steps              1000000 
Info: Number of equilibration steps      500000 
Info: Move adjustment frequency          1000 
Info: Displacement move frequency        0.3000 
Info: Rotation move frequency            0.0000 
Info: Molecule swap move frequency       0.7000 
Info: CBMC First atom trials             10   
Info: CBMC Secondary atom trials         4    
Info: CBMC Angle trials                  100  
Info: CBMC Dihedral trials               10   
Info: Chemical potential                 AR     -968.0000 K
Info: Output name                        AR_150_00_K_u_968_r2a 
Info: Coordinate frequency               100000 
Info: Restart frequency                  1000000 
Info: Console output frequency           10000 
Info: Average output frequency           100000 
Info: Histogram output frequency         100000 
Info: Histogram sample frequency         200 
Default: Intra-Swap move frequency       0.0000 
Default: Intra-MEMC move frequency       0.0000 
Default: Regrowth move frequency         0.0000 
Default: Crank-Shaft move frequency      0.0000 
Default: MEMC move frequency             0.0000 
Default: Short Range Cutoff              0.0000 
Warning: 1-4 Electrostatic scaling set, but will be ignored.
Finished Reading Input File:             in.conf

Reading from EXOTIC-Style parameter file:  	../../common/Par_Vrabec01_Noble_Gases_Exotic.inp
Reading BONDS parameters.
Reading ANGLES parameters.
Reading DIHEDRALS parameters.
Reading NONBONDED_MIE parameters.
Finished reading EXOTIC-Style parameter file:  	../../common/Par_Vrabec01_Noble_Gases_Exotic.inp
Reading from box 0 PDB coordinate file:  	STEP3_START_AR_vap_BOX_0.pdb
Finished reading box 0 PDB coordinate file:  	STEP3_START_AR_vap_BOX_0.pdb
Reading from box 1 PDB coordinate file:  	STEP3_START_AR_reservoir_BOX_1.pdb
Finished reading box 1 PDB coordinate file:  	STEP3_START_AR_reservoir_BOX_1.pdb
Random number seed: 3608092539

Molecules in PSF:
Molecule Kind: AR
Idx	name	type	charge	mass
0	AR	AR	0.0000	39.9480

Bonds:

Angles:

Dihedrals:

Bonds parameter:
Atom Types                             Kb(K)           b0(A) 
Angles parameter:
Atom Types                         Ktheta(K)         theta0(degree) 
Dihedrals parameter:
Atom Types                           Kchi(K)    n    delta(degree) 

NonBonded 1-4 parameters:
Type1  Type2             Epsilon(K)    Sigma(A)       N 
AR     AR                  116.7900      3.3952   12.00 

NonBonded parameters:
Type1  Type2             Epsilon(K)    Sigma(A)       N 
AR     AR                  116.7900      3.3952   12.00 

Info: Box  0:  Periodic Cell Basis 1     25.000   0.000   0.000 
Info: Box  0:  Periodic Cell Basis 2      0.000  25.000   0.000 
Info: Box  0:  Periodic Cell Basis 3      0.000   0.000  25.000 

Info: Box  1:  Periodic Cell Basis 1     25.000   0.000   0.000 
Info: Box  1:  Periodic Cell Basis 2      0.000  25.000   0.000 
Info: Box  1:  Periodic Cell Basis 3      0.000   0.000  25.000 

Minimum coordinates in box 0: x =    1.000, y =   23.108, z =   22.525
Maximum coordinates in box 0: x =    5.850, y =   24.000, z =   24.000
Wrapping molecules inside the simulation box 0:
Minimum coordinates in box 1: x =    1.000, y =    1.000, z =    1.000
Maximum coordinates in box 1: x =   23.970, y =   23.997, z =   24.000
Wrapping molecules inside the simulation box 1:

################################################################################
########################## INITIAL SIMULATION ENERGY ###########################

ETITLE:     STEP           TOTAL        INTRA(B)       INTRA(NB)       INTER(LJ)             LRC     TOTAL_ELECT            REAL           RECIP            SELF            CORR

ENER_0:        0     -3.5693e+01      0.0000e+00      0.0000e+00     -3.5310e+01     -3.8347e-01      0.0000e+00      0.0000e+00      0.0000e+00      0.0000e+00     -0.0000e+00

ENER_1:        0      0.0000e+00      0.0000e+00      0.0000e+00      0.0000e+00      0.0000e+00      0.0000e+00      0.0000e+00      0.0000e+00      0.0000e+00     -0.0000e+00

STITLE:     STEP        TOTALMOL

STAT_0:        0               2

STAT_1:        0             600

################################################################################
############################# STARTING SIMULATION ##############################

MTITLE:     STEP          DISTRY       DISACCEPT      DISACCEPT%          DISMAX        TRANSFER      TRANACCEPT     TRANACCEPT%

ETITLE:     STEP           TOTAL        INTRA(B)       INTRA(NB)       INTER(LJ)             LRC     TOTAL_ELECT            REAL           RECIP            SELF            CORR

STITLE:     STEP        TOTALMOL

Printed combined psf to file AR_150_00_K_u_968_r2a_merged.psf
MOVE_0:    10000            3000            1273      4.2433e+01      1.1147e+00            3564            2770      7.7722e+01

ENER_0:    10000     -3.6498e+04      0.0000e+00      0.0000e+00     -3.4725e+04     -1.7732e+03      0.0000e+00      0.0000e+00      0.0000e+00      0.0000e+00      0.0000e+00

STAT_0:    10000             136

MOVE_1:    10000            3436            2636      7.6717e+01

ENER_1:    10000      0.0000e+00      0.0000e+00      0.0000e+00      0.0000e+00      0.0000e+00      0.0000e+00      0.0000e+00      0.0000e+00      0.0000e+00      0.0000e+00

STAT_1:    10000             466

Steps/sec: 15842.963, Simulation ends in:   0 d:   0 h:   2 m 

MOVE_0:    20000            6082            2933      4.8224e+01      2.1867e+00            7012            5450      7.7724e+01

ENER_0:    20000     -1.8679e+04      0.0000e+00      0.0000e+00     -1.7885e+04     -7.9388e+02      0.0000e+00      0.0000e+00      0.0000e+00      0.0000e+00      0.0000e+00

STAT_0:    20000              91

MOVE_1:    20000            6906            5361      7.7628e+01

ENER_1:    20000      0.0000e+00      0.0000e+00      0.0000e+00      0.0000e+00      0.0000e+00      0.0000e+00      0.0000e+00      0.0000e+00      0.0000e+00      0.0000e+00

STAT_1:    20000             511

Steps/sec: 17247.153, Simulation ends in:   0 d:   0 h:   1 m 

MOVE_0:    30000            9084            4455      4.9042e+01      2.2642e+00           10518            8205      7.8009e+01

ENER_0:    30000     -1.3582e+04      0.0000e+00      0.0000e+00     -1.2922e+04     -6.6044e+02      0.0000e+00      0.0000e+00      0.0000e+00      0.0000e+00      0.0000e+00

STAT_0:    30000              83

MOVE_1:    30000           10398            8124      7.8130e+01

ENER_1:    30000      0.0000e+00      0.0000e+00      0.0000e+00      0.0000e+00      0.0000e+00      0.0000e+00      0.0000e+00      0.0000e+00      0.0000e+00      0.0000e+00

STAT_1:    30000             519

Steps/sec: 17303.877, Simulation ends in:   0 d:   0 h:   1 m 

MOVE_0:    40000           12116            5971      4.9282e+01      2.1372e+00           13960           11042      7.9097e+01

ENER_0:    40000     -8.0098e+03      0.0000e+00      0.0000e+00     -7.6048e+03     -4.0504e+02      0.0000e+00      0.0000e+00      0.0000e+00      0.0000e+00      0.0000e+00

STAT_0:    40000              65

MOVE_1:    40000           13924           10979      7.8849e+01

ENER_1:    40000      0.0000e+00      0.0000e+00      0.0000e+00      0.0000e+00      0.0000e+00      0.0000e+00      0.0000e+00      0.0000e+00      0.0000e+00      0.0000e+00

STAT_1:    40000             537

Steps/sec: 17808.771, Simulation ends in:   0 d:   0 h:   1 m 

MOVE_0:    50000           15104            7317      4.8444e+01      6.8817e-01           17499           13093      7.4821e+01

ENER_0:    50000     -6.6532e+04      0.0000e+00      0.0000e+00     -6.3356e+04     -3.1755e+03      0.0000e+00      0.0000e+00      0.0000e+00      0.0000e+00      0.0000e+00

STAT_0:    50000             182

MOVE_1:    50000           17397           12913      7.4225e+01

ENER_1:    50000      0.0000e+00      0.0000e+00      0.0000e+00      0.0000e+00      0.0000e+00      0.0000e+00      0.0000e+00      0.0000e+00      0.0000e+00      0.0000e+00

STAT_1:    50000             420

Steps/sec: 13942.259, Simulation ends in:   0 d:   0 h:   1 m 

MOVE_0:    60000           18041            8795      4.8750e+01      6.9724e-01           21122           14273      6.7574e+01

ENER_0:    60000     -9.0477e+04      0.0000e+00      0.0000e+00     -8.6209e+04     -4.2681e+03      0.0000e+00      0.0000e+00      0.0000e+00      0.0000e+00      0.0000e+00

STAT_0:    60000             211

MOVE_1:    60000           20837           14064      6.7495e+01

ENER_1:    60000      0.0000e+00      0.0000e+00      0.0000e+00      0.0000e+00      0.0000e+00      0.0000e+00      0.0000e+00      0.0000e+00      0.0000e+00      0.0000e+00

STAT_1:    60000             391

Steps/sec: 12044.696, Simulation ends in:   0 d:   0 h:   2 m 

MOVE_0:    70000           21092           10313      4.8895e+01      6.4562e-01           24651           15345      6.2249e+01

ENER_0:    70000     -7.8468e+04      0.0000e+00      0.0000e+00     -7.4823e+04     -3.6454e+03      0.0000e+00      0.0000e+00      0.0000e+00      0.0000e+00      0.0000e+00

STAT_0:    70000             195

MOVE_1:    70000           24257           15152      6.2464e+01

ENER_1:    70000      0.0000e+00      0.0000e+00      0.0000e+00      0.0000e+00      0.0000e+00      0.0000e+00      0.0000e+00      0.0000e+00      0.0000e+00      0.0000e+00

STAT_1:    70000             407

Steps/sec: 11916.808, Simulation ends in:   0 d:   0 h:   2 m 

MOVE_0:    80000           24093           11821      4.9064e+01      6.4770e-01           28181           16675      5.9171e+01

ENER_0:    80000     -8.1061e+04      0.0000e+00      0.0000e+00     -7.7110e+04     -3.9506e+03      0.0000e+00      0.0000e+00      0.0000e+00      0.0000e+00      0.0000e+00

STAT_0:    80000             203

MOVE_1:    80000           27726           16474      5.9417e+01

ENER_1:    80000      0.0000e+00      0.0000e+00      0.0000e+00      0.0000e+00      0.0000e+00      0.0000e+00      0.0000e+00      0.0000e+00      0.0000e+00      0.0000e+00

STAT_1:    80000             399

Steps/sec: 12037.271, Simulation ends in:   0 d:   0 h:   2 m 

MOVE_0:    90000           27072           13318      4.9195e+01      6.7652e-01           31694           18077      5.7036e+01

ENER_0:    90000     -7.2535e+04      0.0000e+00      0.0000e+00     -6.9110e+04     -3.4245e+03      0.0000e+00      0.0000e+00      0.0000e+00      0.0000e+00      0.0000e+00

STAT_0:    90000             189

MOVE_1:    90000           31234           17890      5.7277e+01

ENER_1:    90000      0.0000e+00      0.0000e+00      0.0000e+00      0.0000e+00      0.0000e+00      0.0000e+00      0.0000e+00      0.0000e+00      0.0000e+00      0.0000e+00

STAT_1:    90000             413

Steps/sec: 12306.270, Simulation ends in:   0 d:   0 h:   2 m 

MOVE_0:   100000           30100           14912      4.9542e+01      1.0770e+00           35180           19615      5.5756e+01

ENER_0:   100000     -3.1149e+04      0.0000e+00      0.0000e+00     -2.9627e+04     -1.5220e+03      0.0000e+00      0.0000e+00      0.0000e+00      0.0000e+00      0.0000e+00

STAT_0:   100000             126

MOVE_1:   100000           34720           19491      5.6138e+01

ENER_1:   100000      0.0000e+00      0.0000e+00      0.0000e+00      0.0000e+00      0.0000e+00      0.0000e+00      0.0000e+00      0.0000e+00      0.0000e+00      0.0000e+00

STAT_1:   100000             476

Steps/sec: 12401.515, Simulation ends in:   0 d:   0 h:   2 m 

MOVE_0:   110000           33105           16395      4.9524e+01      8.8989e-01           38681           21745      5.6216e+01

ENER_0:   110000     -3.4918e+04      0.0000e+00      0.0000e+00     -3.3348e+04     -1.5707e+03      0.0000e+00      0.0000e+00      0.0000e+00      0.0000e+00      0.0000e+00

STAT_0:   110000             128

MOVE_1:   110000           38214           21619      5.6574e+01

ENER_1:   110000      0.0000e+00      0.0000e+00      0.0000e+00      0.0000e+00      0.0000e+00      0.0000e+00      0.0000e+00      0.0000e+00      0.0000e+00      0.0000e+00

STAT_1:   110000             474

Steps/sec: 14337.227, Simulation ends in:   0 d:   0 h:   2 m 

MOVE_0:   120000           36134           18022      4.9875e+01      1.7594e+00           42177           24385      5.7816e+01

ENER_0:   120000     -2.4091e+04      0.0000e+00      0.0000e+00     -2.2994e+04     -1.0976e+03      0.0000e+00      0.0000e+00      0.0000e+00      0.0000e+00      0.0000e+00

STAT_0:   120000             107

MOVE_1:   120000           41689           24280      5.8241e+01

ENER_1:   120000      0.0000e+00      0.0000e+00      0.0000e+00      0.0000e+00      0.0000e+00      0.0000e+00      0.0000e+00      0.0000e+00      0.0000e+00      0.0000e+00

STAT_1:   120000             495

Steps/sec: 16352.987, Simulation ends in:   0 d:   0 h:   2 m 

MOVE_0:   130000           39069           19505      4.9924e+01      1.8235e+00           45686           26891      5.8860e+01

ENER_0:   130000     -9.6337e+03      0.0000e+00      0.0000e+00     -9.2287e+03     -4.0504e+02      0.0000e+00      0.0000e+00      0.0000e+00      0.0000e+00      0.0000e+00

STAT_0:   130000              65

MOVE_1:   130000           45245           26828      5.9295e+01

ENER_1:   130000      0.0000e+00      0.0000e+00      0.0000e+00      0.0000e+00      0.0000e+00      0.0000e+00      0.0000e+00      0.0000e+00      0.0000e+00      0.0000e+00

STAT_1:   130000             537

Steps/sec: 15694.003, Simulation ends in:   0 d:   0 h:   2 m 

MOVE_0:   140000           42080           21016      4.9943e+01      1.7682e+00           49223           29605      6.0145e+01

ENER_0:   140000     -2.0773e+04      0.0000e+00      0.0000e+00     -1.9815e+04     -9.5868e+02      0.0000e+00      0.0000e+00      0.0000e+00      0.0000e+00      0.0000e+00

STAT_0:   140000             100

MOVE_1:   140000           48697           29507      6.0593e+01

ENER_1:   140000      0.0000e+00      0.0000e+00      0.0000e+00      0.0000e+00      0.0000e+00      0.0000e+00      0.0000e+00      0.0000e+00      0.0000e+00      0.0000e+00

STAT_1:   140000             502

Steps/sec: 16592.554, Simulation ends in:   0 d:   0 h:   1 m 

MOVE_0:   150000           45090           22573      5.0062e+01      2.2992e+00           52700           32283      6.1258e+01

ENER_0:   150000     -4.9577e+03      0.0000e+00      0.0000e+00     -4.7636e+03     -1.9413e+02      0.0000e+00      0.0000e+00      0.0000e+00      0.0000e+00      0.0000e+00

STAT_0:   150000              45

MOVE_1:   150000           52210           32240      6.1751e+01

ENER_1:   150000      0.0000e+00      0.0000e+00      0.0000e+00      0.0000e+00      0.0000e+00      0.0000e+00      0.0000e+00      0.0000e+00      0.0000e+00      0.0000e+00

STAT_1:   150000             557

Steps/sec: 16949.847, Simulation ends in:   0 d:   0 h:   1 m 

MOVE_0:   160000           48029           24085      5.0147e+01      2.8088e+00           56212           35140      6.2513e+01

ENER_0:   160000     -1.0226e+04      0.0000e+00      0.0000e+00     -9.7825e+03     -4.4329e+02      0.0000e+00      0.0000e+00      0.0000e+00      0.0000e+00      0.0000e+00

STAT_0:   160000              68

MOVE_1:   160000           55759           35074      6.2903e+01

ENER_1:   160000      0.0000e+00      0.0000e+00      0.0000e+00      0.0000e+00      0.0000e+00      0.0000e+00      0.0000e+00      0.0000e+00      0.0000e+00      0.0000e+00

STAT_1:   160000             534

Steps/sec: 17290.145, Simulation ends in:   0 d:   0 h:   1 m 

MOVE_0:   170000           51014           25568      5.0120e+01      2.4892e+00           59678           37897      6.3502e+01

ENER_0:   170000     -7.1998e+03      0.0000e+00      0.0000e+00     -6.9098e+03     -2.9000e+02      0.0000e+00      0.0000e+00      0.0000e+00      0.0000e+00      0.0000e+00

STAT_0:   170000              55

MOVE_1:   170000           59308           37844      6.3809e+01

ENER_1:   170000      0.0000e+00      0.0000e+00      0.0000e+00      0.0000e+00      0.0000e+00      0.0000e+00      0.0000e+00      0.0000e+00      0.0000e+00      0.0000e+00

STAT_1:   170000             547

Steps/sec: 17348.552, Simulation ends in:   0 d:   0 h:   1 m 

MOVE_0:   180000           54035           27088      5.0130e+01      2.2266e+00           63181           40706      6.4428e+01

ENER_0:   180000     -1.0080e+04      0.0000e+00      0.0000e+00     -9.7232e+03     -3.5673e+02      0.0000e+00      0.0000e+00      0.0000e+00      0.0000e+00      0.0000e+00

STAT_0:   180000              61

MOVE_1:   180000           62784           40647      6.4741e+01

ENER_1:   180000      0.0000e+00      0.0000e+00      0.0000e+00      0.0000e+00      0.0000e+00      0.0000e+00      0.0000e+00      0.0000e+00      0.0000e+00      0.0000e+00

STAT_1:   180000             541

Steps/sec: 17630.652, Simulation ends in:   0 d:   0 h:   1 m 

MOVE_0:   190000           57052           28575      5.0086e+01      1.7075e+00           66664           43444      6.5169e+01

ENER_0:   190000     -4.2215e+03      0.0000e+00      0.0000e+00     -4.0443e+03     -1.7726e+02      0.0000e+00      0.0000e+00      0.0000e+00      0.0000e+00      0.0000e+00

STAT_0:   190000              43

MOVE_1:   190000           66284           43403      6.5480e+01

ENER_1:   190000      0.0000e+00      0.0000e+00      0.0000e+00      0.0000e+00      0.0000e+00      0.0000e+00      0.0000e+00      0.0000e+00      0.0000e+00      0.0000e+00

STAT_1:   190000             559

Steps/sec: 17185.023, Simulation ends in:   0 d:   0 h:   1 m 

MOVE_0:   200000           60075           30086      5.0081e+01      1.4901e+00           70190           46179      6.5791e+01

ENER_0:   200000     -1.6710e+04      0.0000e+00      0.0000e+00     -1.5950e+04     -7.5937e+02      0.0000e+00      0.0000e+00      0.0000e+00      0.0000e+00      0.0000e+00

STAT_0:   200000              89

MOVE_1:   200000           69735           46092      6.6096e+01

ENER_1:   200000      0.0000e+00      0.0000e+00      0.0000e+00      0.0000e+00      0.0000e+00      0.0000e+00      0.0000e+00      0.0000e+00      0.0000e+00      0.0000e+00

STAT_1:   200000             513

Steps/sec: 16125.575, Simulation ends in:   0 d:   0 h:   1 m 

MOVE_0:   210000           63122           31574      5.0021e+01      1.1268e+00           73715           48497      6.5790e+01

ENER_0:   210000     -3.3069e+04      0.0000e+00      0.0000e+00     -3.1522e+04     -1.5463e+03      0.0000e+00      0.0000e+00      0.0000e+00      0.0000e+00      0.0000e+00

STAT_0:   210000             127

MOVE_1:   210000           73163           48372      6.6115e+01

ENER_1:   210000      0.0000e+00      0.0000e+00      0.0000e+00      0.0000e+00      0.0000e+00      0.0000e+00      0.0000e+00      0.0000e+00      0.0000e+00      0.0000e+00

STAT_1:   210000             475

Steps/sec: 15010.326, Simulation ends in:   0 d:   0 h:   1 m 

MOVE_0:   220000           66191           33224      5.0194e+01      2.1808e+00           77137           51020      6.6142e+01

ENER_0:   220000     -5.4192e+03      0.0000e+00      0.0000e+00     -5.1795e+03     -2.3967e+02      0.0000e+00      0.0000e+00      0.0000e+00      0.0000e+00      0.0000e+00

STAT_0:   220000              50

MOVE_1:   220000           76672           50972      6.6481e+01

ENER_1:   220000      0.0000e+00      0.0000e+00      0.0000e+00      0.0000e+00      0.0000e+00      0.0000e+00      0.0000e+00      0.0000e+00      0.0000e+00      0.0000e+00

STAT_1:   220000             552

Steps/sec: 16522.069, Simulation ends in:   0 d:   0 h:   1 m 

MOVE_0:   230000           69192           34658      5.0090e+01      1.2247e+00           80681           53749      6.6619e+01

ENER_0:   230000     -1.7755e+04      0.0000e+00      0.0000e+00     -1.6979e+04     -7.7653e+02      0.0000e+00      0.0000e+00      0.0000e+00      0.0000e+00      0.0000e+00

STAT_0:   230000              90

MOVE_1:   230000           80127           53661      6.6970e+01

ENER_1:   230000      0.0000e+00      0.0000e+00      0.0000e+00      0.0000e+00      0.0000e+00      0.0000e+00      0.0000e+00      0.0000e+00      0.0000e+00      0.0000e+00

STAT_1:   230000             512

Steps/sec: 16937.068, Simulation ends in:   0 d:   0 h:   1 m 

MOVE_0:   240000           72239           36267      5.0204e+01      1.9040e+00           84158           56339      6.6944e+01

ENER_0:   240000     -9.7327e+03      0.0000e+00      0.0000e+00     -9.3522e+03     -3.8050e+02      0.0000e+00      0.0000e+00      0.0000e+00      0.0000e+00      0.0000e+00

STAT_0:   240000              63

MOVE_1:   240000           83603           56278      6.7316e+01

ENER_1:   240000      0.0000e+00      0.0000e+00      0.0000e+00      0.0000e+00      0.0000e+00      0.0000e+00      0.0000e+00      0.0000e+00      0.0000e+00      0.0000e+00

STAT_1:   240000             539

Steps/sec: 16799.183, Simulation ends in:   0 d:   0 h:   1 m 

MOVE_0:   250000           75248           37741      5.0155e+01      1.3701e+00           87638           59093      6.7429e+01

ENER_0:   250000     -2.5635e+04      0.0000e+00      0.0000e+00     -2.4475e+04     -1.1600e+03      0.0000e+00      0.0000e+00      0.0000e+00      0.0000e+00      0.0000e+00

STAT_0:   250000             110

MOVE_1:   250000           87114           58985      6.7710e+01

ENER_1:   250000      0.0000e+00      0.0000e+00      0.0000e+00      0.0000e+00      0.0000e+00      0.0000e+00      0.0000e+00      0.0000e+00      0.0000e+00      0.0000e+00

STAT_1:   250000             492

Steps/sec: 17248.373, Simulation ends in:   0 d:   0 h:   1 m 

MOVE_0:   260000           78258           39284      5.0198e+01      1.6746e+00           91174           61611      6.7575e+01

ENER_0:   260000     -1.6872e+04      0.0000e+00      0.0000e+00     -1.6227e+04     -6.4462e+02      0.0000e+00      0.0000e+00      0.0000e+00      0.0000e+00      0.0000e+00

STAT_0:   260000              82

MOVE_1:   260000           90568           61531      6.7939e+01

ENER_1:   260000      0.0000e+00      0.0000e+00      0.0000e+00      0.0000e+00      0.0000e+00      0.0000e+00      0.0000e+00      0.0000e+00      0.0000e+00      0.0000e+00

STAT_1:   260000             520

Steps/sec: 15864.074, Simulation ends in:   0 d:   0 h:   1 m 

MOVE_0:   270000           81239           40858      5.0294e+01      2.7523e+00           94656           64386      6.8021e+01

ENER_0:   270000     -4.6283e+03      0.0000e+00      0.0000e+00     -4.4165e+03     -2.1177e+02      0.0000e+00      0.0000e+00      0.0000e+00      0.0000e+00      0.0000e+00

STAT_0:   270000              47

MOVE_1:   270000           94105           64341      6.8371e+01

ENER_1:   270000      0.0000e+00      0.0000e+00      0.0000e+00      0.0000e+00      0.0000e+00      0.0000e+00      0.0000e+00      0.0000e+00      0.0000e+00      0.0000e+00

STAT_1:   270000             555

Steps/sec: 17663.068, Simulation ends in:   0 d:   0 h:   1 m 

MOVE_0:   280000           84323           42285      5.0146e+01      1.2484e+00           98152           67007      6.8269e+01

ENER_0:   280000     -2.4105e+04      0.0000e+00      0.0000e+00     -2.3068e+04     -1.0369e+03      0.0000e+00      0.0000e+00      0.0000e+00      0.0000e+00      0.0000e+00

STAT_0:   280000             104

MOVE_1:   280000           97525           66905      6.8603e+01

ENER_1:   280000      0.0000e+00      0.0000e+00      0.0000e+00      0.0000e+00      0.0000e+00      0.0000e+00      0.0000e+00      0.0000e+00      0.0000e+00      0.0000e+00

STAT_1:   280000             498

Steps/sec: 16572.041, Simulation ends in:   0 d:   0 h:   1 m 

MOVE_0:   290000           87319           43878      5.0250e+01      2.1807e+00          101633           69607      6.8489e+01

ENER_0:   290000     -4.8352e+03      0.0000e+00      0.0000e+00     -4.5556e+03     -2.7955e+02      0.0000e+00      0.0000e+00      0.0000e+00      0.0000e+00      0.0000e+00

STAT_0:   290000              54

MOVE_1:   290000          101048           69555      6.8834e+01

ENER_1:   290000      0.0000e+00      0.0000e+00      0.0000e+00      0.0000e+00      0.0000e+00      0.0000e+00      0.0000e+00      0.0000e+00      0.0000e+00      0.0000e+00

STAT_1:   290000             548

Steps/sec: 16356.092, Simulation ends in:   0 d:   0 h:   1 m 

MOVE_0:   300000           90303           45340      5.0209e+01      1.4606e+00          105157           72402      6.8851e+01

ENER_0:   300000     -1.0988e+04      0.0000e+00      0.0000e+00     -1.0504e+04     -4.8327e+02      0.0000e+00      0.0000e+00      0.0000e+00      0.0000e+00      0.0000e+00

STAT_0:   300000              71

MOVE_1:   300000          104540           72333      6.9192e+01

ENER_1:   300000      0.0000e+00      0.0000e+00      0.0000e+00      0.0000e+00      0.0000e+00      0.0000e+00      0.0000e+00      0.0000e+00      0.0000e+00      0.0000e+00

STAT_1:   300000             531

Steps/sec: 16786.999, Simulation ends in:   0 d:   0 h:   1 m 

MOVE_0:   310000           93303           46898      5.0264e+01      2.0373e+00          108693           75112      6.9105e+01

ENER_0:   310000     -7.3543e+03      0.0000e+00      0.0000e+00     -7.0850e+03     -2.6929e+02      0.0000e+00      0.0000e+00      0.0000e+00      0.0000e+00      0.0000e+00

STAT_0:   310000              53

MOVE_1:   310000          108004           75061      6.9498e+01

ENER_1:   310000      0.0000e+00      0.0000e+00      0.0000e+00      0.0000e+00      0.0000e+00      0.0000e+00      0.0000e+00      0.0000e+00      0.0000e+00      0.0000e+00

STAT_1:   310000             549

Steps/sec: 16987.047, Simulation ends in:   0 d:   0 h:   1 m 

MOVE_0:   320000           96260           48411      5.0292e+01      2.5050e+00          112197           77925      6.9454e+01

ENER_0:   320000     -6.7398e+03      0.0000e+00      0.0000e+00     -6.4173e+03     -3.2250e+02      0.0000e+00      0.0000e+00      0.0000e+00      0.0000e+00      0.0000e+00

STAT_0:   320000              58

MOVE_1:   320000          111543           77869      6.9811e+01

ENER_1:   320000      0.0000e+00      0.0000e+00      0.0000e+00      0.0000e+00      0.0000e+00      0.0000e+00      0.0000e+00      0.0000e+00      0.0000e+00      0.0000e+00

STAT_1:   320000             544

Steps/sec: 17700.525, Simulation ends in:   0 d:   0 h:   1 m 

MOVE_0:   330000           99238           49887      5.0270e+01      2.0739e+00          115690           80708      6.9762e+01

ENER_0:   330000     -8.8645e+03      0.0000e+00      0.0000e+00     -8.4718e+03     -3.9268e+02      0.0000e+00      0.0000e+00      0.0000e+00      0.0000e+00      0.0000e+00

STAT_0:   330000              64

MOVE_1:   330000          115072           80646      7.0083e+01

ENER_1:   330000      0.0000e+00      0.0000e+00      0.0000e+00      0.0000e+00      0.0000e+00      0.0000e+00      0.0000e+00      0.0000e+00      0.0000e+00      0.0000e+00

STAT_1:   330000             538

Steps/sec: 17409.227, Simulation ends in:   0 d:   0 h:   1 m 

MOVE_0:   340000          102252           51434      5.0301e+01      2.2573e+00          119201           83514      7.0061e+01

ENER_0:   340000     -1.7869e+04      0.0000e+00      0.0000e+00     -1.7022e+04     -8.4709e+02      0.0000e+00      0.0000e+00      0.0000e+00      0.0000e+00      0.0000e+00

STAT_0:   340000              94

MOVE_1:   340000          118547           83422      7.0370e+01

ENER_1:   340000      0.0000e+00      0.0000e+00      0.0000e+00      0.0000e+00      0.0000e+00      0.0000e+00      0.0000e+00      0.0000e+00      0.0000e+00      0.0000e+00

STAT_1:   340000             508

Steps/sec: 17533.521, Simulation ends in:   0 d:   0 h:   1 m 

MOVE_0:   350000          105283           52861      5.0208e+01      1.1706e+00          122695           86148      7.0213e+01

ENER_0:   350000     -2.8913e+04      0.0000e+00      0.0000e+00     -2.7601e+04     -1.3123e+03      0.0000e+00      0.0000e+00      0.0000e+00      0.0000e+00      0.0000e+00

STAT_0:   350000             117

MOVE_1:   350000          122022           86033      7.0506e+01

ENER_1:   350000      0.0000e+00      0.0000e+00      0.0000e+00      0.0000e+00      0.0000e+00      0.0000e+00      0.0000e+00      0.0000e+00      0.0000e+00      0.0000e+00

STAT_1:   350000             485

Steps/sec: 15443.162, Simulation ends in:   0 d:   0 h:   1 m 

MOVE_0:   360000          108352           54526      5.0323e+01      2.5868e+00          126078           88903      7.0514e+01

ENER_0:   360000     -5.1876e+03      0.0000e+00      0.0000e+00     -4.9284e+03     -2.5923e+02      0.0000e+00      0.0000e+00      0.0000e+00      0.0000e+00      0.0000e+00

STAT_0:   360000              52

MOVE_1:   360000          125570           88853      7.0760e+01

ENER_1:   360000      0.0000e+00      0.0000e+00      0.0000e+00      0.0000e+00      0.0000e+00      0.0000e+00      0.0000e+00      0.0000e+00      0.0000e+00      0.0000e+00

STAT_1:   360000             550

Steps/sec: 17942.879, Simulation ends in:   0 d:   0 h:   1 m 

MOVE_0:   370000          111338           56025      5.0320e+01      2.3846e+00          129586           91700      7.0764e+01

ENER_0:   370000     -9.3773e+03      0.0000e+00      0.0000e+00     -8.9470e+03     -4.3035e+02      0.0000e+00      0.0000e+00      0.0000e+00      0.0000e+00      0.0000e+00

STAT_0:   370000              67

MOVE_1:   370000          129076           91635      7.0993e+01

ENER_1:   370000      0.0000e+00      0.0000e+00      0.0000e+00      0.0000e+00      0.0000e+00      0.0000e+00      0.0000e+00      0.0000e+00      0.0000e+00      0.0000e+00

STAT_1:   370000             535

Steps/sec: 17589.750, Simulation ends in:   0 d:   0 h:   1 m 

MOVE_0:   380000          114366           57533      5.0306e+01      2.0156e+00          133068           94521      7.1032e+01

ENER_0:   380000     -1.2771e+04      0.0000e+00      0.0000e+00     -1.2246e+04     -5.2497e+02      0.0000e+00      0.0000e+00      0.0000e+00      0.0000e+00      0.0000e+00

STAT_0:   380000              74

MOVE_1:   380000          132566           94449      7.1247e+01

ENER_1:   380000      0.0000e+00      0.0000e+00      0.0000e+00      0.0000e+00      0.0000e+00      0.0000e+00      0.0000e+00      0.0000e+00      0.0000e+00      0.0000e+00

STAT_1:   380000             528

Steps/sec: 17133.588, Simulation ends in:   0 d:   0 h:   1 m 

MOVE_0:   390000          117408           59010      5.0261e+01      1.4390e+00          136530           97227      7.1213e+01

ENER_0:   390000     -1.3201e+04      0.0000e+00      0.0000e+00     -1.2661e+04     -5.3926e+02      0.0000e+00      0.0000e+00      0.0000e+00      0.0000e+00      0.0000e+00

STAT_0:   390000              75

MOVE_1:   390000          136062           97154      7.1404e+01

ENER_1:   390000      0.0000e+00      0.0000e+00      0.0000e+00      0.0000e+00      0.0000e+00      0.0000e+00      0.0000e+00      0.0000e+00      0.0000e+00      0.0000e+00

STAT_1:   390000             527

Steps/sec: 17095.242, Simulation ends in:   0 d:   0 h:   1 m 

MOVE_0:   400000          120399           60616      5.0346e+01      2.4558e+00          140015          100038      7.1448e+01

ENER_0:   400000     -9.8082e+03      0.0000e+00      0.0000e+00     -9.3779e+03     -4.3035e+02      0.0000e+00      0.0000e+00      0.0000e+00      0.0000e+00      0.0000e+00

STAT_0:   400000              67

MOVE_1:   400000          139586           99973      7.1621e+01

ENER_1:   400000      0.0000e+00      0.0000e+00      0.0000e+00      0.0000e+00      0.0000e+00      0.0000e+00      0.0000e+00      0.0000e+00      0.0000e+00      0.0000e+00

STAT_1:   400000             535

Steps/sec: 17108.086, Simulation ends in:   0 d:   0 h:   1 m 

MOVE_0:   410000          123353           62179      5.0407e+01      3.6075e+00          143465          102865      7.1700e+01

ENER_0:   410000     -4.4223e+03      0.0000e+00      0.0000e+00     -4.2194e+03     -2.0286e+02      0.0000e+00      0.0000e+00      0.0000e+00      0.0000e+00      0.0000e+00

STAT_0:   410000              46

MOVE_1:   410000          143182          102821      7.1811e+01

ENER_1:   410000      0.0000e+00      0.0000e+00      0.0000e+00      0.0000e+00      0.0000e+00      0.0000e+00      0.0000e+00      0.0000e+00      0.0000e+00      0.0000e+00

STAT_1:   410000             556

Steps/sec: 17966.190, Simulation ends in:   0 d:   0 h:   1 m 

MOVE_0:   420000          126393           63609      5.0326e+01      1.5304e+00          146869          105639      7.1927e+01

ENER_0:   420000     -1.1515e+04      0.0000e+00      0.0000e+00     -1.0990e+04     -5.2497e+02      0.0000e+00      0.0000e+00      0.0000e+00      0.0000e+00      0.0000e+00

STAT_0:   420000              74

MOVE_1:   420000          146738          105567      7.1943e+01

ENER_1:   420000      0.0000e+00      0.0000e+00      0.0000e+00      0.0000e+00      0.0000e+00      0.0000e+00      0.0000e+00      0.0000e+00      0.0000e+00      0.0000e+00

STAT_1:   420000             528

Steps/sec: 18061.232, Simulation ends in:   0 d:   0 h:   1 m 

MOVE_0:   430000          129438           65181      5.0357e+01      2.0150e+00          150296          108284      7.2047e+01

ENER_0:   430000     -8.3068e+03      0.0000e+00      0.0000e+00     -7.9617e+03     -3.4513e+02      0.0000e+00      0.0000e+00      0.0000e+00      0.0000e+00      0.0000e+00

STAT_0:   430000              60

MOVE_1:   430000          150266          108226      7.2023e+01

ENER_1:   430000      0.0000e+00      0.0000e+00      0.0000e+00      0.0000e+00      0.0000e+00      0.0000e+00      0.0000e+00      0.0000e+00      0.0000e+00      0.0000e+00

STAT_1:   430000             542

Steps/sec: 16804.749, Simulation ends in:   0 d:   0 h:   1 m 

MOVE_0:   440000          132396           66563      5.0276e+01      8.7258e-01          153838          110609      7.1900e+01

ENER_0:   440000     -5.5953e+04      0.0000e+00      0.0000e+00     -5.3374e+04     -2.5785e+03      0.0000e+00      0.0000e+00      0.0000e+00      0.0000e+00      0.0000e+00

STAT_0:   440000             164

MOVE_1:   440000          153766          110447      7.1828e+01

ENER_1:   440000      0.0000e+00      0.0000e+00      0.0000e+00      0.0000e+00      0.0000e+00      0.0000e+00      0.0000e+00      0.0000e+00      0.0000e+00      0.0000e+00

STAT_1:   440000             438

Steps/sec: 14801.348, Simulation ends in:   0 d:   0 h:   1 m 

MOVE_0:   450000          135472           68218      5.0356e+01      1.6290e+00          157290          112818      7.1726e+01

ENER_0:   450000     -2.1019e+04      0.0000e+00      0.0000e+00     -2.0117e+04     -9.0202e+02      0.0000e+00      0.0000e+00      0.0000e+00      0.0000e+00      0.0000e+00

STAT_0:   450000              97

MOVE_1:   450000          157238          112723      7.1689e+01

ENER_1:   450000      0.0000e+00      0.0000e+00      0.0000e+00      0.0000e+00      0.0000e+00      0.0000e+00      0.0000e+00      0.0000e+00      0.0000e+00      0.0000e+00

STAT_1:   450000             505

Steps/sec: 15018.577, Simulation ends in:   0 d:   0 h:   1 m 

MOVE_0:   460000          138448           69624      5.0289e+01      8.4082e-01          160820          114884      7.1436e+01

ENER_0:   460000     -3.1761e+04      0.0000e+00      0.0000e+00     -3.0287e+04     -1.4741e+03      0.0000e+00      0.0000e+00      0.0000e+00      0.0000e+00      0.0000e+00

STAT_0:   460000             124

MOVE_1:   460000          160732          114762      7.1400e+01

ENER_1:   460000      0.0000e+00      0.0000e+00      0.0000e+00      0.0000e+00      0.0000e+00      0.0000e+00      0.0000e+00      0.0000e+00      0.0000e+00      0.0000e+00

STAT_1:   460000             478

Steps/sec: 13430.394, Simulation ends in:   0 d:   0 h:   1 m 

MOVE_0:   470000          141446           71239      5.0365e+01      1.7096e+00          164318          117287      7.1378e+01

ENER_0:   470000     -1.5837e+04      0.0000e+00      0.0000e+00     -1.5192e+04     -6.4462e+02      0.0000e+00      0.0000e+00      0.0000e+00      0.0000e+00      0.0000e+00

STAT_0:   470000              82

MOVE_1:   470000          164236          117207      7.1365e+01

ENER_1:   470000      0.0000e+00      0.0000e+00      0.0000e+00      0.0000e+00      0.0000e+00      0.0000e+00      0.0000e+00      0.0000e+00      0.0000e+00      0.0000e+00

STAT_1:   470000             520

Steps/sec: 15498.033, Simulation ends in:   0 d:   0 h:   1 m 

MOVE_0:   480000          144431           72804      5.0407e+01      2.4584e+00          167759          120049      7.1560e+01

ENER_0:   480000     -1.4454e+03      0.0000e+00      0.0000e+00     -1.3755e+03     -6.9888e+01      0.0000e+00      0.0000e+00      0.0000e+00      0.0000e+00      0.0000e+00

STAT_0:   480000              27

MOVE_1:   480000          167810          120024      7.1524e+01

ENER_1:   480000      0.0000e+00      0.0000e+00      0.0000e+00      0.0000e+00      0.0000e+00      0.0000e+00      0.0000e+00      0.0000e+00      0.0000e+00      0.0000e+00

STAT_1:   480000             575

Steps/sec: 17660.450, Simulation ends in:   0 d:   0 h:   1 m 

MOVE_0:   490000          147449           74300      5.0390e+01      2.0102e+00          171278          122823      7.1710e+01

ENER_0:   490000     -8.4264e+03      0.0000e+00      0.0000e+00     -8.0578e+03     -3.6852e+02      0.0000e+00      0.0000e+00      0.0000e+00      0.0000e+00      0.0000e+00

STAT_0:   490000              62

MOVE_1:   490000          171273          122763      7.1677e+01

ENER_1:   490000      0.0000e+00      0.0000e+00      0.0000e+00      0.0000e+00      0.0000e+00      0.0000e+00      0.0000e+00      0.0000e+00      0.0000e+00      0.0000e+00

STAT_1:   490000             540

Steps/sec: 17263.046, Simulation ends in:   0 d:   0 h:   1 m 

MOVE_0:   500000          150551           75711      5.0289e+01      7.5026e-01          174781          124927      7.1476e+01

ENER_0:   500000     -5.0535e+04      0.0000e+00      0.0000e+00     -4.8232e+04     -2.3032e+03      0.0000e+00      0.0000e+00      0.0000e+00      0.0000e+00      0.0000e+00

STAT_0:   500000             155

MOVE_1:   500000          174668          124774      7.1435e+01

ENER_1:   500000      0.0000e+00      0.0000e+00      0.0000e+00      0.0000e+00      0.0000e+00      0.0000e+00      0.0000e+00      0.0000e+00      0.0000e+00      0.0000e+00

STAT_1:   500000             447

Steps/sec: 13990.732, Simulation ends in:   0 d:   0 h:   1 m 

MOVE_0:   510000          153562           77180      5.0260e+01      5.4403e-01          178317          126391      7.0880e+01

ENER_0:   510000     -9.4340e+04      0.0000e+00      0.0000e+00     -8.9784e+04     -4.5560e+03      0.0000e+00      0.0000e+00      0.0000e+00      0.0000e+00      0.0000e+00

STAT_0:   510000             218

MOVE_1:   510000          178121          126175      7.0837e+01

ENER_1:   510000      0.0000e+00      0.0000e+00      0.0000e+00      0.0000e+00      0.0000e+00      0.0000e+00      0.0000e+00      0.0000e+00      0.0000e+00      0.0000e+00

STAT_1:   510000             384

Steps/sec: 12674.543, Simulation ends in:   0 d:   0 h:   1 m 

MOVE_0:   520000          156579           78738      5.0286e+01      7.3511e-01          181792          127776      7.0287e+01

ENER_0:   520000     -5.2876e+04      0.0000e+00      0.0000e+00     -5.0391e+04     -2.4850e+03      0.0000e+00      0.0000e+00      0.0000e+00      0.0000e+00      0.0000e+00

STAT_0:   520000             161

MOVE_1:   520000          181629          127617      7.0262e+01

ENER_1:   520000      0.0000e+00      0.0000e+00      0.0000e+00      0.0000e+00      0.0000e+00      0.0000e+00      0.0000e+00      0.0000e+00      0.0000e+00      0.0000e+00

STAT_1:   520000             441

Steps/sec: 12576.084, Simulation ends in:   0 d:   0 h:   1 m 

MOVE_0:   530000          159630           80285      5.0294e+01      8.3560e-01          185247          129429      6.9868e+01

ENER_0:   530000     -4.3039e+04      0.0000e+00      0.0000e+00     -4.0939e+04     -2.0999e+03      0.0000e+00      0.0000e+00      0.0000e+00      0.0000e+00      0.0000e+00

STAT_0:   530000             148

MOVE_1:   530000          185123          129283      6.9836e+01

ENER_1:   530000      0.0000e+00      0.0000e+00      0.0000e+00      0.0000e+00      0.0000e+00      0.0000e+00      0.0000e+00      0.0000e+00      0.0000e+00      0.0000e+00

STAT_1:   530000             454

Steps/sec: 13115.356, Simulation ends in:   0 d:   0 h:   1 m 

MOVE_0:   540000          162609           81947      5.0395e+01      2.2812e+00          188644          132131      7.0043e+01

ENER_0:   540000     -4.0593e+03      0.0000e+00      0.0000e+00     -3.8820e+03     -1.7726e+02      0.0000e+00      0.0000e+00      0.0000e+00      0.0000e+00      0.0000e+00

STAT_0:   540000              43

MOVE_1:   540000          188747          132090      6.9983e+01

ENER_1:   540000      0.0000e+00      0.0000e+00      0.0000e+00      0.0000e+00      0.0000e+00      0.0000e+00      0.0000e+00      0.0000e+00      0.0000e+00      0.0000e+00

STAT_1:   540000             559

Steps/sec: 17178.794, Simulation ends in:   0 d:   0 h:   1 m 

MOVE_0:   550000          165595           83484      5.0415e+01      2.7882e+00          192102          134957      7.0253e+01

ENER_0:   550000     -3.6644e+03      0.0000e+00      0.0000e+00     -3.5110e+03     -1.5339e+02      0.0000e+00      0.0000e+00      0.0000e+00      0.0000e+00      0.0000e+00

STAT_0:   550000              40

MOVE_1:   550000          192303          134919      7.0160e+01

ENER_1:   550000      0.0000e+00      0.0000e+00      0.0000e+00      0.0000e+00      0.0000e+00      0.0000e+00      0.0000e+00      0.0000e+00      0.0000e+00      0.0000e+00

STAT_1:   550000             562

Steps/sec: 17861.738, Simulation ends in:   0 d:   0 h:   1 m 

MOVE_0:   560000          168645           84909      5.0348e+01      1.1726e+00          195667          137584      7.0315e+01

ENER_0:   560000     -3.1231e+04      0.0000e+00      0.0000e+00     -2.9851e+04     -1.3805e+03      0.0000e+00      0.0000e+00      0.0000e+00      0.0000e+00      0.0000e+00

STAT_0:   560000             120

MOVE_1:   560000          195688          137466      7.0248e+01

ENER_1:   560000      0.0000e+00      0.0000e+00      0.0000e+00      0.0000e+00      0.0000e+00      0.0000e+00      0.0000e+00      0.0000e+00      0.0000e+00      0.0000e+00

STAT_1:   560000             482

Steps/sec: 16626.849, Simulation ends in:   0 d:   0 h:   1 m 

MOVE_0:   570000          171589           86461      5.0388e+01      1.9226e+00          199189          140167      7.0369e+01

ENER_0:   570000     -6.3223e+03      0.0000e+00      0.0000e+00     -6.0427e+03     -2.7955e+02      0.0000e+00      0.0000e+00      0.0000e+00      0.0000e+00      0.0000e+00

STAT_0:   570000              54

MOVE_1:   570000          199222          140115      7.0331e+01

ENER_1:   570000      0.0000e+00      0.0000e+00      0.0000e+00      0.0000e+00      0.0000e+00      0.0000e+00      0.0000e+00      0.0000e+00      0.0000e+00      0.0000e+00

STAT_1:   570000             548

Steps/sec: 16119.539, Simulation ends in:   0 d:   0 h:   1 m 

MOVE_0:   580000          174577           87929      5.0367e+01      1.4512e+00          202681          142960      7.0534e+01

ENER_0:   580000     -2.1805e+04      0.0000e+00      0.0000e+00     -2.0846e+04     -9.5868e+02      0.0000e+00      0.0000e+00      0.0000e+00      0.0000e+00      0.0000e+00

STAT_0:   580000             100

MOVE_1:   580000          202742          142862      7.0465e+01

ENER_1:   580000      0.0000e+00      0.0000e+00      0.0000e+00      0.0000e+00      0.0000e+00      0.0000e+00      0.0000e+00      0.0000e+00      0.0000e+00      0.0000e+00

STAT_1:   580000             502

Steps/sec: 17543.957, Simulation ends in:   0 d:   0 h:   1 m 

MOVE_0:   590000          177594           89522      5.0408e+01      2.3065e+00          206117          145746      7.0710e+01

ENER_0:   590000     -2.5462e+03      0.0000e+00      0.0000e+00     -2.4149e+03     -1.3124e+02      0.0000e+00      0.0000e+00      0.0000e+00      0.0000e+00      0.0000e+00

STAT_0:   590000              37

MOVE_1:   590000          206289          145711      7.0634e+01

ENER_1:   590000      0.0000e+00      0.0000e+00      0.0000e+00      0.0000e+00      0.0000e+00      0.0000e+00      0.0000e+00      0.0000e+00      0.0000e+00      0.0000e+00

STAT_1:   590000             565

Steps/sec: 17577.255, Simulation ends in:   0 d:   0 h:   1 m 

MOVE_0:   600000          180595           90954      5.0364e+01      1.3114e+00          209673          148407      7.0780e+01

ENER_0:   600000     -2.0677e+04      0.0000e+00      0.0000e+00     -1.9699e+04     -9.7795e+02      0.0000e+00      0.0000e+00      0.0000e+00      0.0000e+00      0.0000e+00

STAT_0:   600000             101

MOVE_1:   600000          209732          148308      7.0713e+01

ENER_1:   600000      0.0000e+00      0.0000e+00      0.0000e+00      0.0000e+00      0.0000e+00      0.0000e+00      0.0000e+00      0.0000e+00      0.0000e+00      0.0000e+00

STAT_1:   600000             501

Steps/sec: 16137.773, Simulation ends in:   0 d:   0 h:   1 m 

MOVE_0:   610000          183605           92557      5.0411e+01      2.2087e+00          213097          151164      7.0937e+01

ENER_0:   610000     -1.5649e+04      0.0000e+00      0.0000e+00     -1.4972e+04     -6.7645e+02      0.0000e+00      0.0000e+00      0.0000e+00      0.0000e+00      0.0000e+00

STAT_0:   610000              84

MOVE_1:   610000          213298          151082      7.0831e+01

ENER_1:   610000      0.0000e+00      0.0000e+00      0.0000e+00      0.0000e+00      0.0000e+00      0.0000e+00      0.0000e+00      0.0000e+00      0.0000e+00      0.0000e+00

STAT_1:   610000             518

Steps/sec: 17501.001, Simulation ends in:   0 d:   0 h:   1 m 

MOVE_0:   620000          186639           94079      5.0407e+01      1.9938e+00          216538          154000      7.1119e+01

ENER_0:   620000     -1.9556e+04      0.0000e+00      0.0000e+00     -1.8745e+04     -8.1143e+02      0.0000e+00      0.0000e+00      0.0000e+00      0.0000e+00      0.0000e+00

STAT_0:   620000              92

MOVE_1:   620000          216823          153910      7.0984e+01

ENER_1:   620000      0.0000e+00      0.0000e+00      0.0000e+00      0.0000e+00      0.0000e+00      0.0000e+00      0.0000e+00      0.0000e+00      0.0000e+00      0.0000e+00

STAT_1:   620000             510

Steps/sec: 18071.286, Simulation ends in:   0 d:   0 h:   1 m 

MOVE_0:   630000          189612           95478      5.0354e+01      8.9828e-01          220092          156378      7.1051e+01

ENER_0:   630000     -3.9904e+04      0.0000e+00      0.0000e+00     -3.8131e+04     -1.7732e+03      0.0000e+00      0.0000e+00      0.0000e+00      0.0000e+00      0.0000e+00

STAT_0:   630000             136

MOVE_1:   630000          220296          156244      7.0925e+01

ENER_1:   630000      0.0000e+00      0.0000e+00      0.0000e+00      0.0000e+00      0.0000e+00      0.0000e+00      0.0000e+00      0.0000e+00      0.0000e+00      0.0000e+00

STAT_1:   630000             466

Steps/sec: 15243.041, Simulation ends in:   0 d:   0 h:   1 m 

MOVE_0:   640000          192631           96981      5.0345e+01      7.8769e-01          223559          158354      7.0833e+01

ENER_0:   640000     -6.6146e+04      0.0000e+00      0.0000e+00     -6.2970e+04     -3.1755e+03      0.0000e+00      0.0000e+00      0.0000e+00      0.0000e+00      0.0000e+00

STAT_0:   640000             182

MOVE_1:   640000          223810          158174      7.0673e+01

ENER_1:   640000      0.0000e+00      0.0000e+00      0.0000e+00      0.0000e+00      0.0000e+00      0.0000e+00      0.0000e+00      0.0000e+00      0.0000e+00      0.0000e+00

STAT_1:   640000             420

Steps/sec: 13716.482, Simulation ends in:   0 d:   0 h:   1 m 

MOVE_0:   650000          195565           98426      5.0329e+01      6.6491e-01          227093          159941      7.0430e+01

ENER_0:   650000     -6.3196e+04      0.0000e+00      0.0000e+00     -6.0020e+04     -3.1755e+03      0.0000e+00      0.0000e+00      0.0000e+00      0.0000e+00      0.0000e+00

STAT_0:   650000             182

MOVE_1:   650000          227342          159761      7.0273e+01

ENER_1:   650000      0.0000e+00      0.0000e+00      0.0000e+00      0.0000e+00      0.0000e+00      0.0000e+00      0.0000e+00      0.0000e+00      0.0000e+00      0.0000e+00

STAT_1:   650000             420

Steps/sec: 12753.052, Simulation ends in:   0 d:   0 h:   1 m 

MOVE_0:   660000          198607           99962      5.0332e+01      7.1685e-01          230569          161614      7.0094e+01

ENER_0:   660000     -6.0726e+04      0.0000e+00      0.0000e+00     -5.7790e+04     -2.9360e+03      0.0000e+00      0.0000e+00      0.0000e+00      0.0000e+00      0.0000e+00

STAT_0:   660000             175

MOVE_1:   660000          230824          161441      6.9941e+01

ENER_1:   660000      0.0000e+00      0.0000e+00      0.0000e+00      0.0000e+00      0.0000e+00      0.0000e+00      0.0000e+00      0.0000e+00      0.0000e+00      0.0000e+00

STAT_1:   660000             427

Steps/sec: 13086.078, Simulation ends in:   0 d:   0 h:   1 m 

MOVE_0:   670000          201577          101433      5.0320e+01      6.3732e-01          234093          162940      6.9605e+01

ENER_0:   670000     -8.4138e+04      0.0000e+00      0.0000e+00     -8.0148e+04     -3.9897e+03      0.0000e+00      0.0000e+00      0.0000e+00      0.0000e+00      0.0000e+00

STAT_0:   670000             204

MOVE_1:   670000          234330          162738      6.9448e+01

ENER_1:   670000      0.0000e+00      0.0000e+00      0.0000e+00      0.0000e+00      0.0000e+00      0.0000e+00      0.0000e+00      0.0000e+00      0.0000e+00      0.0000e+00

STAT_1:   670000             398

Steps/sec: 12382.565, Simulation ends in:   0 d:   0 h:   1 m 

MOVE_0:   680000          204553          102907      5.0308e+01      5.5711e-01          237607          164420      6.9198e+01

ENER_0:   680000     -8.4713e+04      0.0000e+00      0.0000e+00     -8.0684e+04     -4.0289e+03      0.0000e+00      0.0000e+00      0.0000e+00      0.0000e+00      0.0000e+00

STAT_0:   680000             205

MOVE_1:   680000          237840          164217      6.9045e+01

ENER_1:   680000      0.0000e+00      0.0000e+00      0.0000e+00      0.0000e+00      0.0000e+00      0.0000e+00      0.0000e+00      0.0000e+00      0.0000e+00      0.0000e+00

STAT_1:   680000             397

Steps/sec: 12569.606, Simulation ends in:   0 d:   0 h:   1 m 

MOVE_0:   690000          207593          104448      5.0314e+01      6.3597e-01          241098          165629      6.8698e+01

ENER_0:   690000     -7.5346e+04      0.0000e+00      0.0000e+00     -7.1700e+04     -3.6454e+03      0.0000e+00      0.0000e+00      0.0000e+00      0.0000e+00      0.0000e+00

STAT_0:   690000             195

MOVE_1:   690000          241309          165436      6.8558e+01

ENER_1:   690000      0.0000e+00      0.0000e+00      0.0000e+00      0.0000e+00      0.0000e+00      0.0000e+00      0.0000e+00      0.0000e+00      0.0000e+00      0.0000e+00

STAT_1:   690000             407

Steps/sec: 12139.563, Simulation ends in:   0 d:   0 h:   1 m 

MOVE_0:   700000          210607          105962      5.0313e+01      6.5272e-01          244540          166989      6.8287e+01

ENER_0:   700000     -8.3693e+04      0.0000e+00      0.0000e+00     -7.9820e+04     -3.8732e+03      0.0000e+00      0.0000e+00      0.0000e+00      0.0000e+00      0.0000e+00

STAT_0:   700000             201

MOVE_1:   700000          244853          166790      6.8118e+01

ENER_1:   700000      0.0000e+00      0.0000e+00      0.0000e+00      0.0000e+00      0.0000e+00      0.0000e+00      0.0000e+00      0.0000e+00      0.0000e+00      0.0000e+00

STAT_1:   700000             401

Steps/sec: 11642.853, Simulation ends in:   0 d:   0 h:   1 m 

MOVE_0:   710000          213634          107661      5.0395e+01      2.0149e+00          247953          169167      6.8225e+01

ENER_0:   710000     -8.0448e+03      0.0000e+00      0.0000e+00     -7.7441e+03     -3.0064e+02      0.0000e+00      0.0000e+00      0.0000e+00      0.0000e+00      0.0000e+00

STAT_0:   710000              56

MOVE_1:   710000          248413          169113      6.8077e+01

ENER_1:   710000      0.0000e+00      0.0000e+00      0.0000e+00      0.0000e+00      0.0000e+00      0.0000e+00      0.0000e+00      0.0000e+00      0.0000e+00      0.0000e+00

STAT_1:   710000             546

Steps/sec: 14616.505, Simulation ends in:   0 d:   0 h:   1 m 

MOVE_0:   720000          216637          109201      5.0407e+01      2.4338e+00          251416          172027      6.8423e+01

ENER_0:   720000     -5.9586e+03      0.0000e+00      0.0000e+00     -5.6580e+03     -3.0064e+02      0.0000e+00      0.0000e+00      0.0000e+00      0.0000e+00      0.0000e+00

STAT_0:   720000              56

MOVE_1:   720000          251947          171973      6.8258e+01

ENER_1:   720000      0.0000e+00      0.0000e+00      0.0000e+00      0.0000e+00      0.0000e+00      0.0000e+00      0.0000e+00      0.0000e+00      0.0000e+00      0.0000e+00

STAT_1:   720000             546

Steps/sec: 17726.633, Simulation ends in:   0 d:   0 h:   1 m 

MOVE_0:   730000          219618          110598      5.0359e+01      1.0066e+00          254928          174783      6.8562e+01

ENER_0:   730000     -3.0665e+04      0.0000e+00      0.0000e+00     -2.9191e+04     -1.4741e+03      0.0000e+00      0.0000e+00      0.0000e+00      0.0000e+00      0.0000e+00

STAT_0:   730000             124

MOVE_1:   730000          255454          174661      6.8373e+01

ENER_1:   730000      0.0000e+00      0.0000e+00      0.0000e+00      0.0000e+00      0.0000e+00      0.0000e+00      0.0000e+00      0.0000e+00      0.0000e+00      0.0000e+00

STAT_1:   730000             478

Steps/sec: 16845.623, Simulation ends in:   0 d:   0 h:   1 m 

MOVE_0:   740000          222539          112016      5.0335e+01      7.4347e-01          258512          176803      6.8393e+01

ENER_0:   740000     -7.4652e+04      0.0000e+00      0.0000e+00     -7.0932e+04     -3.7205e+03      0.0000e+00      0.0000e+00      0.0000e+00      0.0000e+00      0.0000e+00

STAT_0:   740000             197

MOVE_1:   740000          258949          176608      6.8202e+01

ENER_1:   740000      0.0000e+00      0.0000e+00      0.0000e+00      0.0000e+00      0.0000e+00      0.0000e+00      0.0000e+00      0.0000e+00      0.0000e+00      0.0000e+00

STAT_1:   740000             405

Steps/sec: 13759.170, Simulation ends in:   0 d:   0 h:   1 m 

MOVE_0:   750000          225538          113519      5.0333e+01      7.3785e-01          262018          178418      6.8094e+01

ENER_0:   750000     -6.4119e+04      0.0000e+00      0.0000e+00     -6.1082e+04     -3.0375e+03      0.0000e+00      0.0000e+00      0.0000e+00      0.0000e+00      0.0000e+00

STAT_0:   750000             178

MOVE_1:   750000          262444          178242      6.7916e+01

ENER_1:   750000      0.0000e+00      0.0000e+00      0.0000e+00      0.0000e+00      0.0000e+00      0.0000e+00      0.0000e+00      0.0000e+00      0.0000e+00      0.0000e+00

STAT_1:   750000             424

Steps/sec: 12980.221, Simulation ends in:   0 d:   0 h:   1 m 

MOVE_0:   760000          228429          114985      5.0337e+01      7.7870e-01          265462          180246      6.7899e+01

ENER_0:   760000     -4.6742e+04      0.0000e+00      0.0000e+00     -4.4642e+04     -2.0999e+03      0.0000e+00      0.0000e+00      0.0000e+00      0.0000e+00      0.0000e+00

STAT_0:   760000             148

MOVE_1:   760000          266109          180100      6.7679e+01

ENER_1:   760000      0.0000e+00      0.0000e+00      0.0000e+00      0.0000e+00      0.0000e+00      0.0000e+00      0.0000e+00      0.0000e+00      0.0000e+00      0.0000e+00

STAT_1:   760000             454

Steps/sec: 13413.274, Simulation ends in:   0 d:   0 h:   1 m 

MOVE_0:   770000          231486          116622      5.0380e+01      1.4922e+00          268902          182348      6.7812e+01

ENER_0:   770000     -2.5230e+04      0.0000e+00      0.0000e+00     -2.4133e+04     -1.0976e+03      0.0000e+00      0.0000e+00      0.0000e+00      0.0000e+00      0.0000e+00

STAT_0:   770000             107

MOVE_1:   770000          269612          182243      6.7595e+01

ENER_1:   770000      0.0000e+00      0.0000e+00      0.0000e+00      0.0000e+00      0.0000e+00      0.0000e+00      0.0000e+00      0.0000e+00      0.0000e+00      0.0000e+00

STAT_1:   770000             495

Steps/sec: 14437.225, Simulation ends in:   0 d:   0 h:   1 m 

MOVE_0:   780000          234503          118220      5.0413e+01      2.3885e+00          272345          184901      6.7892e+01

ENER_0:   780000     -7.6853e+03      0.0000e+00      0.0000e+00     -7.3286e+03     -3.5673e+02      0.0000e+00      0.0000e+00      0.0000e+00      0.0000e+00      0.0000e+00

STAT_0:   780000              61

MOVE_1:   780000          273152          184842      6.7670e+01

ENER_1:   780000      0.0000e+00      0.0000e+00      0.0000e+00      0.0000e+00      0.0000e+00      0.0000e+00      0.0000e+00      0.0000e+00      0.0000e+00      0.0000e+00

STAT_1:   780000             541

Steps/sec: 16579.594, Simulation ends in:   0 d:   0 h:   1 m 

MOVE_0:   790000          237572          119669      5.0372e+01      1.1341e+00          275824          187539      6.7992e+01

ENER_0:   790000     -2.9477e+04      0.0000e+00      0.0000e+00     -2.8359e+04     -1.1182e+03      0.0000e+00      0.0000e+00      0.0000e+00      0.0000e+00      0.0000e+00

STAT_0:   790000             108

MOVE_1:   790000          276604          187433      6.7762e+01

ENER_1:   790000      0.0000e+00      0.0000e+00      0.0000e+00      0.0000e+00      0.0000e+00      0.0000e+00      0.0000e+00      0.0000e+00      0.0000e+00      0.0000e+00

STAT_1:   790000             494

Steps/sec: 16844.317, Simulation ends in:   0 d:   0 h:   1 m 

MOVE_0:   800000          240528          121093      5.0345e+01      7.3938e-01          279383          189400      6.7792e+01

ENER_0:   800000     -7.0691e+04      0.0000e+00      0.0000e+00     -6.7303e+04     -3.3884e+03      0.0000e+00      0.0000e+00      0.0000e+00      0.0000e+00      0.0000e+00

STAT_0:   800000             188

MOVE_1:   800000          280089          189214      6.7555e+01

ENER_1:   800000      0.0000e+00      0.0000e+00      0.0000e+00      0.0000e+00      0.0000e+00      0.0000e+00      0.0000e+00      0.0000e+00      0.0000e+00      0.0000e+00

STAT_1:   800000             414

Steps/sec: 12720.057, Simulation ends in:   0 d:   0 h:   1 m 

MOVE_0:   810000          243618          122634      5.0339e+01      7.1647e-01          282785          190995      6.7541e+01

ENER_0:   810000     -7.4194e+04      0.0000e+00      0.0000e+00     -7.0623e+04     -3.5710e+03      0.0000e+00      0.0000e+00      0.0000e+00      0.0000e+00      0.0000e+00

STAT_0:   810000             193

MOVE_1:   810000          283597          190804      6.7280e+01

ENER_1:   810000      0.0000e+00      0.0000e+00      0.0000e+00      0.0000e+00      0.0000e+00      0.0000e+00      0.0000e+00      0.0000e+00      0.0000e+00      0.0000e+00

STAT_1:   810000             409

Steps/sec: 12980.390, Simulation ends in:   0 d:   0 h:   1 m 

MOVE_0:   820000          246672          124175      5.0340e+01      7.3860e-01          286302          192374      6.7193e+01

ENER_0:   820000     -6.5791e+04      0.0000e+00      0.0000e+00     -6.2581e+04     -3.2105e+03      0.0000e+00      0.0000e+00      0.0000e+00      0.0000e+00      0.0000e+00

STAT_0:   820000             183

MOVE_1:   820000          287026          192193      6.6960e+01

ENER_1:   820000      0.0000e+00      0.0000e+00      0.0000e+00      0.0000e+00      0.0000e+00      0.0000e+00      0.0000e+00      0.0000e+00      0.0000e+00      0.0000e+00

STAT_1:   820000             419

Steps/sec: 12597.028, Simulation ends in:   0 d:   0 h:   1 m 

MOVE_0:   830000          249711          125715      5.0344e+01      8.3048e-01          289748          193925      6.6929e+01

ENER_0:   830000     -6.2381e+04      0.0000e+00      0.0000e+00     -5.9445e+04     -2.9360e+03      0.0000e+00      0.0000e+00      0.0000e+00      0.0000e+00      0.0000e+00

STAT_0:   830000             175

MOVE_1:   830000          290541          193752      6.6687e+01

ENER_1:   830000      0.0000e+00      0.0000e+00      0.0000e+00      0.0000e+00      0.0000e+00      0.0000e+00      0.0000e+00      0.0000e+00      0.0000e+00      0.0000e+00

STAT_1:   830000             427

Steps/sec: 12924.353, Simulation ends in:   0 d:   0 h:   1 m 

MOVE_0:   840000          252722          127198      5.0331e+01      7.1056e-01          293249          195760      6.6756e+01

ENER_0:   840000     -5.8239e+04      0.0000e+00      0.0000e+00     -5.5565e+04     -2.6737e+03      0.0000e+00      0.0000e+00      0.0000e+00      0.0000e+00      0.0000e+00

STAT_0:   840000             167

MOVE_1:   840000          294029          195595      6.6522e+01

ENER_1:   840000      0.0000e+00      0.0000e+00      0.0000e+00      0.0000e+00      0.0000e+00      0.0000e+00      0.0000e+00      0.0000e+00      0.0000e+00      0.0000e+00

STAT_1:   840000             435

Steps/sec: 13460.237, Simulation ends in:   0 d:   0 h:   1 m 

MOVE_0:   850000          255701          128697      5.0331e+01      7.3428e-01          296800          197077      6.6401e+01

ENER_0:   850000     -7.2865e+04      0.0000e+00      0.0000e+00     -6.9405e+04     -3.4608e+03      0.0000e+00      0.0000e+00      0.0000e+00      0.0000e+00      0.0000e+00

STAT_0:   850000             190

MOVE_1:   850000          297499          196889      6.6181e+01

ENER_1:   850000      0.0000e+00      0.0000e+00      0.0000e+00      0.0000e+00      0.0000e+00      0.0000e+00      0.0000e+00      0.0000e+00      0.0000e+00      0.0000e+00

STAT_1:   850000             412

Steps/sec: 12423.242, Simulation ends in:   0 d:   0 h:   1 m 

MOVE_0:   860000          258683          130190      5.0328e+01      7.2255e-01          300318          198445      6.6078e+01

ENER_0:   860000     -7.6681e+04      0.0000e+00      0.0000e+00     -7.2998e+04     -3.6829e+03      0.0000e+00      0.0000e+00      0.0000e+00      0.0000e+00      0.0000e+00

STAT_0:   860000             196

MOVE_1:   860000          300999          198251      6.5864e+01

ENER_1:   860000      0.0000e+00      0.0000e+00      0.0000e+00      0.0000e+00      0.0000e+00      0.0000e+00      0.0000e+00      0.0000e+00      0.0000e+00      0.0000e+00

STAT_1:   860000             406

Steps/sec: 12409.272, Simulation ends in:   0 d:   0 h:   1 m 

MOVE_0:   870000          261775          131757      5.0332e+01      7.9508e-01          303771          200256      6.5923e+01

ENER_0:   870000     -5.6802e+04      0.0000e+00      0.0000e+00     -5.4032e+04     -2.7706e+03      0.0000e+00      0.0000e+00      0.0000e+00      0.0000e+00      0.0000e+00

STAT_0:   870000             170

MOVE_1:   870000          304454          200088      6.5720e+01

ENER_1:   870000      0.0000e+00      0.0000e+00      0.0000e+00      0.0000e+00      0.0000e+00      0.0000e+00      0.0000e+00      0.0000e+00      0.0000e+00      0.0000e+00

STAT_1:   870000             432

Steps/sec: 13579.301, Simulation ends in:   0 d:   0 h:   1 m 

MOVE_0:   880000          264781          133384      5.0375e+01      1.6811e+00          307242          202438      6.5889e+01

ENER_0:   880000     -1.5846e+04      0.0000e+00      0.0000e+00     -1.5232e+04     -6.1356e+02      0.0000e+00      0.0000e+00      0.0000e+00      0.0000e+00      0.0000e+00

STAT_0:   880000              80

MOVE_1:   880000          307977          202360      6.5706e+01

ENER_1:   880000      0.0000e+00      0.0000e+00      0.0000e+00      0.0000e+00      0.0000e+00      0.0000e+00      0.0000e+00      0.0000e+00      0.0000e+00      0.0000e+00

STAT_1:   880000             522

Steps/sec: 14647.591, Simulation ends in:   0 d:   0 h:   1 m 

MOVE_0:   890000          267840          134947      5.0383e+01      1.8979e+00          310770          205012      6.5969e+01

ENER_0:   890000     -1.1438e+04      0.0000e+00      0.0000e+00     -1.0899e+04     -5.3926e+02      0.0000e+00      0.0000e+00      0.0000e+00      0.0000e+00      0.0000e+00

STAT_0:   890000              75

MOVE_1:   890000          311390          204939      6.5814e+01

ENER_1:   890000      0.0000e+00      0.0000e+00      0.0000e+00      0.0000e+00      0.0000e+00      0.0000e+00      0.0000e+00      0.0000e+00      0.0000e+00      0.0000e+00

STAT_1:   890000             527

Steps/sec: 16498.516, Simulation ends in:   0 d:   0 h:   1 m 

MOVE_0:   900000          270872          136495      5.0391e+01      2.1913e+00          314210          207823      6.6141e+01

ENER_0:   900000     -7.0822e+03      0.0000e+00      0.0000e+00     -6.7815e+03     -3.0064e+02      0.0000e+00      0.0000e+00      0.0000e+00      0.0000e+00      0.0000e+00

STAT_0:   900000              56

MOVE_1:   900000          314918          207769      6.5976e+01

ENER_1:   900000      0.0000e+00      0.0000e+00      0.0000e+00      0.0000e+00      0.0000e+00      0.0000e+00      0.0000e+00      0.0000e+00      0.0000e+00      0.0000e+00

STAT_1:   900000             546

Steps/sec: 15824.415, Simulation ends in:   0 d:   0 h:   1 m 

MOVE_0:   910000          273833          137980      5.0388e+01      2.0618e+00          317755          210550      6.6262e+01

ENER_0:   910000     -1.2057e+04      0.0000e+00      0.0000e+00     -1.1474e+04     -5.8326e+02      0.0000e+00      0.0000e+00      0.0000e+00      0.0000e+00      0.0000e+00

STAT_0:   910000              78

MOVE_1:   910000          318412          210474      6.6101e+01

ENER_1:   910000      0.0000e+00      0.0000e+00      0.0000e+00      0.0000e+00      0.0000e+00      0.0000e+00      0.0000e+00      0.0000e+00      0.0000e+00      0.0000e+00

STAT_1:   910000             524

Steps/sec: 16867.158, Simulation ends in:   0 d:   0 h:   1 m 

MOVE_0:   920000          276833          139504      5.0393e+01      2.2314e+00          321195          213345      6.6422e+01

ENER_0:   920000     -6.4533e+03      0.0000e+00      0.0000e+00     -6.1633e+03     -2.9000e+02      0.0000e+00      0.0000e+00      0.0000e+00      0.0000e+00      0.0000e+00

STAT_0:   920000              55

MOVE_1:   920000          321972          213292      6.6246e+01

ENER_1:   920000      0.0000e+00      0.0000e+00      0.0000e+00      0.0000e+00      0.0000e+00      0.0000e+00      0.0000e+00      0.0000e+00      0.0000e+00      0.0000e+00

STAT_1:   920000             547

Steps/sec: 17883.168, Simulation ends in:   0 d:   0 h:   1 m 

MOVE_0:   930000          279825          140992      5.0386e+01      1.9466e+00          324712          216152      6.6567e+01

ENER_0:   930000     -8.3090e+03      0.0000e+00      0.0000e+00     -7.9405e+03     -3.6852e+02      0.0000e+00      0.0000e+00      0.0000e+00      0.0000e+00      0.0000e+00

STAT_0:   930000              62

MOVE_1:   930000          325463          216092      6.6395e+01

ENER_1:   930000      0.0000e+00      0.0000e+00      0.0000e+00      0.0000e+00      0.0000e+00      0.0000e+00      0.0000e+00      0.0000e+00      0.0000e+00      0.0000e+00

STAT_1:   930000             540

Steps/sec: 17585.266, Simulation ends in:   0 d:   0 h:   1 m 

MOVE_0:   940000          282782          142510      5.0396e+01      2.3411e+00          328270          218831      6.6662e+01

ENER_0:   940000     -3.9751e+03      0.0000e+00      0.0000e+00     -3.8218e+03     -1.5339e+02      0.0000e+00      0.0000e+00      0.0000e+00      0.0000e+00      0.0000e+00

STAT_0:   940000              40

MOVE_1:   940000          328948          218793      6.6513e+01

ENER_1:   940000      0.0000e+00      0.0000e+00      0.0000e+00      0.0000e+00      0.0000e+00      0.0000e+00      0.0000e+00      0.0000e+00      0.0000e+00      0.0000e+00

STAT_1:   940000             562

Steps/sec: 16538.851, Simulation ends in:   0 d:   0 h:   1 m 

MOVE_0:   950000          285677          143930      5.0382e+01      1.7493e+00          331865          221687      6.6800e+01

ENER_0:   950000     -1.7768e+04      0.0000e+00      0.0000e+00     -1.6974e+04     -7.9388e+02      0.0000e+00      0.0000e+00      0.0000e+00      0.0000e+00      0.0000e+00

STAT_0:   950000              91

MOVE_1:   950000          332458          221598      6.6654e+01

ENER_1:   950000      0.0000e+00      0.0000e+00      0.0000e+00      0.0000e+00      0.0000e+00      0.0000e+00      0.0000e+00      0.0000e+00      0.0000e+00      0.0000e+00

STAT_1:   950000             511

Steps/sec: 17395.140, Simulation ends in:   0 d:   0 h:   1 m 

MOVE_0:   960000          288658          145466      5.0394e+01      2.1763e+00          335325          224555      6.6966e+01

ENER_0:   960000     -2.0495e+04      0.0000e+00      0.0000e+00     -1.9574e+04     -9.2072e+02      0.0000e+00      0.0000e+00      0.0000e+00      0.0000e+00      0.0000e+00

STAT_0:   960000              98

MOVE_1:   960000          336017          224459      6.6800e+01

ENER_1:   960000      0.0000e+00      0.0000e+00      0.0000e+00      0.0000e+00      0.0000e+00      0.0000e+00      0.0000e+00      0.0000e+00      0.0000e+00      0.0000e+00

STAT_1:   960000             504

Steps/sec: 17971.809, Simulation ends in:   0 d:   0 h:   1 m 

MOVE_0:   970000          291653          146886      5.0363e+01      1.2057e+00          338837          227159      6.7041e+01

ENER_0:   970000     -1.2664e+04      0.0000e+00      0.0000e+00     -1.2153e+04     -5.1088e+02      0.0000e+00      0.0000e+00      0.0000e+00      0.0000e+00      0.0000e+00

STAT_0:   970000              73

MOVE_1:   970000          339510          227088      6.6887e+01

ENER_1:   970000      0.0000e+00      0.0000e+00      0.0000e+00      0.0000e+00      0.0000e+00      0.0000e+00      0.0000e+00      0.0000e+00      0.0000e+00      0.0000e+00

STAT_1:   970000             529

Steps/sec: 16266.538, Simulation ends in:   0 d:   0 h:   1 m 

MOVE_0:   980000          294720          148554      5.0405e+01      2.5509e+00          342267          229964      6.7188e+01

ENER_0:   980000     -8.4671e+03      0.0000e+00      0.0000e+00     -8.1104e+03     -3.5673e+02      0.0000e+00      0.0000e+00      0.0000e+00      0.0000e+00      0.0000e+00

STAT_0:   980000              61

MOVE_1:   980000          343013          229905      6.7025e+01

ENER_1:   980000      0.0000e+00      0.0000e+00      0.0000e+00      0.0000e+00      0.0000e+00      0.0000e+00      0.0000e+00      0.0000e+00      0.0000e+00      0.0000e+00

STAT_1:   980000             541

Steps/sec: 17915.112, Simulation ends in:   0 d:   0 h:   1 m 

MOVE_0:   990000          297716          150067      5.0406e+01      2.6062e+00          345708          232834      6.7350e+01

ENER_0:   990000     -6.7907e+03      0.0000e+00      0.0000e+00     -6.4901e+03     -3.0064e+02      0.0000e+00      0.0000e+00      0.0000e+00      0.0000e+00      0.0000e+00

STAT_0:   990000              56

MOVE_1:   990000          346576          232780      6.7166e+01

ENER_1:   990000      0.0000e+00      0.0000e+00      0.0000e+00      0.0000e+00      0.0000e+00      0.0000e+00      0.0000e+00      0.0000e+00      0.0000e+00      0.0000e+00

STAT_1:   990000             546

Steps/sec: 17505.903, Simulation ends in:   0 d:   0 h:   0 m 

MOVE_0:  1000000          300718          151547      5.0395e+01      2.1884e+00          349204          235656      6.7484e+01

ENER_0:  1000000     -1.0953e+04      0.0000e+00      0.0000e+00     -1.0497e+04     -4.5643e+02      0.0000e+00      0.0000e+00      0.0000e+00      0.0000e+00      0.0000e+00

STAT_0:  1000000              69

MOVE_1:  1000000          350078          235589      6.7296e+01

ENER_1:  1000000      0.0000e+00      0.0000e+00      0.0000e+00      0.0000e+00      0.0000e+00      0.0000e+00      0.0000e+00      0.0000e+00      0.0000e+00      0.0000e+00

STAT_1:  1000000             533

Simulation Time (total): 6.5160e+01 sec.

Move Type                Mol. Kind      BOX_0      BOX_1      
% Accepted Displacement        AR      50.39505    0.00000 
% Accepted Mol-Transfer        AR      67.48376   67.29615 

Displacement:                            6.2403    sec.
Rotation:                                0.0000    sec.
Intra-Swap:                              0.0000    sec.
Regrowth:                                0.0000    sec.
Intra-MEMC:                              0.0000    sec.
Crank-Shaft:                             0.0000    sec.
Mol-Transfer:                           57.6871    sec.
MEMC:                                    0.0000    sec.

Info: GOMC Version 2.40
Info: Completed at: Fri May 17 16:26:43 2019
Info: On hostname: wsu50
