Info: GOMC Version 2.20
Info: Start Time: Wed May  2 18:59:42 2018
Info: Host Name: wsu28.grid.wayne.edu
CPU information:
Info: Total number of CPUs: 12
Info: Total number of CPUs available: 12
Info: Model name: AMD Opteron(tm) Processor 4332 HE              
Info: System name: Linux
Info: Release: 2.6.32-696.6.3.el6.x86_64
Info: Version: #1 SMP Wed Jul 12 14:17:22 UTC 2017
Info: Kernel Architecture: x86_64
Info: Total Ram: 32215.2MB
Info: Used Ram: 17553.1MB
Info: Working in the current directory: /wsu/home/fe/fe18/fe1855/testing/TestingSuite/Github/serial/GOMC_Examples/NVT_GEMC/binary_mixture/argon_and_krypton_T_143_15_K/x_0.500
Info: GOMC COMPILED TO RUN GIBBS ENSEMBLE.
Info: Number of threads                  1 

Reading Input File:                      in.conf
Info: PARAMETER file: EXOTIC format!
Info: Running NVT_GEMC
Info: Input Temperature                  143.1500 K
Info: Non-truncated potential            Active 
Info: Long Range Correction              Active 
Info: Cutoff                             10.0000 A
Info: Exclude                            ONE-FOUR 
Warning: Modified 1-4 VDW parameters will be ignored!
Info: Pressure calculation frequency     1000 
Info: Total number of steps              1000000 
Info: Number of equilibration steps      500000 
Info: Move adjustment frequency          1000 
Info: Displacement move frequency        0.6900 
Info: Rotation move frequency            0.1000 
Info: Volume move frequency              0.0100 
Info: Molecule swap move frequency       0.2000 
Info: Output name                        argon_krypton_NVT_143_15_K 
Info: Coordinate frequency               100000 
Info: Restart frequency                  1000000 
Info: Console output frequency           100000 
Info: Average output frequency           100000 
Info: Constant seed                      Active
Default: Intra-Swap move frequency       0.0000 
Default: Regrowth move frequency         0.0000 
Default: Short Range Cutoff              0.0000 
Warning: 1-4 Electrostatic scaling set, but will be ignored.
Finished Reading Input File:             in.conf

Reading from EXOTIC-Style parameter file:  	../../../../common/Par_Vrabec01_Noble_Gases_Exotic.inp
Reading BONDS parameters.
Reading ANGLES parameters.
Reading DIHEDRALS parameters.
Reading NONBONDED_MIE parameters.
Finished reading EXOTIC-Style parameter file:  	../../../../common/Par_Vrabec01_Noble_Gases_Exotic.inp
Reading from box 0 PDB coordinate file:  	STEP3_START_AR_KR_sys_BOX_0.pdb
Finished reading box 0 PDB coordinate file:  	STEP3_START_AR_KR_sys_BOX_0.pdb
Reading from box 1 PDB coordinate file:  	STEP3_START_AR_KR_sys_BOX_1.pdb
Finished reading box 1 PDB coordinate file:  	STEP3_START_AR_KR_sys_BOX_1.pdb
Random number seed: 50

Molecules in PSF:
Molecule Kind: AR
Idx	name	type	charge	mass
0	AR	AR	0.0000	39.9480

Bonds:

Angles:

Dihedrals:

Molecule Kind: KR
Idx	name	type	charge	mass
0	KR	KR	0.0000	83.7980

Bonds:

Angles:

Dihedrals:

Bonds parameter:
Atom Types                    Kb(K)                b0(A) 
Angles parameter:
Atom Types                Ktheta(K)       theta0(degree) 
Dihedrals parameter:
Atom Types                  Kchi(K)    n   delta(degree) 

NonBonded 1-4 parameters:
Type1  Type2             Epsilon(K)    Sigma(A)       N 
AR     AR                  116.7900      3.3952   12.00 
AR     KR                  137.7959      3.5113   12.00 
KR     KR                  162.5800      3.6274   12.00 

NonBonded parameters:
Type1  Type2             Epsilon(K)    Sigma(A)       N 
AR     AR                  116.7900      3.3952   12.00 
AR     KR                  137.7959      3.5113   12.00 
KR     KR                  162.5800      3.6274   12.00 

Info: Box  0:  Periodic Cell Basis 1     40.600   0.000   0.000 
Info: Box  0:  Periodic Cell Basis 2      0.000  40.600   0.000 
Info: Box  0:  Periodic Cell Basis 3      0.000   0.000  40.600 

Info: Box  1:  Periodic Cell Basis 1     40.600   0.000   0.000 
Info: Box  1:  Periodic Cell Basis 2      0.000  40.600   0.000 
Info: Box  1:  Periodic Cell Basis 3      0.000   0.000  40.600 

Minimum coordinates in box 0: x =    1.000, y =    1.092, z =    1.000
Maximum coordinates in box 0: x =   38.802, y =   38.839, z =   39.000
Wrapping molecules inside the simulation box 0:
Minimum coordinates in box 1: x =    1.024, y =    1.013, z =    1.000
Maximum coordinates in box 1: x =   39.000, y =   39.000, z =   39.000
Wrapping molecules inside the simulation box 1:

################################################################################
########################## INITIAL SIMULATION ENERGY ###########################

ETITLE:     STEP           TOTAL        INTRA(B)       INTRA(NB)       INTER(LJ)             LRC     TOTAL_ELECT            REAL           RECIP            SELF            CORR

ENER_0:        0    6509017.1241          0.0000          0.0000    6517350.1298      -8333.0058          0.0000          0.0000          0.0000          0.0000         -0.0000

ENER_1:        0    -103407.3618          0.0000          0.0000     -95074.3561      -8333.0058          0.0000          0.0000          0.0000          0.0000         -0.0000

STITLE:     STEP          VOLUME        PRESSURE        TOTALMOL      MOLFRAC_AR      MOLFRAC_KR     TOT_DENSITY

STAT_0:        0      66923.4160      58484.9218             500        0.500000        0.500000        767.6128

STAT_1:        0      66923.4160        674.3084             500        0.500000        0.500000        767.6128

################################################################################
############################# STARTING SIMULATION ##############################

MTITLE:     STEP          DISTRY       DISACCEPT      DISACCEPT%          DISMAX          ROTATE       ROTACCEPT      ROTACCEPT%          ROTMAX       INTRASWAP       INTACCEPT      INTACCEPT%        REGROWTH    REGROWACCEPT   REGROWACCEPT%        TRANSFER      TRANACCEPT     TRANACCEPT%          VOLUME       VOLACCEPT      VOLACCEPT%          VOLMAX

ETITLE:     STEP           TOTAL        INTRA(B)       INTRA(NB)       INTER(LJ)             LRC     TOTAL_ELECT            REAL           RECIP            SELF            CORR

STITLE:     STEP          VOLUME        PRESSURE        TOTALMOL      MOLFRAC_AR      MOLFRAC_KR     TOT_DENSITY

Printed combined psf to file argon_krypton_NVT_143_15_K_merged.psf
MOVE_0:   100000           39270           19740         50.2674          8.4817               0               0          0.0000          0.7854               0               0          0.0000               0               0          0.0000           10103            1539         15.2331            1035             558         53.9130        836.3106

ENER_0:   100000     -10377.0031          0.0000          0.0000      -9928.8452       -448.1579          0.0000          0.0000          0.0000          0.0000          0.0000

STAT_0:   100000      79749.7062         22.1191             139        0.748201        0.251799        147.5756

PRES_0:   100000        -13.6441         -5.1241        -13.5651

MOVE_1:   100000           39675           19394         48.8822          0.4038               0               0          0.0000          0.7854               0               0          0.0000               0               0          0.0000            9917            1178         11.8786            1035             558         53.9130        836.3106

ENER_1:   100000    -587850.9187          0.0000          0.0000    -556396.6009     -31454.3179          0.0000          0.0000          0.0000          0.0000          0.0000

STAT_1:   100000      54097.1258         54.1025             861        0.459930        0.540070       1681.6686

PRES_1:   100000         -3.9253       -138.3323       -157.7740

Steps/sec. : 3540.1008
MOVE_0:   200000           78865           40051         50.7843         20.9322               0               0          0.0000          0.7854               0               0          0.0000               0               0          0.0000           20046            2084         10.3961            2017            1096         54.3381        187.9886

ENER_0:   200000      -8601.6137          0.0000          0.0000      -8251.5586       -350.0551          0.0000          0.0000          0.0000          0.0000          0.0000

STAT_0:   200000      77677.1162         17.5855             125        0.824000        0.176000        127.3712

PRES_0:   200000        -13.2142        -11.9835        -13.7290

MOVE_1:   200000           79010           39121         49.5140          0.4620               0               0          0.0000          0.7854               0               0          0.0000               0               0          0.0000           20062            1709          8.5186            2017            1096         54.3381        187.9886

ENER_1:   200000    -594782.6620          0.0000          0.0000    -563358.0127     -31424.6493          0.0000          0.0000          0.0000          0.0000          0.0000

STAT_1:   200000      56169.7158        -50.4158             875        0.453714        0.546286       1653.0032

PRES_1:   200000       -196.5331       -216.6787       -198.5313

Steps/sec. : 3177.0735
MOVE_0:   300000          118817           61010         51.3479         21.4840               0               0          0.0000          0.7854               0               0          0.0000               0               0          0.0000           29979            2634          8.7862            2989            1632         54.6002        975.7528

ENER_0:   300000      -9179.5317          0.0000          0.0000      -8839.6045       -339.9272          0.0000          0.0000          0.0000          0.0000          0.0000

STAT_0:   300000      79329.0958         24.4044             124        0.814516        0.185484        124.8004

PRES_0:   300000         -5.1455         -5.2477         -5.5258

MOVE_1:   300000          118205           58746         49.6984          0.4116               0               0          0.0000          0.7854               0               0          0.0000               0               0          0.0000           30010            2258          7.5242            2989            1632         54.6002        975.7528

ENER_1:   300000    -605925.2664          0.0000          0.0000    -573514.7854     -32410.4809          0.0000          0.0000          0.0000          0.0000          0.0000

STAT_1:   300000      54517.7362         95.9472             876        0.455479        0.544521       1702.9732

PRES_1:   300000        -47.6826        -16.1810       -108.8620

Steps/sec. : 3171.8175
MOVE_0:   400000          158552           83308         52.5430         21.4182               0               0          0.0000          0.7854               0               0          0.0000               0               0          0.0000           39985            3178          7.9480            4003            2178         54.4092        822.2716

ENER_0:   400000      -6923.4311          0.0000          0.0000      -6677.4683       -245.9628          0.0000          0.0000          0.0000          0.0000          0.0000

STAT_0:   400000      78603.3376         25.0986             103        0.766990        0.233010        109.1567

PRES_0:   400000          3.1569          0.9408         -3.9060

MOVE_1:   400000          157614           78498         49.8040          0.4378               0               0          0.0000          0.7854               0               0          0.0000               0               0          0.0000           39846            2781          6.9794            4003            2178         54.4092        822.2716

ENER_1:   400000    -617768.3235          0.0000          0.0000    -584559.4655     -33208.8580          0.0000          0.0000          0.0000          0.0000          0.0000

STAT_1:   400000      55243.4944        182.7912             897        0.469342        0.530658       1704.4988

PRES_1:   400000        124.2454        -54.2295         13.2677

Steps/sec. : 3021.7607
MOVE_0:   500000          198143          106449         53.7233         21.2603               0               0          0.0000          0.7854               0               0          0.0000               0               0          0.0000           49929            3661          7.3324            5023            2721         54.1708        961.2263

ENER_0:   500000      -5571.5496          0.0000          0.0000      -5361.1065       -210.4431          0.0000          0.0000          0.0000          0.0000          0.0000

STAT_0:   500000      76877.2600         12.9133              92        0.706522        0.293478        104.9574

PRES_0:   500000        -12.7706         -8.9301         -8.2485

MOVE_1:   500000          197221           98346         49.8659          0.4598               0               0          0.0000          0.7854               0               0          0.0000               0               0          0.0000           49684            3253          6.5474            5023            2721         54.1708        961.2263

ENER_1:   500000    -623580.1771          0.0000          0.0000    -590810.5464     -32769.6307          0.0000          0.0000          0.0000          0.0000          0.0000

STAT_1:   500000      56969.5720        -82.3403             908        0.479075        0.520925       1661.8294

PRES_1:   500000       -173.2384       -220.9722       -321.6387

Steps/sec. : 2971.3955
MOVE_0:   600000          237413          128952         54.3155         21.2935               0               0          0.0000          0.7854               0               0          0.0000               0               0          0.0000           59858            4208          7.0300            6069            3293         54.2594        641.1120

ENER_0:   600000      -3587.1854          0.0000          0.0000      -3403.2008       -183.9845          0.0000          0.0000          0.0000          0.0000          0.0000

STAT_0:   600000      77237.8648         16.9365              89        0.786517        0.213483         94.3490

PRES_0:   600000         -6.0606         -3.4337         -6.0452

MOVE_1:   600000          236799          118185         49.9094          0.4291               0               0          0.0000          0.7854               0               0          0.0000               0               0          0.0000           59861            3797          6.3430            6069            3293         54.2594        641.1120

ENER_1:   600000    -628557.1735          0.0000          0.0000    -595193.1173     -33364.0562          0.0000          0.0000          0.0000          0.0000          0.0000

STAT_1:   600000      56608.9672          6.4383             911        0.472009        0.527991       1686.2211

PRES_1:   600000       -181.1871        -26.1736       -239.5896

Steps/sec. : 2926.3248
MOVE_0:   700000          276735          153326         55.4054         21.1248               0               0          0.0000          0.7854               0               0          0.0000               0               0          0.0000           69928            4816          6.8871            7093            3849         54.2648        686.1049

ENER_0:   700000       -974.1793          0.0000          0.0000       -879.9836        -94.1957          0.0000          0.0000          0.0000          0.0000          0.0000

STAT_0:   700000      75417.1226         23.8853              64        0.828125        0.171875         66.9134

PRES_0:   700000         -4.8579         31.3987         -4.1668

MOVE_1:   700000          276338          137970         49.9280          0.4060               0               0          0.0000          0.7854               0               0          0.0000               0               0          0.0000           69906            4380          6.2656            7093            3849         54.2648        686.1049

ENER_1:   700000    -638393.6532          0.0000          0.0000    -604405.4404     -33988.2127          0.0000          0.0000          0.0000          0.0000          0.0000

STAT_1:   700000      58429.7094         77.7922             936        0.477564        0.522436       1672.0284

PRES_1:   700000       -120.8744        -55.3307        -58.6792

Steps/sec. : 2901.7975
MOVE_0:   800000          316351          178124         56.3058         21.2363               0               0          0.0000          0.7854               0               0          0.0000               0               0          0.0000           79841            5346          6.6958            8091            4385         54.1960        755.4967

ENER_0:   800000      -3937.9354          0.0000          0.0000      -3768.5617       -169.3736          0.0000          0.0000          0.0000          0.0000          0.0000

STAT_0:   800000      76617.0420         17.6359              86        0.813953        0.186047         89.6650

PRES_0:   800000         -0.1420         -6.2140         -5.4592

MOVE_1:   800000          315805          157747         49.9508          0.4092               0               0          0.0000          0.7854               0               0          0.0000               0               0          0.0000           79912            4932          6.1718            8091            4385         54.1960        755.4967

ENER_1:   800000    -625309.1100          0.0000          0.0000    -592052.6703     -33256.4397          0.0000          0.0000          0.0000          0.0000          0.0000

STAT_1:   800000      57229.7900         34.0759             914        0.470460        0.529540       1675.2234

PRES_1:   800000       -136.7324       -112.7481       -114.1638

Steps/sec. : 2944.3417
MOVE_0:   900000          355874          202626         56.9376         21.2304               0               0          0.0000          0.7854               0               0          0.0000               0               0          0.0000           89861            5925          6.5935            9158            4952         54.0729        792.5153

ENER_0:   900000      -4638.6466          0.0000          0.0000      -4455.9177       -182.7288          0.0000          0.0000          0.0000          0.0000          0.0000

STAT_0:   900000      76552.9096         16.6428              90        0.833333        0.166667         92.2550

PRES_0:   900000         -4.3535         -6.4261         -7.0227

MOVE_1:   900000          355157          177478         49.9717          0.4610               0               0          0.0000          0.7854               0               0          0.0000               0               0          0.0000           89950            5515          6.1312            9158            4952         54.0729        792.5153

ENER_1:   900000    -616056.1370          0.0000          0.0000    -583046.8306     -33009.3064          0.0000          0.0000          0.0000          0.0000          0.0000

STAT_1:   900000      57293.9224         57.1900             910        0.467033        0.532967       1669.9879

PRES_1:   900000        -65.2737       -112.8019       -115.1367

Steps/sec. : 2835.2456
MOVE_0:  1000000          395523          226309         57.2177         21.2938               0               0          0.0000          0.7854               0               0          0.0000               0               0          0.0000           99895            6504          6.5108           10106            5467         54.0966        601.1715

ENER_0:  1000000      -4985.4950          0.0000          0.0000      -4775.5599       -209.9350          0.0000          0.0000          0.0000          0.0000          0.0000

STAT_0:  1000000      77241.4101         16.3975              93        0.731183        0.268817        103.4360

PRES_0:  1000000         -4.4338         -7.6537         -7.8585

MOVE_1:  1000000          394510          197191         49.9838          0.4442               0               0          0.0000          0.7854               0               0          0.0000               0               0          0.0000           99966            6097          6.0991           10106            5467         54.0966        601.1715

ENER_1:  1000000    -616580.8934          0.0000          0.0000    -583607.8298     -32973.0637          0.0000          0.0000          0.0000          0.0000          0.0000

STAT_1:  1000000      56605.4219        117.3003             907        0.476295        0.523705       1673.9210

PRES_1:  1000000        -53.4743        -33.9908        -28.4562

Simulation Time (total): 328.2577 sec.
Displacement:                     26.3571 sec.
Rotation:                          3.8452 sec.
Intra-Swap:                        0.0000 sec.
Regrowth:                          0.0000 sec.
Molecule-Transfer:                69.9027 sec.
Volume-Transfer:                 204.8729 sec.
Info: GOMC Version 2.20
Info: Completed at: Wed May  2 19:05:10 2018
Info: On hostname: wsu28.grid.wayne.edu
