Info: GOMC Version 2.1
Info: Start Time: Tue Sep  5 14:38:40 2017
Info: Host Name: potoff39.eng.wayne.edu
CPU information:
Info: Total number of CPUs: 4
Info: Total number of CPUs available: 4
Info: Model name: Intel(R) Core(TM) i5-2500K CPU @ 3.30GHz
Info: System name: Linux
Info: Release: 3.10.0-514.16.1.el7.x86_64
Info: Version: #1 SMP Wed Apr 12 07:10:20 CDT 2017
Info: Kernel Architecture: x86_64
Info: Total Ram: 7806.1MB
Info: Used Ram: 7317.5MB
Info: Working in the current directory: /home4/soroush/Desktop/validation/GOMC_Examples/NPT_GEMC/binary_mixture/krypton_and_xenon_T_216_61_K/x_0.475
Info: GOMC COMPILED TO RUN GIBBS ENSEMBLE.
Info: Number of threads                  1 

Reading Input File:                      in.conf
Info: Restart simulation                 Active 
Info: Random seed                        Active 
Info: PARAMETER file: EXOTIC format!
Info: Running NPT_GEMC
Info: Input Pressure                     24.5000 bar
Info: Input Temperature                  216.6100 K
Info: Non-truncated potential            Active 
Info: Long Range Correction              Active 
Info: Cutoff                             10.0000 A
Info: Exclude                            ONE-FOUR 
Warning: Modified 1-4 VDW parameters will be ignored!
Info: Pressure calculation frequency     1000 
Info: Total number of steps              1000000 
Info: Number of equilibration steps      500000 
Info: Move adjustment frequency          1000 
Info: Displacement move frequency        0.6900 
Info: Rotation move frequency            0.1000 
Info: Volume move frequency              0.0100 
Info: Molecule swap move frequency       0.2000 
Info: Simulation dimension of box        0: 76.8000 76.8000 76.8000 
Info: Simulation dimension of box        1: 82.8000 82.8000 82.8000 
Info: Output name                        krypton_xenon_NPT_216_61_K 
Info: Coordinate frequency               1000000 
Info: Restart frequency                  1000000 
Info: Console output frequency           100000 
Info: Average output frequency           100000 
Default: Intra-Swap move frequency       0.0000 
Default: Short Range Cutoff              1.0000 
Warning: 1-4 Electrostatic scaling set, but will be ignored.
Finished Reading Input File:             in.conf

Reading from EXOTIC Parameter File:     ../../../../common/Par_Vrabec01_Noble_Gases_Exotic.inp
Finished reading EXOTIC Parameter File:     ../../../../common/Par_Vrabec01_Noble_Gases_Exotic.inp
Reading from box 1 PDB coordinate file:     STEP3_START_KR_XE_sys_BOX_0.pdb
Finished reading box 1 PDB coordinate file:     STEP3_START_KR_XE_sys_BOX_0.pdb
Reading from box 2 PDB coordinate file:     STEP3_START_KR_XE_sys_BOX_1.pdb
Finished reading box 2 PDB coordinate file:     STEP3_START_KR_XE_sys_BOX_1.pdb
Random number seed: 940685443

Molecules in PSF:
Molecule Kind: KR
Idx	name	type	charge	mass
0	KR	KR	0.0000	83.7980

Bonds:

Angles:

Dihedrals:

Molecule Kind: XE
Idx	name	type	charge	mass
0	XE	XE	0.0000	131.2930

Bonds:

Angles:

Dihedrals:

Bonds parameter:
Atom Types                    Kb(K)                b0(A) 

Angles parameter:
Atom Types                Ktheta(K)       theta0(degree) 

Dihedrals parameter:
Atom Types                  Kchi(K)    n   delta(degree) 

Minimum coordinates in box 1: x =    1.000, y =    1.000, z =    1.000
Maximum coordinates in box 1: x =   75.000, y =   74.999, z =   75.000
Wrapping molecules inside the simulation box 1:
Minimum coordinates in box 2: x =    1.000, y =    1.000, z =    1.000
Maximum coordinates in box 2: x =   81.000, y =   81.000, z =   81.000
Wrapping molecules inside the simulation box 2:

################################################################################
########################## INITIAL SIMULATION ENERGY ###########################

ETITLE:     STEP           TOTAL        INTRA(B)       INTRA(NB)       INTER(LJ)             LRC     TOTAL_ELECT            REAL           RECIP            SELF            CORR

ENER_0:        0   40538127.7246          0.0000          0.0000   40580809.4205     -42681.6959          0.0000          0.0000          0.0000          0.0000         -0.0000

ENER_1:        0    -220797.0826          0.0000          0.0000    -186737.8925     -34059.1901          0.0000          0.0000          0.0000          0.0000         -0.0000

STITLE:     STEP          VOLUME        TOTALMOL      MOLFRAC_KR      MOLFRAC_XE     TOT_DENSITY

STAT_0:        0     452984.8320            2000        0.475000        0.525000        797.1799

STAT_1:        0     567663.5520            2000        0.475000        0.525000        636.1346

################################################################################
############################# STARTING SIMULATION ##############################

MTITLE:     STEP          DISTRY       DISACCEPT      DISACCEPT%          DISMAX          ROTATE       ROTACCEPT      ROTACCEPT%          ROTMAX       INTRASWAP       INTACCEPT      INTACCEPT%        TRANSFER      TRANACCEPT     TRANACCEPT%          VOLUME       VOLACCEPT      VOLACCEPT%          VOLMAX

ETITLE:     STEP           TOTAL        INTRA(B)       INTRA(NB)       INTER(LJ)             LRC     TOTAL_ELECT            REAL           RECIP            SELF            CORR

STITLE:     STEP          VOLUME        TOTALMOL      MOLFRAC_KR      MOLFRAC_XE     TOT_DENSITY

Printed combined psf to file krypton_xenon_NPT_216_61_K_merged.psf
MOVE_0:   100000           39483           19277         48.8235          1.0923               0               0          0.0000          0.7854               0               0          0.0000            9985            5619         56.2744             943             516         54.7190       4459.3169

ENER_0:   100000   -1174175.1784          0.0000          0.0000   -1104964.1421     -69211.0363          0.0000          0.0000          0.0000          0.0000          0.0000

STAT_0:   100000     448495.6899            2509        0.448386        0.551614       1021.8145

MOVE_1:   100000           39581           19461         49.1675          2.2418               0               0          0.0000          0.7854               0               0          0.0000           10008            6128         61.2310             943             516         54.7190       4459.3169

ENER_1:   100000    -340895.1138          0.0000          0.0000    -324846.0722     -16049.0416          0.0000          0.0000          0.0000          0.0000          0.0000

STAT_1:   100000     647111.0783            1491        0.519785        0.480215        407.8766

Steps/sec. : 7379.4829
MOVE_0:   200000           78684           38823         49.3404          0.7164               0               0          0.0000          0.7854               0               0          0.0000           19920           10021         50.3062            1951            1034         52.9985       2630.9811

ENER_0:   200000   -2077367.9696          0.0000          0.0000   -1946729.7340    -130638.2356          0.0000          0.0000          0.0000          0.0000          0.0000

STAT_0:   200000     395504.5903            3211        0.426658        0.573342       1496.8346

MOVE_1:   200000           79325           41012         51.7012         46.4664               0               0          0.0000          0.7854               0               0          0.0000           20120           11232         55.8250            1951            1034         52.9985       2630.9811

ENER_1:   200000     -59423.3730          0.0000          0.0000     -56210.7829      -3212.5901          0.0000          0.0000          0.0000          0.0000          0.0000

STAT_1:   200000     802614.6192             789        0.671736        0.328264        162.2396

Steps/sec. : 5331.4544
MOVE_0:   300000          118027           58517         49.5793          0.6578               0               0          0.0000          0.7854               0               0          0.0000           29903           13687         45.7713            2938            1564         53.2335       5607.3214

ENER_0:   300000   -2354070.2632          0.0000          0.0000   -2206068.1392    -148002.1240          0.0000          0.0000          0.0000          0.0000          0.0000

STAT_0:   300000     370455.6751            3315        0.432579        0.567421       1645.6253

MOVE_1:   300000          118961           65263         54.8608         46.1653               0               0          0.0000          0.7854               0               0          0.0000           30171           15002         49.7232            2938            1564         53.2335       5607.3214

ENER_1:   300000     -50635.0544          0.0000          0.0000     -48183.1167      -2451.9377          0.0000          0.0000          0.0000          0.0000          0.0000

STAT_1:   300000     787111.4311             685        0.680292        0.319708        143.0415

Steps/sec. : 4354.7276
MOVE_0:   400000          157438           78257         49.7066          0.6615               0               0          0.0000          0.7854               0               0          0.0000           39969           16890         42.2577            3938            2103         53.4027       6611.6284

ENER_0:   400000   -2552957.3155          0.0000          0.0000   -2390052.3602    -162904.9553          0.0000          0.0000          0.0000          0.0000          0.0000

STAT_0:   400000     354589.7037            3402        0.432099        0.567901       1764.7425

MOVE_1:   400000          158587           90194         56.8735         44.3947               0               0          0.0000          0.7854               0               0          0.0000           40068           18292         45.6524            3938            2103         53.4027       6611.6284

ENER_1:   400000     -39411.9149          0.0000          0.0000     -37376.9983      -2034.9166          0.0000          0.0000          0.0000          0.0000          0.0000

STAT_1:   400000     699975.6008             598        0.719064        0.280936        137.8067

Steps/sec. : 3170.9122
MOVE_0:   500000          197118           98112         49.7732          0.5887               0               0          0.0000          0.7854               0               0          0.0000           49852           19632         39.3806            4942            2629         53.1971       1468.7680

ENER_0:   500000   -2820691.5783          0.0000          0.0000   -2636434.9959    -184256.5824          0.0000          0.0000          0.0000          0.0000          0.0000

STAT_0:   500000     343237.6693            3567        0.437623        0.562377       1907.0034

MOVE_1:   500000          197957          114469         57.8252         39.9822               0               0          0.0000          0.7854               0               0          0.0000           50131           21199         42.2872            4942            2629         53.1971       1468.7680

ENER_1:   500000     -25971.1184          0.0000          0.0000     -24587.4474      -1383.6710          0.0000          0.0000          0.0000          0.0000          0.0000

STAT_1:   500000     511315.7207             433        0.782910        0.217090        132.3359

Steps/sec. : 2839.8611
MOVE_0:   600000          236816          118015         49.8340          0.6251               0               0          0.0000          0.7854               0               0          0.0000           59801           22204         37.1298            5963            3180         53.3289       3382.4932

ENER_0:   600000   -2824170.7659          0.0000          0.0000   -2639782.0750    -184388.6909          0.0000          0.0000          0.0000          0.0000          0.0000

STAT_0:   600000     339843.9851            3558        0.443227        0.556773       1916.5600

MOVE_1:   600000          237225          138712         58.4728         40.4312               0               0          0.0000          0.7854               0               0          0.0000           60195           23762         39.4750            5963            3180         53.3289       3382.4932

ENER_1:   600000     -27937.2264          0.0000          0.0000     -26479.8329      -1457.3934          0.0000          0.0000          0.0000          0.0000          0.0000

STAT_1:   600000     528737.3495             442        0.730769        0.269231        134.0731

Steps/sec. : 2314.8684
MOVE_0:   700000          276576          137918         49.8662          0.6016               0               0          0.0000          0.7854               0               0          0.0000           69820           24650         35.3051            6936            3715         53.5611       6366.1067

ENER_0:   700000   -2920397.4596          0.0000          0.0000   -2727989.6736    -192407.7859          0.0000          0.0000          0.0000          0.0000          0.0000

STAT_0:   700000     334770.8411            3608        0.443736        0.556264       1972.5118

MOVE_1:   700000          276542          162840         58.8844         38.4598               0               0          0.0000          0.7854               0               0          0.0000           70126           26258         37.4440            6936            3715         53.5611       6366.1067

ENER_1:   700000     -25125.4799          0.0000          0.0000     -23829.2176      -1296.2623          0.0000          0.0000          0.0000          0.0000          0.0000

STAT_1:   700000     455104.2604             392        0.762755        0.237245        135.9719

Steps/sec. : 2021.9940
MOVE_0:   800000          316202          157761         49.8925          0.5821               0               0          0.0000          0.7854               0               0          0.0000           79770           26779         33.5703            7908            4234         53.5407       2911.0961

ENER_0:   800000   -2966179.0171          0.0000          0.0000   -2769819.1030    -196359.9141          0.0000          0.0000          0.0000          0.0000          0.0000

STAT_0:   800000     324886.1159            3588        0.441750        0.558250       2022.9888

MOVE_1:   800000          315995          187458         59.3231         37.4972               0               0          0.0000          0.7854               0               0          0.0000           80125           28367         35.4034            7908            4234         53.5407       2911.0961

ENER_1:   800000     -31850.9872          0.0000          0.0000     -30308.3270      -1542.6601          0.0000          0.0000          0.0000          0.0000          0.0000

STAT_1:   800000     421781.1271             412        0.764563        0.235437        154.0607

Steps/sec. : 2068.7547
MOVE_0:   900000          355672          177521         49.9114          0.5591               0               0          0.0000          0.7854               0               0          0.0000           89796           28692         31.9524            8902            4772         53.6059       2830.4550

ENER_0:   900000   -3112370.8816          0.0000          0.0000   -2905530.4488    -206840.4328          0.0000          0.0000          0.0000          0.0000          0.0000

STAT_0:   900000     320165.4727            3664        0.447871        0.552129       2090.7742

MOVE_1:   900000          355541          211019         59.3515         36.3254               0               0          0.0000          0.7854               0               0          0.0000           90089           30356         33.6956            8902            4772         53.6059       2830.4550

ENER_1:   900000     -24769.3830          0.0000          0.0000     -23646.8532      -1122.5298          0.0000          0.0000          0.0000          0.0000          0.0000

STAT_1:   900000     383460.2205             336        0.770833        0.229167        137.7643

Steps/sec. : 2155.3873
MOVE_0:  1000000          395188          197340         49.9357          0.5855               0               0          0.0000          0.7854               0               0          0.0000           99808           30270         30.3282            9883            5313         53.7590       2789.9444

ENER_0:  1000000   -3157175.7555          0.0000          0.0000   -2949396.6638    -207779.0917          0.0000          0.0000          0.0000          0.0000          0.0000

STAT_0:  1000000     315002.2068            3645        0.449657        0.550343       2112.3951

MOVE_1:  1000000          395045          235031         59.4947         35.6789               0               0          0.0000          0.7854               0               0          0.0000          100076           31915         31.8908            9883            5313         53.7590       2789.9444

ENER_1:  1000000     -23695.8954          0.0000          0.0000     -22332.9306      -1362.9647          0.0000          0.0000          0.0000          0.0000          0.0000

STAT_1:  1000000     363348.9519             355        0.735211        0.264789        156.3558

Simulation Time (total): 342.8654 sec.
Info: GOMC Version 2.1
Info: Completed at: Tue Sep  5 14:44:23 2017
Info: On hostname: potoff39.eng.wayne.edu
