Info: GOMC Version 2.1
Info: Start Time: Tue Sep  5 17:39:22 2017
Info: Host Name: potoff39.eng.wayne.edu
CPU information:
Info: Total number of CPUs: 4
Info: Total number of CPUs available: 4
Info: Model name: Intel(R) Core(TM) i5-2500K CPU @ 3.30GHz
Info: System name: Linux
Info: Release: 3.10.0-514.16.1.el7.x86_64
Info: Version: #1 SMP Wed Apr 12 07:10:20 CDT 2017
Info: Kernel Architecture: x86_64
Info: Total Ram: 7806.1MB
Info: Used Ram: 7162.1MB
Info: Working in the current directory: /home4/soroush/Desktop/validation/GOMC_Examples/GCMC/argon/run2a_bridge
Info: GOMC COMPILED TO RUN GRAND CANONICAL ENSEMBLE.
Info: Number of threads                  1 

Reading Input File:                      in.conf
Info: Restart simulation                 Active 
Info: Random seed                        Active 
Info: PARAMETER file: EXOTIC format!
Info: Input Temperature                  150.0000 K
Info: Non-truncated potential            Active 
Info: Long Range Correction              Active 
Info: Cutoff                             10.0000 A
Info: Exclude                            ONE-FOUR 
Warning: Modified 1-4 VDW parameters will be ignored!
Info: Pressure calculation               Inactive 
Info: Total number of steps              1000000 
Info: Number of equilibration steps      500000 
Info: Move adjustment frequency          1000 
Info: Displacement move frequency        0.3000 
Info: Rotation move frequency            0.0000 
Info: Molecule swap move frequency       0.7000 
Info: Simulation dimension of box        0: 25.0000 25.0000 25.0000 
Info: Simulation dimension of box        1: 25.0000 25.0000 25.0000 
Info: Chemical potential                 AR     -968.0000 K
Info: Output name                        AR_150_00_K_u_968_r2a 
Info: Coordinate frequency               100000 
Info: Restart frequency                  1000000 
Info: Console output frequency           10000 
Info: Average output frequency           100000 
Info: Histogram output frequency         100000 
Info: Histogram sample frequency         200 
Default: Intra-Swap move frequency       0.0000 
Default: Short Range Cutoff              1.0000 
Warning: 1-4 Electrostatic scaling set, but will be ignored.
Finished Reading Input File:             in.conf

Reading from EXOTIC Parameter File:     ../../../common/Par_Vrabec01_Noble_Gases_Exotic.inp
Finished reading EXOTIC Parameter File:     ../../../common/Par_Vrabec01_Noble_Gases_Exotic.inp
Reading from box 1 PDB coordinate file:     STEP3_START_AR_vap_BOX_0.pdb
Finished reading box 1 PDB coordinate file:     STEP3_START_AR_vap_BOX_0.pdb
Reading from box 2 PDB coordinate file:     STEP3_START_AR_reservoir_BOX_1.pdb
Finished reading box 2 PDB coordinate file:     STEP3_START_AR_reservoir_BOX_1.pdb
Random number seed: 566111403

Molecules in PSF:
Molecule Kind: AR
Idx	name	type	charge	mass
0	AR	AR	0.0000	39.9480

Bonds:

Angles:

Dihedrals:

Bonds parameter:
Atom Types                    Kb(K)                b0(A) 

Angles parameter:
Atom Types                Ktheta(K)       theta0(degree) 

Dihedrals parameter:
Atom Types                  Kchi(K)    n   delta(degree) 

Minimum coordinates in box 1: x =    1.000, y =   23.108, z =   22.525
Maximum coordinates in box 1: x =    5.850, y =   24.000, z =   24.000
Wrapping molecules inside the simulation box 1:
Minimum coordinates in box 2: x =    1.000, y =    1.000, z =    1.000
Maximum coordinates in box 2: x =   23.970, y =   23.997, z =   24.000
Wrapping molecules inside the simulation box 2:

################################################################################
########################## INITIAL SIMULATION ENERGY ###########################

ETITLE:     STEP           TOTAL        INTRA(B)       INTRA(NB)       INTER(LJ)             LRC     TOTAL_ELECT            REAL           RECIP            SELF            CORR

ENER_0:        0        -35.6932          0.0000          0.0000        -35.3097         -0.3835          0.0000          0.0000          0.0000          0.0000         -0.0000

ENER_1:        0          0.0000          0.0000          0.0000          0.0000          0.0000          0.0000          0.0000          0.0000          0.0000         -0.0000

STITLE:     STEP        TOTALMOL

STAT_0:        0               2

STAT_1:        0             600

################################################################################
############################# STARTING SIMULATION ##############################

MTITLE:     STEP          DISTRY       DISACCEPT      DISACCEPT%          DISMAX          ROTATE       ROTACCEPT      ROTACCEPT%          ROTMAX       INTRASWAP       INTACCEPT      INTACCEPT%        TRANSFER      TRANACCEPT     TRANACCEPT%

ETITLE:     STEP           TOTAL        INTRA(B)       INTRA(NB)       INTER(LJ)             LRC     TOTAL_ELECT            REAL           RECIP            SELF            CORR

STITLE:     STEP        TOTALMOL

Printed combined psf to file AR_150_00_K_u_968_r2a_merged.psf
MOVE_0:    10000            2992            1345         44.9532          1.6353               0               0          0.0000          0.7854               0               0          0.0000            3487            2645         75.8532

ENER_0:    10000     -18402.9736          0.0000          0.0000     -17660.5702       -742.4034          0.0000          0.0000          0.0000          0.0000          0.0000

STAT_0:    10000              88

MOVE_1:    10000            3521            2731         77.5632

ENER_1:    10000          0.0000          0.0000          0.0000          0.0000          0.0000          0.0000          0.0000          0.0000          0.0000          0.0000

STAT_1:    10000             514

Steps/sec. : 35398.6149
MOVE_0:    20000            5967            2878         48.2319          1.9785               0               0          0.0000          0.7854               0               0          0.0000            7040            5316         75.5114

ENER_0:    20000     -16386.0336          0.0000          0.0000     -15725.5975       -660.4361          0.0000          0.0000          0.0000          0.0000          0.0000

STAT_0:    20000              83

MOVE_1:    20000            6993            5397         77.1772

ENER_1:    20000          0.0000          0.0000          0.0000          0.0000          0.0000          0.0000          0.0000          0.0000          0.0000          0.0000

STAT_1:    20000             519

Steps/sec. : 37894.1282
MOVE_0:    30000            8989            4428         49.2602          2.1268               0               0          0.0000          0.7854               0               0          0.0000           10505            7828         74.5169

ENER_0:    30000      -8815.0835          0.0000          0.0000      -8397.4816       -417.6019          0.0000          0.0000          0.0000          0.0000          0.0000

STAT_0:    30000              66

MOVE_1:    30000           10506            7892         75.1190

ENER_1:    30000          0.0000          0.0000          0.0000          0.0000          0.0000          0.0000          0.0000          0.0000          0.0000          0.0000

STAT_1:    30000             536

Steps/sec. : 30407.8077
MOVE_0:    40000           11913            5842         49.0389          1.3590               0               0          0.0000          0.7854               0               0          0.0000           13988           10559         75.4861

ENER_0:    40000     -19430.0384          0.0000          0.0000     -18546.5170       -883.5214          0.0000          0.0000          0.0000          0.0000          0.0000

STAT_0:    40000              96

MOVE_1:    40000           14099           10653         75.5586

ENER_1:    40000          0.0000          0.0000          0.0000          0.0000          0.0000          0.0000          0.0000          0.0000          0.0000          0.0000

STAT_1:    40000             506

Steps/sec. : 36363.3715
MOVE_0:    50000           14895            7360         49.4126          1.4284               0               0          0.0000          0.7854               0               0          0.0000           17464           12967         74.2499

ENER_0:    50000     -20211.8190          0.0000          0.0000     -19253.1370       -958.6821          0.0000          0.0000          0.0000          0.0000          0.0000

STAT_0:    50000             100

MOVE_1:    50000           17641           13065         74.0604

ENER_1:    50000          0.0000          0.0000          0.0000          0.0000          0.0000          0.0000          0.0000          0.0000          0.0000          0.0000

STAT_1:    50000             502

Steps/sec. : 27421.4404
MOVE_0:    60000           17921            8852         49.3946          1.0380               0               0          0.0000          0.7854               0               0          0.0000           20921           15589         74.5136

ENER_0:    60000     -22391.9762          0.0000          0.0000     -21414.0246       -977.9516          0.0000          0.0000          0.0000          0.0000          0.0000

STAT_0:    60000             101

MOVE_1:    60000           21158           15688         74.1469

ENER_1:    60000          0.0000          0.0000          0.0000          0.0000          0.0000          0.0000          0.0000          0.0000          0.0000          0.0000

STAT_1:    60000             501

Steps/sec. : 34008.9825
MOVE_0:    70000           20887           10465         50.1029          2.0452               0               0          0.0000          0.7854               0               0          0.0000           24457           18305         74.8456

ENER_0:    70000      -4194.6971          0.0000          0.0000      -3991.8400       -202.8571          0.0000          0.0000          0.0000          0.0000          0.0000

STAT_0:    70000              46

MOVE_1:    70000           24656           18349         74.4200

ENER_1:    70000          0.0000          0.0000          0.0000          0.0000          0.0000          0.0000          0.0000          0.0000          0.0000          0.0000

STAT_1:    70000             556

Steps/sec. : 35224.2887
MOVE_0:    80000           23868           12017         50.3477          2.5672               0               0          0.0000          0.7854               0               0          0.0000           28019           21172         75.5630

ENER_0:    80000      -3978.9392          0.0000          0.0000      -3833.1237       -145.8155          0.0000          0.0000          0.0000          0.0000          0.0000

STAT_0:    80000              39

MOVE_1:    80000           28113           21209         75.4420

ENER_1:    80000          0.0000          0.0000          0.0000          0.0000          0.0000          0.0000          0.0000          0.0000          0.0000          0.0000

STAT_1:    80000             563

Steps/sec. : 46815.1905
MOVE_0:    90000           26807           13426         50.0839          1.5345               0               0          0.0000          0.7854               0               0          0.0000           31527           23914         75.8524

ENER_0:    90000     -20263.0967          0.0000          0.0000     -19323.4924       -939.6043          0.0000          0.0000          0.0000          0.0000          0.0000

STAT_0:    90000              99

MOVE_1:    90000           31666           24011         75.8258

ENER_1:    90000          0.0000          0.0000          0.0000          0.0000          0.0000          0.0000          0.0000          0.0000          0.0000          0.0000

STAT_1:    90000             503

Steps/sec. : 40402.2205
MOVE_0:   100000           29765           14981         50.3309          2.2426               0               0          0.0000          0.7854               0               0          0.0000           35079           26639         75.9400

ENER_0:   100000      -9340.8738          0.0000          0.0000      -8871.1196       -469.7542          0.0000          0.0000          0.0000          0.0000          0.0000

STAT_0:   100000              70

MOVE_1:   100000           35156           26707         75.9671

ENER_1:   100000          0.0000          0.0000          0.0000          0.0000          0.0000          0.0000          0.0000          0.0000          0.0000          0.0000

STAT_1:   100000             532

Steps/sec. : 38141.1666
MOVE_0:   110000           32809           16502         50.2972          2.2208               0               0          0.0000          0.7854               0               0          0.0000           38589           29455         76.3300

ENER_0:   110000      -7599.9374          0.0000          0.0000      -7369.7579       -230.1796          0.0000          0.0000          0.0000          0.0000          0.0000

STAT_0:   110000              49

MOVE_1:   110000           38602           29502         76.4261

ENER_1:   110000          0.0000          0.0000          0.0000          0.0000          0.0000          0.0000          0.0000          0.0000          0.0000          0.0000

STAT_1:   110000             553

Steps/sec. : 46686.6356
MOVE_0:   120000           35904           18057         50.2924          2.1914               0               0          0.0000          0.7854               0               0          0.0000           42078           32159         76.4271

ENER_0:   120000     -13544.8307          0.0000          0.0000     -12946.5172       -598.3135          0.0000          0.0000          0.0000          0.0000          0.0000

STAT_0:   120000              79

MOVE_1:   120000           42018           32236         76.7195

ENER_1:   120000          0.0000          0.0000          0.0000          0.0000          0.0000          0.0000          0.0000          0.0000          0.0000          0.0000

STAT_1:   120000             523

Steps/sec. : 43213.1612
MOVE_0:   130000           38956           19611         50.3414          2.4239               0               0          0.0000          0.7854               0               0          0.0000           45522           34913         76.6948

ENER_0:   130000     -13346.2448          0.0000          0.0000     -12717.2535       -628.9913          0.0000          0.0000          0.0000          0.0000          0.0000

STAT_0:   130000              81

MOVE_1:   130000           45522           34992         76.8683

ENER_1:   130000          0.0000          0.0000          0.0000          0.0000          0.0000          0.0000          0.0000          0.0000          0.0000          0.0000

STAT_1:   130000             521

Steps/sec. : 39836.3731
MOVE_0:   140000           41866           21089         50.3726          2.4031               0               0          0.0000          0.7854               0               0          0.0000           49104           37684         76.7432

ENER_0:   140000      -5612.9121          0.0000          0.0000      -5353.6844       -259.2276          0.0000          0.0000          0.0000          0.0000          0.0000

STAT_0:   140000              52

MOVE_1:   140000           49030           37734         76.9610

ENER_1:   140000          0.0000          0.0000          0.0000          0.0000          0.0000          0.0000          0.0000          0.0000          0.0000          0.0000

STAT_1:   140000             550

Steps/sec. : 40218.1248
MOVE_0:   150000           44885           22543         50.2239          1.5536               0               0          0.0000          0.7854               0               0          0.0000           52600           40433         76.8688

ENER_0:   150000     -22500.0236          0.0000          0.0000     -21541.3415       -958.6821          0.0000          0.0000          0.0000          0.0000          0.0000

STAT_0:   150000             100

MOVE_1:   150000           52515           40531         77.1799

ENER_1:   150000          0.0000          0.0000          0.0000          0.0000          0.0000          0.0000          0.0000          0.0000          0.0000          0.0000

STAT_1:   150000             502

Steps/sec. : 43106.9713
MOVE_0:   160000           48037           24073         50.1135          1.0866               0               0          0.0000          0.7854               0               0          0.0000           56001           42647         76.1540

ENER_0:   160000     -18385.2670          0.0000          0.0000     -17520.0564       -865.2106          0.0000          0.0000          0.0000          0.0000          0.0000

STAT_0:   160000              95

MOVE_1:   160000           55962           42740         76.3733

ENER_1:   160000          0.0000          0.0000          0.0000          0.0000          0.0000          0.0000          0.0000          0.0000          0.0000          0.0000

STAT_1:   160000             507

Steps/sec. : 24244.7840
MOVE_0:   170000           50890           25590         50.2849          1.9242               0               0          0.0000          0.7854               0               0          0.0000           59589           45364         76.1281

ENER_0:   170000     -13279.2787          0.0000          0.0000     -12725.5439       -553.7348          0.0000          0.0000          0.0000          0.0000          0.0000

STAT_0:   170000              76

MOVE_1:   170000           59521           45438         76.3394

ENER_1:   170000          0.0000          0.0000          0.0000          0.0000          0.0000          0.0000          0.0000          0.0000          0.0000          0.0000

STAT_1:   170000             526

Steps/sec. : 33898.2963
MOVE_0:   180000           53940           27108         50.2558          1.7058               0               0          0.0000          0.7854               0               0          0.0000           63064           48037         76.1718

ENER_0:   180000     -14569.7179          0.0000          0.0000     -13971.4044       -598.3135          0.0000          0.0000          0.0000          0.0000          0.0000

STAT_0:   180000              79

MOVE_1:   180000           62996           48114         76.3763

ENER_1:   180000          0.0000          0.0000          0.0000          0.0000          0.0000          0.0000          0.0000          0.0000          0.0000          0.0000

STAT_1:   180000             523

Steps/sec. : 36411.8284
MOVE_0:   190000           56910           28516         50.1072          0.9270               0               0          0.0000          0.7854               0               0          0.0000           66543           50417         75.7660

ENER_0:   190000     -48513.0027          0.0000          0.0000     -46239.3922      -2273.6104          0.0000          0.0000          0.0000          0.0000          0.0000

STAT_0:   190000             154

MOVE_1:   190000           66547           50569         75.9899

ENER_1:   190000          0.0000          0.0000          0.0000          0.0000          0.0000          0.0000          0.0000          0.0000          0.0000          0.0000

STAT_1:   190000             448

Steps/sec. : 28126.0767
MOVE_0:   200000           59884           29960         50.0301          0.6625               0               0          0.0000          0.7854               0               0          0.0000           70010           51889         74.1166

ENER_0:   200000     -77892.9209          0.0000          0.0000     -74172.3717      -3720.5493          0.0000          0.0000          0.0000          0.0000          0.0000

STAT_0:   200000             197

MOVE_1:   200000           70106           52084         74.2932

ENER_1:   200000          0.0000          0.0000          0.0000          0.0000          0.0000          0.0000          0.0000          0.0000          0.0000          0.0000

STAT_1:   200000             405

Steps/sec. : 16161.1217
MOVE_0:   210000           62946           31516         50.0683          0.7579               0               0          0.0000          0.7854               0               0          0.0000           73503           53310         72.5277

ENER_0:   210000     -58315.7781          0.0000          0.0000     -55446.5385      -2869.2396          0.0000          0.0000          0.0000          0.0000          0.0000

STAT_0:   210000             173

MOVE_1:   210000           73551           53481         72.7128

ENER_1:   210000          0.0000          0.0000          0.0000          0.0000          0.0000          0.0000          0.0000          0.0000          0.0000          0.0000

STAT_1:   210000             429

Steps/sec. : 16126.6911
MOVE_0:   220000           65901           33013         50.0948          0.8556               0               0          0.0000          0.7854               0               0          0.0000           77037           55073         71.4890

ENER_0:   220000     -59356.1164          0.0000          0.0000     -56420.1526      -2935.9639          0.0000          0.0000          0.0000          0.0000          0.0000

STAT_0:   220000             175

MOVE_1:   220000           77062           55246         71.6903

ENER_1:   220000          0.0000          0.0000          0.0000          0.0000          0.0000          0.0000          0.0000          0.0000          0.0000          0.0000

STAT_1:   220000             427

Steps/sec. : 17616.1166
MOVE_0:   230000           68894           34454         50.0102          0.5712               0               0          0.0000          0.7854               0               0          0.0000           80453           56142         69.7824

ENER_0:   230000    -103772.6203          0.0000          0.0000     -98876.0557      -4896.5646          0.0000          0.0000          0.0000          0.0000          0.0000

STAT_0:   230000             226

MOVE_1:   230000           80653           56366         69.8870

ENER_1:   230000          0.0000          0.0000          0.0000          0.0000          0.0000          0.0000          0.0000          0.0000          0.0000          0.0000

STAT_1:   230000             376

Steps/sec. : 14845.3597
MOVE_0:   240000           71834           35962         50.0626          0.7115               0               0          0.0000          0.7854               0               0          0.0000           83983           57493         68.4579

ENER_0:   240000     -70569.1393          0.0000          0.0000     -67216.7240      -3352.4154          0.0000          0.0000          0.0000          0.0000          0.0000

STAT_0:   240000             187

MOVE_1:   240000           84183           57678         68.5150

ENER_1:   240000          0.0000          0.0000          0.0000          0.0000          0.0000          0.0000          0.0000          0.0000          0.0000          0.0000

STAT_1:   240000             415

Steps/sec. : 15245.9716
MOVE_0:   250000           74803           37435         50.0448          0.6226               0               0          0.0000          0.7854               0               0          0.0000           87520           58824         67.2121

ENER_0:   250000    -103017.3817          0.0000          0.0000     -98033.7688      -4983.6129          0.0000          0.0000          0.0000          0.0000          0.0000

STAT_0:   250000             228

MOVE_1:   250000           87677           59050         67.3495

ENER_1:   250000          0.0000          0.0000          0.0000          0.0000          0.0000          0.0000          0.0000          0.0000          0.0000          0.0000

STAT_1:   250000             374

Steps/sec. : 15497.7525
MOVE_0:   260000           77839           38965         50.0585          0.6561               0               0          0.0000          0.7854               0               0          0.0000           90935           59906         65.8778

ENER_0:   260000     -80323.5848          0.0000          0.0000     -76565.1675      -3758.4172          0.0000          0.0000          0.0000          0.0000          0.0000

STAT_0:   260000             198

MOVE_1:   260000           91226           60102         65.8825

ENER_1:   260000          0.0000          0.0000          0.0000          0.0000          0.0000          0.0000          0.0000          0.0000          0.0000          0.0000

STAT_1:   260000             404

Steps/sec. : 14399.3035
MOVE_0:   270000           80853           40486         50.0736          0.6946               0               0          0.0000          0.7854               0               0          0.0000           94425           61231         64.8462

ENER_0:   270000     -84259.9194          0.0000          0.0000     -80231.0580      -4028.8614          0.0000          0.0000          0.0000          0.0000          0.0000

STAT_0:   270000             205

MOVE_1:   270000           94722           61434         64.8572

ENER_1:   270000          0.0000          0.0000          0.0000          0.0000          0.0000          0.0000          0.0000          0.0000          0.0000          0.0000

STAT_1:   270000             397

Steps/sec. : 15418.9372
MOVE_0:   280000           83873           42012         50.0900          0.7407               0               0          0.0000          0.7854               0               0          0.0000           98005           62854         64.1335

ENER_0:   280000     -76269.0887          0.0000          0.0000     -72586.2157      -3682.8731          0.0000          0.0000          0.0000          0.0000          0.0000

STAT_0:   280000             196

MOVE_1:   280000           98122           63048         64.2547

ENER_1:   280000          0.0000          0.0000          0.0000          0.0000          0.0000          0.0000          0.0000          0.0000          0.0000          0.0000

STAT_1:   280000             406

Steps/sec. : 16925.5447
MOVE_0:   290000           86858           43505         50.0875          0.7203               0               0          0.0000          0.7854               0               0          0.0000          101545           64602         63.6191

ENER_0:   290000     -75405.8426          0.0000          0.0000     -71871.7570      -3534.0856          0.0000          0.0000          0.0000          0.0000          0.0000

STAT_0:   290000             192

MOVE_1:   290000          101597           64792         63.7735

ENER_1:   290000          0.0000          0.0000          0.0000          0.0000          0.0000          0.0000          0.0000          0.0000          0.0000          0.0000

STAT_1:   290000             410

Steps/sec. : 17753.0666
MOVE_0:   300000           89922           45044         50.0923          0.7069               0               0          0.0000          0.7854               0               0          0.0000          104993           66422         63.2633

ENER_0:   300000     -90410.6368          0.0000          0.0000     -86142.4883      -4268.1485          0.0000          0.0000          0.0000          0.0000          0.0000

STAT_0:   300000             211

MOVE_1:   300000          105085           66631         63.4068

ENER_1:   300000          0.0000          0.0000          0.0000          0.0000          0.0000          0.0000          0.0000          0.0000          0.0000          0.0000

STAT_1:   300000             391

Steps/sec. : 18222.5325
MOVE_0:   310000           92953           46553         50.0823          0.6615               0               0          0.0000          0.7854               0               0          0.0000          108487           67953         62.6370

ENER_0:   310000     -66997.9540          0.0000          0.0000     -63926.2407      -3071.7132          0.0000          0.0000          0.0000          0.0000          0.0000

STAT_0:   310000             179

MOVE_1:   310000          108560           68130         62.7579

ENER_1:   310000          0.0000          0.0000          0.0000          0.0000          0.0000          0.0000          0.0000          0.0000          0.0000          0.0000

STAT_1:   310000             423

Steps/sec. : 16405.6285
MOVE_0:   320000           95988           48170         50.1834          1.2341               0               0          0.0000          0.7854               0               0          0.0000          111990           70261         62.7386

ENER_0:   320000      -9085.0150          0.0000          0.0000      -8654.6626       -430.3524          0.0000          0.0000          0.0000          0.0000          0.0000

STAT_0:   320000              67

MOVE_1:   320000          112022           70326         62.7787

ENER_1:   320000          0.0000          0.0000          0.0000          0.0000          0.0000          0.0000          0.0000          0.0000          0.0000          0.0000

STAT_1:   320000             535

Steps/sec. : 24610.6616
MOVE_0:   330000           98928           49741         50.2800          1.9290               0               0          0.0000          0.7854               0               0          0.0000          115620           73166         63.2814

ENER_0:   330000      -8374.9697          0.0000          0.0000      -8029.8442       -345.1255          0.0000          0.0000          0.0000          0.0000          0.0000

STAT_0:   330000              60

MOVE_1:   330000          115452           73224         63.4238

ENER_1:   330000          0.0000          0.0000          0.0000          0.0000          0.0000          0.0000          0.0000          0.0000          0.0000          0.0000

STAT_1:   330000             542

Steps/sec. : 50458.3995
MOVE_0:   340000          101844           51190         50.2631          1.5965               0               0          0.0000          0.7854               0               0          0.0000          119124           75908         63.7218

ENER_0:   340000     -19981.0344          0.0000          0.0000     -19022.3523       -958.6821          0.0000          0.0000          0.0000          0.0000          0.0000

STAT_0:   340000             100

MOVE_1:   340000          119032           76006         63.8534

ENER_1:   340000          0.0000          0.0000          0.0000          0.0000          0.0000          0.0000          0.0000          0.0000          0.0000          0.0000

STAT_1:   340000             502

Steps/sec. : 39360.7763
MOVE_0:   350000          104807           52734         50.3153          2.2815               0               0          0.0000          0.7854               0               0          0.0000          122663           78669         64.1343

ENER_0:   350000      -7424.5495          0.0000          0.0000      -7056.0321       -368.5174          0.0000          0.0000          0.0000          0.0000          0.0000

STAT_0:   350000              62

MOVE_1:   350000          122530           78729         64.2528

ENER_1:   350000          0.0000          0.0000          0.0000          0.0000          0.0000          0.0000          0.0000          0.0000          0.0000          0.0000

STAT_1:   350000             540

Steps/sec. : 38970.2708
MOVE_0:   360000          107815           54241         50.3093          2.1377               0               0          0.0000          0.7854               0               0          0.0000          126187           81476         64.5677

ENER_0:   360000      -9692.8200          0.0000          0.0000      -9287.7769       -405.0432          0.0000          0.0000          0.0000          0.0000          0.0000

STAT_0:   360000              65

MOVE_1:   360000          125998           81539         64.7145

ENER_1:   360000          0.0000          0.0000          0.0000          0.0000          0.0000          0.0000          0.0000          0.0000          0.0000          0.0000

STAT_1:   360000             537

Steps/sec. : 44344.7049
MOVE_0:   370000          110878           55811         50.3355          2.5887               0               0          0.0000          0.7854               0               0          0.0000          129692           84198         64.9215

ENER_0:   370000      -3178.3892          0.0000          0.0000      -3047.1456       -131.2436          0.0000          0.0000          0.0000          0.0000          0.0000

STAT_0:   370000              37

MOVE_1:   370000          129430           84233         65.0800

ENER_1:   370000          0.0000          0.0000          0.0000          0.0000          0.0000          0.0000          0.0000          0.0000          0.0000          0.0000

STAT_1:   370000             565

Steps/sec. : 43382.2460
MOVE_0:   380000          113826           57224         50.2732          1.5477               0               0          0.0000          0.7854               0               0          0.0000          133233           86995         65.2954

ENER_0:   380000     -11228.9747          0.0000          0.0000     -10718.0930       -510.8817          0.0000          0.0000          0.0000          0.0000          0.0000

STAT_0:   380000              73

MOVE_1:   380000          132941           87066         65.4922

ENER_1:   380000          0.0000          0.0000          0.0000          0.0000          0.0000          0.0000          0.0000          0.0000          0.0000          0.0000

STAT_1:   380000             529

Steps/sec. : 40223.9874
MOVE_0:   390000          116792           58749         50.3022          1.8426               0               0          0.0000          0.7854               0               0          0.0000          136764           89709         65.5940

ENER_0:   390000     -10416.9376          0.0000          0.0000      -9960.5090       -456.4285          0.0000          0.0000          0.0000          0.0000          0.0000

STAT_0:   390000              69

MOVE_1:   390000          136444           89776         65.7970

ENER_1:   390000          0.0000          0.0000          0.0000          0.0000          0.0000          0.0000          0.0000          0.0000          0.0000          0.0000

STAT_1:   390000             533

Steps/sec. : 38272.6542
MOVE_0:   400000          119787           60293         50.3335          2.2842               0               0          0.0000          0.7854               0               0          0.0000          140297           92504         65.9344

ENER_0:   400000      -8383.0552          0.0000          0.0000      -8049.3380       -333.7172          0.0000          0.0000          0.0000          0.0000          0.0000

STAT_0:   400000              59

MOVE_1:   400000          139916           92561         66.1547

ENER_1:   400000          0.0000          0.0000          0.0000          0.0000          0.0000          0.0000          0.0000          0.0000          0.0000          0.0000

STAT_1:   400000             543

Steps/sec. : 41153.6310
MOVE_0:   410000          122774           61834         50.3641          3.0719               0               0          0.0000          0.7854               0               0          0.0000          143837           95357         66.2952

ENER_0:   410000      -9398.9821          0.0000          0.0000      -8981.3802       -417.6019          0.0000          0.0000          0.0000          0.0000          0.0000

STAT_0:   410000              66

MOVE_1:   410000          143389           95421         66.5469

ENER_1:   410000          0.0000          0.0000          0.0000          0.0000          0.0000          0.0000          0.0000          0.0000          0.0000          0.0000

STAT_1:   410000             536

Steps/sec. : 47759.1492
MOVE_0:   420000          125725           63204         50.2716          1.2075               0               0          0.0000          0.7854               0               0          0.0000          147360           98056         66.5418

ENER_0:   420000     -34700.4621          0.0000          0.0000     -33154.2038      -1546.2583          0.0000          0.0000          0.0000          0.0000          0.0000

STAT_0:   420000             127

MOVE_1:   420000          146915           98181         66.8284

ENER_1:   420000          0.0000          0.0000          0.0000          0.0000          0.0000          0.0000          0.0000          0.0000          0.0000          0.0000

STAT_1:   420000             475

Steps/sec. : 37408.0608
MOVE_0:   430000          128762           64666         50.2213          0.8094               0               0          0.0000          0.7854               0               0          0.0000          150830           99936         66.2574

ENER_0:   430000     -80647.0624          0.0000          0.0000     -76657.4111      -3989.6513          0.0000          0.0000          0.0000          0.0000          0.0000

STAT_0:   430000             204

MOVE_1:   430000          150408          100138         66.5776

ENER_1:   430000          0.0000          0.0000          0.0000          0.0000          0.0000          0.0000          0.0000          0.0000          0.0000          0.0000

STAT_1:   430000             398

Steps/sec. : 19594.5887
MOVE_0:   440000          131767           66134         50.1901          0.5978               0               0          0.0000          0.7854               0               0          0.0000          154262          101145         65.5670

ENER_0:   440000     -96715.6491          0.0000          0.0000     -92159.6084      -4556.0407          0.0000          0.0000          0.0000          0.0000          0.0000

STAT_0:   440000             218

MOVE_1:   440000          153971          101361         65.8312

ENER_1:   440000          0.0000          0.0000          0.0000          0.0000          0.0000          0.0000          0.0000          0.0000          0.0000          0.0000

STAT_1:   440000             384

Steps/sec. : 15209.8418
MOVE_0:   450000          134802           67690         50.2144          0.7471               0               0          0.0000          0.7854               0               0          0.0000          157774          102468         64.9461

ENER_0:   450000     -66887.5257          0.0000          0.0000     -63850.0374      -3037.4883          0.0000          0.0000          0.0000          0.0000          0.0000

STAT_0:   450000             178

MOVE_1:   450000          157424          102644         65.2023

ENER_1:   450000          0.0000          0.0000          0.0000          0.0000          0.0000          0.0000          0.0000          0.0000          0.0000          0.0000

STAT_1:   450000             424

Steps/sec. : 15732.9449
MOVE_0:   460000          137858           69197         50.1944          0.6320               0               0          0.0000          0.7854               0               0          0.0000          161229          103702         64.3197

ENER_0:   460000     -99635.5378          0.0000          0.0000     -94825.2546      -4810.2832          0.0000          0.0000          0.0000          0.0000          0.0000

STAT_0:   460000             224

MOVE_1:   460000          160913          103924         64.5840

ENER_1:   460000          0.0000          0.0000          0.0000          0.0000          0.0000          0.0000          0.0000          0.0000          0.0000          0.0000

STAT_1:   460000             378

Steps/sec. : 15467.2569
MOVE_0:   470000          140909           70732         50.1969          0.6557               0               0          0.0000          0.7854               0               0          0.0000          164664          105094         63.8233

ENER_0:   470000     -86385.0444          0.0000          0.0000     -82116.8959      -4268.1485          0.0000          0.0000          0.0000          0.0000          0.0000

STAT_0:   470000             211

MOVE_1:   470000          164427          105303         64.0424

ENER_1:   470000          0.0000          0.0000          0.0000          0.0000          0.0000          0.0000          0.0000          0.0000          0.0000          0.0000

STAT_1:   470000             391

Steps/sec. : 15920.6289
MOVE_0:   480000          143923           72320         50.2491          1.0765               0               0          0.0000          0.7854               0               0          0.0000          168209          106816         63.5020

ENER_0:   480000     -27019.2699          0.0000          0.0000     -25729.2673      -1290.0026          0.0000          0.0000          0.0000          0.0000          0.0000

STAT_0:   480000             116

MOVE_1:   480000          167868          106930         63.6989

ENER_1:   480000          0.0000          0.0000          0.0000          0.0000          0.0000          0.0000          0.0000          0.0000          0.0000          0.0000

STAT_1:   480000             486

Steps/sec. : 17243.3946
MOVE_0:   490000          146913           73754         50.2025          0.7124               0               0          0.0000          0.7854               0               0          0.0000          171670          108499         63.2021

ENER_0:   490000     -84707.2907          0.0000          0.0000     -80678.4292      -4028.8614          0.0000          0.0000          0.0000          0.0000          0.0000

STAT_0:   490000             205

MOVE_1:   490000          171417          108702         63.4138

ENER_1:   490000          0.0000          0.0000          0.0000          0.0000          0.0000          0.0000          0.0000          0.0000          0.0000          0.0000

STAT_1:   490000             397

Steps/sec. : 17336.3407
MOVE_0:   500000          149907           75271         50.2118          0.7898               0               0          0.0000          0.7854               0               0          0.0000          175184          109929         62.7506

ENER_0:   500000     -61670.2401          0.0000          0.0000     -58801.0005      -2869.2396          0.0000          0.0000          0.0000          0.0000          0.0000

STAT_0:   500000             173

MOVE_1:   500000          174909          110100         62.9470

ENER_1:   500000          0.0000          0.0000          0.0000          0.0000          0.0000          0.0000          0.0000          0.0000          0.0000          0.0000

STAT_1:   500000             429

Steps/sec. : 15406.2790
MOVE_0:   510000          152926           76762         50.1955          0.6845               0               0          0.0000          0.7854               0               0          0.0000          178694          111473         62.3821

ENER_0:   510000     -74127.1671          0.0000          0.0000     -70519.0713      -3608.0959          0.0000          0.0000          0.0000          0.0000          0.0000

STAT_0:   510000             194

MOVE_1:   510000          178380          111665         62.5995

ENER_1:   510000          0.0000          0.0000          0.0000          0.0000          0.0000          0.0000          0.0000          0.0000          0.0000          0.0000

STAT_1:   510000             408

Steps/sec. : 16399.2782
MOVE_0:   520000          155974           78325         50.2167          0.8108               0               0          0.0000          0.7854               0               0          0.0000          182187          113176         62.1208

ENER_0:   520000     -54779.9868          0.0000          0.0000     -52169.9748      -2610.0120          0.0000          0.0000          0.0000          0.0000          0.0000

STAT_0:   520000             165

MOVE_1:   520000          181839          113339         62.3293

ENER_1:   520000          0.0000          0.0000          0.0000          0.0000          0.0000          0.0000          0.0000          0.0000          0.0000          0.0000

STAT_1:   520000             437

Steps/sec. : 17113.1820
MOVE_0:   530000          159086           79836         50.1842          0.5782               0               0          0.0000          0.7854               0               0          0.0000          185584          114534         61.7154

ENER_0:   530000     -80333.0889          0.0000          0.0000     -76574.6716      -3758.4172          0.0000          0.0000          0.0000          0.0000          0.0000

STAT_0:   530000             198

MOVE_1:   530000          185330          114730         61.9058

ENER_1:   530000          0.0000          0.0000          0.0000          0.0000          0.0000          0.0000          0.0000          0.0000          0.0000          0.0000

STAT_1:   530000             404

Steps/sec. : 15368.1362
MOVE_0:   540000          162117           81387         50.2026          0.6695               0               0          0.0000          0.7854               0               0          0.0000          189070          115976         61.3402

ENER_0:   540000     -66951.2930          0.0000          0.0000     -63634.6365      -3316.6565          0.0000          0.0000          0.0000          0.0000          0.0000

STAT_0:   540000             186

MOVE_1:   540000          188813          116160         61.5212

ENER_1:   540000          0.0000          0.0000          0.0000          0.0000          0.0000          0.0000          0.0000          0.0000          0.0000          0.0000

STAT_1:   540000             416

Steps/sec. : 15512.5808
MOVE_0:   550000          165160           82955         50.2271          0.8571               0               0          0.0000          0.7854               0               0          0.0000          192559          117393         60.9647

ENER_0:   550000     -51997.5091          0.0000          0.0000     -49604.2552      -2393.2539          0.0000          0.0000          0.0000          0.0000          0.0000

STAT_0:   550000             158

MOVE_1:   550000          192281          117549         61.1340

ENER_1:   550000          0.0000          0.0000          0.0000          0.0000          0.0000          0.0000          0.0000          0.0000          0.0000          0.0000

STAT_1:   550000             444

Steps/sec. : 15394.7773
MOVE_0:   560000          168276           84522         50.2282          0.8634               0               0          0.0000          0.7854               0               0          0.0000          196035          119281         60.8468

ENER_0:   560000     -47953.5209          0.0000          0.0000     -45738.5819      -2214.9391          0.0000          0.0000          0.0000          0.0000          0.0000

STAT_0:   560000             152

MOVE_1:   560000          195689          119431         61.0310

ENER_1:   560000          0.0000          0.0000          0.0000          0.0000          0.0000          0.0000          0.0000          0.0000          0.0000          0.0000

STAT_1:   560000             450

Steps/sec. : 19101.2846
MOVE_0:   570000          171173           85997         50.2398          1.0213               0               0          0.0000          0.7854               0               0          0.0000          199631          121237         60.7305

ENER_0:   570000     -41594.1143          0.0000          0.0000     -39688.1585      -1905.9558          0.0000          0.0000          0.0000          0.0000          0.0000

STAT_0:   570000             141

MOVE_1:   570000          199196          121376         60.9330

ENER_1:   570000          0.0000          0.0000          0.0000          0.0000          0.0000          0.0000          0.0000          0.0000          0.0000          0.0000

STAT_1:   570000             461

Steps/sec. : 19169.7898
MOVE_0:   580000          174246           87704         50.3334          2.6988               0               0          0.0000          0.7854               0               0          0.0000          203127          123931         61.0116

ENER_0:   580000      -6903.9150          0.0000          0.0000      -6613.9136       -290.0013          0.0000          0.0000          0.0000          0.0000          0.0000

STAT_0:   580000              55

MOVE_1:   580000          202627          123984         61.1883

ENER_1:   580000          0.0000          0.0000          0.0000          0.0000          0.0000          0.0000          0.0000          0.0000          0.0000          0.0000

STAT_1:   580000             547

Steps/sec. : 36046.1743
MOVE_0:   590000          177254           89243         50.3475          2.9169               0               0          0.0000          0.7854               0               0          0.0000          206680          126762         61.3325

ENER_0:   590000      -4216.7157          0.0000          0.0000      -4031.1148       -185.6009          0.0000          0.0000          0.0000          0.0000          0.0000

STAT_0:   590000              44

MOVE_1:   590000          206066          126804         61.5356

ENER_1:   590000          0.0000          0.0000          0.0000          0.0000          0.0000          0.0000          0.0000          0.0000          0.0000          0.0000

STAT_1:   590000             558

Steps/sec. : 45369.5773
MOVE_0:   600000          180291           90758         50.3397          2.5991               0               0          0.0000          0.7854               0               0          0.0000          210192          129560         61.6389

ENER_0:   600000     -11045.0501          0.0000          0.0000     -10561.7785       -483.2716          0.0000          0.0000          0.0000          0.0000          0.0000

STAT_0:   600000              71

MOVE_1:   600000          209517          129629         61.8704

ENER_1:   600000          0.0000          0.0000          0.0000          0.0000          0.0000          0.0000          0.0000          0.0000          0.0000          0.0000

STAT_1:   600000             531

Steps/sec. : 41823.8421
MOVE_0:   610000          183242           92190         50.3105          1.6164               0               0          0.0000          0.7854               0               0          0.0000          213706          132321         61.9173

ENER_0:   610000     -23640.5808          0.0000          0.0000     -22623.5150      -1017.0658          0.0000          0.0000          0.0000          0.0000          0.0000

STAT_0:   610000             103

MOVE_1:   610000          213052          132422         62.1548

ENER_1:   610000          0.0000          0.0000          0.0000          0.0000          0.0000          0.0000          0.0000          0.0000          0.0000          0.0000

STAT_1:   610000             499

Steps/sec. : 40190.5319
MOVE_0:   620000          186102           93611         50.3009          1.4125               0               0          0.0000          0.7854               0               0          0.0000          217253          135136         62.2021

ENER_0:   620000     -20078.7343          0.0000          0.0000     -19213.5237       -865.2106          0.0000          0.0000          0.0000          0.0000          0.0000

STAT_0:   620000              95

MOVE_1:   620000          216645          135229         62.4196

ENER_1:   620000          0.0000          0.0000          0.0000          0.0000          0.0000          0.0000          0.0000          0.0000          0.0000          0.0000

STAT_1:   620000             507

Steps/sec. : 37575.8944
MOVE_0:   630000          189095           95040         50.2605          0.8606               0               0          0.0000          0.7854               0               0          0.0000          220729          137341         62.2215

ENER_0:   630000     -54230.8027          0.0000          0.0000     -51557.1343      -2673.6684          0.0000          0.0000          0.0000          0.0000          0.0000

STAT_0:   630000             167

MOVE_1:   630000          220176          137506         62.4528

ENER_1:   630000          0.0000          0.0000          0.0000          0.0000          0.0000          0.0000          0.0000          0.0000          0.0000          0.0000

STAT_1:   630000             435

Steps/sec. : 21590.6202
MOVE_0:   640000          192191           96637         50.2818          1.1213               0               0          0.0000          0.7854               0               0          0.0000          224200          139551         62.2440

ENER_0:   640000     -21237.2205          0.0000          0.0000     -20297.6162       -939.6043          0.0000          0.0000          0.0000          0.0000          0.0000

STAT_0:   640000              99

MOVE_1:   640000          223609          139648         62.4519

ENER_1:   640000          0.0000          0.0000          0.0000          0.0000          0.0000          0.0000          0.0000          0.0000          0.0000          0.0000

STAT_1:   640000             503

Steps/sec. : 22637.5534
MOVE_0:   650000          195254           98170         50.2781          1.1122               0               0          0.0000          0.7854               0               0          0.0000          227610          141903         62.3448

ENER_0:   650000     -37474.4495          0.0000          0.0000     -35727.2514      -1747.1981          0.0000          0.0000          0.0000          0.0000          0.0000

STAT_0:   650000             135

MOVE_1:   650000          227136          142036         62.5335

ENER_1:   650000          0.0000          0.0000          0.0000          0.0000          0.0000          0.0000          0.0000          0.0000          0.0000          0.0000

STAT_1:   650000             467

Steps/sec. : 25577.7225
MOVE_0:   660000          198271           99624         50.2464          0.7328               0               0          0.0000          0.7854               0               0          0.0000          231074          143485         62.0948

ENER_0:   660000     -66800.6443          0.0000          0.0000     -63590.1139      -3210.5304          0.0000          0.0000          0.0000          0.0000          0.0000

STAT_0:   660000             183

MOVE_1:   660000          230655          143666         62.2861

ENER_1:   660000          0.0000          0.0000          0.0000          0.0000          0.0000          0.0000          0.0000          0.0000          0.0000          0.0000

STAT_1:   660000             419

Steps/sec. : 16545.2842
MOVE_0:   670000          201252          101113         50.2420          0.7035               0               0          0.0000          0.7854               0               0          0.0000          234501          144914         61.7968

ENER_0:   670000     -91606.4782          0.0000          0.0000     -87297.7774      -4308.7007          0.0000          0.0000          0.0000          0.0000          0.0000

STAT_0:   670000             212

MOVE_1:   670000          234247          145124         61.9534

ENER_1:   670000          0.0000          0.0000          0.0000          0.0000          0.0000          0.0000          0.0000          0.0000          0.0000          0.0000

STAT_1:   670000             390

Steps/sec. : 15178.3032
MOVE_0:   680000          204297          102632         50.2367          0.6660               0               0          0.0000          0.7854               0               0          0.0000          237969          146170         61.4240

ENER_0:   680000     -76796.9568          0.0000          0.0000     -73076.4075      -3720.5493          0.0000          0.0000          0.0000          0.0000          0.0000

STAT_0:   680000             197

MOVE_1:   680000          237734          146365         61.5667

ENER_1:   680000          0.0000          0.0000          0.0000          0.0000          0.0000          0.0000          0.0000          0.0000          0.0000          0.0000

STAT_1:   680000             405

Steps/sec. : 14771.8385
MOVE_0:   690000          207314          104162         50.2436          0.7488               0               0          0.0000          0.7854               0               0          0.0000          241503          147639         61.1334

ENER_0:   690000     -55195.6157          0.0000          0.0000     -52489.8314      -2705.7843          0.0000          0.0000          0.0000          0.0000          0.0000

STAT_0:   690000             168

MOVE_1:   690000          241183          147805         61.2833

ENER_1:   690000          0.0000          0.0000          0.0000          0.0000          0.0000          0.0000          0.0000          0.0000          0.0000          0.0000

STAT_1:   690000             434

Steps/sec. : 15874.4488
MOVE_0:   700000          210395          105704         50.2407          0.7374               0               0          0.0000          0.7854               0               0          0.0000          244943          149217         60.9191

ENER_0:   700000     -58668.7016          0.0000          0.0000     -55832.5365      -2836.1651          0.0000          0.0000          0.0000          0.0000          0.0000

STAT_0:   700000             172

MOVE_1:   700000          244662          149387         61.0585

ENER_1:   700000          0.0000          0.0000          0.0000          0.0000          0.0000          0.0000          0.0000          0.0000          0.0000          0.0000

STAT_1:   700000             430

Steps/sec. : 16036.6438
MOVE_0:   710000          213425          107250         50.2518          0.8360               0               0          0.0000          0.7854               0               0          0.0000          248433          150947         60.7596

ENER_0:   710000     -54931.4781          0.0000          0.0000     -52289.7338      -2641.7443          0.0000          0.0000          0.0000          0.0000          0.0000

STAT_0:   710000             166

MOVE_1:   710000          248142          151111         60.8970

ENER_1:   710000          0.0000          0.0000          0.0000          0.0000          0.0000          0.0000          0.0000          0.0000          0.0000          0.0000

STAT_1:   710000             436

Steps/sec. : 16881.5100
MOVE_0:   720000          216347          108682         50.2350          0.6613               0               0          0.0000          0.7854               0               0          0.0000          251906          152382         60.4916

ENER_0:   720000     -89789.4719          0.0000          0.0000     -85521.3234      -4268.1485          0.0000          0.0000          0.0000          0.0000          0.0000

STAT_0:   720000             211

MOVE_1:   720000          251747          152591         60.6128

ENER_1:   720000          0.0000          0.0000          0.0000          0.0000          0.0000          0.0000          0.0000          0.0000          0.0000          0.0000

STAT_1:   720000             391

Steps/sec. : 15119.6489
MOVE_0:   730000          219426          110244         50.2420          0.7518               0               0          0.0000          0.7854               0               0          0.0000          255347          153601         60.1538

ENER_0:   730000     -70517.4466          0.0000          0.0000     -67271.7326      -3245.7140          0.0000          0.0000          0.0000          0.0000          0.0000

STAT_0:   730000             184

MOVE_1:   730000          255227          153783         60.2534

ENER_1:   730000          0.0000          0.0000          0.0000          0.0000          0.0000          0.0000          0.0000          0.0000          0.0000          0.0000

STAT_1:   730000             418

Steps/sec. : 14701.7984
MOVE_0:   740000          222403          111713         50.2300          0.6486               0               0          0.0000          0.7854               0               0          0.0000          258837          155008         59.8863

ENER_0:   740000     -86814.2470          0.0000          0.0000     -82626.6278      -4187.6192          0.0000          0.0000          0.0000          0.0000          0.0000

STAT_0:   740000             209

MOVE_1:   740000          258760          155215         59.9842

ENER_1:   740000          0.0000          0.0000          0.0000          0.0000          0.0000          0.0000          0.0000          0.0000          0.0000          0.0000

STAT_1:   740000             393

Steps/sec. : 15328.3217
MOVE_0:   750000          225410          113278         50.2542          0.9391               0               0          0.0000          0.7854               0               0          0.0000          262307          156600         59.7010

ENER_0:   750000     -38837.2533          0.0000          0.0000     -37037.9029      -1799.3504          0.0000          0.0000          0.0000          0.0000          0.0000

STAT_0:   750000             137

MOVE_1:   750000          262283          156735         59.7580

ENER_1:   750000          0.0000          0.0000          0.0000          0.0000          0.0000          0.0000          0.0000          0.0000          0.0000          0.0000

STAT_1:   750000             465

Steps/sec. : 16132.5714
MOVE_0:   760000          228531          114900         50.2776          1.3061               0               0          0.0000          0.7854               0               0          0.0000          265726          158849         59.7792

ENER_0:   760000     -21191.1945          0.0000          0.0000     -20307.6731       -883.5214          0.0000          0.0000          0.0000          0.0000          0.0000

STAT_0:   760000              96

MOVE_1:   760000          265743          158943         59.8108

ENER_1:   760000          0.0000          0.0000          0.0000          0.0000          0.0000          0.0000          0.0000          0.0000          0.0000          0.0000

STAT_1:   760000             506

Steps/sec. : 23556.5710
MOVE_0:   770000          231505          116426         50.2909          1.4555               0               0          0.0000          0.7854               0               0          0.0000          269283          161607         60.0138

ENER_0:   770000     -11663.2834          0.0000          0.0000     -11180.0118       -483.2716          0.0000          0.0000          0.0000          0.0000          0.0000

STAT_0:   770000              71

MOVE_1:   770000          269212          161676         60.0553

ENER_1:   770000          0.0000          0.0000          0.0000          0.0000          0.0000          0.0000          0.0000          0.0000          0.0000          0.0000

STAT_1:   770000             531

Steps/sec. : 36860.9151
MOVE_0:   780000          234517          117917         50.2808          1.0531               0               0          0.0000          0.7854               0               0          0.0000          272754          164145         60.1806

ENER_0:   780000     -20144.1752          0.0000          0.0000     -19204.5709       -939.6043          0.0000          0.0000          0.0000          0.0000          0.0000

STAT_0:   780000              99

MOVE_1:   780000          272729          164242         60.2217

ENER_1:   780000          0.0000          0.0000          0.0000          0.0000          0.0000          0.0000          0.0000          0.0000          0.0000          0.0000

STAT_1:   780000             503

Steps/sec. : 31111.2759
MOVE_0:   790000          237517          119528         50.3240          1.7881               0               0          0.0000          0.7854               0               0          0.0000          276278          166955         60.4301

ENER_0:   790000      -4285.0647          0.0000          0.0000      -4099.4638       -185.6009          0.0000          0.0000          0.0000          0.0000          0.0000

STAT_0:   790000              44

MOVE_1:   790000          276205          166997         60.4613

ENER_1:   790000          0.0000          0.0000          0.0000          0.0000          0.0000          0.0000          0.0000          0.0000          0.0000          0.0000

STAT_1:   790000             558

Steps/sec. : 40768.7373
MOVE_0:   800000          240552          121079         50.3338          1.6730               0               0          0.0000          0.7854               0               0          0.0000          279756          169496         60.5871

ENER_0:   800000     -11515.6490          0.0000          0.0000     -11110.6058       -405.0432          0.0000          0.0000          0.0000          0.0000          0.0000

STAT_0:   800000              65

MOVE_1:   800000          279692          169559         60.6235

ENER_1:   800000          0.0000          0.0000          0.0000          0.0000          0.0000          0.0000          0.0000          0.0000          0.0000          0.0000

STAT_1:   800000             537

Steps/sec. : 29271.9463
MOVE_0:   810000          243538          122617         50.3482          1.8607               0               0          0.0000          0.7854               0               0          0.0000          283255          172123         60.7661

ENER_0:   810000      -5649.5201          0.0000          0.0000      -5380.2263       -269.2938          0.0000          0.0000          0.0000          0.0000          0.0000

STAT_0:   810000              53

MOVE_1:   810000          283207          172174         60.7944

ENER_1:   810000          0.0000          0.0000          0.0000          0.0000          0.0000          0.0000          0.0000          0.0000          0.0000          0.0000

STAT_1:   810000             549

Steps/sec. : 32666.7077
MOVE_0:   820000          246523          124148         50.3596          2.2434               0               0          0.0000          0.7854               0               0          0.0000          286776          174936         61.0009

ENER_0:   820000      -5475.9666          0.0000          0.0000      -5255.0863       -220.8804          0.0000          0.0000          0.0000          0.0000          0.0000

STAT_0:   820000              48

MOVE_1:   820000          286701          174982         61.0329

ENER_1:   820000          0.0000          0.0000          0.0000          0.0000          0.0000          0.0000          0.0000          0.0000          0.0000          0.0000

STAT_1:   820000             554

Steps/sec. : 41186.3237
MOVE_0:   830000          249538          125719         50.3807          3.1903               0               0          0.0000          0.7854               0               0          0.0000          290337          177807         61.2416

ENER_0:   830000      -3078.7147          0.0000          0.0000      -2947.4711       -131.2436          0.0000          0.0000          0.0000          0.0000          0.0000

STAT_0:   830000              37

MOVE_1:   830000          290125          177842         61.2984

ENER_1:   830000          0.0000          0.0000          0.0000          0.0000          0.0000          0.0000          0.0000          0.0000          0.0000          0.0000

STAT_1:   830000             565

Steps/sec. : 47583.4920
MOVE_0:   840000          252532          127232         50.3825          3.2538               0               0          0.0000          0.7854               0               0          0.0000          293916          180687         61.4757

ENER_0:   840000      -2998.1794          0.0000          0.0000      -2812.5785       -185.6009          0.0000          0.0000          0.0000          0.0000          0.0000

STAT_0:   840000              44

MOVE_1:   840000          293552          180729         61.5663

ENER_1:   840000          0.0000          0.0000          0.0000          0.0000          0.0000          0.0000          0.0000          0.0000          0.0000          0.0000

STAT_1:   840000             558

Steps/sec. : 48662.2788
MOVE_0:   850000          255544          128661         50.3479          1.8015               0               0          0.0000          0.7854               0               0          0.0000          297444          183509         61.6953

ENER_0:   850000     -11664.5396          0.0000          0.0000     -11081.2774       -583.2622          0.0000          0.0000          0.0000          0.0000          0.0000

STAT_0:   850000              78

MOVE_1:   850000          297012          183585         61.8106

ENER_1:   850000          0.0000          0.0000          0.0000          0.0000          0.0000          0.0000          0.0000          0.0000          0.0000          0.0000

STAT_1:   850000             524

Steps/sec. : 43595.2113
MOVE_0:   860000          258550          130113         50.3241          1.1206               0               0          0.0000          0.7854               0               0          0.0000          300885          186066         61.8396

ENER_0:   860000     -50627.1542          0.0000          0.0000     -48233.9003      -2393.2539          0.0000          0.0000          0.0000          0.0000          0.0000

STAT_0:   860000             158

MOVE_1:   860000          300565          186222         61.9573

ENER_1:   860000          0.0000          0.0000          0.0000          0.0000          0.0000          0.0000          0.0000          0.0000          0.0000          0.0000

STAT_1:   860000             444

Steps/sec. : 31950.9299
MOVE_0:   870000          261557          131558         50.2980          0.6914               0               0          0.0000          0.7854               0               0          0.0000          304347          187670         61.6632

ENER_0:   870000     -72744.1448          0.0000          0.0000     -69283.3025      -3460.8423          0.0000          0.0000          0.0000          0.0000          0.0000

STAT_0:   870000             190

MOVE_1:   870000          304096          187858         61.7759

ENER_1:   870000          0.0000          0.0000          0.0000          0.0000          0.0000          0.0000          0.0000          0.0000          0.0000          0.0000

STAT_1:   870000             412

Steps/sec. : 16154.5673
MOVE_0:   880000          264530          133199         50.3531          1.7070               0               0          0.0000          0.7854               0               0          0.0000          307937          189824         61.6438

ENER_0:   880000      -8269.2508          0.0000          0.0000      -7900.7334       -368.5174          0.0000          0.0000          0.0000          0.0000          0.0000

STAT_0:   880000              62

MOVE_1:   880000          307533          189884         61.7443

ENER_1:   880000          0.0000          0.0000          0.0000          0.0000          0.0000          0.0000          0.0000          0.0000          0.0000          0.0000

STAT_1:   880000             540

Steps/sec. : 21339.0206
MOVE_0:   890000          267516          134748         50.3701          2.3200               0               0          0.0000          0.7854               0               0          0.0000          311409          192558         61.8344

ENER_0:   890000      -6564.5269          0.0000          0.0000      -6230.8096       -333.7172          0.0000          0.0000          0.0000          0.0000          0.0000

STAT_0:   890000              59

MOVE_1:   890000          311075          192615         61.9192

ENER_1:   890000          0.0000          0.0000          0.0000          0.0000          0.0000          0.0000          0.0000          0.0000          0.0000          0.0000

STAT_1:   890000             543

Steps/sec. : 37809.4807
MOVE_0:   900000          270542          136262         50.3663          2.1918               0               0          0.0000          0.7854               0               0          0.0000          314890          195297         62.0207

ENER_0:   900000      -6721.6982          0.0000          0.0000      -6452.4044       -269.2938          0.0000          0.0000          0.0000          0.0000          0.0000

STAT_0:   900000              53

MOVE_1:   900000          314568          195348         62.1004

ENER_1:   900000          0.0000          0.0000          0.0000          0.0000          0.0000          0.0000          0.0000          0.0000          0.0000          0.0000

STAT_1:   900000             549

Steps/sec. : 36523.5322
MOVE_0:   910000          273521          137687         50.3387          1.2840               0               0          0.0000          0.7854               0               0          0.0000          318355          197780         62.1256

ENER_0:   910000     -16662.2802          0.0000          0.0000     -15833.1161       -829.1641          0.0000          0.0000          0.0000          0.0000          0.0000

STAT_0:   910000              93

MOVE_1:   910000          318124          197871         62.1993

ENER_1:   910000          0.0000          0.0000          0.0000          0.0000          0.0000          0.0000          0.0000          0.0000          0.0000          0.0000

STAT_1:   910000             509

Steps/sec. : 28161.0880
MOVE_0:   920000          276524          139145         50.3193          0.9070               0               0          0.0000          0.7854               0               0          0.0000          321857          199920         62.1145

ENER_0:   920000     -21496.8396          0.0000          0.0000     -20459.9291      -1036.9105          0.0000          0.0000          0.0000          0.0000          0.0000

STAT_0:   920000             104

MOVE_1:   920000          321619          200022         62.1922

ENER_1:   920000          0.0000          0.0000          0.0000          0.0000          0.0000          0.0000          0.0000          0.0000          0.0000          0.0000

STAT_1:   920000             498

Steps/sec. : 20063.7554
MOVE_0:   930000          279571          140855         50.3826          2.7417               0               0          0.0000          0.7854               0               0          0.0000          325352          202665         62.2910

ENER_0:   930000     -15648.5475          0.0000          0.0000     -14939.5063       -709.0413          0.0000          0.0000          0.0000          0.0000          0.0000

STAT_0:   930000              86

MOVE_1:   930000          325077          202749         62.3695

ENER_1:   930000          0.0000          0.0000          0.0000          0.0000          0.0000          0.0000          0.0000          0.0000          0.0000          0.0000

STAT_1:   930000             516

Steps/sec. : 38711.3756
MOVE_0:   940000          282582          142354         50.3762          2.1179               0               0          0.0000          0.7854               0               0          0.0000          328828          205250         62.4187

ENER_0:   940000      -4126.7912          0.0000          0.0000      -3915.0183       -211.7729          0.0000          0.0000          0.0000          0.0000          0.0000

STAT_0:   940000              47

MOVE_1:   940000          328590          205295         62.4776

ENER_1:   940000          0.0000          0.0000          0.0000          0.0000          0.0000          0.0000          0.0000          0.0000          0.0000          0.0000

STAT_1:   940000             555

Steps/sec. : 32337.4571
MOVE_0:   950000          285496          143817         50.3744          1.9348               0               0          0.0000          0.7854               0               0          0.0000          332341          207983         62.5812

ENER_0:   950000      -6502.8061          0.0000          0.0000      -6191.3303       -311.4758          0.0000          0.0000          0.0000          0.0000          0.0000

STAT_0:   950000              57

MOVE_1:   950000          332163          208038         62.6313

ENER_1:   950000          0.0000          0.0000          0.0000          0.0000          0.0000          0.0000          0.0000          0.0000          0.0000          0.0000

STAT_1:   950000             545

Steps/sec. : 36161.4092
MOVE_0:   960000          288455          145315         50.3770          1.8301               0               0          0.0000          0.7854               0               0          0.0000          335881          210780         62.7544

ENER_0:   960000     -18700.2349          0.0000          0.0000     -17760.6306       -939.6043          0.0000          0.0000          0.0000          0.0000          0.0000

STAT_0:   960000              99

MOVE_1:   960000          335664          210877         62.8238

ENER_1:   960000          0.0000          0.0000          0.0000          0.0000          0.0000          0.0000          0.0000          0.0000          0.0000          0.0000

STAT_1:   960000             503

Steps/sec. : 41068.2453
MOVE_0:   970000          291517          146737         50.3357          0.8450               0               0          0.0000          0.7854               0               0          0.0000          339294          213104         62.8081

ENER_0:   970000     -40327.5934          0.0000          0.0000     -38448.5765      -1879.0169          0.0000          0.0000          0.0000          0.0000          0.0000

STAT_0:   970000             140

MOVE_1:   970000          339189          213242         62.8682

ENER_1:   970000          0.0000          0.0000          0.0000          0.0000          0.0000          0.0000          0.0000          0.0000          0.0000          0.0000

STAT_1:   970000             462

Steps/sec. : 21653.3627
MOVE_0:   980000          294451          148185         50.3259          0.7078               0               0          0.0000          0.7854               0               0          0.0000          342765          214948         62.7100

ENER_0:   980000     -85184.1485          0.0000          0.0000     -81115.8852      -4068.2633          0.0000          0.0000          0.0000          0.0000          0.0000

STAT_0:   980000             206

MOVE_1:   980000          342784          215152         62.7661

ENER_1:   980000          0.0000          0.0000          0.0000          0.0000          0.0000          0.0000          0.0000          0.0000          0.0000          0.0000

STAT_1:   980000             396

Steps/sec. : 12682.5832
MOVE_0:   990000          297476          149715         50.3284          0.7666               0               0          0.0000          0.7854               0               0          0.0000          346270          216382         62.4894

ENER_0:   990000     -60211.3909          0.0000          0.0000     -57342.1514      -2869.2396          0.0000          0.0000          0.0000          0.0000          0.0000

STAT_0:   990000             173

MOVE_1:   990000          346254          216553         62.5417

ENER_1:   990000          0.0000          0.0000          0.0000          0.0000          0.0000          0.0000          0.0000          0.0000          0.0000          0.0000

STAT_1:   990000             429

Steps/sec. : 12325.2731
MOVE_0:  1000000          300530          151241         50.3248          0.7180               0               0          0.0000          0.7854               0               0          0.0000          349784          218080         62.3470

ENER_0:  1000000     -52274.9004          0.0000          0.0000     -49881.6465      -2393.2539          0.0000          0.0000          0.0000          0.0000          0.0000

STAT_0:  1000000             158

MOVE_1:  1000000          349686          218236         62.4091

ENER_1:  1000000          0.0000          0.0000          0.0000          0.0000          0.0000          0.0000          0.0000          0.0000          0.0000          0.0000

STAT_1:  1000000             444

Simulation Time (total): 43.2638 sec.
Info: GOMC Version 2.1
Info: Completed at: Tue Sep  5 17:40:05 2017
Info: On hostname: potoff39.eng.wayne.edu
