Info: GOMC Version 2.40
Info: Start Time: Fri May 17 16:40:01 2019
Info: Host Name: wsu92
CPU information:
Info: Total number of CPUs: 12
Info: Total number of CPUs available: 12
Info: Model name: AMD Opteron(tm) Processor 4332 HE
Info: System name: Linux
Info: Release: 3.10.0-957.1.3.el7.x86_64
Info: Version: #1 SMP Thu Nov 29 14:49:43 UTC 2018
Info: Kernel Architecture: x86_64
Info: Total Ram: 96496.2MB
Info: Used Ram: 14037.4MB
Info: Working in the current directory: /wsu/home/fe/fe18/fe1855/clone/GOMC_Examples/NVT/dpc_dryMartini
Info: GOMC COMPILED TO RUN CANONICAL (NVT) ENSEMBLE.
Info: Number of threads                  4 

Reading Input File:                      in.conf
Info: Random seed                        Active 
Info: PARAMETER file                     MARTINI using CHARMM format! 
Info: Input Temperature                  310.0000 K
Info: Switch truncated potential         Active 
Info: Long Range Correction              Active 
Info: Cutoff                             12.0000 A
Info: Switch distance                    9.0000 
Info: Exclude                            ONE-TWO 
Info: Dielectric                         15.0000 
Info: Pressure calculation frequency     1000 
Info: Total number of steps              1000000 
Info: Number of equilibration steps      500000 
Info: Move adjustment frequency          1000 
Info: Displacement move frequency        0.4000 
Info: Rotation move frequency            0.3000 
Info: Intra-Swap move frequency          0.2000 
Info: Regrowth move frequency            0.1000 
Info: CBMC First atom trials             10   
Info: CBMC Secondary atom trials         8    
Info: CBMC Angle trials                  100  
Info: CBMC Dihedral trials               100  
Info: Output name                        DPC_310_K 
Info: Coordinate frequency               1000000 
Info: Restart frequency                  1000000 
Info: Console output frequency           100000 
Info: Average output frequency           100000 
Warning: Unknown input HistogramFreq!
Default: Intra-MEMC move frequency       0.0000 
Default: Crank-Shaft move frequency      0.0000 
Default: MEMC move frequency             0.0000 
Default: Box  0  CutoffCoulomb           12.0000 A
Default: Short Range Cutoff              0.0000 
Warning: Electrostatic calculation with Ewald method Inactive 
Warning: Long Range Correction is Active for truncated potential.
Finished Reading Input File:             in.conf

Reading from CHARMM-Style parameter file:  	../../common/Par_Dry_Martini_Charmm.inp
Reading BONDS parameters.
Reading ANGLES parameters.
Reading DIHEDRALS parameters.
Reading NONBONDED parameters.
Reading NBFIX parameters.
Finished reading CHARMM-Style parameter file:  	../../common/Par_Dry_Martini_Charmm.inp
Reading from system PDB coordinate file:  	STEP3_START_DPC_AC4_sys_BOX_0.pdb
Finished reading system PDB coordinate file:  	STEP3_START_DPC_AC4_sys_BOX_0.pdb
Random number seed: 2534076182

Molecules in PSF:
Molecule Kind: DPC
Idx	name	type	charge	mass
0	NC3	Q0	1.0000	72.0000
1	PO4	QA	-1.0000	72.0000
2	C1A	C1	0.0000	72.0000
3	C2A	C1	0.0000	72.0000
4	C3A	C1	0.0000	72.0000

Bonds:
[0 1] [1 2] [2 3] [3 4] 

Angles:
[0 1 2] [1 2 3] [2 3 4] 

Dihedrals:
[0 1 2 3] [1 2 3 4] 

Bonds parameter:
Atom Types                             Kb(K)           b0(A) 
Q0	QA	                    751.7023           4.5000 
QA	C1	                    751.7023           4.7000 
C1	C1	                    751.7023           4.8000 

Angles parameter:
Atom Types                         Ktheta(K)         theta0(degree) 
Q0	QA	C1	              0.0000         120.0000 
QA	C1	C1	              0.0000         120.0000 
C1	C1	C1	           2104.7665         180.0000 

Dihedrals parameter:
Atom Types                           Kchi(K)    n    delta(degree) 
Q0	QA	C1	C1	      0.0000    1      0.0000 
QA	C1	C1	C1	      0.0000    1      0.0000 

NonBonded 1-4 parameters:
Type1  Type2             Epsilon(K)    Sigma(A)       N 
Q0     Q0                  240.5447      6.0000   12.00 
Q0     QA                  240.5447      6.0000   12.00 
Q0     C1                  240.5447      6.2000   12.00 
QA     QA                  276.6265      6.0000   12.00 
QA     C1                  240.5447      6.2000   12.00 
C1     C1                  541.2257      4.7000   12.00 

NonBonded parameters:
Type1  Type2             Epsilon(K)    Sigma(A)       N 
Q0     Q0                  240.5447      6.0000   12.00 
Q0     QA                  240.5447      6.0000   12.00 
Q0     C1                  240.5447      6.2000   12.00 
QA     QA                  276.6265      6.0000   12.00 
QA     C1                  240.5447      6.2000   12.00 
C1     C1                  541.2257      4.7000   12.00 

Info: Box  0:  Periodic Cell Basis 1     89.000   0.000   0.000 
Info: Box  0:  Periodic Cell Basis 2      0.000  89.000   0.000 
Info: Box  0:  Periodic Cell Basis 3      0.000   0.000  89.000 

Minimum coordinates in box 0: x =    4.195, y =    1.287, z =    2.048
Maximum coordinates in box 0: x =   84.511, y =   85.173, z =   82.175
Wrapping molecules inside the simulation box 0:
Warning: Box0,     41  DPC,Warning: Box0,     28  DPC,NC3-PO4 bond: Par-file 4.500 A, PDB file 4.700 A!
Warning: Box0,      0  DPC,Warning: Box0,     41  DPC,NC3-PO4 bond: Par-file Warning: Box0,     14  DPC,C1A-C2A bond: Par-file 4.500 A, PDB file 4.702 A!
Warning: Box0,     28  DPC,C1A-C2A bond: Par-file 4.800 A, PDB file 4.701 A!
4.800 A, PDB file 4.701 A!
Warning: Box0,     41  DPC,NC3-PO4 bond: Par-file NC3-PO4 bond: Par-file 4.500 A, PDB file 4.701 A!
4.500 A, PDB file 4.702 A!
C2A-C3A bond: Par-file Warning: Box0,     28  DPC,4.800 A, PDB file 4.700 A!
Warning: Box0,      0  DPC,C1A-C2A bond: Par-file 4.800 A, PDB file 4.701 A!
Warning: Box0,     14  DPC,C2A-C3A bond: Par-file C1A-C2A bond: Par-file 4.800 A, PDB file 4.700 A!
Warning: Box0,      0  DPC,C2A-C3A bond: Par-file 4.800 A, PDB file 4.700 A!
Warning: Box0,     14  DPC,C2A-C3A bond: Par-file 4.800 A, PDB file 4.699 A!
4.800 A, PDB file 4.699 A!
Warning: Box0,      1  DPC,NC3-PO4 bond: Par-file 4.500 A, PDB file 4.701 A!
Warning: Box0,     15  DPC,NC3-PO4 bond: Par-file Warning: Box0,      1  DPC,Warning: Box0,     29  DPC,4.500 A, PDB file 4.701 A!
Warning: Box0,     15  DPC,C1A-C2A bond: Par-file 4.800 A, PDB file 4.700 A!
NC3-PO4 bond: Par-file 4.500 A, PDB file 4.701 A!
C1A-C2A bond: Par-file Warning: Box0,     29  DPC,C1A-C2A bond: Par-file 4.800 A, PDB file 4.700 A!
Warning: Box0,     42  DPC,Warning: Box0,     29  DPC,C2A-C3A bond: Par-file 4.800 A, PDB file 4.700 A!
NC3-PO4 bond: Par-file 4.500 A, PDB file 4.702 A!
Warning: Box0,     42  DPC,Warning: Box0,     15  DPC,C1A-C2A bond: Par-file C2A-C3A bond: Par-file Warning: Box0,     30  DPC,4.800 A, PDB file 4.699 A!
NC3-PO4 bond: Par-file 4.500 A, PDB file 4.701 A!
4.800 A, PDB file 4.700 A!
Warning: Box0,     16  DPC,Warning: Box0,      1  DPC,Warning: Box0,     30  DPC,C2A-C3A bond: Par-file 4.800 A, PDB file 4.700 A!
Warning: Box0,     42  DPC,C2A-C3A bond: Par-file 4.800 A, PDB file 4.699 A!
Warning: Box0,     43  DPC,NC3-PO4 bond: Par-file 4.500 A, PDB file 4.701 A!
Warning: Box0,     43  DPC,C1A-C2A bond: Par-file 4.800 A, PDB file 4.700 A!
Warning: Box0,     43  DPC,C2A-C3A bond: Par-file 4.800 A, PDB file 4.701 A!
Warning: Box0,     44  DPC,NC3-PO4 bond: Par-file 4.500 A, PDB file 4.701 A!
Warning: Box0,     44  DPC,C1A-C2A bond: Par-file 4.800 A, PDB file 4.701 A!
Warning: Box0,     44  DPC,C2A-C3A bond: Par-file 4.800 A, PDB file 4.699 A!
NC3-PO4 bond: Par-file Warning: Box0,     45  DPC,NC3-PO4 bond: Par-file 4.500 A, PDB file 4.701 A!
Warning: Box0,     45  DPC,C1A-C2A bond: Par-file C1A-C2A bond: Par-file 4.800 A, PDB file 4.700 A!
4.500 A, PDB file 4.701 A!
Warning: Box0,      2  DPC,4.800 A, PDB file 4.700 A!
4.800 A, PDB file 4.700 A!
Warning: Box0,     45  DPC,NC3-PO4 bond: Par-file 4.500 A, PDB file 4.701 A!
Warning: Box0,     16  DPC,C2A-C3A bond: Par-file 4.800 A, PDB file 4.700 A!
C1A-C2A bond: Par-file 4.800 A, PDB file 4.700 A!
Warning: Box0,      2  DPC,Warning: Box0,     46  DPC,Warning: Box0,     16  DPC,C2A-C3A bond: Par-file 4.800 A, PDB file 4.700 A!
Warning: Box0,     30  DPC,C1A-C2A bond: Par-file C2A-C3A bond: Par-file 4.800 A, PDB file 4.700 A!
4.800 A, PDB file 4.699 A!
Warning: Box0,     17  DPC,NC3-PO4 bond: Par-file NC3-PO4 bond: Par-file Warning: Box0,     31  DPC,NC3-PO4 bond: Par-file 4.500 A, PDB file 4.701 A!
4.500 A, PDB file 4.701 A!
4.500 A, PDB file 4.702 A!
Warning: Box0,     31  DPC,C1A-C2A bond: Par-file 4.800 A, PDB file 4.701 A!
Warning: Box0,     31  DPC,C2A-C3A bond: Par-file Warning: Box0,     46  DPC,4.800 A, PDB file 4.699 A!
C1A-C2A bond: Par-file 4.800 A, PDB file 4.701 A!
Warning: Box0,      2  DPC,Warning: Box0,     17  DPC,Warning: Box0,     46  DPC,C2A-C3A bond: Par-file 4.800 A, PDB file 4.699 A!
Warning: Box0,     47  DPC,C1A-C2A bond: Par-file NC3-PO4 bond: Par-file 4.800 A, PDB file 4.700 A!
C2A-C3A bond: Par-file Warning: Box0,     32  DPC,Warning: Box0,     17  DPC,C2A-C3A bond: Par-file 4.800 A, PDB file 4.700 A!
4.500 A, PDB file 4.701 A!
Warning: Box0,     18  DPC,4.800 A, PDB file 4.699 A!
NC3-PO4 bond: Par-file 4.500 A, PDB file 4.701 A!
Warning: Box0,     18  DPC,C1A-C2A bond: Par-file 4.800 A, PDB file 4.700 A!
Warning: Box0,     18  DPC,Warning: Box0,      3  DPC,C2A-C3A bond: Par-file NC3-PO4 bond: Par-file 4.800 A, PDB file 4.699 A!
NC3-PO4 bond: Par-file 4.500 A, PDB file 4.702 A!
4.500 A, PDB file 4.701 A!
Warning: Box0,      3  DPC,C1A-C2A bond: Par-file 4.800 A, PDB file 4.700 A!
Warning: Box0,     19  DPC,Warning: Box0,      3  DPC,Warning: Box0,     32  DPC,Warning: Box0,     47  DPC,C2A-C3A bond: Par-file 4.800 A, PDB file 4.700 A!
NC3-PO4 bond: Par-file 4.500 A, PDB file 4.701 A!
C1A-C2A bond: Par-file Warning: Box0,     19  DPC,C1A-C2A bond: Par-file C1A-C2A bond: Par-file 4.800 A, PDB file 4.700 A!
Warning: Box0,      4  DPC,Warning: Box0,     19  DPC,C2A-C3A bond: Par-file 4.800 A, PDB file 4.700 A!
NC3-PO4 bond: Par-file 4.500 A, PDB file 4.700 A!
Warning: Box0,     20  DPC,Warning: Box0,      4  DPC,4.800 A, PDB file 4.701 A!
C1A-C2A bond: Par-file 4.800 A, PDB file 4.700 A!
NC3-PO4 bond: Par-file Warning: Box0,      4  DPC,4.500 A, PDB file 4.701 A!
Warning: Box0,     32  DPC,Warning: Box0,     20  DPC,C1A-C2A bond: Par-file 4.800 A, PDB file 4.701 A!
C2A-C3A bond: Par-file 4.800 A, PDB file 4.700 A!
Warning: Box0,     47  DPC,C2A-C3A bond: Par-file 4.800 A, PDB file 4.700 A!
4.800 A, PDB file 4.700 A!
Warning: Box0,     48  DPC,NC3-PO4 bond: Par-file 4.500 A, PDB file 4.702 A!
Warning: Box0,     48  DPC,C1A-C2A bond: Par-file 4.800 A, PDB file 4.700 A!
Warning: Box0,     48  DPC,Warning: Box0,     33  DPC,NC3-PO4 bond: Par-file 4.500 A, PDB file 4.701 A!
Warning: Box0,     33  DPC,C2A-C3A bond: Par-file C1A-C2A bond: Par-file 4.800 A, PDB file 4.699 A!
4.800 A, PDB file 4.700 A!
Warning: Box0,     33  DPC,C2A-C3A bond: Par-file 4.800 A, PDB file 4.700 A!
C2A-C3A bond: Par-file Warning: Box0,     20  DPC,Warning: Box0,     34  DPC,Warning: Box0,     49  DPC,NC3-PO4 bond: Par-file 4.500 A, PDB file 4.701 A!
NC3-PO4 bond: Par-file Warning: Box0,     34  DPC,4.500 A, PDB file 4.701 A!
C1A-C2A bond: Par-file 4.800 A, PDB file 4.700 A!
4.800 A, PDB file 4.699 A!
Warning: Box0,     34  DPC,C2A-C3A bond: Par-file 4.800 A, PDB file 4.701 A!
Warning: Box0,      5  DPC,C2A-C3A bond: Par-file NC3-PO4 bond: Par-file 4.800 A, PDB file 4.700 A!
Warning: Box0,     49  DPC,4.500 A, PDB file 4.701 A!
C1A-C2A bond: Par-file 4.800 A, PDB file 4.701 A!
Warning: Box0,      5  DPC,Warning: Box0,     35  DPC,C1A-C2A bond: Par-file 4.800 A, PDB file 4.701 A!
NC3-PO4 bond: Par-file Warning: Box0,     21  DPC,Warning: Box0,     49  DPC,NC3-PO4 bond: Par-file 4.500 A, PDB file 4.701 A!
Warning: Box0,      5  DPC,C2A-C3A bond: Par-file 4.500 A, PDB file 4.702 A!
C2A-C3A bond: Par-file 4.800 A, PDB file 4.699 A!
Warning: Box0,     21  DPC,C1A-C2A bond: Par-file 4.800 A, PDB file 4.700 A!
Warning: Box0,     35  DPC,C1A-C2A bond: Par-file 4.800 A, PDB file 4.700 A!
Warning: Box0,     21  DPC,Warning: Box0,      6  DPC,Warning: Box0,     35  DPC,C2A-C3A bond: Par-file NC3-PO4 bond: Par-file 4.800 A, PDB file 4.700 A!
4.500 A, PDB file 4.702 A!
Warning: Box0,      6  DPC,C1A-C2A bond: Par-file 4.800 A, PDB file 4.701 A!
Warning: Box0,      6  DPC,C2A-C3A bond: Par-file 4.800 A, PDB file 4.700 A!
4.800 A, PDB file 4.699 A!
Warning: Box0,     50  DPC,NC3-PO4 bond: Par-file C2A-C3A bond: Par-file 4.800 A, PDB file 4.699 A!
Warning: Box0,      7  DPC,NC3-PO4 bond: Par-file 4.500 A, PDB file 4.701 A!
Warning: Box0,      7  DPC,Warning: Box0,     36  DPC,Warning: Box0,     22  DPC,NC3-PO4 bond: Par-file 4.500 A, PDB file 4.701 A!
NC3-PO4 bond: Par-file 4.500 A, PDB file 4.702 A!
Warning: Box0,     36  DPC,Warning: Box0,     22  DPC,C1A-C2A bond: Par-file 4.800 A, PDB file 4.701 A!
C1A-C2A bond: Par-file 4.800 A, PDB file 4.700 A!
Warning: Box0,     36  DPC,C2A-C3A bond: Par-file C1A-C2A bond: Par-file 4.800 A, PDB file 4.700 A!
4.800 A, PDB file 4.701 A!
Warning: Box0,      7  DPC,C2A-C3A bond: Par-file 4.800 A, PDB file 4.699 A!
Warning: Box0,     22  DPC,4.500 A, PDB file 4.701 A!
C2A-C3A bond: Par-file 4.800 A, PDB file 4.700 A!
Warning: Box0,     37  DPC,Warning: Box0,     23  DPC,NC3-PO4 bond: Par-file 4.500 A, PDB file 4.701 A!
NC3-PO4 bond: Par-file 4.500 A, PDB file 4.701 A!
Warning: Box0,     23  DPC,C1A-C2A bond: Par-file Warning: Box0,     37  DPC,Warning: Box0,     50  DPC,C1A-C2A bond: Par-file 4.800 A, PDB file 4.700 A!
C1A-C2A bond: Par-file Warning: Box0,     37  DPC,Warning: Box0,      8  DPC,C2A-C3A bond: Par-file 4.800 A, PDB file 4.699 A!
4.800 A, PDB file 4.701 A!
4.800 A, PDB file 4.700 A!
Warning: Box0,     23  DPC,C2A-C3A bond: Par-file Warning: Box0,     50  DPC,Warning: Box0,     38  DPC,C2A-C3A bond: Par-file NC3-PO4 bond: Par-file 4.800 A, PDB file 4.699 A!
NC3-PO4 bond: Par-file 4.500 A, PDB file 4.701 A!
Warning: Box0,     51  DPC,NC3-PO4 bond: Par-file 4.500 A, PDB file 4.701 A!
Warning: Box0,      8  DPC,C1A-C2A bond: Par-file 4.800 A, PDB file 4.700 A!
Warning: Box0,     51  DPC,C1A-C2A bond: Par-file 4.800 A, PDB file 4.701 A!
4.500 A, PDB file 4.702 A!
Warning: Box0,     51  DPC,4.800 A, PDB file 4.701 A!
C2A-C3A bond: Par-file 4.800 A, PDB file 4.700 A!
Warning: Box0,     38  DPC,Warning: Box0,     24  DPC,NC3-PO4 bond: Par-file 4.500 A, PDB file 4.702 A!
Warning: Box0,     52  DPC,C1A-C2A bond: Par-file NC3-PO4 bond: Par-file 4.800 A, PDB file 4.700 A!
Warning: Box0,      8  DPC,Warning: Box0,     38  DPC,4.500 A, PDB file 4.701 A!
C2A-C3A bond: Par-file Warning: Box0,     24  DPC,C2A-C3A bond: Par-file 4.800 A, PDB file 4.699 A!
C1A-C2A bond: Par-file 4.800 A, PDB file 4.701 A!
Warning: Box0,     52  DPC,Warning: Box0,      9  DPC,NC3-PO4 bond: Par-file 4.500 A, PDB file 4.701 A!
C1A-C2A bond: Par-file 4.800 A, PDB file 4.700 A!
Warning: Box0,     52  DPC,C2A-C3A bond: Par-file Warning: Box0,      9  DPC,4.800 A, PDB file 4.699 A!
C1A-C2A bond: Par-file 4.800 A, PDB file 4.701 A!
Warning: Box0,      9  DPC,Warning: Box0,     24  DPC,C2A-C3A bond: Par-file C2A-C3A bond: Par-file 4.800 A, PDB file 4.700 A!
Warning: Box0,     53  DPC,4.800 A, PDB file 4.700 A!
Warning: Box0,     39  DPC,NC3-PO4 bond: Par-file 4.500 A, PDB file 4.702 A!
Warning: Box0,     39  DPC,C1A-C2A bond: Par-file 4.800 A, PDB file 4.701 A!
Warning: Box0,     39  DPC,C2A-C3A bond: Par-file 4.800 A, PDB file 4.699 A!
4.800 A, PDB file 4.699 A!
Warning: Box0,     40  DPC,NC3-PO4 bond: Par-file 4.500 A, PDB file 4.701 A!
Warning: Box0,     40  DPC,C1A-C2A bond: Par-file Warning: Box0,     10  DPC,4.800 A, PDB file 4.700 A!
NC3-PO4 bond: Par-file Warning: Box0,     25  DPC,4.500 A, PDB file 4.701 A!
Warning: Box0,     53  DPC,NC3-PO4 bond: Par-file 4.500 A, PDB file 4.701 A!
Warning: Box0,     10  DPC,C1A-C2A bond: Par-file 4.800 A, PDB file 4.701 A!
C1A-C2A bond: Par-file 4.800 A, PDB file 4.701 A!
Warning: Box0,     10  DPC,C2A-C3A bond: Par-file 4.800 A, PDB file 4.699 A!
Warning: Box0,     40  DPC,Warning: Box0,     11  DPC,NC3-PO4 bond: Par-file 4.500 A, PDB file 4.701 A!
NC3-PO4 bond: Par-file C2A-C3A bond: Par-file 4.500 A, PDB file 4.701 A!
Warning: Box0,     53  DPC,4.800 A, PDB file 4.700 A!
C2A-C3A bond: Par-file 4.800 A, PDB file 4.699 A!
Warning: Box0,     25  DPC,C1A-C2A bond: Par-file 4.800 A, PDB file 4.700 A!
Warning: Box0,     25  DPC,C2A-C3A bond: Par-file 4.800 A, PDB file 4.699 A!
Warning: Box0,     11  DPC,Warning: Box0,     26  DPC,C1A-C2A bond: Par-file NC3-PO4 bond: Par-file 4.800 A, PDB file 4.700 A!
Warning: Box0,     11  DPC,C2A-C3A bond: Par-file 4.800 A, PDB file 4.699 A!
Warning: Box0,     12  DPC,4.500 A, PDB file 4.701 A!
Warning: Box0,     26  DPC,C1A-C2A bond: Par-file 4.800 A, PDB file 4.700 A!
NC3-PO4 bond: Par-file Warning: Box0,     26  DPC,4.500 A, PDB file 4.701 A!
Warning: Box0,     12  DPC,C1A-C2A bond: Par-file 4.800 A, PDB file 4.700 A!
Warning: Box0,     12  DPC,C2A-C3A bond: Par-file 4.800 A, PDB file 4.699 A!
C2A-C3A bond: Par-file 4.800 A, PDB file 4.700 A!
Warning: Box0,     13  DPC,NC3-PO4 bond: Par-file 4.500 A, PDB file 4.701 A!
Warning: Box0,     27  DPC,NC3-PO4 bond: Par-file 4.500 A, PDB file 4.701 A!
Warning: Box0,     13  DPC,C1A-C2A bond: Par-file 4.800 A, PDB file 4.700 A!
Warning: Box0,     13  DPC,C2A-C3A bond: Par-file 4.800 A, PDB file 4.700 A!
Warning: Box0,     27  DPC,C1A-C2A bond: Par-file 4.800 A, PDB file 4.701 A!
Warning: Box0,     27  DPC,C2A-C3A bond: Par-file 4.800 A, PDB file 4.700 A!

################################################################################
########################## INITIAL SIMULATION ENERGY ###########################

ETITLE:     STEP           TOTAL        INTRA(B)       INTRA(NB)       INTER(LJ)             LRC     TOTAL_ELECT            REAL           RECIP            SELF            CORR

ENER_0:        0      4.1229e+08      3.0866e+04     -1.5897e+04      4.1227e+08      0.0000e+00      5.9402e+01      5.9402e+01      0.0000e+00      0.0000e+00     -0.0000e+00

STITLE:     STEP        PRESSURE        TOTALMOL     TOT_DENSITY

STAT_0:        0      5.4946e+04              54      4.5791e+01

################################################################################
############################# STARTING SIMULATION ##############################

MTITLE:     STEP          DISTRY       DISACCEPT      DISACCEPT%          DISMAX          ROTATE       ROTACCEPT      ROTACCEPT%          ROTMAX       INTRASWAP       INTACCEPT      INTACCEPT%        REGROWTH    REGROWACCEPT   REGROWACCEPT%

ETITLE:     STEP           TOTAL        INTRA(B)       INTRA(NB)       INTER(LJ)             LRC     TOTAL_ELECT            REAL           RECIP            SELF            CORR

STITLE:     STEP        PRESSURE        TOTALMOL     TOT_DENSITY

Printed combined psf to file DPC_310_K_merged.psf
MOVE_0:   100000           40043           19532      4.8778e+01      3.1410e-01           30058           14817      4.9295e+01      1.3359e-01           20007             243      1.2146e+00            9892            2010      2.0319e+01

ENER_0:   100000     -2.5225e+05      4.2762e+03     -1.4137e+04     -2.4017e+05      0.0000e+00     -2.2177e+03     -2.2177e+03      0.0000e+00      0.0000e+00      0.0000e+00

STAT_0:   100000      8.8459e-01              54      4.5791e+01

PRES_0:   100000     -2.3605e+00     -1.2820e+01      7.9992e+00

Steps/sec: 2649.658, Simulation ends in:   0 d:   0 h:   6 m 

MOVE_0:   200000           80331           39718      4.9443e+01      3.1415e-01           59911           29811      4.9759e+01      1.5728e-01           39922             294      7.3644e-01           19836            3694      1.8623e+01

ENER_0:   200000     -2.4517e+05      5.2645e+03     -1.2872e+04     -2.3448e+05      0.0000e+00     -3.0755e+03     -3.0755e+03      0.0000e+00      0.0000e+00      0.0000e+00

STAT_0:   200000     -3.2822e+00              54      4.5791e+01

PRES_0:   200000     -2.3134e+00     -7.7713e+00     -9.5972e+00

Steps/sec: 2674.664, Simulation ends in:   0 d:   0 h:   5 m 

MOVE_0:   300000          120274           59733      4.9664e+01      3.3330e-01           89802           44812      4.9901e+01      1.6813e-01           59986             307      5.1179e-01           29938            5222      1.7443e+01

ENER_0:   300000     -2.3829e+05      4.7414e+03     -1.2329e+04     -2.2679e+05      0.0000e+00     -3.9139e+03     -3.9139e+03      0.0000e+00      0.0000e+00      0.0000e+00

STAT_0:   300000      3.3065e+00              54      4.5791e+01

PRES_0:   300000     -9.6237e+00      7.1174e+00      2.5905e+00

Steps/sec: 2627.544, Simulation ends in:   0 d:   0 h:   5 m 

MOVE_0:   400000          160448           79838      4.9759e+01      2.8882e-01          119795           59817      4.9933e+01      1.4735e-01           79800             349      4.3734e-01           39957            6797      1.7011e+01

ENER_0:   400000     -2.6529e+05      4.6100e+03     -1.4788e+04     -2.5043e+05      0.0000e+00     -4.6799e+03     -4.6799e+03      0.0000e+00      0.0000e+00      0.0000e+00

STAT_0:   400000      7.0266e+00              54      4.5791e+01

PRES_0:   400000      2.3435e+01     -9.7631e-01     -1.1215e+01

Steps/sec: 2627.809, Simulation ends in:   0 d:   0 h:   4 m 

MOVE_0:   500000          200174           99740      4.9827e+01      2.7774e-01          149944           74914      4.9961e+01      1.3349e-01           99834             367      3.6761e-01           50048            8196      1.6376e+01

ENER_0:   500000     -2.8688e+05      7.2258e+03     -1.4480e+04     -2.7491e+05      0.0000e+00     -4.7126e+03     -4.7126e+03      0.0000e+00      0.0000e+00      0.0000e+00

STAT_0:   500000     -5.0644e+00              54      4.5791e+01

PRES_0:   500000     -1.0465e+01      2.9282e+00     -1.7492e+01

Steps/sec: 2588.159, Simulation ends in:   0 d:   0 h:   4 m 

MOVE_0:   600000          240050          119738      4.9880e+01      3.0539e-01          179971           89971      4.9992e+01      1.4257e-01          119964             369      3.0759e-01           60015            9496      1.5823e+01

ENER_0:   600000     -2.8741e+05      6.2456e+03     -1.4563e+04     -2.7447e+05      0.0000e+00     -4.6255e+03     -4.6255e+03      0.0000e+00      0.0000e+00      0.0000e+00

STAT_0:   600000      3.9132e+00              54      4.5791e+01

PRES_0:   600000     -1.2173e+01      1.7475e+01     -3.3981e+00

Steps/sec: 2602.144, Simulation ends in:   0 d:   0 h:   3 m 

MOVE_0:   700000          280059          139785      4.9913e+01      2.9919e-01          210080          105046      5.0003e+01      1.2903e-01          139738             373      2.6693e-01           70123           10768      1.5356e+01

ENER_0:   700000     -2.9387e+05      6.0995e+03     -1.3605e+04     -2.8158e+05      0.0000e+00     -4.7807e+03     -4.7807e+03      0.0000e+00      0.0000e+00      0.0000e+00

STAT_0:   700000     -7.0661e+00              54      4.5791e+01

PRES_0:   700000     -1.0806e+01     -7.5532e+00     -1.2675e+01

Steps/sec: 2604.275, Simulation ends in:   0 d:   0 h:   2 m 

MOVE_0:   800000          320342          159964      4.9935e+01      2.9762e-01          240168          120096      5.0005e+01      1.1039e-01          159479             376      2.3577e-01           80011           12004      1.5003e+01

ENER_0:   800000     -2.9900e+05      4.7949e+03     -1.3196e+04     -2.8523e+05      0.0000e+00     -5.3668e+03     -5.3668e+03      0.0000e+00      0.0000e+00      0.0000e+00

STAT_0:   800000      2.6926e+00              54      4.5791e+01

PRES_0:   800000      7.6146e+00     -3.5222e+00     -5.8498e+00

Steps/sec: 2630.980, Simulation ends in:   0 d:   0 h:   2 m 

MOVE_0:   900000          360338          179983      4.9948e+01      2.7911e-01          270389          135273      5.0029e+01      1.2951e-01          179025             380      2.1226e-01           90248           13311      1.4749e+01

ENER_0:   900000     -3.0583e+05      3.8618e+03     -1.2083e+04     -2.9307e+05      0.0000e+00     -4.5373e+03     -4.5373e+03      0.0000e+00      0.0000e+00      0.0000e+00

STAT_0:   900000     -3.6321e-01              54      4.5791e+01

PRES_0:   900000     -1.0268e+01     -4.2356e+00      3.5787e+00

Steps/sec: 2620.815, Simulation ends in:   0 d:   0 h:   1 m 

MOVE_0:  1000000          400343          199991      4.9955e+01      2.3659e-01          300259          150230      5.0033e+01      1.1206e-01          199032             412      2.0700e-01          100366           14571      1.4518e+01

ENER_0:  1000000     -3.1054e+05      4.6509e+03     -1.3081e+04     -2.9632e+05      0.0000e+00     -5.7945e+03     -5.7945e+03      0.0000e+00      0.0000e+00      0.0000e+00

STAT_0:  1000000     -1.2916e+00              54      4.5791e+01

PRES_0:  1000000      1.1459e+01     -2.1216e+01     -3.9532e+00

Simulation Time (total): 3.8130e+02 sec.

Move Type                Mol. Kind      BOX_0      
% Accepted Displacement        DPC     49.95491 
% Accepted Rotation            DPC     50.03347 
% Accepted Intra-Swap          DPC      0.20700 
% Accepted Regrowth            DPC     14.51786 

Displacement:                           27.6835    sec.
Rotation:                               20.9546    sec.
Intra-Swap:                            236.7180    sec.
Regrowth:                               94.5442    sec.
Intra-MEMC:                              0.0000    sec.
Crank-Shaft:                             0.0000    sec.

Info: GOMC Version 2.40
Info: Completed at: Fri May 17 16:46:23 2019
Info: On hostname: wsu92
