Info: GOMC Version 2.20
Info: Start Time: Mon Nov 27 17:09:43 2017
Info: Host Name: potoff39.eng.wayne.edu
CPU information:
Info: Total number of CPUs: 4
Info: Total number of CPUs available: 4
Info: Model name: Intel(R) Core(TM) i5-2500K CPU @ 3.30GHz
Info: System name: Linux
Info: Release: 3.10.0-514.26.1.el7.x86_64
Info: Version: #1 SMP Wed Jun 28 15:10:01 CDT 2017
Info: Kernel Architecture: x86_64
Info: Total Ram: 7806.1MB
Info: Used Ram: 7122.5MB
Info: Working in the current directory: /home4/soroush/Desktop/validation/GOMC_Examples/NVT/dpc_dryMartini
Info: GOMC COMPILED TO RUN CANONICAL (NVT) ENSEMBLE.
Info: Number of threads                  1 

Reading Input File:                      in.conf
Info: Random seed                        Active 
Info: PARAMETER file: MARTINI using CHARMM format!
Info: Input Temperature                  310.0000 K
Info: Switch truncated potential         Active 
Info: Long Range Correction              Active 
Info: Cutoff                             12.0000 A
Info: Exclude                            ONE-TWO 
Info: Dielectric                         15.0000 
Info: Pressure calculation frequency     1000 
Info: Total number of steps              1000000 
Info: Number of equilibration steps      500000 
Info: Move adjustment frequency          1000 
Info: Displacement move frequency        0.4000 
Info: Rotation move frequency            0.3000 
Info: Intra-Swap move frequency          0.3000 
Info: Box  0:  Periodic Cell Basis 1     89.000   0.000   0.000 
Info: Box  0:  Periodic Cell Basis 2      0.000  89.000   0.000 
Info: Box  0:  Periodic Cell Basis 3      0.000   0.000  89.000 
Info: Output name                        DPC_310_K 
Info: Coordinate frequency               1000000 
Info: Restart frequency                  1000000 
Info: Console output frequency           100000 
Info: Average output frequency           100000 
Info: Switch distance                    9.0000 
Default: Short Range Cutoff              1.0000 
Warning: Electrostatic calculation with Ewlad method Inactive 
Warning: Long Range Correction is Active for truncated potential.
Finished Reading Input File:             in.conf

Reading from CHARMM-Style parameter file:  	../../common/Par_Dry_Martini_Charmm.inp
Reading BONDS parameters.
Reading ANGLES parameters.
Reading DIHEDRALS parameters.
Reading NONBONDED parameters.
Reading NBFIX parameters.
Finished reading CHARMM-Style parameter file:  	../../common/Par_Dry_Martini_Charmm.inp
Reading from system PDB coordinate file:  	STEP3_START_DPC_AC4_sys_BOX_0.pdb
Finished reading system PDB coordinate file:  	STEP3_START_DPC_AC4_sys_BOX_0.pdb
Random number seed: 3887092778

Molecules in PSF:
Molecule Kind: DPC
Idx	name	type	charge	mass
0	NC3	Q0	1.0000	72.0000
1	PO4	QA	-1.0000	72.0000
2	C1A	C1	0.0000	72.0000
3	C2A	C1	0.0000	72.0000
4	C3A	C1	0.0000	72.0000

Bonds:
[0 1] [1 2] [2 3] [3 4] 

Angles:
[0 1 2] [1 2 3] [2 3 4] 

Dihedrals:
[0 1 2 3] [1 2 3 4] 

Bonds parameter:
Atom Types                    Kb(K)                b0(A) 
Q0  QA                   751.702342               4.5000 
QA  C1                   751.702342               4.7000 
C1  C1                   751.702342               4.8000 

Angles parameter:
Atom Types                Ktheta(K)       theta0(degree) 
Q0  QA  C1                 0.000000             120.0000 
QA  C1  C1                 0.000000             120.0000 
C1  C1  C1              2104.766486             180.0000 

Dihedrals parameter:
Atom Types                  Kchi(K)    n   delta(degree) 
Q0  QA  C1  C1             0.000000    1          0.0000 

QA  C1  C1  C1             0.000000    1          0.0000 


Minimum coordinates in box 0: x =    4.195, y =    1.287, z =    2.048
Maximum coordinates in box 0: x =   84.511, y =   85.173, z =   82.175
Wrapping molecules inside the simulation box 0:

################################################################################
########################## INITIAL SIMULATION ENERGY ###########################

ETITLE:     STEP           TOTAL        INTRA(B)       INTRA(NB)       INTER(LJ)             LRC     TOTAL_ELECT            REAL           RECIP            SELF            CORR

ENER_0:        0  412289131.7267      30865.6238     -15896.8279  412274103.5289          0.0000         59.4019         59.4019          0.0000          0.0000         -0.0000

STITLE:     STEP        PRESSURE        TOTALMOL     TOT_DENSITY

STAT_0:        0      54946.0763              54         45.7905

################################################################################
############################# STARTING SIMULATION ##############################

MTITLE:     STEP          DISTRY       DISACCEPT      DISACCEPT%          DISMAX          ROTATE       ROTACCEPT      ROTACCEPT%          ROTMAX       INTRASWAP       INTACCEPT      INTACCEPT%

ETITLE:     STEP           TOTAL        INTRA(B)       INTRA(NB)       INTER(LJ)             LRC     TOTAL_ELECT            REAL           RECIP            SELF            CORR

STITLE:     STEP        PRESSURE        TOTALMOL     TOT_DENSITY

Printed combined psf to file DPC_310_K_merged.psf
MOVE_0:   100000           40093           19561         48.7891          0.3598           30050           14848         49.4110          0.1730           29857             400          1.3397

ENER_0:   100000    -231665.4538       6738.7747     -12995.3016    -222121.7644          0.0000      -3287.1624      -3287.1624          0.0000          0.0000          0.0000

STAT_0:   100000         10.2733              54         45.7905

PRES_0:   100000          7.2690         18.6513         -4.9358

Steps/sec. : 2352.3757
MOVE_0:   200000           79935           39527         49.4489          0.3588           59940           29835         49.7748          0.1717           60125             477          0.7933

ENER_0:   200000    -233565.5771       6098.0202     -12621.8917    -226315.0351          0.0000       -726.6706       -726.6706          0.0000          0.0000          0.0000

STAT_0:   200000          0.4247              54         45.7905

PRES_0:   200000          4.5554         -8.1991         -4.9177

Steps/sec. : 2400.6039
MOVE_0:   300000          119819           59505         49.6624          0.3301           89804           44778         49.8619          0.1458           90377             559          0.6185

ENER_0:   300000    -253499.5176       6858.0228     -11679.3090    -248206.9972          0.0000       -471.2342       -471.2342          0.0000          0.0000          0.0000

STAT_0:   300000         -8.9826              54         45.7905

PRES_0:   300000        -26.1990          1.9407        -12.5250

Steps/sec. : 2378.5872
MOVE_0:   400000          159638           79412         49.7450          0.2788          119769           59809         49.9370          0.1503          120593             585          0.4851

ENER_0:   400000    -269965.3687       8005.4408     -12262.5469    -264109.9199          0.0000      -1598.3426      -1598.3426          0.0000          0.0000          0.0000

STAT_0:   400000         -7.4789              54         45.7905

PRES_0:   400000          1.5742        -34.5527          0.7065

Steps/sec. : 2376.6122
MOVE_0:   500000          199572           99456         49.8346          0.2966          149910           74898         49.9620          0.1255          150518             643          0.4272

ENER_0:   500000    -285198.4311       7079.1718     -12623.8714    -276489.8550          0.0000      -3163.8764      -3163.8764          0.0000          0.0000          0.0000

STAT_0:   500000         -4.4245              54         45.7905

PRES_0:   500000         -8.3348        -24.3939          9.6198

Steps/sec. : 2320.3374
MOVE_0:   600000          239541          119461         49.8708          0.2808          179942           89948         49.9872          0.1184          180517             689          0.3817

ENER_0:   600000    -284456.7177       7761.0211     -13364.8213    -278118.6103          0.0000       -734.3071       -734.3071          0.0000          0.0000          0.0000

STAT_0:   600000          0.6561              54         45.7905

PRES_0:   600000          1.5784          0.0944         -9.5397

Steps/sec. : 2363.4877
MOVE_0:   700000          279377          139416         49.9025          0.2764          210017          105016         50.0036          0.1174          210606             725          0.3442

ENER_0:   700000    -287259.5102       6955.3688     -13250.8263    -280680.0917          0.0000       -283.9611       -283.9611          0.0000          0.0000          0.0000

STAT_0:   700000         -7.5878              54         45.7905

PRES_0:   700000         -1.9595        -13.1271        -17.5122

Steps/sec. : 2341.1927
MOVE_0:   800000          319600          159575         49.9296          0.2728          240001          120040         50.0165          0.1176          240399             783          0.3257

ENER_0:   800000    -290083.0646       6983.2413     -13069.0413    -279715.7546          0.0000      -4281.5100      -4281.5100          0.0000          0.0000          0.0000

STAT_0:   800000         13.3245              54         45.7905

PRES_0:   800000          5.8170         21.0913          3.2300

Steps/sec. : 2357.9098
MOVE_0:   900000          359680          179671         49.9530          0.2866          269829          134995         50.0298          0.1128          270491             786          0.2906

ENER_0:   900000    -308912.6062       7184.2108     -13060.9555    -301094.4250          0.0000      -1941.4365      -1941.4365          0.0000          0.0000          0.0000

STAT_0:   900000         -4.3745              54         45.7905

PRES_0:   900000          8.0977        -35.1708          4.1142

Steps/sec. : 2330.0513
MOVE_0:  1000000          399733          199740         49.9684          0.2929          299865          150053         50.0402          0.1185          300402             787          0.2620

ENER_0:  1000000    -318351.7500       7623.6503     -13251.0686    -310705.6817          0.0000      -2018.6500      -2018.6500          0.0000          0.0000          0.0000

STAT_0:  1000000         -3.1301              54         45.7905

PRES_0:  1000000         -2.8334         -9.4795         -6.9127

Simulation Time (total): 424.7075 sec.
Info: GOMC Version 2.20
Info: Completed at: Mon Nov 27 17:16:48 2017
Info: On hostname: potoff39.eng.wayne.edu
