Info: GOMC Version 2.40
Info: Start Time: Fri May 17 16:45:30 2019
Info: Host Name: wsu36
CPU information:
Info: Total number of CPUs: 12
Info: Total number of CPUs available: 12
Info: Model name: AMD Opteron(tm) Processor 4332 HE
Info: System name: Linux
Info: Release: 3.10.0-957.5.1.el7.x86_64
Info: Version: #1 SMP Fri Feb 1 14:54:57 UTC 2019
Info: Kernel Architecture: x86_64
Info: Total Ram: 96496.3MB
Info: Used Ram: 9027.6MB
Info: Working in the current directory: /wsu/home/fe/fe18/fe1855/clone/GOMC_Examples/NVT_GEMC/pure_fluid/2_2_dimethylpentane_T_420_00_K
Info: GOMC COMPILED TO RUN GIBBS ENSEMBLE.
Info: Number of threads                  4 

Reading Input File:                      in.conf
Info: Random seed                        Active 
Info: PARAMETER file                     CHARMM format! 
Info: Running NVT_GEMC
Info: Input Temperature                  420.0000 K
Info: Non-truncated potential            Active 
Info: Long Range Correction              Active 
Info: Cutoff                             10.0000 A
Info: Exclude                            ONE-FOUR 
Info: Pressure calculation frequency     1000 
Info: Total number of steps              1000000 
Info: Number of equilibration steps      500000 
Info: Move adjustment frequency          1000 
Info: Displacement move frequency        0.5900 
Info: Rotation move frequency            0.1000 
Info: Volume move frequency              0.0100 
Info: Molecule swap move frequency       0.2000 
Info: Regrowth move frequency            0.1000 
Info: CBMC First atom trials             10   
Info: CBMC Secondary atom trials         8    
Info: CBMC Angle trials                  100  
Info: CBMC Dihedral trials               30   
Info: Output name                        2_2_dimethylpentane_360_00_K 
Info: Coordinate frequency               1000000 
Info: Restart frequency                  1000000 
Info: Console output frequency           100000 
Info: Average output frequency           100000 
Default: Intra-Swap move frequency       0.0000 
Default: Intra-MEMC move frequency       0.0000 
Default: Crank-Shaft move frequency      0.0000 
Default: MEMC move frequency             0.0000 
Default: Short Range Cutoff              0.0000 
Warning: 1-4 Electrostatic scaling set, but will be ignored.
Finished Reading Input File:             in.conf

Reading from CHARMM-Style parameter file:  	../../../common/Par_TraPPE_Alkanes_CHARMM.inp
Reading BONDS parameters.
Reading ANGLES parameters.
Reading DIHEDRALS parameters.
Reading NONBONDED parameters.
Finished reading CHARMM-Style parameter file:  	../../../common/Par_TraPPE_Alkanes_CHARMM.inp
Reading from box 0 PDB coordinate file:  	STEP3_START_DP1_sys_BOX_0.pdb
Finished reading box 0 PDB coordinate file:  	STEP3_START_DP1_sys_BOX_0.pdb
Reading from box 1 PDB coordinate file:  	STEP3_START_DP1_sys_BOX_1.pdb
Finished reading box 1 PDB coordinate file:  	STEP3_START_DP1_sys_BOX_1.pdb
Random number seed: 2319968997

Molecules in PSF:
Molecule Kind: DP1
Idx	name	type	charge	mass
0	C1	CT	0.0000	12.0110
1	C2	CH3	0.0000	15.0350
2	C3	CH3	0.0000	15.0350
3	C4	CH3	0.0000	15.0350
4	C5	CH2	0.0000	14.0270
5	C6	CH2	0.0000	14.0270
6	C7	CH3	0.0000	15.0350

Bonds:
[0 1] [0 2] [0 3] [0 4] [4 5] [5 6] 

Angles:
[0 4 5] [1 0 4] [1 0 3] [1 0 2] [2 0 4] [2 0 3] [3 0 4] 
[4 5 6] 

Dihedrals:
[0 4 5 6] [1 0 4 5] [2 0 4 5] [3 0 4 5] 

Bonds parameter:
Atom Types                             Kb(K)           b0(A) 
CT	CH3	                         FIX           1.5400 
CT	CH2	                         FIX           1.5400 
CH2	CH2	                         FIX           1.5400 
CH2	CH3	                         FIX           1.5400 

Angles parameter:
Atom Types                         Ktheta(K)         theta0(degree) 
CT	CH2	CH2	          31250.0025         114.0000 
CH3	CT	CH2	          31250.0025         109.4700 
CH3	CT	CH3	          31250.0025         109.4700 
CH2	CH2	CH3	          31250.0025         114.0000 

Dihedrals parameter:
Atom Types                           Kchi(K)    n    delta(degree) 
CT	CH2	CH2	CH3	      0.0000    0     90.0000 
CT	CH2	CH2	CH3	    355.0300    1      0.0000 
CT	CH2	CH2	CH3	    -68.1898    2    180.0000 
CT	CH2	CH2	CH3	    791.3179    3      0.0000 
CH3	CT	CH2	CH2	    461.2898    3      0.0000 

NonBonded 1-4 parameters:
Type1  Type2             Epsilon(K)    Sigma(A)       N 
CT     CT                    0.5000      6.4000   12.00 
CT     CH3                   7.0000      5.0750   12.00 
CT     CH2                   4.7958      5.1750   12.00 
CH3    CH3                  98.0000      3.7500   12.00 
CH3    CH2                  67.1416      3.8500   12.00 
CH2    CH2                  46.0000      3.9500   12.00 

NonBonded parameters:
Type1  Type2             Epsilon(K)    Sigma(A)       N 
CT     CT                    0.5000      6.4000   12.00 
CT     CH3                   7.0000      5.0750   12.00 
CT     CH2                   4.7958      5.1750   12.00 
CH3    CH3                  98.0000      3.7500   12.00 
CH3    CH2                  67.1416      3.8500   12.00 
CH2    CH2                  46.0000      3.9500   12.00 

Info: Box  0:  Periodic Cell Basis 1     83.200   0.000   0.000 
Info: Box  0:  Periodic Cell Basis 2      0.000  83.200   0.000 
Info: Box  0:  Periodic Cell Basis 3      0.000   0.000  83.200 

Info: Box  1:  Periodic Cell Basis 1     126.800   0.000   0.000 
Info: Box  1:  Periodic Cell Basis 2      0.000 126.800   0.000 
Info: Box  1:  Periodic Cell Basis 3      0.000   0.000 126.800 

Minimum coordinates in box 0: x =    0.020, y =    0.238, z =    0.085
Maximum coordinates in box 0: x =   80.985, y =   80.985, z =   80.926
Wrapping molecules inside the simulation box 0:
Minimum coordinates in box 1: x =    0.312, y =    0.195, z =    0.234
Maximum coordinates in box 1: x =  124.623, y =  124.549, z =  124.869
Wrapping molecules inside the simulation box 1:

################################################################################
########################## INITIAL SIMULATION ENERGY ###########################

ETITLE:     STEP           TOTAL        INTRA(B)       INTRA(NB)       INTER(LJ)             LRC     TOTAL_ELECT            REAL           RECIP            SELF            CORR

ENER_0:        0      1.4997e+07      1.9309e+05     -1.2249e+05      1.4963e+07     -3.6002e+04      0.0000e+00      0.0000e+00      0.0000e+00      0.0000e+00     -0.0000e+00

ENER_1:        0      4.2493e+06      1.9309e+05     -1.2249e+05      4.1889e+06     -1.0170e+04      0.0000e+00      0.0000e+00      0.0000e+00      0.0000e+00     -0.0000e+00

STITLE:     STEP          VOLUME        PRESSURE        TOTALMOL     TOT_DENSITY

STAT_0:        0      5.7593e+05      2.5258e+04             500      1.4446e+02

STAT_1:        0      2.0387e+06      1.8757e+03             500      4.0809e+01

################################################################################
############################# STARTING SIMULATION ##############################

MTITLE:     STEP          DISTRY       DISACCEPT      DISACCEPT%          DISMAX          ROTATE       ROTACCEPT      ROTACCEPT%          ROTMAX        REGROWTH    REGROWACCEPT   REGROWACCEPT%        TRANSFER      TRANACCEPT     TRANACCEPT%          VOLUME       VOLACCEPT      VOLACCEPT%          VOLMAX

ETITLE:     STEP           TOTAL        INTRA(B)       INTRA(NB)       INTER(LJ)             LRC     TOTAL_ELECT            REAL           RECIP            SELF            CORR

STITLE:     STEP          VOLUME        PRESSURE        TOTALMOL     TOT_DENSITY

Printed combined psf to file 2_2_dimethylpentane_360_00_K_merged.psf
MOVE_0:   100000           29537           14463      4.8966e+01      1.2483e+00            4899            2889      5.8971e+01      3.1416e+00            4993            1993      3.9916e+01           10154            1679      1.6535e+01            1003             552      5.5035e+01      1.5732e+04

ENER_0:   100000      3.8512e+05      7.8336e+05     -9.2347e+04     -2.8187e+05     -2.4024e+04      0.0000e+00      0.0000e+00      0.0000e+00      0.0000e+00      0.0000e+00

STAT_0:   100000      5.6907e+05      3.6062e+00             406      1.1871e+02

PRES_0:   100000     -3.3809e+01     -3.3878e+01     -1.0696e+01

MOVE_1:   100000           29609           14576      4.9228e+01      4.7507e+00            5001            3967      7.9324e+01      3.1416e+00            4913            1945      3.9589e+01            9891            1773      1.7925e+01            1003             552      5.5035e+01      1.5732e+04

ENER_1:   100000      8.4122e+05      1.1626e+06     -1.2998e+05     -1.7712e+05     -1.4306e+04      0.0000e+00      0.0000e+00      0.0000e+00      0.0000e+00      0.0000e+00

STAT_1:   100000      2.0456e+06      9.7088e+00             594      4.8318e+01

PRES_1:   100000     -9.7997e+00     -3.4648e+00     -2.3413e+00

Steps/sec: 1976.131, Simulation ends in:   0 d:   0 h:   8 m 

MOVE_0:   200000           58879           29228      4.9641e+01      1.8800e+00            9801            5817      5.9351e+01      3.1416e+00            9907            3902      3.9386e+01           20147            3453      1.7139e+01            2036            1098      5.3929e+01      2.8610e+04

ENER_0:   200000      2.7326e+05      4.3154e+05     -5.0733e+04     -9.9457e+04     -8.0833e+03      0.0000e+00      0.0000e+00      0.0000e+00      0.0000e+00      0.0000e+00

STAT_0:   200000      5.2871e+05      2.3505e+01             227      7.1441e+01

PRES_0:   200000     -1.6023e+00      4.9893e+00      5.0809e+00

MOVE_1:   200000           59409           29472      4.9609e+01      3.6047e+00           10023            7791      7.7731e+01      3.1416e+00            9833            4041      4.1096e+01           19965            3726      1.8663e+01            2036            1098      5.3929e+01      2.8610e+04

ENER_1:   200000      1.0838e+06      1.5366e+06     -1.6663e+05     -2.6240e+05     -2.3758e+04      0.0000e+00      0.0000e+00      0.0000e+00      0.0000e+00      0.0000e+00

STAT_1:   200000      2.0859e+06      1.9304e+01             773      6.1662e+01

PRES_1:   200000      2.4025e+00     -5.3782e+00      5.8410e+00

Steps/sec: 2114.759, Simulation ends in:   0 d:   0 h:   7 m 

MOVE_0:   300000           88472           44050      4.9790e+01      1.5987e+00           14912            9214      6.1789e+01      3.1416e+00           14871            5851      3.9345e+01           30165            5309      1.7600e+01            3021            1637      5.4187e+01      1.1709e+04

ENER_0:   300000      2.3611e+05      4.8639e+05     -5.7179e+04     -1.7920e+05     -1.3894e+04      0.0000e+00      0.0000e+00      0.0000e+00      0.0000e+00      0.0000e+00

STAT_0:   300000      3.9426e+05      7.2750e+00             257      1.0847e+02

PRES_0:   300000     -2.1512e+01     -5.3058e+00     -3.5613e+01

MOVE_1:   300000           89013           44321      4.9792e+01      4.2071e+00           14955           11504      7.6924e+01      3.1416e+00           14785            6065      4.1021e+01           29806            5552      1.8627e+01            3021            1637      5.4187e+01      1.1709e+04

ENER_1:   300000      1.0037e+06      1.4539e+06     -1.6355e+05     -2.6605e+05     -2.0621e+04      0.0000e+00      0.0000e+00      0.0000e+00      0.0000e+00      0.0000e+00

STAT_1:   300000      2.2204e+06      9.9578e+00             743      5.5680e+01

PRES_1:   300000     -5.6580e+00     -5.0068e+00     -9.9939e+00

Steps/sec: 2132.854, Simulation ends in:   0 d:   0 h:   6 m 

MOVE_0:   400000          117840           58766      4.9869e+01      1.4833e+00           19997           12155      6.0784e+01      3.1416e+00           20032            7828      3.9077e+01           40117            6979      1.7397e+01            4012            2171      5.4113e+01      1.9762e+04

ENER_0:   400000      2.9510e+05      5.4775e+05     -6.1316e+04     -1.7482e+05     -1.6514e+04      0.0000e+00      0.0000e+00      0.0000e+00      0.0000e+00      0.0000e+00

STAT_0:   400000      3.7430e+05      1.7739e+01             273      1.2136e+02

PRES_0:   400000     -1.4426e+01     -1.2744e+01     -1.0008e+01

MOVE_1:   400000          118556           59084      4.9836e+01      3.3236e+00           19938           15256      7.6517e+01      3.1416e+00           19752            8164      4.1333e+01           39756            7206      1.8126e+01            4012            2171      5.4113e+01      1.9762e+04

ENER_1:   400000      1.0307e+06      1.4655e+06     -1.5794e+05     -2.5723e+05     -1.9566e+04      0.0000e+00      0.0000e+00      0.0000e+00      0.0000e+00      0.0000e+00

STAT_1:   400000      2.2404e+06      1.5849e+01             727      5.3995e+01

PRES_1:   400000     -3.7216e+00      2.1116e+00     -7.2702e-02

Steps/sec: 2122.581, Simulation ends in:   0 d:   0 h:   5 m 

MOVE_0:   500000          147345           73542      4.9911e+01      1.3786e+00           25002           15000      5.9995e+01      3.1416e+00           24945            9751      3.9090e+01           49996            8635      1.7271e+01            5041            2731      5.4176e+01      1.2882e+04

ENER_0:   500000      2.7557e+05      5.6730e+05     -5.9739e+04     -2.1471e+05     -1.7285e+04      0.0000e+00      0.0000e+00      0.0000e+00      0.0000e+00      0.0000e+00

STAT_0:   500000      3.4979e+05      1.8698e+00             270      1.2844e+02

PRES_0:   500000     -1.6542e+01     -3.0846e+01     -4.0418e+01

MOVE_1:   500000          148142           73933      4.9907e+01      3.8546e+00           24927           19003      7.6235e+01      3.1416e+00           24755           10220      4.1285e+01           49847            8865      1.7784e+01            5041            2731      5.4176e+01      1.2882e+04

ENER_1:   500000      1.0230e+06      1.4562e+06     -1.6515e+05     -2.4848e+05     -1.9515e+04      0.0000e+00      0.0000e+00      0.0000e+00      0.0000e+00      0.0000e+00

STAT_1:   500000      2.2649e+06      1.0333e+01             730      5.3632e+01

PRES_1:   500000     -4.5658e+00     -5.2420e+00     -8.1379e+00

Steps/sec: 1917.526, Simulation ends in:   0 d:   0 h:   5 m 

MOVE_0:   600000          177202           88472      4.9927e+01      1.0829e+00           30020           17736      5.9081e+01      3.0053e+00           29850           11676      3.9116e+01           60014           10239      1.7061e+01            5963            3243      5.4385e+01      1.3235e+04

ENER_0:   600000      2.3115e+05      5.9117e+05     -6.2880e+04     -2.7400e+05     -2.3139e+04      0.0000e+00      0.0000e+00      0.0000e+00      0.0000e+00      0.0000e+00

STAT_0:   600000      3.2908e+05      1.8792e+01             303      1.5321e+02

PRES_0:   600000     -2.9608e+01     -3.9081e+01      2.3035e+01

MOVE_1:   600000          177630           88734      4.9954e+01      4.6210e+00           29942           22786      7.6100e+01      3.1416e+00           29741           12286      4.1310e+01           59638           10436      1.7499e+01            5963            3243      5.4385e+01      1.3235e+04

ENER_1:   600000      1.0106e+06      1.3916e+06     -1.5088e+05     -2.1248e+05     -1.7629e+04      0.0000e+00      0.0000e+00      0.0000e+00      0.0000e+00      0.0000e+00

STAT_1:   600000      2.2856e+06      1.4165e+01             697      5.0743e+01

PRES_1:   600000     -4.7726e+00      3.9859e-01      1.9632e-01

Steps/sec: 1991.506, Simulation ends in:   0 d:   0 h:   4 m 

MOVE_0:   700000          206626          103139      4.9916e+01      6.5077e-01           35006           20252      5.7853e+01      1.0666e+00           34912           13556      3.8829e+01           69994           11807      1.6869e+01            6937            3760      5.4202e+01      6.3834e+03

ENER_0:   700000      1.3195e+05      1.1143e+06     -1.1614e+05     -7.7593e+05     -9.0235e+04      0.0000e+00      0.0000e+00      0.0000e+00      0.0000e+00      0.0000e+00

STAT_0:   700000      2.5430e+05     -4.7621e+00             526      3.4417e+02

PRES_0:   700000      2.6876e+00     -5.7202e+01     -2.6167e+01

MOVE_1:   700000          207032          103594      5.0038e+01      1.1713e+01           35002           26761      7.6456e+01      3.1416e+00           34795           14441      4.1503e+01           69696           11781      1.6903e+01            6937            3760      5.4202e+01      6.3834e+03

ENER_1:   700000      7.0117e+05      9.1949e+05     -1.0391e+05     -1.0651e+05     -7.8947e+03      0.0000e+00      0.0000e+00      0.0000e+00      0.0000e+00      0.0000e+00

STAT_1:   700000      2.3603e+06      7.1458e+00             474      3.3415e+01

PRES_1:   700000     -3.5312e+00     -4.3632e+00     -2.8370e+00

Steps/sec: 1545.109, Simulation ends in:   0 d:   0 h:   3 m 

MOVE_0:   800000          236019          117828      4.9923e+01      5.0228e-01           39899           22714      5.6929e+01      6.3669e-01           39985           15208      3.8034e+01           79923           12577      1.5736e+01            7938            4308      5.4271e+01      2.7277e+03

ENER_0:   800000     -3.2801e+05      1.5014e+06     -1.5798e+05     -1.4864e+06     -1.8504e+05      0.0000e+00      0.0000e+00      0.0000e+00      0.0000e+00      0.0000e+00

STAT_0:   800000      2.3690e+05     -3.4826e+01             727      5.1063e+02

PRES_0:   800000      4.3856e+00      3.1578e+01     -2.8399e+01

MOVE_1:   800000          236778          121856      5.1464e+01      6.6736e+01           39987           31094      7.7760e+01      3.1416e+00           39761           16541      4.1601e+01           79710           12350      1.5494e+01            7938            4308      5.4271e+01      2.7277e+03

ENER_1:   800000      4.3500e+05      5.3171e+05     -5.9324e+04     -3.4789e+04     -2.5997e+03      0.0000e+00      0.0000e+00      0.0000e+00      0.0000e+00      0.0000e+00

STAT_1:   800000      2.3777e+06      5.5479e+00             273      1.9104e+01

PRES_1:   800000     -1.7066e+00      5.2665e-02     -7.7146e-01

Steps/sec: 998.066, Simulation ends in:   0 d:   0 h:   2 m 

MOVE_0:   900000          265351          132559      4.9956e+01      5.4004e-01           44947           25276      5.6235e+01      7.8246e-01           45018           16793      3.7303e+01           89985           12854      1.4285e+01            8993            4870      5.4153e+01      2.7972e+03

ENER_0:   900000     -4.6034e+05      1.5166e+06     -1.6269e+05     -1.6141e+06     -2.0014e+05      0.0000e+00      0.0000e+00      0.0000e+00      0.0000e+00      0.0000e+00

STAT_0:   900000      2.2877e+05      5.1673e+01             743      5.4042e+02

PRES_0:   900000      1.2300e+02      8.0600e+01      1.0988e+02

MOVE_1:   900000          266292          141820      5.3257e+01      6.6812e+01           44961           35564      7.9100e+01      3.1416e+00           44761           18655      4.1677e+01           89692           12611      1.4060e+01            8993            4870      5.4153e+01      2.7972e+03

ENER_1:   900000      4.4058e+05      5.3731e+05     -5.4801e+04     -3.9637e+04     -2.2960e+03      0.0000e+00      0.0000e+00      0.0000e+00      0.0000e+00      0.0000e+00

STAT_1:   900000      2.3859e+06      4.2290e+00             257      1.7924e+01

PRES_1:   900000     -2.0370e+00     -1.6703e+00     -1.5486e+00

Steps/sec: 882.450, Simulation ends in:   0 d:   0 h:   2 m 

MOVE_0:  1000000          295007          147415      4.9970e+01      5.0508e-01           50002           27843      5.5684e+01      5.2804e-01           49952           18301      3.6637e+01          100083           13089      1.3078e+01            9976            5423      5.4360e+01      2.8600e+03

ENER_0:  1000000     -5.4166e+05      1.4858e+06     -1.6641e+05     -1.6577e+06     -2.0335e+05      0.0000e+00      0.0000e+00      0.0000e+00      0.0000e+00      0.0000e+00

STAT_0:  1000000      2.2637e+05     -5.7012e+01             745      5.4761e+02

PRES_0:  1000000     -7.7377e+00     -1.4035e+01      2.1068e+01

MOVE_1:  1000000          295779          161733      5.4680e+01      6.6834e+01           49962           40048      8.0157e+01      3.1416e+00           49634           20739      4.1784e+01           99605           12844      1.2895e+01            9976            5423      5.4360e+01      2.8600e+03

ENER_1:  1000000      3.8254e+05      4.6810e+05     -5.7269e+04     -2.6025e+04     -2.2581e+03      0.0000e+00      0.0000e+00      0.0000e+00      0.0000e+00      0.0000e+00

STAT_1:  1000000      2.3883e+06      5.8476e+00             255      1.7766e+01

PRES_1:  1000000     -5.3008e-01      6.3542e-01     -3.5470e-01

Simulation Time (total): 6.8188e+02 sec.

Move Type                Mol. Kind      BOX_0      BOX_1      
% Accepted Displacement        DP1     49.97000   54.68035 
% Accepted Rotation            DP1     55.68377   80.15692 
% Accepted Volume-Transfer             54.36047   54.36047 
% Accepted Regrowth            DP1     36.63717   41.78386 
% Accepted Mol-Transfer        DP1     13.07815   12.89493 

Displacement:                           70.9882    sec.
Rotation:                               12.0664    sec.
Intra-Swap:                              0.0000    sec.
Regrowth:                               73.7912    sec.
Intra-MEMC:                              0.0000    sec.
Crank-Shaft:                             0.0000    sec.
Mol-Transfer:                          238.7205    sec.
MEMC:                                    0.0000    sec.
Vol-Transfer:                          258.6090    sec.

Info: GOMC Version 2.40
Info: Completed at: Fri May 17 16:56:52 2019
Info: On hostname: wsu36
