Info: GOMC Version 2.20
Info: Start Time: Wed May  2 18:59:45 2018
Info: Host Name: wsu160.grid.wayne.edu
CPU information:
Info: Total number of CPUs: 12
Info: Total number of CPUs available: 12
Info: Model name: AMD Opteron(tm) Processor 4174 HE
Info: System name: Linux
Info: Release: 2.6.32-696.6.3.el6.x86_64
Info: Version: #1 SMP Wed Jul 12 14:17:22 UTC 2017
Info: Kernel Architecture: x86_64
Info: Total Ram: 32231.1MB
Info: Used Ram: 3980.7MB
Info: Working in the current directory: /wsu/home/fe/fe18/fe1855/testing/TestingSuite/Github/serial/GOMC_Examples/NVT_GEMC/pure_fluid/2_2_dimethylpentane_T_420_00_K
Info: GOMC COMPILED TO RUN GIBBS ENSEMBLE.
Info: Number of threads                  1 

Reading Input File:                      in.conf
Info: PARAMETER file: CHARMM format!
Info: Running NVT_GEMC
Info: Input Temperature                  420.0000 K
Info: Non-truncated potential            Active 
Info: Long Range Correction              Active 
Info: Cutoff                             10.0000 A
Info: Exclude                            ONE-FOUR 
Warning: Modified 1-4 VDW parameters will be ignored!
Info: Pressure calculation frequency     1000 
Info: Total number of steps              1000000 
Info: Number of equilibration steps      500000 
Info: Move adjustment frequency          1000 
Info: Displacement move frequency        0.6900 
Info: Rotation move frequency            0.1000 
Info: Volume move frequency              0.0100 
Info: Molecule swap move frequency       0.2000 
Info: Output name                        2_2_dimethylpentane_360_00_K 
Info: Coordinate frequency               1000000 
Info: Restart frequency                  1000000 
Info: Console output frequency           100000 
Info: Average output frequency           100000 
Info: Constant seed                      Active
Default: Intra-Swap move frequency       0.0000 
Default: Regrowth move frequency         0.0000 
Default: Short Range Cutoff              0.0000 
Warning: 1-4 Electrostatic scaling set, but will be ignored.
Finished Reading Input File:             in.conf

Reading from CHARMM-Style parameter file:  	../../../common/Par_TraPPE_Alkanes_CHARMM.inp
Reading BONDS parameters.
Reading ANGLES parameters.
Reading DIHEDRALS parameters.
Reading NONBONDED parameters.
Finished reading CHARMM-Style parameter file:  	../../../common/Par_TraPPE_Alkanes_CHARMM.inp
Reading from box 0 PDB coordinate file:  	STEP3_START_DP1_sys_BOX_0.pdb
Finished reading box 0 PDB coordinate file:  	STEP3_START_DP1_sys_BOX_0.pdb
Reading from box 1 PDB coordinate file:  	STEP3_START_DP1_sys_BOX_1.pdb
Finished reading box 1 PDB coordinate file:  	STEP3_START_DP1_sys_BOX_1.pdb
Random number seed: 50

Molecules in PSF:
Molecule Kind: DP1
Idx	name	type	charge	mass
0	C1	CT	0.0000	12.0110
1	C2	CH3	0.0000	15.0350
2	C3	CH3	0.0000	15.0350
3	C4	CH3	0.0000	15.0350
4	C5	CH2	0.0000	14.0270
5	C6	CH2	0.0000	14.0270
6	C7	CH3	0.0000	15.0350

Bonds:
[0 1] [0 2] [0 3] [0 4] [4 5] [5 6] 

Angles:
[0 4 5] [1 0 4] [1 0 3] [1 0 2] [2 0 4] [2 0 3] [3 0 4] [4 5 6] 

Dihedrals:
[0 4 5 6] [1 0 4 5] [2 0 4 5] [3 0 4 5] 

Bonds parameter:
Atom Types                    Kb(K)                b0(A) 
CT  CH3                         FIX               1.5400 
CT  CH2                         FIX               1.5400 
CH2  CH2                        FIX               1.5400 
CH2  CH3                        FIX               1.5400 

Angles parameter:
Atom Types                Ktheta(K)       theta0(degree) 
CT  CH2  CH2           31250.002516             114.0000 
CH3  CT  CH2           31250.002516             109.4700 
CH3  CT  CH3           31250.002516             109.4700 
CH2  CH2  CH3          31250.002516             114.0000 

Dihedrals parameter:
Atom Types                  Kchi(K)    n   delta(degree) 
CT  CH2  CH2  CH3          0.000000    0          0.0000 
CT  CH2  CH2  CH3        355.029982    1          0.0000 
CT  CH2  CH2  CH3        -68.189778    2        180.0000 
CT  CH2  CH2  CH3        791.317852    3          0.0000 

CH3  CT  CH2  CH2        461.289832    3          0.0000 


NonBonded 1-4 parameters:
Type1  Type2             Epsilon(K)    Sigma(A)       N 
CT     CT                    0.5000      6.4000   12.00 
CT     CH3                   7.0000      5.0750   12.00 
CT     CH2                   4.7958      5.1750   12.00 
CH3    CH3                  98.0000      3.7500   12.00 
CH3    CH2                  67.1416      3.8500   12.00 
CH2    CH2                  46.0000      3.9500   12.00 

NonBonded parameters:
Type1  Type2             Epsilon(K)    Sigma(A)       N 
CT     CT                    0.5000      6.4000   12.00 
CT     CH3                   7.0000      5.0750   12.00 
CT     CH2                   4.7958      5.1750   12.00 
CH3    CH3                  98.0000      3.7500   12.00 
CH3    CH2                  67.1416      3.8500   12.00 
CH2    CH2                  46.0000      3.9500   12.00 

Info: Box  0:  Periodic Cell Basis 1     83.200   0.000   0.000 
Info: Box  0:  Periodic Cell Basis 2      0.000  83.200   0.000 
Info: Box  0:  Periodic Cell Basis 3      0.000   0.000  83.200 

Info: Box  1:  Periodic Cell Basis 1     126.800   0.000   0.000 
Info: Box  1:  Periodic Cell Basis 2      0.000 126.800   0.000 
Info: Box  1:  Periodic Cell Basis 3      0.000   0.000 126.800 

Minimum coordinates in box 0: x =    0.020, y =    0.238, z =    0.085
Maximum coordinates in box 0: x =   80.985, y =   80.985, z =   80.926
Wrapping molecules inside the simulation box 0:
Minimum coordinates in box 1: x =    0.312, y =    0.195, z =    0.234
Maximum coordinates in box 1: x =  124.623, y =  124.549, z =  124.869
Wrapping molecules inside the simulation box 1:

################################################################################
########################## INITIAL SIMULATION ENERGY ###########################

ETITLE:     STEP           TOTAL        INTRA(B)       INTRA(NB)       INTER(LJ)             LRC     TOTAL_ELECT            REAL           RECIP            SELF            CORR

ENER_0:        0   14997099.7021     193088.5611    -122491.8698   14962505.0163     -36002.0054          0.0000          0.0000          0.0000          0.0000         -0.0000

ENER_1:        0    4249320.5562     193087.2249    -122489.2584    4188893.0102     -10170.4205          0.0000          0.0000          0.0000          0.0000         -0.0000

STITLE:     STEP          VOLUME        PRESSURE        TOTALMOL     TOT_DENSITY

STAT_0:        0     575930.3680      25258.0810             500        144.4570

STAT_1:        0    2038720.8320       1875.6695             500         40.8085

################################################################################
############################# STARTING SIMULATION ##############################

MTITLE:     STEP          DISTRY       DISACCEPT      DISACCEPT%          DISMAX          ROTATE       ROTACCEPT      ROTACCEPT%          ROTMAX       INTRASWAP       INTACCEPT      INTACCEPT%        REGROWTH    REGROWACCEPT   REGROWACCEPT%        TRANSFER      TRANACCEPT     TRANACCEPT%          VOLUME       VOLACCEPT      VOLACCEPT%          VOLMAX

ETITLE:     STEP           TOTAL        INTRA(B)       INTRA(NB)       INTER(LJ)             LRC     TOTAL_ELECT            REAL           RECIP            SELF            CORR

STITLE:     STEP          VOLUME        PRESSURE        TOTALMOL     TOT_DENSITY

Printed combined psf to file 2_2_dimethylpentane_360_00_K_merged.psf
MOVE_0:   100000           34540           16939         49.0417          1.4148            4985            3072         61.6249          3.1416               0               0          0.0000               0               0          0.0000            9849            1733         17.5957             988             554         56.0729      20189.3831

ENER_0:   100000     349958.5044     717258.7014     -87315.8920    -260125.2121     -19859.0929          0.0000          0.0000          0.0000          0.0000          0.0000

STAT_0:   100000     628724.9681          9.9381             388        102.6856

PRES_0:   100000        -10.1157        -27.6034        -13.7023

MOVE_1:   100000           34590           17038         49.2570          4.9286            4846            3754         77.4660          3.1416               0               0          0.0000               0               0          0.0000           10202            1621         15.8890             988             554         56.0729      20189.3831

ENER_1:   100000     742584.8087    1090664.3212    -134444.1069    -197993.2575     -15642.1481          0.0000          0.0000          0.0000          0.0000          0.0000

STAT_1:   100000    1985926.2319         12.8947             612         51.2775

PRES_1:   100000         -5.2041         -1.8407         -1.3671

Steps/sec. : 1822.0060
MOVE_0:   200000           68954           34261         49.6867          2.2091           10018            6181         61.6989          3.1416               0               0          0.0000               0               0          0.0000           19936            3547         17.7919            1990            1090         54.7739      12315.6356

ENER_0:   200000     415050.5697     690703.6226     -76892.5800    -183407.8240     -15352.6490          0.0000          0.0000          0.0000          0.0000          0.0000

STAT_0:   200000     654232.0714         15.7407             348         88.5087

PRES_0:   200000          2.3695        -14.2094        -14.0666

MOVE_1:   200000           68839           34124         49.5707          3.3178            9965            7597         76.2368          3.1416               0               0          0.0000               0               0          0.0000           20298            3395         16.7258            1990            1090         54.7739      12315.6356

ENER_1:   200000     884234.4180    1288821.3808    -144110.2041    -242492.0700     -17984.6886          0.0000          0.0000          0.0000          0.0000          0.0000

STAT_1:   200000    1960419.1286         13.1547             652         55.3398

PRES_1:   200000         -3.8152         -5.3269         -1.6639

Steps/sec. : 1928.2705
MOVE_0:   300000          103313           51478         49.8272          2.2324           15148            9743         64.3187          3.1416               0               0          0.0000               0               0          0.0000           29896            5483         18.3402            2954            1608         54.4347      30217.3005

ENER_0:   300000     385045.7292     613994.9628     -67636.2849    -149819.4902     -11493.4586          0.0000          0.0000          0.0000          0.0000          0.0000

STAT_0:   300000     658142.3140         12.7775             302         76.3529

PRES_0:   300000         -6.3329        -16.6694         -4.0494

MOVE_1:   300000          103552           51544         49.7760          3.6636           14949           11137         74.5000          3.1416               0               0          0.0000               0               0          0.0000           30188            5285         17.5070            2954            1608         54.4347      30217.3005

ENER_1:   300000     968024.0270    1403884.8625    -154618.8057    -260588.9091     -20653.1207          0.0000          0.0000          0.0000          0.0000          0.0000

STAT_1:   300000    1956508.8860         10.4625             698         59.3625

PRES_1:   300000         -4.6590         -8.3051         -8.9813

Steps/sec. : 2044.9337
MOVE_0:   400000          137806           68718         49.8658          1.7357           20169           13033         64.6190          3.1416               0               0          0.0000               0               0          0.0000           39915            7362         18.4442            3944            2133         54.0822      23188.6163

ENER_0:   400000     362702.2425     643164.2677     -71023.9536    -193797.2334     -15640.8383          0.0000          0.0000          0.0000          0.0000          0.0000

STAT_0:   400000     556655.6966          8.7357             324         96.8494

PRES_0:   400000        -16.8677        -18.7021        -16.2418

MOVE_1:   400000          138225           68934         49.8709          4.0625           19878           14814         74.5246          3.1416               0               0          0.0000               0               0          0.0000           40063            7186         17.9367            3944            2133         54.0822      23188.6163

ENER_1:   400000     940392.2632    1326722.3039    -146099.8486    -221813.7542     -18416.4379          0.0000          0.0000          0.0000          0.0000          0.0000

STAT_1:   400000    2057995.5034          8.3117             676         54.6564

PRES_1:   400000         -7.8439         -8.9894         -7.9737

Steps/sec. : 2007.8699
MOVE_0:   500000          172283           85982         49.9074          1.7250           25283           16167         63.9442          3.1416               0               0          0.0000               0               0          0.0000           49837            9172         18.4040            4905            2649         54.0061      16708.7322

ENER_0:   500000     408794.4773     655493.9367     -66994.2851    -167551.6985     -12153.4757          0.0000          0.0000          0.0000          0.0000          0.0000

STAT_0:   500000     622400.6684          7.7242             302         80.7375

PRES_0:   500000        -19.1008        -11.5947        -14.3938

MOVE_1:   500000          172808           86217         49.8918          3.3544           24811           18522         74.6524          3.1416               0               0          0.0000               0               0          0.0000           50073            8974         17.9218            4905            2649         54.0061      16708.7322

ENER_1:   500000     986655.3773    1410341.9278    -153756.4247    -249647.5290     -20282.5968          0.0000          0.0000          0.0000          0.0000          0.0000

STAT_1:   500000    1992250.5316          7.8075             698         58.2975

PRES_1:   500000        -10.6010         -8.8067         -9.6996

Steps/sec. : 1955.5168
MOVE_0:   600000          206717          103238         49.9417          1.8516           30287           19415         64.1034          3.1416               0               0          0.0000               0               0          0.0000           59827           11025         18.4281            5944            3202         53.8694      21124.7227

ENER_0:   600000     356838.3038     615365.8184     -70332.4143    -175196.4185     -12998.6818          0.0000          0.0000          0.0000          0.0000          0.0000

STAT_0:   600000     609220.2190         15.0509             309         84.3962

PRES_0:   600000         -6.0897         -3.7851        -15.5627

MOVE_1:   600000          207355          103573         49.9496          4.6921           29746           22154         74.4772          3.1416               0               0          0.0000               0               0          0.0000           60124           10834         18.0194            5944            3202         53.8694      21124.7227

ENER_1:   600000     935774.1809    1330948.5642    -153839.6913    -221587.5141     -19747.1778          0.0000          0.0000          0.0000          0.0000          0.0000

STAT_1:   600000    2005430.9810         13.7708             691         57.3336

PRES_1:   600000         -2.8294         -0.3380         -7.3184

Steps/sec. : 1955.9066
MOVE_0:   700000          241311          120653         49.9990          3.0781           35323           22953         64.9803          3.1416               0               0          0.0000               0               0          0.0000           69791           12996         18.6213            6964            3748         53.8196      25193.5834

ENER_0:   700000     404701.5988     628503.9016     -68517.0788    -143132.8165     -12152.4074          0.0000          0.0000          0.0000          0.0000          0.0000

STAT_0:   700000     698866.6198         15.4471             320         76.1893

PRES_0:   700000         -4.1303         -8.5402         -6.2630

MOVE_1:   700000          241681          120701         49.9423          2.9479           34714           25743         74.1574          3.1416               0               0          0.0000               0               0          0.0000           70216           12816         18.2523            6964            3748         53.8196      25193.5834

ENER_1:   700000     916912.5292    1352513.9099    -150691.2366    -264891.8155     -20018.3286          0.0000          0.0000          0.0000          0.0000          0.0000

STAT_1:   700000    1915784.5802         10.2378             680         59.0610

PRES_1:   700000        -11.1400         -3.6850         -7.5677

Steps/sec. : 2092.9469
MOVE_0:   800000          275641          137860         50.0143          3.0187           40271           26394         65.5410          3.1416               0               0          0.0000               0               0          0.0000           79915           15015         18.7887            7968            4294         53.8906      24116.8458

ENER_0:   800000     371003.5709     540223.8095     -55850.6448    -104556.2505      -8813.3433          0.0000          0.0000          0.0000          0.0000          0.0000

STAT_0:   800000     660857.3447         11.2455             265         66.7232

PRES_0:   800000         -3.0891         -6.3683        -15.5356

MOVE_1:   800000          276229          138038         49.9723          3.4441           39756           29369         73.8731          3.1416               0               0          0.0000               0               0          0.0000           80220           14780         18.4243            7968            4294         53.8906      24116.8458

ENER_1:   800000    1023871.8675    1479602.4301    -161285.5746    -271512.4246     -22932.5633          0.0000          0.0000          0.0000          0.0000          0.0000

STAT_1:   800000    1953793.8553         10.6478             735         62.5961

PRES_1:   800000         -6.9480         -6.2229        -10.6225

Steps/sec. : 2094.6969
MOVE_0:   900000          310272          155227         50.0293          3.2771           45336           30053         66.2895          3.1416               0               0          0.0000               0               0          0.0000           89928           17043         18.9518            8915            4813         53.9877      35534.7992

ENER_0:   900000     358994.0216     513162.6859     -54717.6357     -91210.1834      -8240.8452          0.0000          0.0000          0.0000          0.0000          0.0000

STAT_0:   900000     659575.9874         15.5963             256         64.5823

PRES_0:   900000         -5.1063         -0.9106         -4.3818

MOVE_1:   900000          310618          155245         49.9794          3.0449           44691           33010         73.8627          3.1416               0               0          0.0000               0               0          0.0000           90240           16799         18.6159            8915            4813         53.9877      35534.7992

ENER_1:   900000     988957.2335    1472868.0715    -162798.8812    -297629.7416     -23482.2152          0.0000          0.0000          0.0000          0.0000          0.0000

STAT_1:   900000    1955075.2126         13.5607             744         63.3210

PRES_1:   900000         -5.3468         -2.8993         -7.3403

Steps/sec. : 2176.6845
MOVE_0:  1000000          344438          172289         50.0203          2.4065           50425           33662         66.7566          3.1416               0               0          0.0000               0               0          0.0000           99998           19033         19.0334            9914            5325         53.7119      26572.2316

ENER_0:  1000000     295203.1833     467339.4900     -53786.7068    -110733.0856      -7616.5143          0.0000          0.0000          0.0000          0.0000          0.0000

STAT_0:  1000000     622008.3340         12.3628             239         63.9352

PRES_0:  1000000        -14.5022         -2.0899         -3.0366

MOVE_1:  1000000          345308          172600         49.9844          2.8144           49627           36586         73.7220          3.1416               0               0          0.0000               0               0          0.0000          100290           18772         18.7177            9914            5325         53.7119      26572.2316

ENER_1:  1000000    1039089.9863    1548484.4215    -164624.3480    -320665.6771     -24104.4101          0.0000          0.0000          0.0000          0.0000          0.0000

STAT_1:  1000000    1992642.8660         14.7018             761         63.5468

PRES_1:  1000000         -6.6088         -2.5816         -3.1377

Simulation Time (total): 497.5209 sec.
Displacement:                     59.3757 sec.
Rotation:                          8.7376 sec.
Intra-Swap:                        0.0000 sec.
Regrowth:                          0.0000 sec.
Molecule-Transfer:               186.4263 sec.
Volume-Transfer:                 216.5263 sec.
Info: GOMC Version 2.20
Info: Completed at: Wed May  2 19:08:02 2018
Info: On hostname: wsu160.grid.wayne.edu
