Info: GOMC Version 2.20
Info: Start Time: Wed May  2 18:59:28 2018
Info: Host Name: wsu95.grid.wayne.edu
CPU information:
Info: Total number of CPUs: 12
Info: Total number of CPUs available: 12
Info: Model name: AMD Opteron(tm) Processor 4332 HE              
Info: System name: Linux
Info: Release: 2.6.32-696.18.7.el6.x86_64
Info: Version: #1 SMP Thu Jan 4 17:31:22 UTC 2018
Info: Kernel Architecture: x86_64
Info: Total Ram: 32215.0MB
Info: Used Ram: 15186.3MB
Info: Working in the current directory: /wsu/home/fe/fe18/fe1855/testing/TestingSuite/Github/serial/GOMC_Examples/GCMC/hexane/run2a_bridge
Info: GOMC COMPILED TO RUN GRAND CANONICAL ENSEMBLE.
Info: Number of threads                  1 

Reading Input File:                      in.conf
Info: PARAMETER file: EXOTIC format!
Info: Input Temperature                  510.0000 K
Info: Non-truncated potential            Active 
Info: Long Range Correction              Active 
Info: Cutoff                             10.0000 A
Info: Exclude                            ONE-FOUR 
Warning: Modified 1-4 VDW parameters will be ignored!
Info: Pressure calculation               Inactive 
Info: Total number of steps              1000000 
Info: Number of equilibration steps      500000 
Info: Move adjustment frequency          1000 
Info: Displacement move frequency        0.2000 
Info: Rotation move frequency            0.1000 
Info: Molecule swap move frequency       0.7000 
Info: Chemical potential                 C6P    -4140.0000 K
Info: Output name                        C6P_510_00_K_u_4140_r1a 
Info: Coordinate frequency               100000 
Info: Restart frequency                  1000000 
Info: Console output frequency           10000 
Info: Average output frequency           100000 
Info: Histogram output frequency         100000 
Info: Histogram sample frequency         200 
Info: Constant seed                      Active
Default: Intra-Swap move frequency       0.0000 
Default: Regrowth move frequency         0.0000 
Default: Short Range Cutoff              0.0000 
Warning: 1-4 Electrostatic scaling set, but will be ignored.
Finished Reading Input File:             in.conf

Reading from EXOTIC-Style parameter file:  	../../../common/Par_Mie_Alkane_Exotic.inp
Reading BONDS parameters.
Reading ANGLES parameters.
Reading DIHEDRALS parameters.
Reading NONBONDED_MIE parameters.
Finished reading EXOTIC-Style parameter file:  	../../../common/Par_Mie_Alkane_Exotic.inp
Reading from box 0 PDB coordinate file:  	STEP3_START_C6P_vap_BOX_0.pdb
Finished reading box 0 PDB coordinate file:  	STEP3_START_C6P_vap_BOX_0.pdb
Reading from box 1 PDB coordinate file:  	STEP3_START_C6P_reservoir_BOX_1.pdb
Finished reading box 1 PDB coordinate file:  	STEP3_START_C6P_reservoir_BOX_1.pdb
Random number seed: 50

Molecules in PSF:
Molecule Kind: C6P
Idx	name	type	charge	mass
0	C1	CH3	0.0000	15.0350
1	C2	CH2	0.0000	14.0270
2	C3	CH2	0.0000	14.0270
3	C4	CH2	0.0000	14.0270
4	C5	CH2	0.0000	14.0270
5	C6	CH3	0.0000	15.0350

Bonds:
[0 1] [1 2] [2 3] [3 4] [4 5] 

Angles:
[0 1 2] [1 2 3] [2 3 4] [3 4 5] 

Dihedrals:
[0 1 2 3] [1 2 3 4] [2 3 4 5] 

Bonds parameter:
Atom Types                    Kb(K)                b0(A) 
CH3  CH2                        FIX               1.5400 
CH2  CH2                        FIX               1.5400 

Angles parameter:
Atom Types                Ktheta(K)       theta0(degree) 
CH3  CH2  CH2          31250.000000             114.0000 
CH2  CH2  CH2          31250.000000             114.0000 

Dihedrals parameter:
Atom Types                  Kchi(K)    n   delta(degree) 
CH3  CH2  CH2  CH2         0.000000    0          0.0000 
CH3  CH2  CH2  CH2       355.029964    1          0.0000 
CH3  CH2  CH2  CH2       -68.189775    2        180.0000 
CH3  CH2  CH2  CH2       791.317812    3          0.0000 

CH2  CH2  CH2  CH2         0.000000    0          0.0000 
CH2  CH2  CH2  CH2       355.029964    1          0.0000 
CH2  CH2  CH2  CH2       -68.189775    2        180.0000 
CH2  CH2  CH2  CH2       791.317812    3          0.0000 


NonBonded 1-4 parameters:
Type1  Type2             Epsilon(K)    Sigma(A)       N 
CH3    CH3                 121.2500      3.7830   16.00 
CH3    CH2                  86.0015      3.8865   16.00 
CH2    CH2                  61.0000      3.9900   16.00 

NonBonded parameters:
Type1  Type2             Epsilon(K)    Sigma(A)       N 
CH3    CH3                 121.2500      3.7830   16.00 
CH3    CH2                  86.0015      3.8865   16.00 
CH2    CH2                  61.0000      3.9900   16.00 

Info: Box  0:  Periodic Cell Basis 1     35.000   0.000   0.000 
Info: Box  0:  Periodic Cell Basis 2      0.000  35.000   0.000 
Info: Box  0:  Periodic Cell Basis 3      0.000   0.000  35.000 

Info: Box  1:  Periodic Cell Basis 1     35.000   0.000   0.000 
Info: Box  1:  Periodic Cell Basis 2      0.000  35.000   0.000 
Info: Box  1:  Periodic Cell Basis 3      0.000   0.000  35.000 

Minimum coordinates in box 0: x =    1.272, y =   22.180, z =   27.498
Maximum coordinates in box 0: x =    4.083, y =   34.000, z =   33.921
Wrapping molecules inside the simulation box 0:
Minimum coordinates in box 1: x =    1.000, y =    1.000, z =    1.000
Maximum coordinates in box 1: x =   34.000, y =   34.000, z =   34.000
Wrapping molecules inside the simulation box 1:

################################################################################
########################## INITIAL SIMULATION ENERGY ###########################

ETITLE:     STEP           TOTAL        INTRA(B)       INTRA(NB)       INTER(LJ)             LRC     TOTAL_ELECT            REAL           RECIP            SELF            CORR

ENER_0:        0       -347.5427          0.0201       -196.1767       -145.6975         -5.6886          0.0000          0.0000          0.0000          0.0000         -0.0000

ENER_1:        0     -58795.0322         22.1171     -58817.1493          0.0000          0.0000          0.0000          0.0000          0.0000          0.0000         -0.0000

STITLE:     STEP        TOTALMOL

STAT_0:        0               2

STAT_1:        0             600

################################################################################
############################# STARTING SIMULATION ##############################

MTITLE:     STEP          DISTRY       DISACCEPT      DISACCEPT%          DISMAX          ROTATE       ROTACCEPT      ROTACCEPT%          ROTMAX       INTRASWAP       INTACCEPT      INTACCEPT%        REGROWTH    REGROWACCEPT   REGROWACCEPT%        TRANSFER      TRANACCEPT     TRANACCEPT%

ETITLE:     STEP           TOTAL        INTRA(B)       INTRA(NB)       INTER(LJ)             LRC     TOTAL_ELECT            REAL           RECIP            SELF            CORR

STITLE:     STEP        TOTALMOL

Printed combined psf to file C6P_510_00_K_u_4140_r1a_merged.psf
MOVE_0:    10000            1942             862         44.3872          1.9778             976             605         61.9877          5.3233               0               0          0.0000               0               0          0.0000            3523            1648         46.7783

ENER_0:    10000      77154.5720     134844.7606      -7367.4781     -46327.8769      -3994.8336          0.0000          0.0000          0.0000          0.0000          0.0000

STAT_0:    10000              53

MOVE_1:    10000            3559            1699         47.7381

ENER_1:    10000    1183296.4608    1261196.7204     -77900.2596          0.0000          0.0000          0.0000          0.0000          0.0000          0.0000          0.0000

STAT_1:    10000             549

Steps/sec. : 3051.7914
MOVE_0:    20000            4004            1909         47.6773          1.9547            2003            1179         58.8617         13.4561               0               0          0.0000               0               0          0.0000            7024            3205         45.6293

ENER_0:    20000      45683.4557      60779.1183      -2836.3282     -11370.4875       -888.8469          0.0000          0.0000          0.0000          0.0000          0.0000

STAT_0:    20000              25

MOVE_1:    20000            6969            3228         46.3194

ENER_1:    20000    1322741.9025    1406016.8957     -83274.9932          0.0000          0.0000          0.0000          0.0000          0.0000          0.0000          0.0000

STAT_1:    20000             577

Steps/sec. : 2797.5291
MOVE_0:    30000            6053            3004         49.6283          3.4151            2974            1776         59.7176         17.5000               0               0          0.0000               0               0          0.0000           10529            4940         46.9180

ENER_0:    30000      40335.8760      49763.0987      -3080.3661      -5777.9945       -568.8620          0.0000          0.0000          0.0000          0.0000          0.0000

STAT_0:    30000              20

MOVE_1:    30000           10444            4958         47.4722

ENER_1:    30000    1340478.8166    1422217.8330     -81739.0164          0.0000          0.0000          0.0000          0.0000          0.0000          0.0000          0.0000

STAT_1:    30000             582

Steps/sec. : 3233.8861
MOVE_0:    40000            8011            3979         49.6692          2.8425            4010            2500         62.3441         17.5000               0               0          0.0000               0               0          0.0000           14102            6691         47.4472

ENER_0:    40000      69237.0459     104646.0537      -6094.7548     -27038.8049      -2275.4481          0.0000          0.0000          0.0000          0.0000          0.0000

STAT_0:    40000              40

MOVE_1:    40000           13877            6729         48.4903

ENER_1:    40000    1269615.7305    1349542.2189     -79926.4884          0.0000          0.0000          0.0000          0.0000          0.0000          0.0000          0.0000

STAT_1:    40000             562

Steps/sec. : 3458.9305
MOVE_0:    50000           10003            4990         49.8850          2.2226            4981            3039         61.0118         17.5000               0               0          0.0000               0               0          0.0000           17637            8305         47.0885

ENER_0:    50000      38111.7685      54127.4071      -3782.7507     -11480.5678       -752.3200          0.0000          0.0000          0.0000          0.0000          0.0000

STAT_0:    50000              23

MOVE_1:    50000           17379            8326         47.9084

ENER_1:    50000    1305483.3790    1393824.4299     -88341.0509          0.0000          0.0000          0.0000          0.0000          0.0000          0.0000          0.0000

STAT_1:    50000             579

Steps/sec. : 2844.4468
MOVE_0:    60000           11960            5981         50.0084          2.2972            5980            3596         60.1338         17.5000               0               0          0.0000               0               0          0.0000           21187            9948         46.9533

ENER_0:    60000      62474.3462      80266.4233      -5145.8360     -11450.2087      -1196.0324          0.0000          0.0000          0.0000          0.0000          0.0000

STAT_0:    60000              29

MOVE_1:    60000           20873            9975         47.7890

ENER_1:    60000    1349146.4152    1428061.9580     -78915.5428          0.0000          0.0000          0.0000          0.0000          0.0000          0.0000          0.0000

STAT_1:    60000             573

Steps/sec. : 2920.5284
MOVE_0:    70000           13981            6908         49.4099          0.8215            6987            4032         57.7072          1.7854               0               0          0.0000               0               0          0.0000           24592           11305         45.9702

ENER_0:    70000      66016.2110     243082.9455     -13796.3192    -149612.0380     -13658.3773          0.0000          0.0000          0.0000          0.0000          0.0000

STAT_0:    70000              98

MOVE_1:    70000           24440           11401         46.6489

ENER_1:    70000    1197507.7326    1272071.6753     -74563.9427          0.0000          0.0000          0.0000          0.0000          0.0000          0.0000          0.0000

STAT_1:    70000             504

Steps/sec. : 2278.8476
MOVE_0:    80000           15977            7924         49.5963          0.9178            7985            4517         56.5686          1.1054               0               0          0.0000               0               0          0.0000           28085           12327         43.8918

ENER_0:    80000      81551.4126     232340.7212     -13694.4644    -124528.6819     -12566.1622          0.0000          0.0000          0.0000          0.0000          0.0000

STAT_0:    80000              94

MOVE_1:    80000           27953           12419         44.4281

ENER_1:    80000    1156252.1239    1227947.0565     -71694.9326          0.0000          0.0000          0.0000          0.0000          0.0000          0.0000          0.0000

STAT_1:    80000             508

Steps/sec. : 1587.8127
MOVE_0:    90000           17935            8950         49.9024          1.1736            8966            5020         55.9893          1.1786               0               0          0.0000               0               0          0.0000           31622           13478         42.6222

ENER_0:    90000      68101.8799     115514.6434      -6280.3077     -38123.1757      -3009.2801          0.0000          0.0000          0.0000          0.0000          0.0000

STAT_0:    90000              46

MOVE_1:    90000           31477           13522         42.9584

ENER_1:    90000    1250349.6067    1333324.5924     -82974.9857          0.0000          0.0000          0.0000          0.0000          0.0000          0.0000          0.0000

STAT_1:    90000             556

Steps/sec. : 1734.2799
MOVE_0:   100000           19860           10007         50.3877          2.7333            9994            5663         56.6640          9.8651               0               0          0.0000               0               0          0.0000           35157           15140         43.0640

ENER_0:   100000      56887.7820      85754.2494      -5085.0974     -22232.6430      -1548.7269          0.0000          0.0000          0.0000          0.0000          0.0000

STAT_0:   100000              33

MOVE_1:   100000           34989           15171         43.3593

ENER_1:   100000    1288561.3216    1372366.6678     -83805.3462          0.0000          0.0000          0.0000          0.0000          0.0000          0.0000          0.0000

STAT_1:   100000             569

Steps/sec. : 547.3241
MOVE_0:   110000           21868           10977         50.1966          1.6558           11037            6266         56.7727         17.5000               0               0          0.0000               0               0          0.0000           38642           16750         43.3466

ENER_0:   110000      53455.4115      72201.2053      -4357.4319     -13192.3295      -1196.0324          0.0000          0.0000          0.0000          0.0000          0.0000

STAT_0:   110000              29

MOVE_1:   110000           38453           16777         43.6299

ENER_1:   110000    1280039.6656    1365571.9245     -85532.2589          0.0000          0.0000          0.0000          0.0000          0.0000          0.0000          0.0000

STAT_1:   110000             573

Steps/sec. : 3046.7574
MOVE_0:   120000           23843           11995         50.3083          1.6621           12006            6819         56.7966         17.5000               0               0          0.0000               0               0          0.0000           42198           18333         43.4452

ENER_0:   120000      52694.9099      98843.9876      -6986.9121     -36408.8734      -2753.2922          0.0000          0.0000          0.0000          0.0000          0.0000

STAT_0:   120000              44

MOVE_1:   120000           41953           18375         43.7990

ENER_1:   120000    1264463.8467    1349358.2976     -84894.4509          0.0000          0.0000          0.0000          0.0000          0.0000          0.0000          0.0000

STAT_1:   120000             558

Steps/sec. : 2879.1263
MOVE_0:   130000           25902           13033         50.3166          1.6001           12994            7330         56.4107         17.5000               0               0          0.0000               0               0          0.0000           45690           19860         43.4668

ENER_0:   130000      38240.1490      60342.5549      -4097.5843     -16808.7892      -1196.0324          0.0000          0.0000          0.0000          0.0000          0.0000

STAT_0:   130000              29

MOVE_1:   130000           45414           19887         43.7905

ENER_1:   130000    1328114.6864    1410835.4799     -82720.7935          0.0000          0.0000          0.0000          0.0000          0.0000          0.0000          0.0000

STAT_1:   130000             573

Steps/sec. : 2782.8007
MOVE_0:   140000           27925           14040         50.2775          1.3207           13991            7878         56.3076         14.4703               0               0          0.0000               0               0          0.0000           49189           21334         43.3715

ENER_0:   140000      70180.7119     121546.8053      -7409.8387     -40400.8671      -3555.3877          0.0000          0.0000          0.0000          0.0000          0.0000

STAT_0:   140000              50

MOVE_1:   140000           48895           21382         43.7304

ENER_1:   140000    1261693.6234    1341887.7062     -80194.0828          0.0000          0.0000          0.0000          0.0000          0.0000          0.0000          0.0000

STAT_1:   140000             552

Steps/sec. : 2714.8115
MOVE_0:   150000           29928           15074         50.3675          1.1034           14986            8385         55.9522          7.6061               0               0          0.0000               0               0          0.0000           52708           22792         43.2420

ENER_0:   150000      44800.8463      81901.4205      -5963.3402     -29083.6421      -2053.5919          0.0000          0.0000          0.0000          0.0000          0.0000

STAT_0:   150000              38

MOVE_1:   150000           52378           22828         43.5832

ENER_1:   150000    1292632.6982    1372684.8487     -80052.1505          0.0000          0.0000          0.0000          0.0000          0.0000          0.0000          0.0000

STAT_1:   150000             564

Steps/sec. : 2463.9736
MOVE_0:   160000           31876           16048         50.3451          0.8322           16025            8976         56.0125         11.2821               0               0          0.0000               0               0          0.0000           56189           24338         43.3145

ENER_0:   160000      78395.1751     160476.4476      -8117.7774     -67387.4501      -6576.0451          0.0000          0.0000          0.0000          0.0000          0.0000

STAT_0:   160000              68

MOVE_1:   160000           55910           24404         43.6487

ENER_1:   160000    1206889.0461    1284955.1369     -78066.0908          0.0000          0.0000          0.0000          0.0000          0.0000          0.0000          0.0000

STAT_1:   160000             534

Steps/sec. : 2766.2999
MOVE_0:   170000           33870           17058         50.3632          0.8426           17078            9406         55.0767          1.0988               0               0          0.0000               0               0          0.0000           59616           25491         42.7587

ENER_0:   170000      73514.2514     177941.0959      -9867.9554     -87186.4372      -7372.4519          0.0000          0.0000          0.0000          0.0000          0.0000

STAT_0:   170000              72

MOVE_1:   170000           59436           25561         43.0059

ENER_1:   170000    1203547.8459    1279586.5454     -76038.6995          0.0000          0.0000          0.0000          0.0000          0.0000          0.0000          0.0000

STAT_1:   170000             530

Steps/sec. : 1749.1743
MOVE_0:   180000           35844           18019         50.2706          0.6267           18050            9874         54.7036          0.7078               0               0          0.0000               0               0          0.0000           63144           26369         41.7601

ENER_0:   180000      55539.6979     270346.1898     -17339.0830    -180259.3326     -17208.0764          0.0000          0.0000          0.0000          0.0000          0.0000

STAT_0:   180000             110

MOVE_1:   180000           62962           26477         42.0523

ENER_1:   180000    1144093.6011    1216359.7717     -72266.1706          0.0000          0.0000          0.0000          0.0000          0.0000          0.0000          0.0000

STAT_1:   180000             492

Steps/sec. : 1435.8209
MOVE_0:   190000           37848           19038         50.3012          0.7055           19074           10405         54.5507          1.0163               0               0          0.0000               0               0          0.0000           66595           27169         40.7974

ENER_0:   190000      49086.2405     273189.1753     -16194.6966    -190068.7250     -17839.5132          0.0000          0.0000          0.0000          0.0000          0.0000

STAT_0:   190000             112

MOVE_1:   190000           66483           27279         41.0315

ENER_1:   190000    1114323.5408    1186217.1230     -71893.5822          0.0000          0.0000          0.0000          0.0000          0.0000          0.0000          0.0000

STAT_1:   190000             490

Steps/sec. : 1389.8674
MOVE_0:   200000           39868           20038         50.2609          0.6087           20104           10915         54.2927          0.8557               0               0          0.0000               0               0          0.0000           70007           27847         39.7775

ENER_0:   200000      51508.8489     257377.9003     -14562.0925    -176219.3158     -15087.6432          0.0000          0.0000          0.0000          0.0000          0.0000

STAT_0:   200000             103

MOVE_1:   200000           70021           27948         39.9137

ENER_1:   200000    1126680.9963    1201063.7141     -74382.7178          0.0000          0.0000          0.0000          0.0000          0.0000          0.0000          0.0000

STAT_1:   200000             499

Steps/sec. : 1326.3303
MOVE_0:   210000           41872           21053         50.2794          0.6467           21070           11385         54.0342          0.6621               0               0          0.0000               0               0          0.0000           73471           28586         38.9079

ENER_0:   210000      34375.9833     258855.2632     -17304.1427    -189015.6391     -18159.4981          0.0000          0.0000          0.0000          0.0000          0.0000

STAT_0:   210000             113

MOVE_1:   210000           73587           28697         38.9974

ENER_1:   210000    1142003.0815    1213764.3196     -71761.2381          0.0000          0.0000          0.0000          0.0000          0.0000          0.0000          0.0000

STAT_1:   210000             489

Steps/sec. : 1357.6450
MOVE_0:   220000           43842           22037         50.2646          0.6260           22012           11870         53.9251          0.8743               0               0          0.0000               0               0          0.0000           77049           29401         38.1588

ENER_0:   220000      47887.6885     258091.7558     -15900.9636    -177095.0273     -17208.0764          0.0000          0.0000          0.0000          0.0000          0.0000

STAT_0:   220000             110

MOVE_1:   220000           77097           29509         38.2752

ENER_1:   220000    1162361.9121    1231896.3466     -69534.4345          0.0000          0.0000          0.0000          0.0000          0.0000          0.0000          0.0000

STAT_1:   220000             492

Steps/sec. : 1386.6210
MOVE_0:   230000           45808           23084         50.3929          1.0768           23069           12425         53.8602          1.2519               0               0          0.0000               0               0          0.0000           80541           30419         37.7683

ENER_0:   230000      58994.5304      91598.2874      -6062.1706     -24487.9944      -2053.5919          0.0000          0.0000          0.0000          0.0000          0.0000

STAT_0:   230000              38

MOVE_1:   230000           80582           30455         37.7938

ENER_1:   230000    1273661.6248    1352773.2848     -79111.6600          0.0000          0.0000          0.0000          0.0000          0.0000          0.0000          0.0000

STAT_1:   230000             564

Steps/sec. : 1612.9820
MOVE_0:   240000           47840           24128         50.4348          1.1244           24012           12962         53.9813          3.3999               0               0          0.0000               0               0          0.0000           84095           31979         38.0272

ENER_0:   240000      86967.0037     165118.3230      -8482.4587     -64024.3271      -5644.5335          0.0000          0.0000          0.0000          0.0000          0.0000

STAT_0:   240000              63

MOVE_1:   240000           84053           32040         38.1188

ENER_1:   240000    1228717.8828    1304529.6803     -75811.7975          0.0000          0.0000          0.0000          0.0000          0.0000          0.0000          0.0000

STAT_1:   240000             539

Steps/sec. : 2788.2515
MOVE_0:   250000           49879           25191         50.5042          1.4753           24975           13520         54.1341         13.6401               0               0          0.0000               0               0          0.0000           87590           33593         38.3526

ENER_0:   250000      54868.4366      70652.2836      -2801.4867     -11945.6092      -1036.7510          0.0000          0.0000          0.0000          0.0000          0.0000

STAT_0:   250000              27

MOVE_1:   250000           87556           33618         38.3960

ENER_1:   250000    1288749.3212    1374735.8644     -85986.5432          0.0000          0.0000          0.0000          0.0000          0.0000          0.0000          0.0000

STAT_1:   250000             575

Steps/sec. : 2894.7876
MOVE_0:   260000           51851           26193         50.5159          1.2229           25932           14081         54.2997         11.2051               0               0          0.0000               0               0          0.0000           91094           35182         38.6216

ENER_0:   260000      66134.1203     112218.2860      -7141.2401     -35933.6455      -3009.2801          0.0000          0.0000          0.0000          0.0000          0.0000

STAT_0:   260000              46

MOVE_1:   260000           91123           35226         38.6576

ENER_1:   260000    1269440.7040    1347285.1784     -77844.4744          0.0000          0.0000          0.0000          0.0000          0.0000          0.0000          0.0000

STAT_1:   260000             556

Steps/sec. : 2699.3191
MOVE_0:   270000           53834           27230         50.5814          1.7291           26944           14666         54.4314         17.5000               0               0          0.0000               0               0          0.0000           94575           36825         38.9374

ENER_0:   270000      47590.4976      72014.2582      -4896.4450     -17978.5887      -1548.7269          0.0000          0.0000          0.0000          0.0000          0.0000

STAT_0:   270000              33

MOVE_1:   270000           94647           36856         38.9405

ENER_1:   270000    1288605.7853    1373060.1836     -84454.3983          0.0000          0.0000          0.0000          0.0000          0.0000          0.0000          0.0000

STAT_1:   270000             569

Steps/sec. : 2965.6729
MOVE_0:   280000           55806           28255         50.6308          2.1498           27874           15308         54.9186         17.5000               0               0          0.0000               0               0          0.0000           98170           38602         39.3216

ENER_0:   280000      91167.0817     143619.3974      -8156.8797     -40449.9287      -3845.5073          0.0000          0.0000          0.0000          0.0000          0.0000

STAT_0:   280000              52

MOVE_1:   280000           98150           38652         39.3805

ENER_1:   280000    1241113.2386    1319228.5863     -78115.3477          0.0000          0.0000          0.0000          0.0000          0.0000          0.0000          0.0000

STAT_1:   280000             550

Steps/sec. : 3508.3659
MOVE_0:   290000           57713           29187         50.5727          1.4070           28937           15857         54.7984         17.1506               0               0          0.0000               0               0          0.0000          101630           40179         39.5346

ENER_0:   290000      68115.2192      94395.5573      -4895.6963     -19740.6305      -1644.0113          0.0000          0.0000          0.0000          0.0000          0.0000

STAT_0:   290000              34

MOVE_1:   290000          101720           40211         39.5311

ENER_1:   290000    1265704.0827    1347955.3589     -82251.2763          0.0000          0.0000          0.0000          0.0000          0.0000          0.0000          0.0000

STAT_1:   290000             568

Steps/sec. : 2730.9019
MOVE_0:   300000           59729           30233         50.6170          1.9491           29906           16373         54.7482         17.5000               0               0          0.0000               0               0          0.0000          105138           41751         39.7107

ENER_0:   300000      90129.7829     146158.3513      -8374.1312     -43352.4181      -4302.0191          0.0000          0.0000          0.0000          0.0000          0.0000

STAT_0:   300000              55

MOVE_1:   300000          105227           41804         39.7274

ENER_1:   300000    1166540.3181    1246900.1178     -80359.7997          0.0000          0.0000          0.0000          0.0000          0.0000          0.0000          0.0000

STAT_1:   300000             547

Steps/sec. : 2759.9583
MOVE_0:   310000           61781           31286         50.6402          2.1675           30874           16894         54.7192         17.5000               0               0          0.0000               0               0          0.0000          108630           43338         39.8951

ENER_0:   310000      42835.0770      57684.8466      -2677.7623     -11352.8460       -819.1613          0.0000          0.0000          0.0000          0.0000          0.0000

STAT_0:   310000              24

MOVE_1:   310000          108715           43360         39.8841

ENER_1:   310000    1303534.3881    1392583.0205     -89048.6323          0.0000          0.0000          0.0000          0.0000          0.0000          0.0000          0.0000

STAT_1:   310000             578

Steps/sec. : 2974.2511
MOVE_0:   320000           63798           32221         50.5047          0.9175           31864           17378         54.5380          7.4472               0               0          0.0000               0               0          0.0000          112064           44704         39.8915

ENER_0:   320000      78180.8258     177773.6902     -11568.7638     -80855.0168      -7169.0837          0.0000          0.0000          0.0000          0.0000          0.0000

STAT_0:   320000              71

MOVE_1:   320000          112274           44773         39.8783

ENER_1:   320000    1172038.8591    1251397.3203     -79358.4612          0.0000          0.0000          0.0000          0.0000          0.0000          0.0000          0.0000

STAT_1:   320000             531

Steps/sec. : 2292.5947
MOVE_0:   330000           65845           33236         50.4761          0.8294           32872           17801         54.1525          1.0682               0               0          0.0000               0               0          0.0000          115475           45933         39.7774

ENER_0:   330000      72044.2246     135008.3207      -7260.7593     -51708.5033      -3994.8336          0.0000          0.0000          0.0000          0.0000          0.0000

STAT_0:   330000              53

MOVE_1:   330000          115808           45984         39.7071

ENER_1:   330000    1265300.2706    1343294.3782     -77994.1076          0.0000          0.0000          0.0000          0.0000          0.0000          0.0000          0.0000

STAT_1:   330000             549

Steps/sec. : 1923.7869
MOVE_0:   340000           67833           34275         50.5285          0.9082           33846           18314         54.1098          1.1833               0               0          0.0000               0               0          0.0000          119010           47294         39.7395

ENER_0:   340000      71352.7787     165104.1767      -9250.6592     -77331.6550      -7169.0837          0.0000          0.0000          0.0000          0.0000          0.0000

STAT_0:   340000              71

MOVE_1:   340000          119311           47363         39.6971

ENER_1:   340000    1232200.6495    1308407.4002     -76206.7507          0.0000          0.0000          0.0000          0.0000          0.0000          0.0000          0.0000

STAT_1:   340000             531

Steps/sec. : 2144.3899
MOVE_0:   350000           69806           35281         50.5415          1.0136           34829           18832         54.0699          1.7940               0               0          0.0000               0               0          0.0000          122515           48507         39.5927

ENER_0:   350000      65981.8580     142872.1960      -9690.0053     -61908.4937      -5291.8390          0.0000          0.0000          0.0000          0.0000          0.0000

STAT_0:   350000              61

MOVE_1:   350000          122850           48566         39.5328

ENER_1:   350000    1235077.2098    1313884.1697     -78806.9599          0.0000          0.0000          0.0000          0.0000          0.0000          0.0000          0.0000

STAT_1:   350000             541

Steps/sec. : 1836.1649
MOVE_0:   360000           71777           36266         50.5259          0.9779           35807           19319         53.9531          1.5160               0               0          0.0000               0               0          0.0000          126060           49839         39.5359

ENER_0:   360000      53760.6446      93186.8572      -6778.5455     -30018.1024      -2629.5647          0.0000          0.0000          0.0000          0.0000          0.0000

STAT_0:   360000              43

MOVE_1:   360000          126356           49880         39.4758

ENER_1:   360000    1286539.8361    1368724.6922     -82184.8562          0.0000          0.0000          0.0000          0.0000          0.0000          0.0000          0.0000

STAT_1:   360000             559

Steps/sec. : 2064.0640
MOVE_0:   370000           73828           37427         50.6949          3.1467           36813           19980         54.2743         17.5000               0               0          0.0000               0               0          0.0000          129587           51506         39.7463

ENER_0:   370000      55515.0013      76859.7130      -4085.3713     -15803.0536      -1456.2868          0.0000          0.0000          0.0000          0.0000          0.0000

STAT_0:   370000              32

MOVE_1:   370000          129772           51536         39.7127

ENER_1:   370000    1315900.7488    1398323.7012     -82422.9525          0.0000          0.0000          0.0000          0.0000          0.0000          0.0000          0.0000

STAT_1:   370000             570

Steps/sec. : 3353.1435
MOVE_0:   380000           75849           38329         50.5333          0.7426           37794           20404         53.9874          1.3539               0               0          0.0000               0               0          0.0000          133043           52755         39.6526

ENER_0:   380000      80514.9575     232408.6486     -14762.9564    -124830.5155     -12300.2192          0.0000          0.0000          0.0000          0.0000          0.0000

STAT_0:   380000              93

MOVE_1:   380000          133314           52846         39.6402

ENER_1:   380000    1156703.4601    1228664.2086     -71960.7485          0.0000          0.0000          0.0000          0.0000          0.0000          0.0000          0.0000

STAT_1:   380000             509

Steps/sec. : 1978.0962
MOVE_0:   390000           77803           39327         50.5469          0.8769           38787           20892         53.8634          1.0663               0               0          0.0000               0               0          0.0000          136519           53930         39.5037

ENER_0:   390000      87576.0438     195997.2083     -11509.8337     -88696.9632      -8214.3677          0.0000          0.0000          0.0000          0.0000          0.0000

STAT_0:   390000              76

MOVE_1:   390000          136891           54004         39.4504

ENER_1:   390000    1185584.5939    1264862.2852     -79277.6913          0.0000          0.0000          0.0000          0.0000          0.0000          0.0000          0.0000

STAT_1:   390000             526

Steps/sec. : 1716.2641
MOVE_0:   400000           79848           40412         50.6112          1.1208           39770           21483         54.0181          6.0628               0               0          0.0000               0               0          0.0000          139978           55530         39.6705

ENER_0:   400000      48394.9229     114889.9560      -8906.6208     -52967.8305      -4620.5818          0.0000          0.0000          0.0000          0.0000          0.0000

STAT_0:   400000              57

MOVE_1:   400000          140404           55585         39.5893

ENER_1:   400000    1252136.8102    1322195.2817     -70058.4715          0.0000          0.0000          0.0000          0.0000          0.0000          0.0000          0.0000

STAT_1:   400000             545

Steps/sec. : 2665.9799
MOVE_0:   410000           81821           41433         50.6386          1.5134           40805           21984         53.8758          4.2526               0               0          0.0000               0               0          0.0000          143406           57009         39.7536

ENER_0:   410000      32582.8758      48419.0350      -3422.2351     -11725.6011       -688.3231          0.0000          0.0000          0.0000          0.0000          0.0000

STAT_0:   410000              22

MOVE_1:   410000          143968           57029         39.6123

ENER_1:   410000    1334005.3263    1416032.5233     -82027.1970          0.0000          0.0000          0.0000          0.0000          0.0000          0.0000          0.0000

STAT_1:   410000             580

Steps/sec. : 2478.5752
MOVE_0:   420000           83868           42389         50.5425          0.6653           41775           22406         53.6349          0.8243               0               0          0.0000               0               0          0.0000          146932           58168         39.5884

ENER_0:   420000      72070.9209     187286.4745     -12128.3479     -94434.8143      -8652.3915          0.0000          0.0000          0.0000          0.0000          0.0000

STAT_0:   420000              78

MOVE_1:   420000          147425           58244         39.5075

ENER_1:   420000    1225167.9025    1301813.9554     -76646.0528          0.0000          0.0000          0.0000          0.0000          0.0000          0.0000          0.0000

STAT_1:   420000             524

Steps/sec. : 1825.9775
MOVE_0:   430000           85887           43413         50.5466          0.6945           42767           22901         53.5483          0.8052               0               0          0.0000               0               0          0.0000          150394           59180         39.3500

ENER_0:   430000      66663.6338     257083.7154     -15240.3247    -160092.1138     -15087.6432          0.0000          0.0000          0.0000          0.0000          0.0000

STAT_0:   430000             103

MOVE_1:   430000          150952           59281         39.2714

ENER_1:   430000    1139392.2502    1210722.7010     -71330.4508          0.0000          0.0000          0.0000          0.0000          0.0000          0.0000          0.0000

STAT_1:   430000             499

Steps/sec. : 1641.7471
MOVE_0:   440000           87979           44456         50.5302          0.6239           43758           23409         53.4965          0.8369               0               0          0.0000               0               0          0.0000          153839           59926         38.9537

ENER_0:   440000      34791.1315     256076.2195     -16787.2711    -186658.3036     -17839.5132          0.0000          0.0000          0.0000          0.0000          0.0000

STAT_0:   440000             112

MOVE_1:   440000          154424           60036         38.8774

ENER_1:   440000    1078236.0309    1148037.0778     -69801.0470          0.0000          0.0000          0.0000          0.0000          0.0000          0.0000          0.0000

STAT_1:   440000             490

Steps/sec. : 1357.8311
MOVE_0:   450000           89943           45461         50.5442          0.7670           44772           23941         53.4732          1.1665               0               0          0.0000               0               0          0.0000          157354           60842         38.6657

ENER_0:   450000      59417.1103     141460.2005      -8694.0240     -68229.3080      -5119.7583          0.0000          0.0000          0.0000          0.0000          0.0000

STAT_0:   450000              60

MOVE_1:   450000          157931           60900         38.5611

ENER_1:   450000    1246895.7587    1326093.4275     -79197.6688          0.0000          0.0000          0.0000          0.0000          0.0000          0.0000          0.0000

STAT_1:   450000             542

Steps/sec. : 1437.9907
MOVE_0:   460000           91950           46671         50.7569          4.7447           45724           24579         53.7551         17.5000               0               0          0.0000               0               0          0.0000          160984           62564         38.8635

ENER_0:   460000      62985.0233      99275.6332      -6268.7440     -27858.7680      -2163.0979          0.0000          0.0000          0.0000          0.0000          0.0000

STAT_0:   460000              39

MOVE_1:   460000          161342           62601         38.8002

ENER_1:   460000    1267091.2352    1351774.1479     -84682.9127          0.0000          0.0000          0.0000          0.0000          0.0000          0.0000          0.0000

STAT_1:   460000             563

Steps/sec. : 3189.4102
MOVE_0:   470000           93956           47630         50.6939          2.1769           46728           25200         53.9291         17.5000               0               0          0.0000               0               0          0.0000          164496           64207         39.0326

ENER_0:   470000      61585.7788      96317.5265      -4106.8130     -28678.0044      -1946.9303          0.0000          0.0000          0.0000          0.0000          0.0000

STAT_0:   470000              37

MOVE_1:   470000          164820           64242         38.9771

ENER_1:   470000    1283246.3607    1362810.5974     -79564.2368          0.0000          0.0000          0.0000          0.0000          0.0000          0.0000          0.0000

STAT_1:   470000             565

Steps/sec. : 3067.5073
MOVE_0:   480000           95972           48613         50.6533          1.4728           47768           25701         53.8038         11.1070               0               0          0.0000               0               0          0.0000          167947           65694         39.1159

ENER_0:   480000      47362.2938      79443.8477      -5517.4699     -24617.1538      -1946.9303          0.0000          0.0000          0.0000          0.0000          0.0000

STAT_0:   480000              37

MOVE_1:   480000          168313           65729         39.0516

ENER_1:   480000    1270005.3337    1352627.7157     -82622.3820          0.0000          0.0000          0.0000          0.0000          0.0000          0.0000          0.0000

STAT_1:   480000             565

Steps/sec. : 2546.3681
MOVE_0:   490000           97982           49542         50.5623          0.5476           48733           26086         53.5284          0.7026               0               0          0.0000               0               0          0.0000          171426           66560         38.8272

ENER_0:   490000      41180.4339     241518.2660     -13032.0325    -171923.7703     -15382.0293          0.0000          0.0000          0.0000          0.0000          0.0000

STAT_0:   490000             104

MOVE_1:   490000          171859           66662         38.7888

ENER_1:   490000    1117227.8817    1190555.7358     -73327.8541          0.0000          0.0000          0.0000          0.0000          0.0000          0.0000          0.0000

STAT_1:   490000             498

Steps/sec. : 1498.0153
MOVE_0:   500000          100000           50637         50.6370          1.1235           49719           26623         53.5469          1.2981               0               0          0.0000               0               0          0.0000          174940           67569         38.6241

ENER_0:   500000      51883.2321      72980.3481      -4552.4073     -15348.6763      -1196.0324          0.0000          0.0000          0.0000          0.0000          0.0000

STAT_0:   500000              29

MOVE_1:   500000          175341           67596         38.5512

ENER_1:   500000    1318542.8265    1405246.0979     -86703.2714          0.0000          0.0000          0.0000          0.0000          0.0000          0.0000          0.0000

STAT_1:   500000             573

Steps/sec. : 1504.8588
MOVE_0:   510000          102018           51697         50.6744          1.3971           50780           27229         53.6215          3.8284               0               0          0.0000               0               0          0.0000          178424           69106         38.7313

ENER_0:   510000      58643.3403      81880.4843      -4688.9067     -17091.9506      -1456.2868          0.0000          0.0000          0.0000          0.0000          0.0000

STAT_0:   510000              32

MOVE_1:   510000          178778           69136         38.6714

ENER_1:   510000    1255149.0024    1339124.4773     -83975.4749          0.0000          0.0000          0.0000          0.0000          0.0000          0.0000          0.0000

STAT_1:   510000             570

Steps/sec. : 2823.1304
MOVE_0:   520000          103995           52746         50.7197          2.2322           51764           27809         53.7227         17.5000               0               0          0.0000               0               0          0.0000          182026           70762         38.8747

ENER_0:   520000      55358.8620      75595.1738      -4567.1335     -14389.2387      -1279.9396          0.0000          0.0000          0.0000          0.0000          0.0000

STAT_0:   520000              30

MOVE_1:   520000          182215           70790         38.8497

ENER_1:   520000    1325332.0554    1406282.8407     -80950.7853          0.0000          0.0000          0.0000          0.0000          0.0000          0.0000          0.0000

STAT_1:   520000             572

Steps/sec. : 3074.3171
MOVE_0:   530000          106081           53776         50.6933          1.6614           52745           28327         53.7056         17.5000               0               0          0.0000               0               0          0.0000          185471           72239         38.9489

ENER_0:   530000      55960.2066      86847.6111      -5548.5487     -23063.4078      -2275.4481          0.0000          0.0000          0.0000          0.0000          0.0000

STAT_0:   530000              40

MOVE_1:   530000          185703           72277         38.9207

ENER_1:   530000    1293341.6797    1375505.8001     -82164.1204          0.0000          0.0000          0.0000          0.0000          0.0000          0.0000          0.0000

STAT_1:   530000             562

Steps/sec. : 2657.5574
MOVE_0:   540000          108106           54786         50.6780          1.5543           53729           28870         53.7326         16.8137               0               0          0.0000               0               0          0.0000          188924           73774         39.0496

ENER_0:   540000      60020.5226     112720.9865      -6915.4015     -42086.0371      -3699.0253          0.0000          0.0000          0.0000          0.0000          0.0000

STAT_0:   540000              51

MOVE_1:   540000          189241           73823         39.0100

ENER_1:   540000    1270093.1923    1350388.4274     -80295.2351          0.0000          0.0000          0.0000          0.0000          0.0000          0.0000          0.0000

STAT_1:   540000             551

Steps/sec. : 2831.0590
MOVE_0:   550000          109991           55723         50.6614          1.3562           54781           29391         53.6518         13.4960               0               0          0.0000               0               0          0.0000          192461           75216         39.0812

ENER_0:   550000      78736.0436     147819.3437      -8478.9452     -55312.5158      -5291.8390          0.0000          0.0000          0.0000          0.0000          0.0000

STAT_0:   550000              61

MOVE_1:   550000          192767           75275         39.0497

ENER_1:   550000    1243965.0896    1320547.4303     -76582.3407          0.0000          0.0000          0.0000          0.0000          0.0000          0.0000          0.0000

STAT_1:   550000             541

Steps/sec. : 2384.7168
MOVE_0:   560000          111906           56652         50.6246          0.9110           55762           29801         53.4432          1.7380               0               0          0.0000               0               0          0.0000          196011           76483         39.0197

ENER_0:   560000      68411.2004     118728.9422      -5729.7512     -41032.6029      -3555.3877          0.0000          0.0000          0.0000          0.0000          0.0000

STAT_0:   560000              50

MOVE_1:   560000          196321           76531         38.9826

ENER_1:   560000    1275176.6955    1355979.0199     -80802.3243          0.0000          0.0000          0.0000          0.0000          0.0000          0.0000          0.0000

STAT_1:   560000             552

Steps/sec. : 1868.1341
MOVE_0:   570000          113991           57733         50.6470          1.2107           56776           30325         53.4117          2.1724               0               0          0.0000               0               0          0.0000          199471           77955         39.0809

ENER_0:   570000      44401.9908      65150.8588      -4991.5855     -14477.3429      -1279.9396          0.0000          0.0000          0.0000          0.0000          0.0000

STAT_0:   570000              30

MOVE_1:   570000          199762           77983         39.0380

ENER_1:   570000    1337565.8142    1421123.1781     -83557.3640          0.0000          0.0000          0.0000          0.0000          0.0000          0.0000          0.0000

STAT_1:   570000             572

Steps/sec. : 2514.3076
MOVE_0:   580000          115982           58794         50.6923          1.9583           57779           30870         53.4277          3.9563               0               0          0.0000               0               0          0.0000          202987           79496         39.1631

ENER_0:   580000      44090.0544      61195.3494      -4045.3057     -12098.6125       -961.3768          0.0000          0.0000          0.0000          0.0000          0.0000

STAT_0:   580000              26

MOVE_1:   580000          203252           79520         39.1238

ENER_1:   580000    1305680.7617    1390245.7082     -84564.9465          0.0000          0.0000          0.0000          0.0000          0.0000          0.0000          0.0000

STAT_1:   580000             576

Steps/sec. : 2677.9542
MOVE_0:   590000          118014           59754         50.6330          0.9594           58778           31344         53.3261          1.9008               0               0          0.0000               0               0          0.0000          206393           80958         39.2252

ENER_0:   590000      51959.6837     190697.4971     -12905.6469    -115313.9076     -10518.2589          0.0000          0.0000          0.0000          0.0000          0.0000

STAT_0:   590000              86

MOVE_1:   590000          206815           81042         39.1857

ENER_1:   590000    1179068.2805    1254411.2453     -75342.9648          0.0000          0.0000          0.0000          0.0000          0.0000          0.0000          0.0000

STAT_1:   590000             516

Steps/sec. : 2608.2032
MOVE_0:   600000          119896           60677         50.6080          0.6760           59840           31846         53.2186          0.9285               0               0          0.0000               0               0          0.0000          209978           81915         39.0112

ENER_0:   600000      62266.4125     234898.6773     -13584.2936    -145666.9141     -13381.0571          0.0000          0.0000          0.0000          0.0000          0.0000

STAT_0:   600000              97

MOVE_1:   600000          210286           82010         38.9993

ENER_1:   600000    1140827.6486    1213780.8744     -72953.2258          0.0000          0.0000          0.0000          0.0000          0.0000          0.0000          0.0000

STAT_1:   600000             505

Steps/sec. : 1511.3585
MOVE_0:   610000          121881           61679         50.6059          0.6919           60825           32339         53.1673          0.9133               0               0          0.0000               0               0          0.0000          213480           82834         38.8018

ENER_0:   610000      54033.3797     221129.7065     -14456.6640    -139258.6058     -13381.0571          0.0000          0.0000          0.0000          0.0000          0.0000

STAT_0:   610000              97

MOVE_1:   610000          213814           82929         38.7856

ENER_1:   610000    1167479.9827    1239546.5843     -72066.6016          0.0000          0.0000          0.0000          0.0000          0.0000          0.0000          0.0000

STAT_1:   610000             505

Steps/sec. : 1442.8978
MOVE_0:   620000          123820           62667         50.6114          0.7927           61865           32869         53.1302          1.0786               0               0          0.0000               0               0          0.0000          216959           83923         38.6815

ENER_0:   620000      56514.6134     180005.8693     -11868.8456    -102291.6509      -9330.7594          0.0000          0.0000          0.0000          0.0000          0.0000

STAT_0:   620000              81

MOVE_1:   620000          217356           84002         38.6472

ENER_1:   620000    1179333.1332    1258471.7325     -79138.5993          0.0000          0.0000          0.0000          0.0000          0.0000          0.0000          0.0000

STAT_1:   620000             521

Steps/sec. : 1684.6909
MOVE_0:   630000          125791           63642         50.5934          0.6535           62848           33360         53.0804          1.0447               0               0          0.0000               0               0          0.0000          220486           84907         38.5090

ENER_0:   630000      95873.8668     264018.2663     -14895.6146    -139027.2342     -14221.5507          0.0000          0.0000          0.0000          0.0000          0.0000

STAT_0:   630000             100

MOVE_1:   630000          220875           85005         38.4856

ENER_1:   630000    1131960.0853    1206558.6849     -74598.5996          0.0000          0.0000          0.0000          0.0000          0.0000          0.0000          0.0000

STAT_1:   630000             502

Steps/sec. : 1562.9613
MOVE_0:   640000          127776           64654         50.5995          0.7820           63852           33871         53.0461          1.1403               0               0          0.0000               0               0          0.0000          224003           85981         38.3839

ENER_0:   640000      83550.5556     209204.4910     -12231.2850    -103625.4241      -9797.2263          0.0000          0.0000          0.0000          0.0000          0.0000

STAT_0:   640000              83

MOVE_1:   640000          224369           86062         38.3573

ENER_1:   640000    1262290.6620    1339233.0627     -76942.4007          0.0000          0.0000          0.0000          0.0000          0.0000          0.0000          0.0000

STAT_1:   640000             519

Steps/sec. : 1552.3250
MOVE_0:   650000          129798           65736         50.6448          1.4351           64854           34440         53.1039          3.8384               0               0          0.0000               0               0          0.0000          227478           87481         38.4569

ENER_0:   650000      49424.8219      98591.4233      -6471.5686     -40065.4681      -2629.5647          0.0000          0.0000          0.0000          0.0000          0.0000

STAT_0:   650000              43

MOVE_1:   650000          227870           87522         38.4087

ENER_1:   650000    1263841.0073    1345437.4264     -81596.4191          0.0000          0.0000          0.0000          0.0000          0.0000          0.0000          0.0000

STAT_1:   650000             559

Steps/sec. : 2462.3682
MOVE_0:   660000          131769           66636         50.5703          0.5681           65835           34870         52.9657          0.9230               0               0          0.0000               0               0          0.0000          231030           88496         38.3050

ENER_0:   660000      61124.2253     297647.5612     -16006.2708    -200377.9271     -20139.1380          0.0000          0.0000          0.0000          0.0000          0.0000

STAT_0:   660000             119

MOVE_1:   660000          231366           88613         38.2999

ENER_1:   660000    1120939.5822    1193352.4848     -72412.9026          0.0000          0.0000          0.0000          0.0000          0.0000          0.0000          0.0000

STAT_1:   660000             483

Steps/sec. : 1666.3776
MOVE_0:   670000          133755           67655         50.5813          0.6965           66868           35387         52.9207          0.9122               0               0          0.0000               0               0          0.0000          234557           89273         38.0603

ENER_0:   670000      74501.8507     267982.3543     -11976.5454    -165221.7048     -16282.2534          0.0000          0.0000          0.0000          0.0000          0.0000

STAT_0:   670000             107

MOVE_1:   670000          234820           89378         38.0623

ENER_1:   670000    1137906.4066    1213417.6088     -75511.2022          0.0000          0.0000          0.0000          0.0000          0.0000          0.0000          0.0000

STAT_1:   670000             495

Steps/sec. : 1401.5319
MOVE_0:   680000          135764           68720         50.6172          1.1470           67868           35925         52.9336          1.5727               0               0          0.0000               0               0          0.0000          238018           90387         37.9749

ENER_0:   680000      86623.3835     155883.0826      -8099.9389     -56209.2383      -4950.5218          0.0000          0.0000          0.0000          0.0000          0.0000

STAT_0:   680000              59

MOVE_1:   680000          238350           90444         37.9459

ENER_1:   680000    1236323.3308    1314055.0449     -77731.7140          0.0000          0.0000          0.0000          0.0000          0.0000          0.0000          0.0000

STAT_1:   680000             543

Steps/sec. : 1726.1793
MOVE_0:   690000          137763           69692         50.5883          0.7736           68881           36434         52.8941          1.3779               0               0          0.0000               0               0          0.0000          241520           91740         37.9844

ENER_0:   690000      55536.6106     148548.3471     -10678.4932     -76138.3357      -6194.9075          0.0000          0.0000          0.0000          0.0000          0.0000

STAT_0:   690000              66

MOVE_1:   690000          241836           91804         37.9613

ENER_1:   690000    1188193.3772    1268094.7564     -79901.3792          0.0000          0.0000          0.0000          0.0000          0.0000          0.0000          0.0000

STAT_1:   690000             536

Steps/sec. : 2210.8721
MOVE_0:   700000          139740           70754         50.6326          1.3344           69876           37004         52.9567          4.5976               0               0          0.0000               0               0          0.0000          245004           93340         38.0973

ENER_0:   700000      63423.4909     125078.0989      -7793.1987     -50015.9020      -3845.5073          0.0000          0.0000          0.0000          0.0000          0.0000

STAT_0:   700000              52

MOVE_1:   700000          245380           93390         38.0593

ENER_1:   700000    1261966.8131    1341704.5020     -79737.6889          0.0000          0.0000          0.0000          0.0000          0.0000          0.0000          0.0000

STAT_1:   700000             550

Steps/sec. : 2773.4465
MOVE_0:   710000          141714           71819         50.6788          2.2489           70928           37640         53.0679         17.5000               0               0          0.0000               0               0          0.0000          248563           94993         38.2169

ENER_0:   710000      66393.3323      90258.9073      -3966.1851     -18532.6989      -1366.6910          0.0000          0.0000          0.0000          0.0000          0.0000

STAT_0:   710000              31

MOVE_1:   710000          248795           95022         38.1929

ENER_1:   710000    1277514.6877    1357757.1460     -80242.4584          0.0000          0.0000          0.0000          0.0000          0.0000          0.0000          0.0000

STAT_1:   710000             571

Steps/sec. : 3288.9166
MOVE_0:   720000          143698           72814         50.6715          1.8467           71948           38277         53.2009         17.5000               0               0          0.0000               0               0          0.0000          252112           96704         38.3576

ENER_0:   720000      43726.4895      70396.5741      -5670.2282     -19543.5695      -1456.2868          0.0000          0.0000          0.0000          0.0000          0.0000

STAT_0:   720000              32

MOVE_1:   720000          252242           96734         38.3497

ENER_1:   720000    1306536.7317    1389287.4030     -82750.6713          0.0000          0.0000          0.0000          0.0000          0.0000          0.0000          0.0000

STAT_1:   720000             570

Steps/sec. : 3346.1748
MOVE_0:   730000          145704           73824         50.6671          1.7091           72962           38850         53.2469         17.5000               0               0          0.0000               0               0          0.0000          255582           98277         38.4522

ENER_0:   730000      69674.7823     107197.3771      -5466.9915     -29546.9218      -2508.6815          0.0000          0.0000          0.0000          0.0000          0.0000

STAT_0:   730000              42

MOVE_1:   730000          255752           98317         38.4423

ENER_1:   730000    1304341.4311    1383094.4864     -78753.0554          0.0000          0.0000          0.0000          0.0000          0.0000          0.0000          0.0000

STAT_1:   730000             560

Steps/sec. : 2860.3670
MOVE_0:   740000          147696           74852         50.6798          1.6570           73936           39420         53.3164         17.5000               0               0          0.0000               0               0          0.0000          259168           99894         38.5441

ENER_0:   740000      49263.1822      63720.9462      -3593.8786     -10044.7241       -819.1613          0.0000          0.0000          0.0000          0.0000          0.0000

STAT_0:   740000              24

MOVE_1:   740000          259200           99916         38.5478

ENER_1:   740000    1320866.6135    1404942.5753     -84075.9618          0.0000          0.0000          0.0000          0.0000          0.0000          0.0000          0.0000

STAT_1:   740000             578

Steps/sec. : 2946.5928
MOVE_0:   750000          149658           75846         50.6795          1.5952           74927           39883         53.2291          5.8654               0               0          0.0000               0               0          0.0000          262685          101376         38.5922

ENER_0:   750000      61904.7965      85966.9977      -3494.5800     -18724.5082      -1843.1130          0.0000          0.0000          0.0000          0.0000          0.0000

STAT_0:   750000              36

MOVE_1:   750000          262730          101410         38.5986

ENER_1:   750000    1300904.8386    1381528.7985     -80623.9598          0.0000          0.0000          0.0000          0.0000          0.0000          0.0000          0.0000

STAT_1:   750000             566

Steps/sec. : 2372.8120
MOVE_0:   760000          151721           76948         50.7168          2.9269           75899           40518         53.3841         17.5000               0               0          0.0000               0               0          0.0000          266150          103060         38.7225

ENER_0:   760000      55446.2171      72938.5663      -4300.5392     -11825.1191      -1366.6910          0.0000          0.0000          0.0000          0.0000          0.0000

STAT_0:   760000              31

MOVE_1:   760000          266230          103089         38.7218

ENER_1:   760000    1327568.1644    1413927.1743     -86359.0099          0.0000          0.0000          0.0000          0.0000          0.0000          0.0000          0.0000

STAT_1:   760000             571

Steps/sec. : 3280.1296
MOVE_0:   770000          153743           77897         50.6670          1.4268           76907           41037         53.3593         13.8019               0               0          0.0000               0               0          0.0000          269638          104578         38.7846

ENER_0:   770000      63313.8591      97799.0379      -5039.7293     -27054.8069      -2390.6427          0.0000          0.0000          0.0000          0.0000          0.0000

STAT_0:   770000              41

MOVE_1:   770000          269712          104617         38.7884

ENER_1:   770000    1295583.7014    1377758.2073     -82174.5059          0.0000          0.0000          0.0000          0.0000          0.0000          0.0000          0.0000

STAT_1:   770000             561

Steps/sec. : 2751.4267
MOVE_0:   780000          155799           78850         50.6101          0.6150           77895           41426         53.1818          0.8744               0               0          0.0000               0               0          0.0000          273125          105523         38.6354

ENER_0:   780000      76180.0378     202986.1798     -12214.4422    -105716.0300      -8875.6698          0.0000          0.0000          0.0000          0.0000          0.0000

STAT_0:   780000              79

MOVE_1:   780000          273181          105600         38.6557

ENER_1:   780000    1195027.0750    1272988.3522     -77961.2773          0.0000          0.0000          0.0000          0.0000          0.0000          0.0000          0.0000

STAT_1:   780000             523

Steps/sec. : 1543.7557
MOVE_0:   790000          157808           79848         50.5982          0.5546           78905           41940         53.1525          0.8810               0               0          0.0000               0               0          0.0000          276626          106252         38.4100

ENER_0:   790000      62010.6159     254248.6451     -15817.9629    -161623.9649     -14796.1014          0.0000          0.0000          0.0000          0.0000          0.0000

STAT_0:   790000             102

MOVE_1:   790000          276661          106352         38.4413

ENER_1:   790000    1171321.8328    1246283.3434     -74961.5106          0.0000          0.0000          0.0000          0.0000          0.0000          0.0000          0.0000

STAT_1:   790000             500

Steps/sec. : 1345.0842
MOVE_0:   800000          159821           80873         50.6022          0.6573           79938           42447         53.0999          0.6776               0               0          0.0000               0               0          0.0000          280132          107148         38.2491

ENER_0:   800000      64119.3041     273053.8433     -14656.7550    -177381.1598     -16896.6244          0.0000          0.0000          0.0000          0.0000          0.0000

STAT_0:   800000             109

MOVE_1:   800000          280109          107255         38.2905

ENER_1:   800000    1114801.5227    1186231.1867     -71429.6640          0.0000          0.0000          0.0000          0.0000          0.0000          0.0000          0.0000

STAT_1:   800000             493

Steps/sec. : 1461.1915
MOVE_0:   810000          161812           81900         50.6143          0.8529           80935           42984         53.1093          1.3728               0               0          0.0000               0               0          0.0000          283725          108201         38.1359

ENER_0:   810000      88165.1389     183910.0987     -10512.3150     -77653.9804      -7578.6644          0.0000          0.0000          0.0000          0.0000          0.0000

STAT_0:   810000              73

MOVE_1:   810000          283528          108272         38.1874

ENER_1:   810000    1250359.8497    1330342.6496     -79982.7999          0.0000          0.0000          0.0000          0.0000          0.0000          0.0000          0.0000

STAT_1:   810000             529

Steps/sec. : 1631.6679
MOVE_0:   820000          163862           82879         50.5785          0.5320           81895           43444         53.0484          0.8653               0               0          0.0000               0               0          0.0000          287231          109076         37.9750

ENER_0:   820000      30592.5562     280495.5996     -16862.9304    -212561.0799     -20479.0330          0.0000          0.0000          0.0000          0.0000          0.0000

STAT_0:   820000             120

MOVE_1:   820000          287012          109194         38.0451

ENER_1:   820000    1081724.9603    1152633.0196     -70908.0594          0.0000          0.0000          0.0000          0.0000          0.0000          0.0000          0.0000

STAT_1:   820000             482

Steps/sec. : 1518.1833
MOVE_0:   830000          165885           83914         50.5856          0.6328           82898           43941         53.0061          0.7059               0               0          0.0000               0               0          0.0000          290690          109977         37.8331

ENER_0:   830000      56543.7728     234727.2097     -14883.8329    -149361.0622     -13938.5419          0.0000          0.0000          0.0000          0.0000          0.0000

STAT_0:   830000              99

MOVE_1:   830000          290527          110074         37.8877

ENER_1:   830000    1155299.5732    1227815.9990     -72516.4258          0.0000          0.0000          0.0000          0.0000          0.0000          0.0000          0.0000

STAT_1:   830000             503

Steps/sec. : 1482.0976
MOVE_0:   840000          167869           84934         50.5954          0.8048           83919           44479         53.0023          1.0617               0               0          0.0000               0               0          0.0000          294179          110855         37.6828

ENER_0:   840000      66910.0471     239895.5384     -13865.0864    -145739.3478     -13381.0571          0.0000          0.0000          0.0000          0.0000          0.0000

STAT_0:   840000              97

MOVE_1:   840000          294033          110950         37.7339

ENER_1:   840000    1123136.8645    1196695.5950     -73558.7305          0.0000          0.0000          0.0000          0.0000          0.0000          0.0000          0.0000

STAT_1:   840000             505

Steps/sec. : 1457.4032
MOVE_0:   850000          169824           85894         50.5782          0.5883           84952           44971         52.9370          0.6390               0               0          0.0000               0               0          0.0000          297676          111617         37.4961

ENER_0:   850000      71855.3489     322078.7804     -18360.3161    -211041.3431     -20821.7724          0.0000          0.0000          0.0000          0.0000          0.0000

STAT_0:   850000             121

MOVE_1:   850000          297548          111736         37.5523

ENER_1:   850000    1076302.1294    1143634.3938     -67332.2644          0.0000          0.0000          0.0000          0.0000          0.0000          0.0000          0.0000

STAT_1:   850000             481

Steps/sec. : 1376.1630
MOVE_0:   860000          171826           86917         50.5843          0.7027           85931           45484         52.9308          1.0092               0               0          0.0000               0               0          0.0000          301166          112523         37.3625

ENER_0:   860000      82198.7279     206666.1383      -8894.8717    -105775.3124      -9797.2263          0.0000          0.0000          0.0000          0.0000          0.0000

STAT_0:   860000              83

MOVE_1:   860000          301077          112604         37.4004

ENER_1:   860000    1190978.8048    1263168.2388     -72189.4340          0.0000          0.0000          0.0000          0.0000          0.0000          0.0000          0.0000

STAT_1:   860000             519

Steps/sec. : 1484.5683
MOVE_0:   870000          173790           87896         50.5760          0.6482           86920           45986         52.9061          1.1115               0               0          0.0000               0               0          0.0000          304667          113590         37.2833

ENER_0:   870000      54643.6495     243544.4971     -14590.3935    -159803.0502     -14507.4039          0.0000          0.0000          0.0000          0.0000          0.0000

STAT_0:   870000             101

MOVE_1:   870000          304623          113689         37.3212

ENER_1:   870000    1163243.7573    1239872.7335     -76628.9762          0.0000          0.0000          0.0000          0.0000          0.0000          0.0000          0.0000

STAT_1:   870000             501

Steps/sec. : 1664.9900
MOVE_0:   880000          175745           89000         50.6416          1.7870           87924           46559         52.9537          3.0678               0               0          0.0000               0               0          0.0000          308241          114876         37.2682

ENER_0:   880000      68633.0439     105406.4293      -6525.4676     -27857.2752      -2390.6427          0.0000          0.0000          0.0000          0.0000          0.0000

STAT_0:   880000              41

MOVE_1:   880000          308090          114915         37.2992

ENER_1:   880000    1283583.9267    1363949.8940     -80365.9673          0.0000          0.0000          0.0000          0.0000          0.0000          0.0000          0.0000

STAT_1:   880000             561

Steps/sec. : 1922.6093
MOVE_0:   890000          177702           90008         50.6511          2.1776           88973           47138         52.9801          7.1965               0               0          0.0000               0               0          0.0000          311763          116452         37.3527

ENER_0:   890000      46426.2606      60223.9900      -3460.0748      -9649.3316       -688.3231          0.0000          0.0000          0.0000          0.0000          0.0000

STAT_0:   890000              22

MOVE_1:   890000          311562          116472         37.3832

ENER_1:   890000    1335468.0150    1415045.4619     -79577.4469          0.0000          0.0000          0.0000          0.0000          0.0000          0.0000          0.0000

STAT_1:   890000             580

Steps/sec. : 2795.4434
MOVE_0:   900000          179658           90894         50.5928          0.7395           89961           47573         52.8818          1.4159               0               0          0.0000               0               0          0.0000          315209          117583         37.3032

ENER_0:   900000      68281.3039     172127.3349     -10223.9346     -86653.5366      -6968.5598          0.0000          0.0000          0.0000          0.0000          0.0000

STAT_0:   900000              70

MOVE_1:   900000          315172          117651         37.3291

ENER_1:   900000    1199773.4642    1277977.3977     -78203.9335          0.0000          0.0000          0.0000          0.0000          0.0000          0.0000          0.0000

STAT_1:   900000             532

Steps/sec. : 1761.9652
MOVE_0:   910000          181685           91992         50.6327          1.5482           90919           48101         52.9053          3.5936               0               0          0.0000               0               0          0.0000          318621          119017         37.3538

ENER_0:   910000      69163.3839     143555.7401      -8980.4283     -60120.0889      -5291.8390          0.0000          0.0000          0.0000          0.0000          0.0000

STAT_0:   910000              61

MOVE_1:   910000          318775          119076         37.3542

ENER_1:   910000    1198295.9201    1277456.7433     -79160.8231          0.0000          0.0000          0.0000          0.0000          0.0000          0.0000          0.0000

STAT_1:   910000             541

Steps/sec. : 2367.2858
MOVE_0:   920000          183621           92987         50.6407          1.8651           91947           48708         52.9740         16.7036               0               0          0.0000               0               0          0.0000          322130          120670         37.4600

ENER_0:   920000      52633.9331      73912.8161      -3072.2884     -16750.3077      -1456.2868          0.0000          0.0000          0.0000          0.0000          0.0000

STAT_0:   920000              32

MOVE_1:   920000          322302          120700         37.4493

ENER_1:   920000    1319647.7153    1403950.7481     -84303.0328          0.0000          0.0000          0.0000          0.0000          0.0000          0.0000          0.0000

STAT_1:   920000             570

Steps/sec. : 2946.9682
MOVE_0:   930000          185600           93975         50.6331          1.5651           92921           49191         52.9385         13.9383               0               0          0.0000               0               0          0.0000          325617          122114         37.5023

ENER_0:   930000      64904.6324      77803.4766      -3575.6359      -7956.5172      -1366.6910          0.0000          0.0000          0.0000          0.0000          0.0000

STAT_0:   930000              31

MOVE_1:   930000          325862          122143         37.4830

ENER_1:   930000    1328005.0397    1411616.7744     -83611.7347          0.0000          0.0000          0.0000          0.0000          0.0000          0.0000          0.0000

STAT_1:   930000             571

Steps/sec. : 2432.3242
MOVE_0:   940000          187561           94957         50.6273          1.3424           93901           49772         53.0048         17.5000               0               0          0.0000               0               0          0.0000          329129          123757         37.6014

ENER_0:   940000      91967.4523     152520.6453      -6797.1918     -48971.8715      -4784.1297          0.0000          0.0000          0.0000          0.0000          0.0000

STAT_0:   940000              58

MOVE_1:   940000          329409          123813         37.5864

ENER_1:   940000    1215181.5086    1289020.7781     -73839.2695          0.0000          0.0000          0.0000          0.0000          0.0000          0.0000          0.0000

STAT_1:   940000             544

Steps/sec. : 3063.4402
MOVE_0:   950000          189572           96001         50.6409          1.6780           94952           50365         53.0426         17.5000               0               0          0.0000               0               0          0.0000          332633          125333         37.6791

ENER_0:   950000      65500.1040      90826.3452      -4209.5581     -19472.6718      -1644.0113          0.0000          0.0000          0.0000          0.0000          0.0000

STAT_0:   950000              34

MOVE_1:   950000          332843          125365         37.6649

ENER_1:   950000    1322827.5226    1403085.5907     -80258.0681          0.0000          0.0000          0.0000          0.0000          0.0000          0.0000          0.0000

STAT_1:   950000             568

Steps/sec. : 2867.0570
MOVE_0:   960000          191594           97035         50.6462          1.8215           95977           50917         53.0513         17.5000               0               0          0.0000               0               0          0.0000          336067          126914         37.7645

ENER_0:   960000      67446.0048     105549.2692      -7100.0607     -28249.9115      -2753.2922          0.0000          0.0000          0.0000          0.0000          0.0000

STAT_0:   960000              44

MOVE_1:   960000          336362          126956         37.7439

ENER_1:   960000    1293271.4048    1365893.3782     -72621.9734          0.0000          0.0000          0.0000          0.0000          0.0000          0.0000          0.0000

STAT_1:   960000             558

Steps/sec. : 2827.3179
MOVE_0:   970000          193583           98031         50.6403          1.4806           97018           51538         53.1221         17.5000               0               0          0.0000               0               0          0.0000          339603          128595         37.8663

ENER_0:   970000      68135.4224     115327.8151      -5338.6794     -39100.4211      -2753.2922          0.0000          0.0000          0.0000          0.0000          0.0000

STAT_0:   970000              44

MOVE_1:   970000          339796          128637         37.8571

ENER_1:   970000    1253537.5561    1335487.6650     -81950.1088          0.0000          0.0000          0.0000          0.0000          0.0000          0.0000          0.0000

STAT_1:   970000             558

Steps/sec. : 3160.9371
MOVE_0:   980000          195635           99081         50.6458          1.5439           97981           52054         53.1266         17.5000               0               0          0.0000               0               0          0.0000          343110          130148         37.9319

ENER_0:   980000      60942.1226      92010.5832      -5654.3825     -23467.1478      -1946.9303          0.0000          0.0000          0.0000          0.0000          0.0000

STAT_0:   980000              37

MOVE_1:   980000          343274          130183         37.9239

ENER_1:   980000    1278821.6049    1363108.7795     -84287.1746          0.0000          0.0000          0.0000          0.0000          0.0000          0.0000          0.0000

STAT_1:   980000             565

Steps/sec. : 2832.5048
MOVE_0:   990000          197658          100100         50.6430          1.3436           99061           52668         53.1672         15.4505               0               0          0.0000               0               0          0.0000          346554          131745         38.0157

ENER_0:   990000      86091.3931     164944.5728      -7535.3358     -65492.6968      -5825.1472          0.0000          0.0000          0.0000          0.0000          0.0000

STAT_0:   990000              64

MOVE_1:   990000          346727          131807         38.0146

ENER_1:   990000    1242328.6370    1321689.0246     -79360.3877          0.0000          0.0000          0.0000          0.0000          0.0000          0.0000          0.0000

STAT_1:   990000             538

Steps/sec. : 2973.6195
MOVE_0:  1000000          199717          101221         50.6822          2.5037          100118           53191         53.1283          7.2672               0               0          0.0000               0               0          0.0000          350058          133169         38.0420

ENER_0:  1000000      49381.4442      64994.4918      -3720.3544     -10855.9421      -1036.7510          0.0000          0.0000          0.0000          0.0000          0.0000

STAT_0:  1000000              27

MOVE_1:  1000000          350107          133194         38.0438

ENER_1:  1000000    1315762.3311    1397146.8289     -81384.4978          0.0000          0.0000          0.0000          0.0000          0.0000          0.0000          0.0000

STAT_1:  1000000             575

Simulation Time (total): 488.2101 sec.
Displacement:                     37.4657 sec.
Rotation:                         18.8505 sec.
Intra-Swap:                        0.0000 sec.
Regrowth:                          0.0000 sec.
Molecule-Transfer:               414.2962 sec.
Info: GOMC Version 2.20
Info: Completed at: Wed May  2 19:07:37 2018
Info: On hostname: wsu95.grid.wayne.edu
