Info: GOMC Version 2.20
Info: Start Time: Mon Nov 27 17:19:18 2017
Info: Host Name: potoff39.eng.wayne.edu
CPU information:
Info: Total number of CPUs: 4
Info: Total number of CPUs available: 4
Info: Model name: Intel(R) Core(TM) i5-2500K CPU @ 3.30GHz
Info: System name: Linux
Info: Release: 3.10.0-514.26.1.el7.x86_64
Info: Version: #1 SMP Wed Jun 28 15:10:01 CDT 2017
Info: Kernel Architecture: x86_64
Info: Total Ram: 7806.1MB
Info: Used Ram: 7133.8MB
Info: Working in the current directory: /home4/soroush/Desktop/validation/GOMC_Examples/GCMC/MFI_CO2_adsorption
Info: GOMC COMPILED TO RUN GRAND CANONICAL ENSEMBLE.
Info: Number of threads                  1 

Reading Input File:                      in.conf
Info: Random seed                        Active 
Info: PARAMETER file: EXOTIC format!
Info: Input Temperature                  300.0000 K
Info: Non-truncated potential            Active 
Info: Long Range Correction              Active 
Info: Cutoff                             19.0000 A
Info: Exclude                            ONE-FOUR 
Warning: Modified 1-4 VDW parameters will be ignored!
Info: Ewald Summation                    Active 
Info: Ewald Summation Tolerance          1.000E-05 
Info: Pressure calculation               Inactive 
Info: Total number of steps              1000000 
Info: Number of equilibration steps      100000 
Info: Move adjustment frequency          1000 
Info: Displacement move frequency        0.2000 
Info: Rotation move frequency            0.1000 
Info: Molecule swap move frequency       0.5000 
Info: Intra-Swap move frequency          0.2000 
Info: Box  0:  Periodic Cell Basis 1     40.120   0.000   0.000 
Info: Box  0:  Periodic Cell Basis 2      0.000  39.600   0.000 
Info: Box  0:  Periodic Cell Basis 3      0.000   0.000  40.080 
Info: Box  1:  Periodic Cell Basis 1     60.000   0.000   0.000 
Info: Box  1:  Periodic Cell Basis 2      0.000  60.000   0.000 
Info: Box  1:  Periodic Cell Basis 3      0.000   0.000  60.000 
Info: Fugacity                           CO2    7.0000 bar
Info: Fugacity                           Si     0.0000 bar
Info: Fugacity                           O      0.0000 bar
Info: Output name                        CO2_7_bar 
Info: Coordinate frequency               1000000 
Info: Restart frequency                  1000000 
Info: Console output frequency           100000 
Info: Average output frequency           100000 
Info: Histogram output                   Inactive 
Info: Histogram sample frequency         200 
Default: Cache Ewald Fourier             Active 
Default: Short Range Cutoff              1.0000 
Warning: Long Range Correction is Inactive for Non-truncated potential.
Finished Reading Input File:             in.conf

Reading from EXOTIC-Style parameter file:  	../../common/Par_MFI_CO2_CH4_Exotic.inp
Reading BONDS parameters.
Reading ANGLES parameters.
Reading DIHEDRALS parameters.
Reading NONBONDED_MIE parameters.
Finished reading EXOTIC-Style parameter file:  	../../common/Par_MFI_CO2_CH4_Exotic.inp
Reading from box 0 PDB coordinate file:  	./START_MFI.pdb
Finished reading box 0 PDB coordinate file:  	./START_MFI.pdb
Reading from box 1 PDB coordinate file:  	./START_Resv_BOX_1.pdb
Finished reading box 1 PDB coordinate file:  	./START_Resv_BOX_1.pdb
Random number seed: 729368752

Molecules in PSF:
Molecule Kind: CO2
Idx	name	type	charge	mass
0	O1	OC	-0.2880	15.9994
1	C1	CO	0.5760	12.0110
2	O2	OC	-0.2880	15.9994

Bonds:
[0 1] [1 2] 

Angles:
[0 1 2] 

Dihedrals:

Molecule Kind: O
Idx	name	type	charge	mass
0	O	O	-0.4000	15.9994

Bonds:

Angles:

Dihedrals:

Molecule Kind: Si
Idx	name	type	charge	mass
0	Si	Si	0.8000	28.0855

Bonds:

Angles:

Dihedrals:

Bonds parameter:
Atom Types                    Kb(K)                b0(A) 
OC  CO                          FIX               1.1800 

Angles parameter:
Atom Types                Ktheta(K)       theta0(degree) 
OC  CO  OC                      FIX             180.0000 

Dihedrals parameter:
Atom Types                  Kchi(K)    n   delta(degree) 

Minimum coordinates in box 0: x =    0.024, y =    0.020, z =    0.004
Maximum coordinates in box 0: x =   40.156, y =   39.456, z =   39.422
Wrapping molecules inside the simulation box 0:
Minimum coordinates in box 1: x =    1.080, y =    1.003, z =    1.010
Maximum coordinates in box 1: x =   59.998, y =   59.997, z =   59.996
Wrapping molecules inside the simulation box 1:
Box 0, RecipVectors:    959, kmax: 8, alpha: 0.1785836

################################################################################
########################## INITIAL SIMULATION ENERGY ###########################

ETITLE:     STEP           TOTAL        INTRA(B)       INTRA(NB)       INTER(LJ)             LRC     TOTAL_ELECT            REAL           RECIP            SELF            CORR

ENER_0:        0  -83850969.5221          0.0000          0.0000     356891.5693          0.0000  -84207861.0913  -65617595.1648      17939.5282  -18608205.4547         -0.0000

ENER_1:        0          0.0000          0.0000          0.0000          0.0000          0.0000          0.0000          0.0000          0.0000          0.0000         -0.0000

STITLE:     STEP        TOTALMOL       MOLFRAC_O      MOLFRAC_Si     MOLFRAC_CO2

STAT_0:        0            3456        0.666667        0.333333        0.000000

STAT_1:        0             600        0.000000        0.000000        1.000000

################################################################################
############################# STARTING SIMULATION ##############################

MTITLE:     STEP          DISTRY       DISACCEPT      DISACCEPT%          DISMAX          ROTATE       ROTACCEPT      ROTACCEPT%          ROTMAX       INTRASWAP       INTACCEPT      INTACCEPT%        TRANSFER      TRANACCEPT     TRANACCEPT%

ETITLE:     STEP           TOTAL        INTRA(B)       INTRA(NB)       INTER(LJ)             LRC     TOTAL_ELECT            REAL           RECIP            SELF            CORR

STITLE:     STEP        TOTALMOL       MOLFRAC_O      MOLFRAC_Si     MOLFRAC_CO2

Printed combined psf to file CO2_7_bar_merged.psf
MOVE_0:   100000           19822            6526         32.9230          0.0000           10070            3247         32.2443          0.0000           19810             123          0.6209           25095             469          1.8689

ENER_0:   100000  -84329214.7908          0.0000          0.0000     -86084.5836          0.0000  -84243130.2072  -65647648.8835      13852.3664  -20115470.0966    1506136.4065

STAT_0:   100000            3636        0.633663        0.316832        0.049505

MOVE_1:   100000           25203             649          2.5751

ENER_1:   100000          0.0000          0.0000          0.0000          0.0000          0.0000          0.0000          0.0000          0.0000          0.0000          0.0000

STAT_1:   100000             420        0.000000        0.000000        1.000000

Steps/sec. : 361.642013
MOVE_0:   200000           39801           13239         33.2630          0.0000           20194            6564         32.5047          0.0000           39848             188          0.4718           49856             785          1.5745

ENER_0:   200000  -84318646.9826          0.0000          0.0000     -77967.1273          0.0000  -84240679.8553  -65644725.7228      13354.4856  -20081975.3268    1472666.7086

STAT_0:   200000            3632        0.634361        0.317181        0.048458

MOVE_1:   200000           50301             961          1.9105

ENER_1:   200000          0.0000          0.0000          0.0000          0.0000          0.0000          0.0000          0.0000          0.0000          0.0000          0.0000

STAT_1:   200000             424        0.000000        0.000000        1.000000

Steps/sec. : 428.271056
MOVE_0:   300000           59746           19853         33.2290          0.0000           30014            9873         32.8946          0.0000           59848             264          0.4411           74952            1111          1.4823

ENER_0:   300000  -84341635.3153          0.0000          0.0000     -98275.1702          0.0000  -84243360.1451  -65647553.0510      13545.3998  -20140591.1739    1531238.6800

STAT_0:   300000            3639        0.633141        0.316570        0.050289

MOVE_1:   300000           75440            1294          1.7153

ENER_1:   300000          0.0000          0.0000          0.0000          0.0000          0.0000          0.0000          0.0000          0.0000          0.0000          0.0000

STAT_1:   300000             417        0.000000        0.000000        1.000000

Steps/sec. : 433.105640
MOVE_0:   400000           79852           26425         33.0925          0.0000           40146           13330         33.2038          0.0000           79763             332          0.4162           99859            1418          1.4200

ENER_0:   400000  -84387216.9164          0.0000          0.0000    -138486.6916          0.0000  -84248730.2249  -65652438.4690      13148.4898  -20257822.8683    1648382.6227

STAT_0:   400000            3653        0.630714        0.315357        0.053928

MOVE_1:   400000          100380            1615          1.6089

ENER_1:   400000          0.0000          0.0000          0.0000          0.0000          0.0000          0.0000          0.0000          0.0000          0.0000          0.0000

STAT_1:   400000             403        0.000000        0.000000        1.000000

Steps/sec. : 445.488918
MOVE_0:   500000           99677           33055         33.1621          0.0000           50144           16623         33.1505          0.0000           99862             391          0.3915          125061            1750          1.3993

ENER_0:   500000  -84362221.7419          0.0000          0.0000    -114074.7248          0.0000  -84248147.0171  -65651949.0621      13192.1469  -20190833.3287    1581443.2268

STAT_0:   500000            3645        0.632099        0.316049        0.051852

MOVE_1:   500000          125256            1939          1.5480

ENER_1:   500000          0.0000          0.0000          0.0000          0.0000          0.0000          0.0000          0.0000          0.0000          0.0000          0.0000

STAT_1:   500000             411        0.000000        0.000000        1.000000

Steps/sec. : 450.904733
MOVE_0:   600000          119861           39750         33.1634          0.0000           60301           20064         33.2731          0.0000          119849             453          0.3780          149916            2022          1.3488

ENER_0:   600000  -84372989.1999          0.0000          0.0000    -121555.3793          0.0000  -84251433.8206  -65655148.2303      13110.7795  -20199207.0211    1589810.6513

STAT_0:   600000            3646        0.631925        0.315963        0.052112

MOVE_1:   600000          150073            2212          1.4739

ENER_1:   600000          0.0000          0.0000          0.0000          0.0000          0.0000          0.0000          0.0000          0.0000          0.0000          0.0000

STAT_1:   600000             410        0.000000        0.000000        1.000000

Steps/sec. : 454.171812
MOVE_0:   700000          139991           46476         33.1993          0.0000           70187           23366         33.2911          0.0000          139922             510          0.3645          174828            2297          1.3139

ENER_0:   700000  -84395268.6896          0.0000          0.0000    -140663.6997          0.0000  -84254604.9899  -65658176.7212      12999.4410  -20241075.4834    1631647.7737

STAT_0:   700000            3651        0.631060        0.315530        0.053410

MOVE_1:   700000          175072            2492          1.4234

ENER_1:   700000          0.0000          0.0000          0.0000          0.0000          0.0000          0.0000          0.0000          0.0000          0.0000          0.0000

STAT_1:   700000             405        0.000000        0.000000        1.000000

Steps/sec. : 446.852141
MOVE_0:   800000          159925           53158         33.2393          0.0000           80052           26588         33.2134          0.0000          160158             564          0.3522          199981            2560          1.2801

ENER_0:   800000  -84407897.0236          0.0000          0.0000    -152651.9447          0.0000  -84255245.0788  -65658945.0100      13146.4448  -20266196.5608    1656750.0472

STAT_0:   800000            3654        0.630542        0.315271        0.054187

MOVE_1:   800000          199884            2758          1.3798

ENER_1:   800000          0.0000          0.0000          0.0000          0.0000          0.0000          0.0000          0.0000          0.0000          0.0000          0.0000

STAT_1:   800000             402        0.000000        0.000000        1.000000

Steps/sec. : 447.941147
MOVE_0:   900000          180087           59733         33.1690          0.0000           90146           29992         33.2705          0.0000          179923             616          0.3424          224814            2856          1.2704

ENER_0:   900000  -84395239.5238          0.0000          0.0000    -141758.3653          0.0000  -84253481.1585  -65656690.4467      12662.0698  -20274570.2532    1665117.4716

STAT_0:   900000            3655        0.630369        0.315185        0.054446

MOVE_1:   900000          225030            3055          1.3576

ENER_1:   900000          0.0000          0.0000          0.0000          0.0000          0.0000          0.0000          0.0000          0.0000          0.0000          0.0000

STAT_1:   900000             401        0.000000        0.000000        1.000000

Steps/sec. : 452.205222
MOVE_0:  1000000          200258           66446         33.1802          0.0000          100133           33259         33.2148          0.0000          199952             694          0.3471          249541            3185          1.2763

ENER_0:  1000000  -84341552.6762          0.0000          0.0000     -95552.7087          0.0000  -84245999.9675  -65650166.6831      13494.1376  -20107096.4041    1497768.9820

STAT_0:  1000000            3635        0.633838        0.316919        0.049243

MOVE_1:  1000000          250116            3364          1.3450

ENER_1:  1000000          0.0000          0.0000          0.0000          0.0000          0.0000          0.0000          0.0000          0.0000          0.0000          0.0000

STAT_1:  1000000             421        0.000000        0.000000        1.000000

Simulation Time (total): 2294.734744 sec.
Info: GOMC Version 2.20
Info: Completed at: Mon Nov 27 17:57:36 2017
Info: On hostname: potoff39.eng.wayne.edu
