Info: GOMC Version 2.20
Info: Start Time: Mon Nov 27 20:21:07 2017
Info: Host Name: potoff39.eng.wayne.edu
CPU information:
Info: Total number of CPUs: 4
Info: Total number of CPUs available: 4
Info: Model name: Intel(R) Core(TM) i5-2500K CPU @ 3.30GHz
Info: System name: Linux
Info: Release: 3.10.0-514.26.1.el7.x86_64
Info: Version: #1 SMP Wed Jun 28 15:10:01 CDT 2017
Info: Kernel Architecture: x86_64
Info: Total Ram: 7806.1MB
Info: Used Ram: 6970.0MB
Info: Working in the current directory: /home4/soroush/Desktop/validation/GOMC_Examples/GCMC/isobutane/run2a_bridge
Info: GOMC COMPILED TO RUN GRAND CANONICAL ENSEMBLE.
Info: Number of threads                  1 

Reading Input File:                      in.conf
Info: Random seed                        Active 
Info: PARAMETER file: CHARMM format!
Info: Input Temperature                  410.0000 K
Info: Non-truncated potential            Active 
Info: Long Range Correction              Active 
Info: Cutoff                             10.0000 A
Info: Exclude                            ONE-FOUR 
Warning: Modified 1-4 VDW parameters will be ignored!
Info: Pressure calculation               Inactive 
Info: Total number of steps              1000000 
Info: Number of equilibration steps      500000 
Info: Move adjustment frequency          1000 
Info: Displacement move frequency        0.2000 
Info: Rotation move frequency            0.1000 
Info: Molecule swap move frequency       0.7000 
Info: Box  0:  Periodic Cell Basis 1     30.000   0.000   0.000 
Info: Box  0:  Periodic Cell Basis 2      0.000  30.000   0.000 
Info: Box  0:  Periodic Cell Basis 3      0.000   0.000  30.000 
Info: Box  1:  Periodic Cell Basis 1     30.000   0.000   0.000 
Info: Box  1:  Periodic Cell Basis 2      0.000  30.000   0.000 
Info: Box  1:  Periodic Cell Basis 3      0.000   0.000  30.000 
Info: Chemical potential                 ISB    -3135.0000 K
Info: Output name                        ISB_410_00_K_u_3135_r1a 
Info: Coordinate frequency               1000000 
Info: Restart frequency                  1000000 
Info: Console output frequency           10000 
Info: Average output frequency           100000 
Info: Histogram output frequency         100000 
Info: Histogram sample frequency         200 
Default: Intra-Swap move frequency       0.0000 
Default: Short Range Cutoff              1.0000 
Warning: 1-4 Electrostatic scaling set, but will be ignored.
Finished Reading Input File:             in.conf

Reading from CHARMM-Style parameter file:  	../../../common/Par_TraPPE_Alkanes_CHARMM.inp
Reading BONDS parameters.
Reading ANGLES parameters.
Reading DIHEDRALS parameters.
Reading NONBONDED parameters.
Finished reading CHARMM-Style parameter file:  	../../../common/Par_TraPPE_Alkanes_CHARMM.inp
Reading from box 0 PDB coordinate file:  	STEP3_START_ISB_vap_BOX_0.pdb
Finished reading box 0 PDB coordinate file:  	STEP3_START_ISB_vap_BOX_0.pdb
Reading from box 1 PDB coordinate file:  	STEP3_START_ISB_reservoir_BOX_1.pdb
Finished reading box 1 PDB coordinate file:  	STEP3_START_ISB_reservoir_BOX_1.pdb
Random number seed: 1086667780

Molecules in PSF:
Molecule Kind: ISB
Idx	name	type	charge	mass
0	C1	CH1	0.0000	13.0190
1	C2	CH3	0.0000	15.0350
2	C3	CH3	0.0000	15.0350
3	C4	CH3	0.0000	15.0350

Bonds:
[0 1] [0 2] [0 3] 

Angles:
[1 0 3] [1 0 2] [2 0 3] 

Dihedrals:

Bonds parameter:
Atom Types                    Kb(K)                b0(A) 
CH1  CH3                        FIX               1.5400 

Angles parameter:
Atom Types                Ktheta(K)       theta0(degree) 
CH3  CH1  CH3          31250.002516             112.0000 

Dihedrals parameter:
Atom Types                  Kchi(K)    n   delta(degree) 

Minimum coordinates in box 0: x =    1.000, y =   20.816, z =   25.283
Maximum coordinates in box 0: x =    5.215, y =   28.682, z =   29.000
Wrapping molecules inside the simulation box 0:
Minimum coordinates in box 1: x =    1.000, y =    1.000, z =    1.000
Maximum coordinates in box 1: x =   29.000, y =   29.000, z =   29.000
Wrapping molecules inside the simulation box 1:

################################################################################
########################## INITIAL SIMULATION ENERGY ###########################

ETITLE:     STEP           TOTAL        INTRA(B)       INTRA(NB)       INTER(LJ)             LRC     TOTAL_ELECT            REAL           RECIP            SELF            CORR

ENER_0:        0        206.4495        364.4544          0.0000       -153.5288         -4.4761          0.0000          0.0000          0.0000          0.0000         -0.0000

ENER_1:        0     109688.7579     109688.7579          0.0000          0.0000          0.0000          0.0000          0.0000          0.0000          0.0000         -0.0000

STITLE:     STEP        TOTALMOL

STAT_0:        0               2

STAT_1:        0             600

################################################################################
############################# STARTING SIMULATION ##############################

MTITLE:     STEP          DISTRY       DISACCEPT      DISACCEPT%          DISMAX          ROTATE       ROTACCEPT      ROTACCEPT%          ROTMAX       INTRASWAP       INTACCEPT      INTACCEPT%        TRANSFER      TRANACCEPT     TRANACCEPT%

ETITLE:     STEP           TOTAL        INTRA(B)       INTRA(NB)       INTER(LJ)             LRC     TOTAL_ELECT            REAL           RECIP            SELF            CORR

STITLE:     STEP        TOTALMOL

Printed combined psf to file ISB_410_00_K_u_3135_r1a_merged.psf
MOVE_0:    10000            1986             898         45.2165          2.0767            1049             822         78.3603         15.0000               0               0          0.0000            3512            1927         54.8690

ENER_0:    10000       3047.4844      17921.8606          0.0000     -13503.5600      -1370.8162          0.0000          0.0000          0.0000          0.0000          0.0000

STAT_0:    10000              35

MOVE_1:    10000            3453            1960         56.7622

ENER_1:    10000     356901.7336     356901.7336          0.0000          0.0000          0.0000          0.0000          0.0000          0.0000          0.0000          0.0000

STAT_1:    10000             567

Steps/sec. : 7626.2582
MOVE_0:    20000            3996            1934         48.3984          2.7201            2021            1570         77.6843         15.0000               0               0          0.0000            7050            3877         54.9929

ENER_0:    20000       7091.5938      11007.1006          0.0000      -3663.7242       -251.7826          0.0000          0.0000          0.0000          0.0000          0.0000

STAT_0:    20000              15

MOVE_1:    20000            6933            3890         56.1085

ENER_1:    20000     362244.0402     362244.0402          0.0000          0.0000          0.0000          0.0000          0.0000          0.0000          0.0000          0.0000

STAT_1:    20000             587

Steps/sec. : 7971.9705
MOVE_0:    30000            5922            2890         48.8011          1.9489            3057            2341         76.5783         15.0000               0               0          0.0000           10616            5762         54.2766

ENER_0:    30000      11531.7932      21648.6737          0.0000      -9360.4137       -756.4667          0.0000          0.0000          0.0000          0.0000          0.0000

STAT_0:    30000              26

MOVE_1:    30000           10405            5786         55.6079

ENER_1:    30000     359123.1739     359123.1739          0.0000          0.0000          0.0000          0.0000          0.0000          0.0000          0.0000          0.0000

STAT_1:    30000             576

Steps/sec. : 7303.2361
MOVE_0:    40000            7890            3866         48.9987          1.5491            4039            3117         77.1726         15.0000               0               0          0.0000           14194            7754         54.6287

ENER_0:    40000      -3650.6594      29751.8146          0.0000     -30604.8899      -2797.5841          0.0000          0.0000          0.0000          0.0000          0.0000

STAT_0:    40000              50

MOVE_1:    40000           13877            7802         56.2225

ENER_1:    40000     358151.9821     358151.9821          0.0000          0.0000          0.0000          0.0000          0.0000          0.0000          0.0000          0.0000

STAT_1:    40000             552

Steps/sec. : 8293.5047
MOVE_0:    50000            9915            4875         49.1679          1.1193            5052            3831         75.8314         15.0000               0               0          0.0000           17660            9476         53.6580

ENER_0:    50000     -22359.7041      42612.7593          0.0000     -58844.6352      -6127.8282          0.0000          0.0000          0.0000          0.0000          0.0000

STAT_0:    50000              74

MOVE_1:    50000           17373            9548         54.9588

ENER_1:    50000     337569.7582     337569.7582          0.0000          0.0000          0.0000          0.0000          0.0000          0.0000          0.0000          0.0000

STAT_1:    50000             528

Steps/sec. : 6229.3062
MOVE_0:    60000           11934            5948         49.8408          1.7044            6031            4535         75.1948         15.0000               0               0          0.0000           21165           11211         52.9695

ENER_0:    60000       5333.1026      17923.6484          0.0000     -11444.6553      -1145.8904          0.0000          0.0000          0.0000          0.0000          0.0000

STAT_0:    60000              32

MOVE_1:    60000           20870           11241         53.8620

ENER_1:    60000     351289.9577     351289.9577          0.0000          0.0000          0.0000          0.0000          0.0000          0.0000          0.0000          0.0000

STAT_1:    60000             570

Steps/sec. : 5874.6057
MOVE_0:    70000           13935            6944         49.8314          1.4302            7025            5252         74.7616         15.0000               0               0          0.0000           24640           13060         53.0032

ENER_0:    70000       7102.8709      34870.5963          0.0000     -25501.6824      -2266.0431          0.0000          0.0000          0.0000          0.0000          0.0000

STAT_0:    70000              45

MOVE_1:    70000           24400           13103         53.7008

ENER_1:    70000     354968.7979     354968.7979          0.0000          0.0000          0.0000          0.0000          0.0000          0.0000          0.0000          0.0000

STAT_1:    70000             557

Steps/sec. : 7100.8251
MOVE_0:    80000           15954            7974         49.9812          1.2856            7992            5953         74.4870         15.0000               0               0          0.0000           28100           14909         53.0569

ENER_0:    80000      -3129.4591      43043.2385          0.0000     -41731.2531      -4441.4445          0.0000          0.0000          0.0000          0.0000          0.0000

STAT_0:    80000              63

MOVE_1:    80000           27954           14970         53.5523

ENER_1:    80000     370221.0017     370221.0017          0.0000          0.0000          0.0000          0.0000          0.0000          0.0000          0.0000          0.0000

STAT_1:    80000             539

Steps/sec. : 6928.6488
MOVE_0:    90000           18011            9142         50.7579          3.9965            8980            6773         75.4232         15.0000               0               0          0.0000           31650           16928         53.4850

ENER_0:    90000       8127.6330      10545.3965          0.0000      -2165.9810       -251.7826          0.0000          0.0000          0.0000          0.0000          0.0000

STAT_0:    90000              15

MOVE_1:    90000           31359           16941         54.0228

ENER_1:    90000     393494.9849     393494.9849          0.0000          0.0000          0.0000          0.0000          0.0000          0.0000          0.0000          0.0000

STAT_1:    90000             587

Steps/sec. : 8611.2837
MOVE_0:   100000           20056           10150         50.6083          3.0363            9983            7571         75.8389         15.0000               0               0          0.0000           35117           18943         53.9425

ENER_0:   100000      14602.2067      17964.6260          0.0000      -2958.4482       -403.9711          0.0000          0.0000          0.0000          0.0000          0.0000

STAT_0:   100000              19

MOVE_1:   100000           34844           18960         54.4140

ENER_1:   100000     356727.0683     356727.0683          0.0000          0.0000          0.0000          0.0000          0.0000          0.0000          0.0000          0.0000

STAT_1:   100000             583

Steps/sec. : 9000.1212
MOVE_0:   110000           22079           11134         50.4280          1.9533           10927            8283         75.8031         15.0000               0               0          0.0000           38582           20857         54.0589

ENER_0:   110000      -4270.4763      31876.5203          0.0000     -33121.1296      -3025.8669          0.0000          0.0000          0.0000          0.0000          0.0000

STAT_0:   110000              52

MOVE_1:   110000           38412           20907         54.4283

ENER_1:   110000     357244.1010     357244.1010          0.0000          0.0000          0.0000          0.0000          0.0000          0.0000          0.0000          0.0000

STAT_1:   110000             550

Steps/sec. : 7553.1278
MOVE_0:   120000           24132           12132         50.2735          1.2718           11900            8902         74.8067         15.0000               0               0          0.0000           42065           22432         53.3270

ENER_0:   120000       2280.8382      35029.7474          0.0000     -29951.3251      -2797.5841          0.0000          0.0000          0.0000          0.0000          0.0000

STAT_0:   120000              50

MOVE_1:   120000           41903           22480         53.6477

ENER_1:   120000     349399.9620     349399.9620          0.0000          0.0000          0.0000          0.0000          0.0000          0.0000          0.0000          0.0000

STAT_1:   120000             552

Steps/sec. : 5464.0597
MOVE_0:   130000           26134           13201         50.5127          1.9881           12859            9649         75.0369         15.0000               0               0          0.0000           45578           24369         53.4666

ENER_0:   130000       8343.7900      12720.4886          0.0000      -4014.1317       -362.5669          0.0000          0.0000          0.0000          0.0000          0.0000

STAT_0:   130000              18

MOVE_1:   130000           45429           24385         53.6772

ENER_1:   130000     380192.1104     380192.1104          0.0000          0.0000          0.0000          0.0000          0.0000          0.0000          0.0000          0.0000

STAT_1:   130000             584

Steps/sec. : 7532.7356
MOVE_0:   140000           28180           14227         50.4862          1.7767           13848           10345         74.7039         15.0000               0               0          0.0000           49030           26136         53.3061

ENER_0:   140000       3507.1453      26733.8897          0.0000     -21524.6943      -1702.0502          0.0000          0.0000          0.0000          0.0000          0.0000

STAT_0:   140000              39

MOVE_1:   140000           48942           26173         53.4776

ENER_1:   140000     363669.8140     363669.8140          0.0000          0.0000          0.0000          0.0000          0.0000          0.0000          0.0000          0.0000

STAT_1:   140000             563

Steps/sec. : 6453.2450
MOVE_0:   150000           30126           15236         50.5743          2.0242           14827           11098         74.8499         15.0000               0               0          0.0000           52580           28011         53.2731

ENER_0:   150000       3137.9372      32000.0925          0.0000     -26596.1122      -2266.0431          0.0000          0.0000          0.0000          0.0000          0.0000

STAT_0:   150000              45

MOVE_1:   150000           52467           28054         53.4698

ENER_1:   150000     376671.7190     376671.7190          0.0000          0.0000          0.0000          0.0000          0.0000          0.0000          0.0000          0.0000

STAT_1:   150000             557

Steps/sec. : 7173.1224
MOVE_0:   160000           32167           16281         50.6140          1.9990           15840           11909         75.1831         15.0000               0               0          0.0000           56034           29930         53.4140

ENER_0:   160000       1820.6762      35865.8082          0.0000     -30782.0299      -3263.1021          0.0000          0.0000          0.0000          0.0000          0.0000

STAT_0:   160000              54

MOVE_1:   160000           55959           29982         53.5785

ENER_1:   160000     343389.0118     343389.0118          0.0000          0.0000          0.0000          0.0000          0.0000          0.0000          0.0000          0.0000

STAT_1:   160000             548

Steps/sec. : 8154.1120
MOVE_0:   170000           34160           17224         50.4215          0.9480           16827           12477         74.1487         15.0000               0               0          0.0000           59499           31080         52.2362

ENER_0:   170000     -16097.7625      49424.0283          0.0000     -59558.4605      -5963.3302          0.0000          0.0000          0.0000          0.0000          0.0000

STAT_0:   170000              73

MOVE_1:   170000           59514           31151         52.3423

ENER_1:   170000     331541.9428     331541.9428          0.0000          0.0000          0.0000          0.0000          0.0000          0.0000          0.0000          0.0000

STAT_1:   170000             529

Steps/sec. : 3929.4600
MOVE_0:   180000           36184           18252         50.4422          1.0258           17846           13039         73.0640         15.0000               0               0          0.0000           63004           32320         51.2983

ENER_0:   180000     -11374.2649      52742.6882          0.0000     -58315.8828      -5801.0704          0.0000          0.0000          0.0000          0.0000          0.0000

STAT_0:   180000              72

MOVE_1:   180000           62966           32390         51.4405

ENER_1:   180000     338665.5959     338665.5959          0.0000          0.0000          0.0000          0.0000          0.0000          0.0000          0.0000          0.0000

STAT_1:   180000             530

Steps/sec. : 4000.9669
MOVE_0:   190000           38166           19347         50.6917          2.2054           18834           13780         73.1656         15.0000               0               0          0.0000           66588           34252         51.4387

ENER_0:   190000      10030.0831      24380.9755          0.0000     -13132.2648      -1218.6276          0.0000          0.0000          0.0000          0.0000          0.0000

STAT_0:   190000              33

MOVE_1:   190000           66412           34283         51.6217

ENER_1:   190000     367523.1498     367523.1498          0.0000          0.0000          0.0000          0.0000          0.0000          0.0000          0.0000          0.0000

STAT_1:   190000             569

Steps/sec. : 7183.2365
MOVE_0:   200000           40095           20307         50.6472          1.7539           19875           14605         73.4843         15.0000               0               0          0.0000           70088           36229         51.6907

ENER_0:   200000      12513.3080      23983.8323          0.0000     -10529.4170       -941.1073          0.0000          0.0000          0.0000          0.0000          0.0000

STAT_0:   200000              29

MOVE_1:   200000           69942           36256         51.8372

ENER_1:   200000     365423.2954     365423.2954          0.0000          0.0000          0.0000          0.0000          0.0000          0.0000          0.0000          0.0000

STAT_1:   200000             573

Steps/sec. : 8243.7715
MOVE_0:   210000           42124           21406         50.8166          3.6132           20844           15392         73.8438         15.0000               0               0          0.0000           73620           38250         51.9560

ENER_0:   210000       3693.9216      20268.4271          0.0000     -15203.6892      -1370.8162          0.0000          0.0000          0.0000          0.0000          0.0000

STAT_0:   210000              35

MOVE_1:   210000           73412           38283         52.1482

ENER_1:   210000     372431.8792     372431.8792          0.0000          0.0000          0.0000          0.0000          0.0000          0.0000          0.0000          0.0000

STAT_1:   210000             567

Steps/sec. : 8894.1308
MOVE_0:   220000           44145           22364         50.6603          1.7117           21816           16142         73.9916         15.0000               0               0          0.0000           77172           40166         52.0474

ENER_0:   220000       4152.9198      15807.4273          0.0000     -10955.1115       -699.3960          0.0000          0.0000          0.0000          0.0000          0.0000

STAT_0:   220000              25

MOVE_1:   220000           76867           40189         52.2838

ENER_1:   220000     358229.2154     358229.2154          0.0000          0.0000          0.0000          0.0000          0.0000          0.0000          0.0000          0.0000

STAT_1:   220000             577

Steps/sec. : 7640.5048
MOVE_0:   230000           46192           23382         50.6192          1.1145           22759           16847         74.0235         15.0000               0               0          0.0000           80646           41989         52.0658

ENER_0:   230000     -23934.9277      46215.7580          0.0000     -63515.9353      -6634.7504          0.0000          0.0000          0.0000          0.0000          0.0000

STAT_0:   230000              77

MOVE_1:   230000           80403           42064         52.3165

ENER_1:   230000     329169.9259     329169.9259          0.0000          0.0000          0.0000          0.0000          0.0000          0.0000          0.0000          0.0000

STAT_1:   230000             525

Steps/sec. : 7178.8289
MOVE_0:   240000           48270           24406         50.5614          0.9163           23751           17422         73.3527         15.0000               0               0          0.0000           84099           43173         51.3359

ENER_0:   240000     -52218.9498      71210.8440          0.0000    -111787.3678     -11642.4259          0.0000          0.0000          0.0000          0.0000          0.0000

STAT_0:   240000             102

MOVE_1:   240000           83880           43273         51.5892

ENER_1:   240000     325196.3262     325196.3262          0.0000          0.0000          0.0000          0.0000          0.0000          0.0000          0.0000          0.0000

STAT_1:   240000             500

Steps/sec. : 3988.0644
MOVE_0:   250000           50194           25392         50.5877          1.1007           24785           18040         72.7860         15.0000               0               0          0.0000           87651           44351         50.5995

ENER_0:   250000       -205.7502      32439.4996          0.0000     -29734.6434      -2910.6065          0.0000          0.0000          0.0000          0.0000          0.0000

STAT_0:   250000              51

MOVE_1:   250000           87370           44400         50.8184

ENER_1:   250000     352537.9709     352537.9709          0.0000          0.0000          0.0000          0.0000          0.0000          0.0000          0.0000          0.0000

STAT_1:   250000             551

Steps/sec. : 3821.8613
MOVE_0:   260000           52179           26486         50.7599          2.4388           25764           18748         72.7682         15.0000               0               0          0.0000           91162           46130         50.6022

ENER_0:   260000      -1833.2095      32078.0801          0.0000     -31000.6831      -2910.6065          0.0000          0.0000          0.0000          0.0000          0.0000

STAT_0:   260000              51

MOVE_1:   260000           90895           46179         50.8048

ENER_1:   260000     347973.2184     347973.2184          0.0000          0.0000          0.0000          0.0000          0.0000          0.0000          0.0000          0.0000

STAT_1:   260000             551

Steps/sec. : 6291.1443
MOVE_0:   270000           54176           27395         50.5667          0.7674           26786           19351         72.2430         14.3243               0               0          0.0000           94609           47458         50.1622

ENER_0:   270000     -39363.8095      82692.1857          0.0000    -110184.1674     -11871.8278          0.0000          0.0000          0.0000          0.0000          0.0000

STAT_0:   270000             103

MOVE_1:   270000           94429           47559         50.3648

ENER_1:   270000     319212.6820     319212.6820          0.0000          0.0000          0.0000          0.0000          0.0000          0.0000          0.0000          0.0000

STAT_1:   270000             499

Steps/sec. : 4295.4459
MOVE_0:   280000           56262           28467         50.5972          0.9544           27749           19879         71.6386         15.0000               0               0          0.0000           98064           48559         49.5177

ENER_0:   280000     -10978.3382      33358.8305          0.0000     -39895.7242      -4441.4445          0.0000          0.0000          0.0000          0.0000          0.0000

STAT_0:   280000              63

MOVE_1:   280000           97925           48620         49.6502

ENER_1:   280000     345871.2967     345871.2967          0.0000          0.0000          0.0000          0.0000          0.0000          0.0000          0.0000          0.0000

STAT_1:   280000             539

Steps/sec. : 3772.4434
MOVE_0:   290000           58273           29594         50.7851          2.5681           28797           20698         71.8755         15.0000               0               0          0.0000          101536           50459         49.6957

ENER_0:   290000        437.3924      17612.7853          0.0000     -16100.0016      -1075.3913          0.0000          0.0000          0.0000          0.0000          0.0000

STAT_0:   290000              31

MOVE_1:   290000          101394           50488         49.7939

ENER_1:   290000     379933.1482     379933.1482          0.0000          0.0000          0.0000          0.0000          0.0000          0.0000          0.0000          0.0000

STAT_1:   290000             571

Steps/sec. : 7413.3100
MOVE_0:   300000           60242           30488         50.6092          0.8203           29840           21400         71.7158         15.0000               0               0          0.0000          104962           52085         49.6227

ENER_0:   300000     -25266.4825      65963.6201          0.0000     -82366.2373      -8863.8654          0.0000          0.0000          0.0000          0.0000          0.0000

STAT_0:   300000              89

MOVE_1:   300000          104956           52172         49.7084

ENER_1:   300000     330594.5125     330594.5125          0.0000          0.0000          0.0000          0.0000          0.0000          0.0000          0.0000          0.0000

STAT_1:   300000             513

Steps/sec. : 5514.6858
MOVE_0:   310000           62249           31506         50.6129          0.8910           30868           21989         71.2356         15.0000               0               0          0.0000          108422           53273         49.1349

ENER_0:   310000     -54750.8779      66637.9652          0.0000    -109973.5810     -11415.2621          0.0000          0.0000          0.0000          0.0000          0.0000

STAT_0:   310000             101

MOVE_1:   310000          108461           53372         49.2085

ENER_1:   310000     297800.4114     297800.4114          0.0000          0.0000          0.0000          0.0000          0.0000          0.0000          0.0000          0.0000

STAT_1:   310000             501

Steps/sec. : 3932.2476
MOVE_0:   320000           64252           32510         50.5976          0.9322           31868           22535         70.7136         14.5329               0               0          0.0000          111917           54452         48.6539

ENER_0:   320000     -30183.7397      59251.2746          0.0000     -80769.2179      -8665.7965          0.0000          0.0000          0.0000          0.0000          0.0000

STAT_0:   320000              88

MOVE_1:   320000          111963           54538         48.7107

ENER_1:   320000     309353.0854     309353.0854          0.0000          0.0000          0.0000          0.0000          0.0000          0.0000          0.0000          0.0000

STAT_1:   320000             514

Steps/sec. : 3851.7965
MOVE_0:   330000           66233           33507         50.5896          0.9752           32886           23144         70.3765         15.0000               0               0          0.0000          115424           55760         48.3088

ENER_0:   330000      -9260.7079      40454.5509          0.0000     -45686.7378      -4028.5211          0.0000          0.0000          0.0000          0.0000          0.0000

STAT_0:   330000              60

MOVE_1:   330000          115457           55818         48.3453

ENER_1:   330000     344739.3847     344739.3847          0.0000          0.0000          0.0000          0.0000          0.0000          0.0000          0.0000          0.0000

STAT_1:   330000             542

Steps/sec. : 4155.0446
MOVE_0:   340000           68286           34594         50.6605          1.6524           33816           23765         70.2774         15.0000               0               0          0.0000          118948           57289         48.1631

ENER_0:   340000     -11292.6536      31402.0393          0.0000     -39058.9526      -3635.7403          0.0000          0.0000          0.0000          0.0000          0.0000

STAT_0:   340000              57

MOVE_1:   340000          118950           57344         48.2085

ENER_1:   340000     358918.6002     358918.6002          0.0000          0.0000          0.0000          0.0000          0.0000          0.0000          0.0000          0.0000

STAT_1:   340000             545

Steps/sec. : 5127.4427
MOVE_0:   350000           70293           35642         50.7049          2.0880           34826           24529         70.4330         15.0000               0               0          0.0000          122450           59201         48.3471

ENER_0:   350000      14817.4149      25114.9085          0.0000      -9356.3863       -941.1073          0.0000          0.0000          0.0000          0.0000          0.0000

STAT_0:   350000              29

MOVE_1:   350000          122431           59228         48.3766

ENER_1:   350000     341889.4161     341889.4161          0.0000          0.0000          0.0000          0.0000          0.0000          0.0000          0.0000          0.0000

STAT_1:   350000             573

Steps/sec. : 7144.5868
MOVE_0:   360000           72258           36596         50.6463          1.4966           35817           25266         70.5419         15.0000               0               0          0.0000          125911           60946         48.4040

ENER_0:   360000      -9581.7370      31299.9083          0.0000     -37496.5686      -3385.0767          0.0000          0.0000          0.0000          0.0000          0.0000

STAT_0:   360000              55

MOVE_1:   360000          126014           60999         48.4065

ENER_1:   360000     336939.0170     336939.0170          0.0000          0.0000          0.0000          0.0000          0.0000          0.0000          0.0000          0.0000

STAT_1:   360000             547

Steps/sec. : 6304.3203
MOVE_0:   370000           74229           37527         50.5557          0.8169           36773           25790         70.1330         15.0000               0               0          0.0000          129378           62114         48.0097

ENER_0:   370000     -35272.8655      48386.2092          0.0000     -75950.0520      -7709.0227          0.0000          0.0000          0.0000          0.0000          0.0000

STAT_0:   370000              83

MOVE_1:   370000          129620           62195         47.9826

ENER_1:   370000     344322.9820     344322.9820          0.0000          0.0000          0.0000          0.0000          0.0000          0.0000          0.0000          0.0000

STAT_1:   370000             519

Steps/sec. : 3831.8844
MOVE_0:   380000           76237           38587         50.6145          1.3290           37812           26448         69.9460         15.0000               0               0          0.0000          132829           63637         47.9090

ENER_0:   380000      11833.4313      21181.3301          0.0000      -8406.7915       -941.1073          0.0000          0.0000          0.0000          0.0000          0.0000

STAT_0:   380000              29

MOVE_1:   380000          133122           63664         47.8238

ENER_1:   380000     355890.7787     355890.7787          0.0000          0.0000          0.0000          0.0000          0.0000          0.0000          0.0000          0.0000

STAT_1:   380000             573

Steps/sec. : 4870.3064
MOVE_0:   390000           78241           39534         50.5285          0.7254           38818           27099         69.8104         15.0000               0               0          0.0000          136286           65087         47.7577

ENER_0:   390000     -62936.3674      67736.0916          0.0000    -118098.9971     -12573.4619          0.0000          0.0000          0.0000          0.0000          0.0000

STAT_0:   390000             106

MOVE_1:   390000          136655           65191         47.7048

ENER_1:   390000     314351.8874     314351.8874          0.0000          0.0000          0.0000          0.0000          0.0000          0.0000          0.0000          0.0000

STAT_1:   390000             496

Steps/sec. : 4893.4018
MOVE_0:   400000           80252           40702         50.7177          2.6581           39757           27716         69.7135         15.0000               0               0          0.0000          139895           66787         47.7408

ENER_0:   400000       5109.5582      10466.1859          0.0000      -4909.0143       -447.6135          0.0000          0.0000          0.0000          0.0000          0.0000

STAT_0:   400000              20

MOVE_1:   400000          140096           66805         47.6852

ENER_1:   400000     365930.1933     365930.1933          0.0000          0.0000          0.0000          0.0000          0.0000          0.0000          0.0000          0.0000

STAT_1:   400000             582

Steps/sec. : 5574.1452
MOVE_0:   410000           82270           41679         50.6612          1.4619           40745           28489         69.9202         15.0000               0               0          0.0000          143374           68740         47.9445

ENER_0:   410000      -5483.4820      36509.9804          0.0000     -38608.3857      -3385.0767          0.0000          0.0000          0.0000          0.0000          0.0000

STAT_0:   410000              55

MOVE_1:   410000          143611           68793         47.9023

ENER_1:   410000     347845.0150     347845.0150          0.0000          0.0000          0.0000          0.0000          0.0000          0.0000          0.0000          0.0000

STAT_1:   410000             547

Steps/sec. : 8106.5205
MOVE_0:   420000           84352           42779         50.7149          2.1130           41690           29254         70.1703         15.0000               0               0          0.0000          146943           70752         48.1493

ENER_0:   420000       4532.6882      11338.5655          0.0000      -6213.9085       -591.9688          0.0000          0.0000          0.0000          0.0000          0.0000

STAT_0:   420000              23

MOVE_1:   420000          147015           70773         48.1400

ENER_1:   420000     368653.9090     368653.9090          0.0000          0.0000          0.0000          0.0000          0.0000          0.0000          0.0000          0.0000

STAT_1:   420000             579

Steps/sec. : 8727.6093
MOVE_0:   430000           86424           43829         50.7139          2.3094           42644           29976         70.2936         15.0000               0               0          0.0000          150455           72606         48.2576

ENER_0:   430000       2603.1810      25387.2534          0.0000     -21082.0223      -1702.0502          0.0000          0.0000          0.0000          0.0000          0.0000

STAT_0:   430000              39

MOVE_1:   430000          150477           72643         48.2752

ENER_1:   430000     361628.5847     361628.5847          0.0000          0.0000          0.0000          0.0000          0.0000          0.0000          0.0000          0.0000

STAT_1:   430000             563

Steps/sec. : 7800.5626
MOVE_0:   440000           88510           44827         50.6463          1.1201           43668           30682         70.2620         15.0000               0               0          0.0000          153817           74271         48.2853

ENER_0:   440000        854.3870      37523.9113          0.0000     -32774.1682      -3895.3561          0.0000          0.0000          0.0000          0.0000          0.0000

STAT_0:   440000              59

MOVE_1:   440000          154005           74328         48.2634

ENER_1:   440000     366138.9900     366138.9900          0.0000          0.0000          0.0000          0.0000          0.0000          0.0000          0.0000          0.0000

STAT_1:   440000             543

Steps/sec. : 5991.4854
MOVE_0:   450000           90474           45779         50.5991          0.7045           44640           31266         70.0403         15.0000               0               0          0.0000          157368           75582         48.0288

ENER_0:   450000     -33104.3989      56770.4466          0.0000     -81404.8799      -8469.9656          0.0000          0.0000          0.0000          0.0000          0.0000

STAT_0:   450000              87

MOVE_1:   450000          157518           75667         48.0370

ENER_1:   450000     343884.5430     343884.5430          0.0000          0.0000          0.0000          0.0000          0.0000          0.0000          0.0000          0.0000

STAT_1:   450000             515

Steps/sec. : 4396.5266
MOVE_0:   460000           92439           46893         50.7286          2.3172           45608           31944         70.0403         15.0000               0               0          0.0000          160911           77357         48.0744

ENER_0:   460000      12265.7531      17794.4153          0.0000      -4884.0988       -644.5634          0.0000          0.0000          0.0000          0.0000          0.0000

STAT_0:   460000              24

MOVE_1:   460000          161042           77379         48.0490

ENER_1:   460000     367835.6298     367835.6298          0.0000          0.0000          0.0000          0.0000          0.0000          0.0000          0.0000          0.0000

STAT_1:   460000             578

Steps/sec. : 6063.1929
MOVE_0:   470000           94402           47890         50.7299          2.2731           46582           32712         70.2246         15.0000               0               0          0.0000          164456           79313         48.2275

ENER_0:   470000       1563.2687      29317.9515          0.0000     -25282.7375      -2471.9453          0.0000          0.0000          0.0000          0.0000          0.0000

STAT_0:   470000              47

MOVE_1:   470000          164560           79358         48.2244

ENER_1:   470000     371431.4863     371431.4863          0.0000          0.0000          0.0000          0.0000          0.0000          0.0000          0.0000          0.0000

STAT_1:   470000             555

Steps/sec. : 8150.3235
MOVE_0:   480000           96372           48871         50.7108          1.6440           47573           33514         70.4475         15.0000               0               0          0.0000          168029           81286         48.3762

ENER_0:   480000       8271.2051      28683.1951          0.0000     -18621.5362      -1790.4538          0.0000          0.0000          0.0000          0.0000          0.0000

STAT_0:   480000              40

MOVE_1:   480000          168026           81324         48.3997

ENER_1:   480000     340810.5699     340810.5699          0.0000          0.0000          0.0000          0.0000          0.0000          0.0000          0.0000          0.0000

STAT_1:   480000             562

Steps/sec. : 8009.1505
MOVE_0:   490000           98385           49846         50.6642          1.0119           48543           34167         70.3850         15.0000               0               0          0.0000          171533           82964         48.3662

ENER_0:   490000     -26037.0137      46486.8930          0.0000     -66229.3424      -6294.5642          0.0000          0.0000          0.0000          0.0000          0.0000

STAT_0:   490000              75

MOVE_1:   490000          171539           83037         48.4071

ENER_1:   490000     344599.6732     344599.6732          0.0000          0.0000          0.0000          0.0000          0.0000          0.0000          0.0000          0.0000

STAT_1:   490000             527

Steps/sec. : 5804.5886
MOVE_0:   500000          100324           50828         50.6638          1.0698           49554           34756         70.1376         15.0000               0               0          0.0000          175028           84259         48.1403

ENER_0:   500000     -16907.2559      44178.1155          0.0000     -55757.6522      -5327.7191          0.0000          0.0000          0.0000          0.0000          0.0000

STAT_0:   500000              69

MOVE_1:   500000          175094           84326         48.1604

ENER_1:   500000     370216.9032     370216.9032          0.0000          0.0000          0.0000          0.0000          0.0000          0.0000          0.0000          0.0000

STAT_1:   500000             533

Steps/sec. : 4138.2694
MOVE_0:   510000          102362           51916         50.7180          1.9441           50587           35426         70.0298         15.0000               0               0          0.0000          178497           85819         48.0787

ENER_0:   510000       5375.7892       9113.3300          0.0000      -3374.9739       -362.5669          0.0000          0.0000          0.0000          0.0000          0.0000

STAT_0:   510000              18

MOVE_1:   510000          178554           85835         48.0723

ENER_1:   510000     381910.1579     381910.1579          0.0000          0.0000          0.0000          0.0000          0.0000          0.0000          0.0000          0.0000

STAT_1:   510000             584

Steps/sec. : 5125.9106
MOVE_0:   520000          104343           52912         50.7097          1.7328           51526           36170         70.1976         15.0000               0               0          0.0000          181993           87774         48.2293

ENER_0:   520000      -3579.6068      35552.8105          0.0000     -35623.1278      -3509.2895          0.0000          0.0000          0.0000          0.0000          0.0000

STAT_0:   520000              56

MOVE_1:   520000          182138           87828         48.2206

ENER_1:   520000     340523.3610     340523.3610          0.0000          0.0000          0.0000          0.0000          0.0000          0.0000          0.0000          0.0000

STAT_1:   520000             546

Steps/sec. : 8103.0250
MOVE_0:   530000          106317           53893         50.6909          1.3472           52510           36889         70.2514         15.0000               0               0          0.0000          185513           89552         48.2726

ENER_0:   530000      -3140.8904      38281.0311          0.0000     -37786.1813      -3635.7403          0.0000          0.0000          0.0000          0.0000          0.0000

STAT_0:   530000              57

MOVE_1:   530000          185660           89607         48.2640

ENER_1:   530000     340844.7704     340844.7704          0.0000          0.0000          0.0000          0.0000          0.0000          0.0000          0.0000          0.0000

STAT_1:   530000             545

Steps/sec. : 6329.3177
MOVE_0:   540000          108309           54969         50.7520          2.6428           53434           37620         70.4046         15.0000               0               0          0.0000          189075           91471         48.3782

ENER_0:   540000       4961.6906      21426.3411          0.0000     -15014.3829      -1450.2676          0.0000          0.0000          0.0000          0.0000          0.0000

STAT_0:   540000              36

MOVE_1:   540000          189182           91505         48.3688

ENER_1:   540000     384238.2328     384238.2328          0.0000          0.0000          0.0000          0.0000          0.0000          0.0000          0.0000          0.0000

STAT_1:   540000             566

Steps/sec. : 7779.5949
MOVE_0:   550000          110300           55952         50.7271          2.0065           54402           38366         70.5231         15.0000               0               0          0.0000          192599           93411         48.5003

ENER_0:   550000       5760.4682      13999.9093          0.0000      -7697.8288       -541.6123          0.0000          0.0000          0.0000          0.0000          0.0000

STAT_0:   550000              22

MOVE_1:   550000          192699           93431         48.4855

ENER_1:   550000     362604.8757     362604.8757          0.0000          0.0000          0.0000          0.0000          0.0000          0.0000          0.0000          0.0000

STAT_1:   550000             580

Steps/sec. : 8033.1230
MOVE_0:   560000          112302           56996         50.7524          2.6411           55372           39125         70.6585         15.0000               0               0          0.0000          196123           95389         48.6373

ENER_0:   560000       7773.8226      19610.2552          0.0000     -10829.3023      -1007.1303          0.0000          0.0000          0.0000          0.0000          0.0000

STAT_0:   560000              30

MOVE_1:   560000          196203           95417         48.6318

ENER_1:   560000     386880.0747     386880.0747          0.0000          0.0000          0.0000          0.0000          0.0000          0.0000          0.0000          0.0000

STAT_1:   560000             572

Steps/sec. : 8535.0299
MOVE_0:   570000          114248           57949         50.7221          1.9699           56345           39907         70.8262         15.0000               0               0          0.0000          199734           97400         48.7649

ENER_0:   570000       6566.7249      20216.2328          0.0000     -12355.9051      -1293.6029          0.0000          0.0000          0.0000          0.0000          0.0000

STAT_0:   570000              34

MOVE_1:   570000          199673           97432         48.7958

ENER_1:   570000     370342.4432     370342.4432          0.0000          0.0000          0.0000          0.0000          0.0000          0.0000          0.0000          0.0000

STAT_1:   570000             568

Steps/sec. : 8545.2493
MOVE_0:   580000          116335           59002         50.7173          1.9132           57306           40653         70.9402         15.0000               0               0          0.0000          203218           99281         48.8544

ENER_0:   580000       -825.5129      31508.8627          0.0000     -29647.5758      -2686.7998          0.0000          0.0000          0.0000          0.0000          0.0000

STAT_0:   580000              49

MOVE_1:   580000          203141           99328         48.8961

ENER_1:   580000     374078.2169     374078.2169          0.0000          0.0000          0.0000          0.0000          0.0000          0.0000          0.0000          0.0000

STAT_1:   580000             553

Steps/sec. : 7715.0842
MOVE_0:   590000          118377           59967         50.6576          0.8966           58295           41357         70.9443         15.0000               0               0          0.0000          206597          100924         48.8507

ENER_0:   590000     -57936.6184      59333.8003          0.0000    -105855.1565     -11415.2621          0.0000          0.0000          0.0000          0.0000          0.0000

STAT_0:   590000             101

MOVE_1:   590000          206731          101023         48.8669

ENER_1:   590000     330139.1243     330139.1243          0.0000          0.0000          0.0000          0.0000          0.0000          0.0000          0.0000          0.0000

STAT_1:   590000             501

Steps/sec. : 6025.0367
MOVE_0:   600000          120429           60990         50.6439          0.8406           59306           41870         70.5999         14.5714               0               0          0.0000          210048          101940         48.5318

ENER_0:   600000     -62397.8905      61386.1049          0.0000    -111680.5277     -12103.4678          0.0000          0.0000          0.0000          0.0000          0.0000

STAT_0:   600000             104

MOVE_1:   600000          210217          102042         48.5413

ENER_1:   600000     326188.8600     326188.8600          0.0000          0.0000          0.0000          0.0000          0.0000          0.0000          0.0000          0.0000

STAT_1:   600000             498

Steps/sec. : 3640.4263
MOVE_0:   610000          122448           62001         50.6346          0.7760           60356           42461         70.3509         15.0000               0               0          0.0000          213517          103168         48.3184

ENER_0:   610000     -41162.7970      49112.8782          0.0000     -82190.6572      -8085.0180          0.0000          0.0000          0.0000          0.0000          0.0000

STAT_0:   610000              85

MOVE_1:   610000          213679          103251         48.3206

ENER_1:   610000     362318.8706     362318.8706          0.0000          0.0000          0.0000          0.0000          0.0000          0.0000          0.0000          0.0000

STAT_1:   610000             517

Steps/sec. : 4024.2501
MOVE_0:   620000          124445           63040         50.6569          1.0341           61384           43080         70.1812         15.0000               0               0          0.0000          216919          104639         48.2387

ENER_0:   620000      -2375.5845      33556.8664          0.0000     -32669.3488      -3263.1021          0.0000          0.0000          0.0000          0.0000          0.0000

STAT_0:   620000              54

MOVE_1:   620000          217252          104691         48.1887

ENER_1:   620000     333894.7233     333894.7233          0.0000          0.0000          0.0000          0.0000          0.0000          0.0000          0.0000          0.0000

STAT_1:   620000             548

Steps/sec. : 4546.6040
MOVE_0:   630000          126413           64138         50.7369          2.6949           62410           43855         70.2692         15.0000               0               0          0.0000          220390          106560         48.3507

ENER_0:   630000       6380.3854      23342.4814          0.0000     -15816.2056      -1145.8904          0.0000          0.0000          0.0000          0.0000          0.0000

STAT_0:   630000              32

MOVE_1:   630000          220787          106590         48.2773

ENER_1:   630000     361255.2095     361255.2095          0.0000          0.0000          0.0000          0.0000          0.0000          0.0000          0.0000          0.0000

STAT_1:   630000             570

Steps/sec. : 7242.5398
MOVE_0:   640000          128412           65070         50.6728          1.1712           63354           44474         70.1992         15.0000               0               0          0.0000          223885          108236         48.3445

ENER_0:   640000     -11250.4492      36074.5642          0.0000     -43429.6573      -3895.3561          0.0000          0.0000          0.0000          0.0000          0.0000

STAT_0:   640000              59

MOVE_1:   640000          224349          108293         48.2699

ENER_1:   640000     319868.3224     319868.3224          0.0000          0.0000          0.0000          0.0000          0.0000          0.0000          0.0000          0.0000

STAT_1:   640000             543

Steps/sec. : 5770.8270
MOVE_0:   650000          130454           66156         50.7121          1.7283           64323           45166         70.2175         15.0000               0               0          0.0000          227357          109940         48.3557

ENER_0:   650000     -14277.3459      40704.0552          0.0000     -49653.6820      -5327.7191          0.0000          0.0000          0.0000          0.0000          0.0000

STAT_0:   650000              69

MOVE_1:   650000          227866          110007         48.2771

ENER_1:   650000     344494.8689     344494.8689          0.0000          0.0000          0.0000          0.0000          0.0000          0.0000          0.0000          0.0000

STAT_1:   650000             533

Steps/sec. : 5772.2049
MOVE_0:   660000          132466           67191         50.7232          1.8844           65313           45935         70.3306         15.0000               0               0          0.0000          230948          111893         48.4494

ENER_0:   660000       4538.7759      19874.6831          0.0000     -13885.6396      -1450.2676          0.0000          0.0000          0.0000          0.0000          0.0000

STAT_0:   660000              36

MOVE_1:   660000          231273          111927         48.3961

ENER_1:   660000     357138.5102     357138.5102          0.0000          0.0000          0.0000          0.0000          0.0000          0.0000          0.0000          0.0000

STAT_1:   660000             566

Steps/sec. : 7736.3516
MOVE_0:   670000          134460           68232         50.7452          2.4280           66331           46741         70.4663         15.0000               0               0          0.0000          234470          113845         48.5542

ENER_0:   670000      10658.5958      13521.4667          0.0000      -2576.3982       -286.4726          0.0000          0.0000          0.0000          0.0000          0.0000

STAT_0:   670000              16

MOVE_1:   670000          234739          113859         48.5045

ENER_1:   670000     366613.9357     366613.9357          0.0000          0.0000          0.0000          0.0000          0.0000          0.0000          0.0000          0.0000

STAT_1:   670000             586

Steps/sec. : 7878.8733
MOVE_0:   680000          136516           69222         50.7061          1.3554           67333           47471         70.5018         15.0000               0               0          0.0000          237923          115629         48.5993

ENER_0:   680000      -8987.0051      38851.5728          0.0000     -43110.6608      -4727.9171          0.0000          0.0000          0.0000          0.0000          0.0000

STAT_0:   680000              65

MOVE_1:   680000          238228          115692         48.5636

ENER_1:   680000     335477.5956     335477.5956          0.0000          0.0000          0.0000          0.0000          0.0000          0.0000          0.0000          0.0000

STAT_1:   680000             537

Steps/sec. : 6887.1048
MOVE_0:   690000          138477           70288         50.7579          2.8422           68356           48241         70.5732         15.0000               0               0          0.0000          241408          117424         48.6413

ENER_0:   690000       7181.6269      13608.3539          0.0000      -5933.2332       -493.4938          0.0000          0.0000          0.0000          0.0000          0.0000

STAT_0:   690000              21

MOVE_1:   690000          241759          117443         48.5785

ENER_1:   690000     382399.0677     382399.0677          0.0000          0.0000          0.0000          0.0000          0.0000          0.0000          0.0000          0.0000

STAT_1:   690000             581

Steps/sec. : 6639.0876
MOVE_0:   700000          140542           71328         50.7521          2.8987           69357           49037         70.7023         15.0000               0               0          0.0000          244856          119348         48.7421

ENER_0:   700000       6499.9070      17608.4215          0.0000     -10167.4073       -941.1073          0.0000          0.0000          0.0000          0.0000          0.0000

STAT_0:   700000              29

MOVE_1:   700000          245245          119375         48.6758

ENER_1:   700000     370634.5931     370634.5931          0.0000          0.0000          0.0000          0.0000          0.0000          0.0000          0.0000          0.0000

STAT_1:   700000             573

Steps/sec. : 8212.1036
MOVE_0:   710000          142528           72326         50.7451          2.6880           70333           49814         70.8259         15.0000               0               0          0.0000          248383          121330         48.8479

ENER_0:   710000       6282.6110      27930.7439          0.0000     -19767.0374      -1881.0955          0.0000          0.0000          0.0000          0.0000          0.0000

STAT_0:   710000              41

MOVE_1:   710000          248756          121369         48.7904

ENER_1:   710000     351130.9531     351130.9531          0.0000          0.0000          0.0000          0.0000          0.0000          0.0000          0.0000          0.0000

STAT_1:   710000             561

Steps/sec. : 8581.3117
MOVE_0:   720000          144501           73258         50.6972          1.3475           71323           50579         70.9154         15.0000               0               0          0.0000          251913          123235         48.9197

ENER_0:   720000     -19163.4726      43240.5453          0.0000     -56762.9694      -5641.0485          0.0000          0.0000          0.0000          0.0000          0.0000

STAT_0:   720000              71

MOVE_1:   720000          252263          123304         48.8791

ENER_1:   720000     348468.1895     348468.1895          0.0000          0.0000          0.0000          0.0000          0.0000          0.0000          0.0000          0.0000

STAT_1:   720000             531

Steps/sec. : 7654.1188
MOVE_0:   730000          146577           74288         50.6819          0.9926           72332           51263         70.8718         15.0000               0               0          0.0000          255287          124876         48.9159

ENER_0:   730000     -29291.0080      51712.4403          0.0000     -73294.4256      -7709.0227          0.0000          0.0000          0.0000          0.0000          0.0000

STAT_0:   730000              83

MOVE_1:   730000          255804          124957         48.8487

ENER_1:   730000     311472.3196     311472.3196          0.0000          0.0000          0.0000          0.0000          0.0000          0.0000          0.0000          0.0000

STAT_1:   730000             519

Steps/sec. : 5664.7112
MOVE_0:   740000          148605           75303         50.6733          0.9279           73308           51838         70.7126         15.0000               0               0          0.0000          258839          126341         48.8107

ENER_0:   740000     -25576.7587      51877.2574          0.0000     -70112.0364      -7341.9797          0.0000          0.0000          0.0000          0.0000          0.0000

STAT_0:   740000              81

MOVE_1:   740000          259248          126420         48.7641

ENER_1:   740000     311216.3973     311216.3973          0.0000          0.0000          0.0000          0.0000          0.0000          0.0000          0.0000          0.0000

STAT_1:   740000             521

Steps/sec. : 4668.5996
MOVE_0:   750000          150584           76415         50.7458          2.5443           74274           52581         70.7933         15.0000               0               0          0.0000          262385          128225         48.8690

ENER_0:   750000       5607.4461      22640.2146          0.0000     -15500.8114      -1531.9570          0.0000          0.0000          0.0000          0.0000          0.0000

STAT_0:   750000              37

MOVE_1:   750000          262757          128260         48.8132

ENER_1:   750000     375259.1484     375259.1484          0.0000          0.0000          0.0000          0.0000          0.0000          0.0000          0.0000          0.0000

STAT_1:   750000             565

Steps/sec. : 7116.0045
MOVE_0:   760000          152600           77431         50.7412          2.5048           75272           53381         70.9175         15.0000               0               0          0.0000          265857          130192         48.9707

ENER_0:   760000       2391.8059      18002.0357          0.0000     -14078.2727      -1531.9570          0.0000          0.0000          0.0000          0.0000          0.0000

STAT_0:   760000              37

MOVE_1:   760000          266271          130227         48.9077

ENER_1:   760000     352230.9339     352230.9339          0.0000          0.0000          0.0000          0.0000          0.0000          0.0000          0.0000          0.0000

STAT_1:   760000             565

Steps/sec. : 8608.9630
MOVE_0:   770000          154596           78328         50.6663          0.7864           76337           54062         70.8202         15.0000               0               0          0.0000          269284          131694         48.9052

ENER_0:   770000     -32506.8779      50022.9884          0.0000     -74820.8436      -7709.0227          0.0000          0.0000          0.0000          0.0000          0.0000

STAT_0:   770000              83

MOVE_1:   770000          269783          131775         48.8448

ENER_1:   770000     350637.9594     350637.9594          0.0000          0.0000          0.0000          0.0000          0.0000          0.0000          0.0000          0.0000

STAT_1:   770000             519

Steps/sec. : 5297.2222
MOVE_0:   780000          156577           79333         50.6671          0.8576           77328           54638         70.6575         15.0000               0               0          0.0000          272756          133019         48.7685

ENER_0:   780000     -40667.8676      58325.0972          0.0000     -89928.7924      -9064.1724          0.0000          0.0000          0.0000          0.0000          0.0000

STAT_0:   780000              90

MOVE_1:   780000          273339          133107         48.6967

ENER_1:   780000     326047.9352     326047.9352          0.0000          0.0000          0.0000          0.0000          0.0000          0.0000          0.0000          0.0000

STAT_1:   780000             512

Steps/sec. : 4141.7849
MOVE_0:   790000          158570           80454         50.7372          2.1177           78294           55332         70.6721         15.0000               0               0          0.0000          276256          134851         48.8138

ENER_0:   790000       4717.4057      32772.9885          0.0000     -25368.7831      -2686.7998          0.0000          0.0000          0.0000          0.0000          0.0000

STAT_0:   790000              49

MOVE_1:   790000          276880          134898         48.7207

ENER_1:   790000     347718.6503     347718.6503          0.0000          0.0000          0.0000          0.0000          0.0000          0.0000          0.0000          0.0000

STAT_1:   790000             553

Steps/sec. : 6480.1716
MOVE_0:   800000          160647           81538         50.7560          3.1380           79272           56115         70.7879         15.0000               0               0          0.0000          279748          136842         48.9162

ENER_0:   800000      12007.8538      18571.2869          0.0000      -5918.8697       -644.5634          0.0000          0.0000          0.0000          0.0000          0.0000

STAT_0:   800000              24

MOVE_1:   800000          280333          136864         48.8219

ENER_1:   800000     365482.1353     365482.1353          0.0000          0.0000          0.0000          0.0000          0.0000          0.0000          0.0000          0.0000

STAT_1:   800000             578

Steps/sec. : 8796.7140
MOVE_0:   810000          162639           82535         50.7474          2.7285           80258           56898         70.8939         15.0000               0               0          0.0000          283287          138860         49.0174

ENER_0:   810000       3875.7209      16542.6642          0.0000     -11851.1679       -815.7755          0.0000          0.0000          0.0000          0.0000          0.0000

STAT_0:   810000              27

MOVE_1:   810000          283816          138885         48.9349

ENER_1:   810000     383251.7681     383251.7681          0.0000          0.0000          0.0000          0.0000          0.0000          0.0000          0.0000          0.0000

STAT_1:   810000             575

Steps/sec. : 8702.5544
MOVE_0:   820000          164671           83478         50.6938          0.9515           81283           57645         70.9189         15.0000               0               0          0.0000          286728          140548         49.0179

ENER_0:   820000     -20335.1725      48340.7949          0.0000     -62381.4032      -6294.5642          0.0000          0.0000          0.0000          0.0000          0.0000

STAT_0:   820000              75

MOVE_1:   820000          287318          140621         48.9426

ENER_1:   820000     338000.3598     338000.3598          0.0000          0.0000          0.0000          0.0000          0.0000          0.0000          0.0000          0.0000

STAT_1:   820000             527

Steps/sec. : 6525.6133
MOVE_0:   830000          166616           84510         50.7214          1.3334           82241           58298         70.8868         15.0000               0               0          0.0000          290294          142333         49.0306

ENER_0:   830000      -8165.1911      43152.1439          0.0000     -46142.9235      -5174.4115          0.0000          0.0000          0.0000          0.0000          0.0000

STAT_0:   830000              68

MOVE_1:   830000          290849          142399         48.9598

ENER_1:   830000     349029.0206     349029.0206          0.0000          0.0000          0.0000          0.0000          0.0000          0.0000          0.0000          0.0000

STAT_1:   830000             534

Steps/sec. : 5882.3429
MOVE_0:   840000          168600           85480         50.6999          1.0475           83237           58926         70.7930         15.0000               0               0          0.0000          293797          143847         48.9614

ENER_0:   840000     -13892.4168      40769.7727          0.0000     -50078.6278      -4583.5618          0.0000          0.0000          0.0000          0.0000          0.0000

STAT_0:   840000              64

MOVE_1:   840000          294366          143909         48.8878

ENER_1:   840000     331352.3564     331352.3564          0.0000          0.0000          0.0000          0.0000          0.0000          0.0000          0.0000          0.0000

STAT_1:   840000             538

Steps/sec. : 4839.3736
MOVE_0:   850000          170609           86467         50.6814          0.8940           84250           59512         70.6374         15.0000               0               0          0.0000          297338          145180         48.8266

ENER_0:   850000     -46528.2478      58933.7359          0.0000     -95574.2025      -9887.7812          0.0000          0.0000          0.0000          0.0000          0.0000

STAT_0:   850000              94

MOVE_1:   850000          297803          145272         48.7812

ENER_1:   850000     319528.1111     319528.1111          0.0000          0.0000          0.0000          0.0000          0.0000          0.0000          0.0000          0.0000

STAT_1:   850000             508

Steps/sec. : 4347.1966
MOVE_0:   860000          172554           87471         50.6920          1.2430           85283           60145         70.5240         15.0000               0               0          0.0000          300846          146588         48.7253

ENER_0:   860000      -1018.4775      40282.7021          0.0000     -37405.8235      -3895.3561          0.0000          0.0000          0.0000          0.0000          0.0000

STAT_0:   860000              59

MOVE_1:   860000          301317          146645         48.6680

ENER_1:   860000     325407.6272     325407.6272          0.0000          0.0000          0.0000          0.0000          0.0000          0.0000          0.0000          0.0000

STAT_1:   860000             543

Steps/sec. : 4469.2919
MOVE_0:   870000          174556           88467         50.6812          0.9987           86262           60821         70.5073         15.0000               0               0          0.0000          304322          148229         48.7079

ENER_0:   870000     -43808.6139      49240.1904          0.0000     -84184.9389      -8863.8654          0.0000          0.0000          0.0000          0.0000          0.0000

STAT_0:   870000              89

MOVE_1:   870000          304860          148316         48.6505

ENER_1:   870000     340441.2921     340441.2921          0.0000          0.0000          0.0000          0.0000          0.0000          0.0000          0.0000          0.0000

STAT_1:   870000             513

Steps/sec. : 5540.7888
MOVE_0:   880000          176598           89490         50.6744          0.8915           87245           61392         70.3674         15.0000               0               0          0.0000          307829          149368         48.5230

ENER_0:   880000     -18530.0435      60115.1289          0.0000     -71120.7903      -7524.3821          0.0000          0.0000          0.0000          0.0000          0.0000

STAT_0:   880000              82

MOVE_1:   880000          308328          149448         48.4705

ENER_1:   880000     342688.9443     342688.9443          0.0000          0.0000          0.0000          0.0000          0.0000          0.0000          0.0000          0.0000

STAT_1:   880000             520

Steps/sec. : 3845.1364
MOVE_0:   890000          178622           90659         50.7547          3.2349           88251           62110         70.3788         15.0000               0               0          0.0000          311398          151186         48.5507

ENER_0:   890000       7391.2298      17482.0323          0.0000      -9213.4802       -877.3224          0.0000          0.0000          0.0000          0.0000          0.0000

STAT_0:   890000              28

MOVE_1:   890000          311729          151212         48.5075

ENER_1:   890000     369051.1923     369051.1923          0.0000          0.0000          0.0000          0.0000          0.0000          0.0000          0.0000          0.0000

STAT_1:   890000             574

Steps/sec. : 6341.1065
MOVE_0:   900000          180575           91598         50.7257          2.0097           89271           62888         70.4462         15.0000               0               0          0.0000          314959          153172         48.6324

ENER_0:   900000      11421.6406      22371.9123          0.0000     -10134.4963       -815.7755          0.0000          0.0000          0.0000          0.0000          0.0000

STAT_0:   900000              27

MOVE_1:   900000          315195          153197         48.6039

ENER_1:   900000     376614.2641     376614.2641          0.0000          0.0000          0.0000          0.0000          0.0000          0.0000          0.0000          0.0000

STAT_1:   900000             575

Steps/sec. : 8484.1600
MOVE_0:   910000          182599           92654         50.7418          2.5120           90298           63715         70.5608         15.0000               0               0          0.0000          318444          155127         48.7141

ENER_0:   910000        279.8984      20561.6849          0.0000     -18749.8295      -1531.9570          0.0000          0.0000          0.0000          0.0000          0.0000

STAT_0:   910000              37

MOVE_1:   910000          318659          155162         48.6922

ENER_1:   910000     351093.4948     351093.4948          0.0000          0.0000          0.0000          0.0000          0.0000          0.0000          0.0000          0.0000

STAT_1:   910000             565

Steps/sec. : 8689.7135
MOVE_0:   920000          184613           93569         50.6839          0.8509           91277           64295         70.4394         15.0000               0               0          0.0000          321923          156491         48.6113

ENER_0:   920000      -1935.5308      48363.7799          0.0000     -45997.7454      -4301.5653          0.0000          0.0000          0.0000          0.0000          0.0000

STAT_0:   920000              62

MOVE_1:   920000          322187          156551         48.5901

ENER_1:   920000     337239.8859     337239.8859          0.0000          0.0000          0.0000          0.0000          0.0000          0.0000          0.0000          0.0000

STAT_1:   920000             540

Steps/sec. : 4458.6427
MOVE_0:   930000          186673           94771         50.7685          3.1257           92298           65104         70.5367         15.0000               0               0          0.0000          325422          158393         48.6731

ENER_0:   930000       5071.8915       8564.0514          0.0000      -3205.6873       -286.4726          0.0000          0.0000          0.0000          0.0000          0.0000

STAT_0:   930000              16

MOVE_1:   930000          325607          158407         48.6498

ENER_1:   930000     378190.0822     378190.0822          0.0000          0.0000          0.0000          0.0000          0.0000          0.0000          0.0000          0.0000

STAT_1:   930000             586

Steps/sec. : 7282.1646
MOVE_0:   940000          188712           95752         50.7398          1.9242           93321           65904         70.6208         15.0000               0               0          0.0000          328931          160350         48.7488

ENER_0:   940000       9222.0382      21423.2689          0.0000     -11260.1235       -941.1073          0.0000          0.0000          0.0000          0.0000          0.0000

STAT_0:   940000              29

MOVE_1:   940000          329036          160377         48.7415

ENER_1:   940000     361234.6985     361234.6985          0.0000          0.0000          0.0000          0.0000          0.0000          0.0000          0.0000          0.0000

STAT_1:   940000             573

Steps/sec. : 8139.8888
MOVE_0:   950000          190677           96764         50.7476          2.1055           94298           66619         70.6473         15.0000               0               0          0.0000          332483          162267         48.8046

ENER_0:   950000       8068.0403      14725.7967          0.0000      -6164.2626       -493.4938          0.0000          0.0000          0.0000          0.0000          0.0000

STAT_0:   950000              21

MOVE_1:   950000          332542          162286         48.8017

ENER_1:   950000     375585.1809     375585.1809          0.0000          0.0000          0.0000          0.0000          0.0000          0.0000          0.0000          0.0000

STAT_1:   950000             581

Steps/sec. : 7298.9455
MOVE_0:   960000          192625           97676         50.7079          0.9234           95317           67266         70.5708         15.0000               0               0          0.0000          335924          163787         48.7572

ENER_0:   960000     -23968.0117      38622.5028          0.0000     -57567.1725      -5023.3420          0.0000          0.0000          0.0000          0.0000          0.0000

STAT_0:   960000              67

MOVE_1:   960000          336134          163852         48.7460

ENER_1:   960000     338889.9673     338889.9673          0.0000          0.0000          0.0000          0.0000          0.0000          0.0000          0.0000          0.0000

STAT_1:   960000             535

Steps/sec. : 4914.3669
MOVE_0:   970000          194625           98830         50.7797          3.3683           96323           68029         70.6259         15.0000               0               0          0.0000          339452          165577         48.7777

ENER_0:   970000       7129.1280      10742.3800          0.0000      -3250.6851       -362.5669          0.0000          0.0000          0.0000          0.0000          0.0000

STAT_0:   970000              18

MOVE_1:   970000          339600          165593         48.7612

ENER_1:   970000     369530.6334     369530.6334          0.0000          0.0000          0.0000          0.0000          0.0000          0.0000          0.0000          0.0000

STAT_1:   970000             584

Steps/sec. : 6396.3692
MOVE_0:   980000          196637           99737         50.7214          1.1072           97304           68747         70.6518         15.0000               0               0          0.0000          342926          167366         48.8053

ENER_0:   980000     -20559.8195      65631.7193          0.0000     -78295.6375      -7895.9013          0.0000          0.0000          0.0000          0.0000          0.0000

STAT_0:   980000              84

MOVE_1:   980000          343133          167448         48.7997

ENER_1:   980000     328159.5458     328159.5458          0.0000          0.0000          0.0000          0.0000          0.0000          0.0000          0.0000          0.0000

STAT_1:   980000             518

Steps/sec. : 6659.0534
MOVE_0:   990000          198666          100792         50.7344          1.4321           98325           69394         70.5762         15.0000               0               0          0.0000          346415          168895         48.7551

ENER_0:   990000       8928.3877      21837.8497          0.0000     -11834.0707      -1075.3913          0.0000          0.0000          0.0000          0.0000          0.0000

STAT_0:   990000              31

MOVE_1:   990000          346594          168924         48.7383

ENER_1:   990000     375725.9160     375725.9160          0.0000          0.0000          0.0000          0.0000          0.0000          0.0000          0.0000          0.0000

STAT_1:   990000             571

Steps/sec. : 4959.6382
MOVE_0:  1000000          200686          101903         50.7773          3.2901           99281           70191         70.6993         15.0000               0               0          0.0000          349906          170969         48.8614

ENER_0:  1000000       6720.5410      11758.7678          0.0000      -4544.7329       -493.4938          0.0000          0.0000          0.0000          0.0000          0.0000

STAT_0:  1000000              21

MOVE_1:  1000000          350127          170988         48.8360

ENER_1:  1000000     346843.5577     346843.5577          0.0000          0.0000          0.0000          0.0000          0.0000          0.0000          0.0000          0.0000

STAT_1:  1000000             581

Simulation Time (total): 166.7284 sec.
Info: GOMC Version 2.20
Info: Completed at: Mon Nov 27 20:23:53 2017
Info: On hostname: potoff39.eng.wayne.edu
