Info: GOMC Version 2.40
Info: Start Time: Fri May 17 16:31:09 2019
Info: Host Name: wsu7
CPU information:
Info: Total number of CPUs: 12
Info: Total number of CPUs available: 12
Info: Model name: AMD Opteron(tm) Processor 4332 HE
Info: System name: Linux
Info: Release: 3.10.0-957.5.1.el7.x86_64
Info: Version: #1 SMP Fri Feb 1 14:54:57 UTC 2019
Info: Kernel Architecture: x86_64
Info: Total Ram: 96496.3MB
Info: Used Ram: 4797.4MB
Info: Working in the current directory: /wsu/home/fe/fe18/fe1855/clone/GOMC_Examples/GCMC/hexane
Info: GOMC COMPILED TO RUN GRAND CANONICAL ENSEMBLE.
Info: Number of threads                  4 

Reading Input File:                      in.conf
Info: Random seed                        Active 
Info: PARAMETER file                     MIE format! 
Info: Input Temperature                  510.0000 K
Info: Non-truncated potential            Active 
Info: Long Range Correction              Active 
Info: Cutoff                             10.0000 A
Info: Exclude                            ONE-FOUR 
Info: Pressure calculation               Inactive 
Info: Total number of steps              1000000 
Info: Number of equilibration steps      500000 
Info: Move adjustment frequency          1000 
Info: Displacement move frequency        0.2000 
Info: Rotation move frequency            0.1000 
Info: Molecule swap move frequency       0.6000 
Info: Regrowth move frequency            0.1000 
Info: CBMC First atom trials             10   
Info: CBMC Secondary atom trials         4    
Info: CBMC Angle trials                  100  
Info: CBMC Dihedral trials               30   
Info: Chemical potential                 C6P    -4140.0000 K
Info: Output name                        C6P_510_00_K_u_4140_r1a 
Info: Coordinate frequency               100000 
Info: Restart frequency                  1000000 
Info: Console output frequency           10000 
Info: Average output frequency           100000 
Info: Histogram output frequency         100000 
Info: Histogram sample frequency         200 
Default: Intra-Swap move frequency       0.0000 
Default: Intra-MEMC move frequency       0.0000 
Default: Crank-Shaft move frequency      0.0000 
Default: MEMC move frequency             0.0000 
Default: Short Range Cutoff              0.0000 
Warning: 1-4 Electrostatic scaling set, but will be ignored.
Finished Reading Input File:             in.conf

Reading from EXOTIC-Style parameter file:  	../../common/Par_Mie_Alkane_Exotic.inp
Reading BONDS parameters.
Reading ANGLES parameters.
Reading DIHEDRALS parameters.
Reading NONBONDED_MIE parameters.
Finished reading EXOTIC-Style parameter file:  	../../common/Par_Mie_Alkane_Exotic.inp
Reading from box 0 PDB coordinate file:  	STEP3_START_C6P_vap_BOX_0.pdb
Finished reading box 0 PDB coordinate file:  	STEP3_START_C6P_vap_BOX_0.pdb
Reading from box 1 PDB coordinate file:  	STEP3_START_C6P_reservoir_BOX_1.pdb
Finished reading box 1 PDB coordinate file:  	STEP3_START_C6P_reservoir_BOX_1.pdb
Random number seed: 2145771048

Molecules in PSF:
Molecule Kind: C6P
Idx	name	type	charge	mass
0	C1	CH3	0.0000	15.0350
1	C2	CH2	0.0000	14.0270
2	C3	CH2	0.0000	14.0270
3	C4	CH2	0.0000	14.0270
4	C5	CH2	0.0000	14.0270
5	C6	CH3	0.0000	15.0350

Bonds:
[0 1] [1 2] [2 3] [3 4] [4 5] 

Angles:
[0 1 2] [1 2 3] [2 3 4] [3 4 5] 

Dihedrals:
[0 1 2 3] [1 2 3 4] [2 3 4 5] 

Bonds parameter:
Atom Types                             Kb(K)           b0(A) 
CH3	CH2	                         FIX           1.5400 
CH2	CH2	                         FIX           1.5400 
CH2	CH3	                         FIX           1.5400 

Angles parameter:
Atom Types                         Ktheta(K)         theta0(degree) 
CH3	CH2	CH2	          31250.0000         114.0000 
CH2	CH2	CH2	          31250.0000         114.0000 
CH2	CH2	CH3	          31250.0000         114.0000 

Dihedrals parameter:
Atom Types                           Kchi(K)    n    delta(degree) 
CH3	CH2	CH2	CH2	      0.0000    0     90.0000 
CH3	CH2	CH2	CH2	    355.0300    1      0.0000 
CH3	CH2	CH2	CH2	    -68.1898    2    180.0000 
CH3	CH2	CH2	CH2	    791.3178    3      0.0000 
CH2	CH2	CH2	CH2	      0.0000    0     90.0000 
CH2	CH2	CH2	CH2	    355.0300    1      0.0000 
CH2	CH2	CH2	CH2	    -68.1898    2    180.0000 
CH2	CH2	CH2	CH2	    791.3178    3      0.0000 
CH2	CH2	CH2	CH3	      0.0000    0     90.0000 
CH2	CH2	CH2	CH3	    355.0300    1      0.0000 
CH2	CH2	CH2	CH3	    -68.1898    2    180.0000 
CH2	CH2	CH2	CH3	    791.3178    3      0.0000 

NonBonded 1-4 parameters:
Type1  Type2             Epsilon(K)    Sigma(A)       N 
CH3    CH3                 121.2500      3.7830   16.00 
CH3    CH2                  86.0015      3.8865   16.00 
CH2    CH2                  61.0000      3.9900   16.00 

NonBonded parameters:
Type1  Type2             Epsilon(K)    Sigma(A)       N 
CH3    CH3                 121.2500      3.7830   16.00 
CH3    CH2                  86.0015      3.8865   16.00 
CH2    CH2                  61.0000      3.9900   16.00 

Info: Box  0:  Periodic Cell Basis 1     35.000   0.000   0.000 
Info: Box  0:  Periodic Cell Basis 2      0.000  35.000   0.000 
Info: Box  0:  Periodic Cell Basis 3      0.000   0.000  35.000 

Info: Box  1:  Periodic Cell Basis 1     35.000   0.000   0.000 
Info: Box  1:  Periodic Cell Basis 2      0.000  35.000   0.000 
Info: Box  1:  Periodic Cell Basis 3      0.000   0.000  35.000 

Minimum coordinates in box 0: x =    1.272, y =   22.180, z =   27.498
Maximum coordinates in box 0: x =    4.083, y =   34.000, z =   33.921
Wrapping molecules inside the simulation box 0:
Minimum coordinates in box 1: x =    1.000, y =    1.000, z =    1.000
Maximum coordinates in box 1: x =   34.000, y =   34.000, z =   34.000
Wrapping molecules inside the simulation box 1:

################################################################################
########################## INITIAL SIMULATION ENERGY ###########################

ETITLE:     STEP           TOTAL        INTRA(B)       INTRA(NB)       INTER(LJ)             LRC     TOTAL_ELECT            REAL           RECIP            SELF            CORR

ENER_0:        0     -3.4754e+02      2.0097e-02     -1.9618e+02     -1.4570e+02     -5.6886e+00      0.0000e+00      0.0000e+00      0.0000e+00      0.0000e+00     -0.0000e+00

ENER_1:        0     -5.8795e+04      2.2117e+01     -5.8817e+04      0.0000e+00      0.0000e+00      0.0000e+00      0.0000e+00      0.0000e+00      0.0000e+00     -0.0000e+00

STITLE:     STEP        TOTALMOL

STAT_0:        0               2

STAT_1:        0             600

################################################################################
############################# STARTING SIMULATION ##############################

MTITLE:     STEP          DISTRY       DISACCEPT      DISACCEPT%          DISMAX          ROTATE       ROTACCEPT      ROTACCEPT%          ROTMAX        REGROWTH    REGROWACCEPT   REGROWACCEPT%        TRANSFER      TRANACCEPT     TRANACCEPT%

ETITLE:     STEP           TOTAL        INTRA(B)       INTRA(NB)       INTER(LJ)             LRC     TOTAL_ELECT            REAL           RECIP            SELF            CORR

STITLE:     STEP        TOTALMOL

Printed combined psf to file C6P_510_00_K_u_4140_r1a_merged.psf
MOVE_0:    10000            2011             914      4.5450e+01      2.1632e+00            1032             666      6.4535e+01      3.1416e+00             962             564      5.8628e+01            2981            1391      4.6662e+01

ENER_0:    10000      2.8011e+04      3.7579e+04     -1.9941e+03     -7.2543e+03     -3.1998e+02      0.0000e+00      0.0000e+00      0.0000e+00      0.0000e+00      0.0000e+00

STAT_0:    10000              15

MOVE_1:    10000            3014            1378      4.5720e+01

ENER_1:    10000      1.1785e+06      1.2588e+06     -8.0317e+04      0.0000e+00      0.0000e+00      0.0000e+00      0.0000e+00      0.0000e+00      0.0000e+00      0.0000e+00

STAT_1:    10000             587

Steps/sec: 2874.063, Simulation ends in:   0 d:   0 h:   6 m 

MOVE_0:    20000            4024            1959      4.8683e+01      2.7262e+00            2017            1328      6.5840e+01      3.1416e+00            1980            1166      5.8889e+01            5908            2920      4.9425e+01

ENER_0:    20000      4.8774e+04      7.1941e+04     -4.2483e+03     -1.7552e+04     -1.3667e+03      0.0000e+00      0.0000e+00      0.0000e+00      0.0000e+00      0.0000e+00

STAT_0:    20000              31

MOVE_1:    20000            6071            2891      4.7620e+01

ENER_1:    20000      1.2739e+06      1.3523e+06     -7.8424e+04      0.0000e+00      0.0000e+00      0.0000e+00      0.0000e+00      0.0000e+00      0.0000e+00      0.0000e+00

STAT_1:    20000             571

Steps/sec: 3256.013, Simulation ends in:   0 d:   0 h:   6 m 

MOVE_0:    30000            5976            2833      4.7406e+01      8.5539e-01            3052            1811      5.9338e+01      1.0861e+00            2971            1686      5.6749e+01            8963            4134      4.6123e+01

ENER_0:    30000      6.2524e+04      2.2660e+05     -1.4314e+04     -1.3638e+05     -1.3381e+04      0.0000e+00      0.0000e+00      0.0000e+00      0.0000e+00      0.0000e+00

STAT_0:    30000              97

MOVE_1:    30000            9038            4039      4.4689e+01

ENER_1:    30000      1.1280e+06      1.2034e+06     -7.5397e+04      0.0000e+00      0.0000e+00      0.0000e+00      0.0000e+00      0.0000e+00      0.0000e+00      0.0000e+00

STAT_1:    30000             505

Steps/sec: 2396.282, Simulation ends in:   0 d:   0 h:   6 m 

MOVE_0:    40000            7977            3822      4.7913e+01      6.9681e-01            4061            2325      5.7252e+01      1.2090e+00            3930            2090      5.3181e+01           11941            5027      4.2099e+01

ENER_0:    40000      7.8304e+04      1.9693e+05     -1.2197e+04     -9.7556e+04     -8.8757e+03      0.0000e+00      0.0000e+00      0.0000e+00      0.0000e+00      0.0000e+00

STAT_0:    40000              79

MOVE_1:    40000           12091            4950      4.0940e+01

ENER_1:    40000      1.2112e+06      1.2842e+06     -7.2988e+04      0.0000e+00      0.0000e+00      0.0000e+00      0.0000e+00      0.0000e+00      0.0000e+00      0.0000e+00

STAT_1:    40000             523

Steps/sec: 2089.222, Simulation ends in:   0 d:   0 h:   7 m 

MOVE_0:    50000            9934            4855      4.8873e+01      1.0577e+00            5103            2873      5.6300e+01      1.7974e+00            4949            2626      5.3061e+01           14905            6136      4.1167e+01

ENER_0:    50000      5.3806e+04      7.3672e+04     -4.4771e+03     -1.4193e+04     -1.1960e+03      0.0000e+00      0.0000e+00      0.0000e+00      0.0000e+00      0.0000e+00

STAT_0:    50000              29

MOVE_1:    50000           15109            6109      4.0433e+01

ENER_1:    50000      1.3117e+06      1.3953e+06     -8.3557e+04      0.0000e+00      0.0000e+00      0.0000e+00      0.0000e+00      0.0000e+00      0.0000e+00      0.0000e+00

STAT_1:    50000             573

Steps/sec: 2496.281, Simulation ends in:   0 d:   0 h:   7 m 

MOVE_0:    60000           11864            5899      4.9722e+01      1.9154e+00            6123            3546      5.7913e+01      3.1416e+00            5940            3209      5.4024e+01           17904            7638      4.2661e+01

ENER_0:    60000      6.1869e+04      8.9925e+04     -5.5174e+03     -2.0696e+04     -1.8431e+03      0.0000e+00      0.0000e+00      0.0000e+00      0.0000e+00      0.0000e+00

STAT_0:    60000              36

MOVE_1:    60000           18169            7604      4.1852e+01

ENER_1:    60000      1.3112e+06      1.3916e+06     -8.0454e+04      0.0000e+00      0.0000e+00      0.0000e+00      0.0000e+00      0.0000e+00      0.0000e+00      0.0000e+00

STAT_1:    60000             566

Steps/sec: 3121.352, Simulation ends in:   0 d:   0 h:   6 m 

MOVE_0:    70000           13818            6904      4.9964e+01      2.2251e+00            7151            4232      5.9181e+01      3.1416e+00            6937            3849      5.5485e+01           20844            9083      4.3576e+01

ENER_0:    70000      2.4050e+04      2.9140e+04     -1.2167e+03     -3.6679e+03     -2.0479e+02      0.0000e+00      0.0000e+00      0.0000e+00      0.0000e+00      0.0000e+00

STAT_0:    70000              12

MOVE_1:    70000           21250            9073      4.2696e+01

ENER_1:    70000      1.3387e+06      1.4219e+06     -8.3229e+04      0.0000e+00      0.0000e+00      0.0000e+00      0.0000e+00      0.0000e+00      0.0000e+00      0.0000e+00

STAT_1:    70000             590

Steps/sec: 3175.223, Simulation ends in:   0 d:   0 h:   6 m 

MOVE_0:    80000           15823            7874      4.9763e+01      1.3923e+00            8144            4771      5.8583e+01      3.0668e+00            7907            4372      5.5293e+01           23875           10402      4.3569e+01

ENER_0:    80000      4.4182e+04      6.9228e+04     -4.7595e+03     -1.9006e+04     -1.2799e+03      0.0000e+00      0.0000e+00      0.0000e+00      0.0000e+00      0.0000e+00

STAT_0:    80000              30

MOVE_1:    80000           24251           10374      4.2778e+01

ENER_1:    80000      1.3079e+06      1.3948e+06     -8.6945e+04      0.0000e+00      0.0000e+00      0.0000e+00      0.0000e+00      0.0000e+00      0.0000e+00      0.0000e+00

STAT_1:    80000             572

Steps/sec: 2769.577, Simulation ends in:   0 d:   0 h:   6 m 

MOVE_0:    90000           17793            8905      5.0048e+01      1.6842e+00            9130            5350      5.8598e+01      3.1416e+00            8910            4929      5.5320e+01           26889           11856      4.4092e+01

ENER_0:    90000      5.7821e+04      7.8463e+04     -4.8487e+03     -1.4149e+04     -1.6440e+03      0.0000e+00      0.0000e+00      0.0000e+00      0.0000e+00      0.0000e+00

STAT_0:    90000              34

MOVE_1:    90000           27278           11824      4.3346e+01

ENER_1:    90000      1.3241e+06      1.4104e+06     -8.6347e+04      0.0000e+00      0.0000e+00      0.0000e+00      0.0000e+00      0.0000e+00      0.0000e+00      0.0000e+00

STAT_1:    90000             568

Steps/sec: 2989.690, Simulation ends in:   0 d:   0 h:   6 m 

MOVE_0:   100000           19799            9914      5.0073e+01      1.4522e+00           10120            5901      5.8310e+01      2.6943e+00            9868            5495      5.5685e+01           29951           13302      4.4413e+01

ENER_0:   100000      6.1643e+04      1.1642e+05     -7.8240e+03     -4.3398e+04     -3.5554e+03      0.0000e+00      0.0000e+00      0.0000e+00      0.0000e+00      0.0000e+00

STAT_0:   100000              50

MOVE_1:   100000           30262           13254      4.3798e+01

ENER_1:   100000      1.3096e+06      1.3904e+06     -8.0782e+04      0.0000e+00      0.0000e+00      0.0000e+00      0.0000e+00      0.0000e+00      0.0000e+00      0.0000e+00

STAT_1:   100000             552

Steps/sec: 2855.684, Simulation ends in:   0 d:   0 h:   6 m 

MOVE_0:   110000           21847           10929      5.0025e+01      1.1158e+00           11089            6395      5.7670e+01      2.3057e+00           10873            6041      5.5560e+01           32944           14509      4.4041e+01

ENER_0:   110000      7.4830e+04      1.2455e+05     -6.8665e+03     -3.9713e+04     -3.1415e+03      0.0000e+00      0.0000e+00      0.0000e+00      0.0000e+00      0.0000e+00

STAT_0:   110000              47

MOVE_1:   110000           33247           14464      4.3505e+01

ENER_1:   110000      1.2894e+06      1.3677e+06     -7.8221e+04      0.0000e+00      0.0000e+00      0.0000e+00      0.0000e+00      0.0000e+00      0.0000e+00      0.0000e+00

STAT_1:   110000             555

Steps/sec: 2697.342, Simulation ends in:   0 d:   0 h:   6 m 

MOVE_0:   120000           23846           12010      5.0365e+01      2.2944e+00           12055            6958      5.7719e+01      3.1416e+00           11931            6651      5.5746e+01           35903           15953      4.4434e+01

ENER_0:   120000      4.7857e+04      6.6142e+04     -3.6014e+03     -1.3569e+04     -1.1150e+03      0.0000e+00      0.0000e+00      0.0000e+00      0.0000e+00      0.0000e+00

STAT_0:   120000              28

MOVE_1:   120000           36265           15927      4.3918e+01

ENER_1:   120000      1.3229e+06      1.4056e+06     -8.2765e+04      0.0000e+00      0.0000e+00      0.0000e+00      0.0000e+00      0.0000e+00      0.0000e+00      0.0000e+00

STAT_1:   120000             574

Steps/sec: 3056.308, Simulation ends in:   0 d:   0 h:   6 m 

MOVE_0:   130000           25878           13027      5.0340e+01      1.8272e+00           13100            7611      5.8099e+01      3.1416e+00           12928            7224      5.5879e+01           38860           17370      4.4699e+01

ENER_0:   130000      2.8234e+04      3.3098e+04     -1.7571e+03     -2.8282e+03     -2.7874e+02      0.0000e+00      0.0000e+00      0.0000e+00      0.0000e+00      0.0000e+00

STAT_0:   130000              14

MOVE_1:   130000           39234           17358      4.4242e+01

ENER_1:   130000      1.3200e+06      1.4059e+06     -8.5910e+04      0.0000e+00      0.0000e+00      0.0000e+00      0.0000e+00      0.0000e+00      0.0000e+00      0.0000e+00

STAT_1:   130000             588

Steps/sec: 3071.312, Simulation ends in:   0 d:   0 h:   6 m 

MOVE_0:   140000           27928           14038      5.0265e+01      1.3668e+00           14103            8198      5.8129e+01      2.8798e+00           13940            7786      5.5854e+01           41872           18771      4.4829e+01

ENER_0:   140000      9.3286e+04      1.7001e+05     -9.0947e+03     -6.1989e+04     -5.6445e+03      0.0000e+00      0.0000e+00      0.0000e+00      0.0000e+00      0.0000e+00

STAT_0:   140000              63

MOVE_1:   140000           42157           18710      4.4382e+01

ENER_1:   140000      1.2175e+06      1.2964e+06     -7.8923e+04      0.0000e+00      0.0000e+00      0.0000e+00      0.0000e+00      0.0000e+00      0.0000e+00      0.0000e+00

STAT_1:   140000             539

Steps/sec: 3007.067, Simulation ends in:   0 d:   0 h:   6 m 

MOVE_0:   150000           29927           15020      5.0189e+01      1.0155e+00           15085            8659      5.7401e+01      1.4052e+00           14983            8281      5.5269e+01           44858           19838      4.4224e+01

ENER_0:   150000      7.4306e+04      1.4540e+05     -8.1328e+03     -5.8180e+04     -4.7841e+03      0.0000e+00      0.0000e+00      0.0000e+00      0.0000e+00      0.0000e+00

STAT_0:   150000              58

MOVE_1:   150000           45147           19782      4.3817e+01

ENER_1:   150000      1.2732e+06      1.3535e+06     -8.0271e+04      0.0000e+00      0.0000e+00      0.0000e+00      0.0000e+00      0.0000e+00      0.0000e+00      0.0000e+00

STAT_1:   150000             544

Steps/sec: 2304.285, Simulation ends in:   0 d:   0 h:   6 m 

MOVE_0:   160000           31925           16109      5.0459e+01      2.0792e+00           16070            9245      5.7530e+01      3.1416e+00           16019            8874      5.5397e+01           47842           21265      4.4448e+01

ENER_0:   160000      4.7550e+04      1.0485e+05     -7.3595e+03     -4.6528e+04     -3.4146e+03      0.0000e+00      0.0000e+00      0.0000e+00      0.0000e+00      0.0000e+00

STAT_0:   160000              49

MOVE_1:   160000           48144           21218      4.4072e+01

ENER_1:   160000      1.2542e+06      1.3339e+06     -7.9702e+04      0.0000e+00      0.0000e+00      0.0000e+00      0.0000e+00      0.0000e+00      0.0000e+00      0.0000e+00

STAT_1:   160000             553

Steps/sec: 2993.822, Simulation ends in:   0 d:   0 h:   6 m 

MOVE_0:   170000           33927           17133      5.0500e+01      2.1152e+00           17117            9816      5.7346e+01      3.1416e+00           16966            9394      5.5370e+01           50850           22591      4.4427e+01

ENER_0:   170000      3.7333e+04      4.3947e+04     -2.6289e+03     -3.5246e+03     -4.6078e+02      0.0000e+00      0.0000e+00      0.0000e+00      0.0000e+00      0.0000e+00

STAT_0:   170000              18

MOVE_1:   170000           51140           22575      4.4144e+01

ENER_1:   170000      1.3590e+06      1.4450e+06     -8.6058e+04      0.0000e+00      0.0000e+00      0.0000e+00      0.0000e+00      0.0000e+00      0.0000e+00      0.0000e+00

STAT_1:   170000             584

Steps/sec: 2878.262, Simulation ends in:   0 d:   0 h:   5 m 

MOVE_0:   180000           35853           18114      5.0523e+01      2.1526e+00           18136           10443      5.7582e+01      3.1416e+00           17976            9981      5.5524e+01           53864           24042      4.4635e+01

ENER_0:   180000      7.1233e+04      1.1749e+05     -7.3567e+03     -3.5345e+04     -3.5554e+03      0.0000e+00      0.0000e+00      0.0000e+00      0.0000e+00      0.0000e+00

STAT_0:   180000              50

MOVE_1:   180000           54171           23994      4.4293e+01

ENER_1:   180000      1.2572e+06      1.3380e+06     -8.0823e+04      0.0000e+00      0.0000e+00      0.0000e+00      0.0000e+00      0.0000e+00      0.0000e+00      0.0000e+00

STAT_1:   180000             552

Steps/sec: 3037.360, Simulation ends in:   0 d:   0 h:   5 m 

MOVE_0:   190000           37829           19089      5.0461e+01      1.4042e+00           19214           11056      5.7541e+01      2.4393e+00           18980           10570      5.5690e+01           56840           25433      4.4745e+01

ENER_0:   190000      7.1226e+04      1.1495e+05     -5.5973e+03     -3.4989e+04     -3.1415e+03      0.0000e+00      0.0000e+00      0.0000e+00      0.0000e+00      0.0000e+00

STAT_0:   190000              47

MOVE_1:   190000           57137           25388      4.4434e+01

ENER_1:   190000      1.3029e+06      1.3810e+06     -7.8138e+04      0.0000e+00      0.0000e+00      0.0000e+00      0.0000e+00      0.0000e+00      0.0000e+00      0.0000e+00

STAT_1:   190000             555

Steps/sec: 3013.778, Simulation ends in:   0 d:   0 h:   5 m 

MOVE_0:   200000           39871           20154      5.0548e+01      1.6851e+00           20212           11681      5.7792e+01      3.1416e+00           19976           11115      5.5642e+01           59790           26883      4.4962e+01

ENER_0:   200000      5.7228e+04      7.9559e+04     -2.6234e+03     -1.8341e+04     -1.3667e+03      0.0000e+00      0.0000e+00      0.0000e+00      0.0000e+00      0.0000e+00

STAT_0:   200000              31

MOVE_1:   200000           60151           26854      4.4644e+01

ENER_1:   200000      1.3063e+06      1.3858e+06     -7.9561e+04      0.0000e+00      0.0000e+00      0.0000e+00      0.0000e+00      0.0000e+00      0.0000e+00      0.0000e+00

STAT_1:   200000             571

Steps/sec: 2910.856, Simulation ends in:   0 d:   0 h:   5 m 

MOVE_0:   210000           41920           21199      5.0570e+01      1.6834e+00           21193           12261      5.7854e+01      3.1416e+00           20975           11693      5.5747e+01           62797           28288      4.5047e+01

ENER_0:   210000      5.1541e+04      8.2574e+04     -4.8809e+03     -2.4508e+04     -1.6440e+03      0.0000e+00      0.0000e+00      0.0000e+00      0.0000e+00      0.0000e+00

STAT_0:   210000              34

MOVE_1:   210000           63115           28256      4.4769e+01

ENER_1:   210000      1.3161e+06      1.4004e+06     -8.4258e+04      0.0000e+00      0.0000e+00      0.0000e+00      0.0000e+00      0.0000e+00      0.0000e+00      0.0000e+00

STAT_1:   210000             568

Steps/sec: 2982.086, Simulation ends in:   0 d:   0 h:   5 m 

MOVE_0:   220000           43958           22211      5.0528e+01      1.4761e+00           22190           12800      5.7684e+01      3.1416e+00           21949           12238      5.5757e+01           65855           29649      4.5022e+01

ENER_0:   220000      8.3703e+04      1.2615e+05     -6.6457e+03     -3.2391e+04     -3.4146e+03      0.0000e+00      0.0000e+00      0.0000e+00      0.0000e+00      0.0000e+00

STAT_0:   220000              49

MOVE_1:   220000           66048           29602      4.4819e+01

ENER_1:   220000      1.2647e+06      1.3437e+06     -7.9075e+04      0.0000e+00      0.0000e+00      0.0000e+00      0.0000e+00      0.0000e+00      0.0000e+00      0.0000e+00

STAT_1:   220000             553

Steps/sec: 2894.872, Simulation ends in:   0 d:   0 h:   5 m 

MOVE_0:   230000           46049           23238      5.0464e+01      1.0341e+00           23159           13323      5.7528e+01      1.9906e+00           22914           12759      5.5682e+01           68917           30957      4.4919e+01

ENER_0:   230000      8.1597e+04      1.8571e+05     -1.1178e+04     -8.4720e+04     -8.2144e+03      0.0000e+00      0.0000e+00      0.0000e+00      0.0000e+00      0.0000e+00

STAT_0:   230000              76

MOVE_1:   230000           68961           30883      4.4783e+01

ENER_1:   230000      1.2172e+06      1.3003e+06     -8.3068e+04      0.0000e+00      0.0000e+00      0.0000e+00      0.0000e+00      0.0000e+00      0.0000e+00      0.0000e+00

STAT_1:   230000             526

Steps/sec: 2803.280, Simulation ends in:   0 d:   0 h:   5 m 

MOVE_0:   240000           48020           24190      5.0375e+01      7.1022e-01           24142           13774      5.7054e+01      7.7377e-01           23914           13213      5.5252e+01           71938           31878      4.4313e+01

ENER_0:   240000      5.9554e+04      3.0500e+05     -1.9074e+04     -2.0555e+05     -2.0822e+04      0.0000e+00      0.0000e+00      0.0000e+00      0.0000e+00      0.0000e+00

STAT_0:   240000             121

MOVE_1:   240000           71986           31759      4.4118e+01

ENER_1:   240000      1.1181e+06      1.1900e+06     -7.1813e+04      0.0000e+00      0.0000e+00      0.0000e+00      0.0000e+00      0.0000e+00      0.0000e+00      0.0000e+00

STAT_1:   240000             481

Steps/sec: 2088.044, Simulation ends in:   0 d:   0 h:   5 m 

MOVE_0:   250000           50130           25264      5.0397e+01      7.7732e-01           25098           14273      5.6869e+01      1.1171e+00           24948           13681      5.4838e+01           74919           32681      4.3622e+01

ENER_0:   250000      6.4967e+04      1.7919e+05     -1.0759e+04     -9.5028e+04     -8.4320e+03      0.0000e+00      0.0000e+00      0.0000e+00      0.0000e+00      0.0000e+00

STAT_0:   250000              77

MOVE_1:   250000           74905           32606      4.3530e+01

ENER_1:   250000      1.1929e+06      1.2685e+06     -7.5626e+04      0.0000e+00      0.0000e+00      0.0000e+00      0.0000e+00      0.0000e+00      0.0000e+00      0.0000e+00

STAT_1:   250000             525

Steps/sec: 2096.209, Simulation ends in:   0 d:   0 h:   5 m 

MOVE_0:   260000           52078           26287      5.0476e+01      1.1180e+00           26129           14807      5.6669e+01      1.2671e+00           25934           14196      5.4739e+01           78019           33758      4.3269e+01

ENER_0:   260000      7.0418e+04      1.5770e+05     -9.4776e+03     -7.1611e+04     -6.1949e+03      0.0000e+00      0.0000e+00      0.0000e+00      0.0000e+00      0.0000e+00

STAT_0:   260000              66

MOVE_1:   260000           77840           33694      4.3286e+01

ENER_1:   260000      1.2484e+06      1.3212e+06     -7.2798e+04      0.0000e+00      0.0000e+00      0.0000e+00      0.0000e+00      0.0000e+00      0.0000e+00      0.0000e+00

STAT_1:   260000             536

Steps/sec: 2457.947, Simulation ends in:   0 d:   0 h:   5 m 

MOVE_0:   270000           54157           27408      5.0608e+01      2.2693e+00           27157           15422      5.6788e+01      3.1416e+00           26880           14692      5.4658e+01           80969           35038      4.3273e+01

ENER_0:   270000      4.5132e+04      6.5944e+04     -3.4584e+03     -1.6239e+04     -1.1150e+03      0.0000e+00      0.0000e+00      0.0000e+00      0.0000e+00      0.0000e+00

STAT_0:   270000              28

MOVE_1:   270000           80837           35012      4.3312e+01

ENER_1:   270000      1.3341e+06      1.4176e+06     -8.3457e+04      0.0000e+00      0.0000e+00      0.0000e+00      0.0000e+00      0.0000e+00      0.0000e+00      0.0000e+00

STAT_1:   270000             574

Steps/sec: 2776.036, Simulation ends in:   0 d:   0 h:   5 m 

MOVE_0:   280000           56083           28398      5.0636e+01      2.7039e+00           28147           16011      5.6884e+01      3.1416e+00           27878           15280      5.4810e+01           84047           36514      4.3445e+01

ENER_0:   280000      6.1986e+04      1.0147e+05     -6.2643e+03     -3.0471e+04     -2.7533e+03      0.0000e+00      0.0000e+00      0.0000e+00      0.0000e+00      0.0000e+00

STAT_0:   280000              44

MOVE_1:   280000           83845           36472      4.3499e+01

ENER_1:   280000      1.3255e+06      1.4028e+06     -7.7213e+04      0.0000e+00      0.0000e+00      0.0000e+00      0.0000e+00      0.0000e+00      0.0000e+00      0.0000e+00

STAT_1:   280000             558

Steps/sec: 2993.019, Simulation ends in:   0 d:   0 h:   5 m 

MOVE_0:   290000           58119           29416      5.0613e+01      2.1403e+00           29142           16635      5.7083e+01      3.1416e+00           28851           15838      5.4896e+01           87032           37966      4.3623e+01

ENER_0:   290000      5.8628e+04      9.8171e+04     -7.0554e+03     -2.9858e+04     -2.6296e+03      0.0000e+00      0.0000e+00      0.0000e+00      0.0000e+00      0.0000e+00

STAT_0:   290000              43

MOVE_1:   290000           86856           37925      4.3664e+01

ENER_1:   290000      1.2615e+06      1.3451e+06     -8.3570e+04      0.0000e+00      0.0000e+00      0.0000e+00      0.0000e+00      0.0000e+00      0.0000e+00      0.0000e+00

STAT_1:   290000             559

Steps/sec: 3096.850, Simulation ends in:   0 d:   0 h:   5 m 

MOVE_0:   300000           60124           30437      5.0624e+01      2.0639e+00           30120           17246      5.7258e+01      3.1416e+00           29878           16400      5.4890e+01           90031           39362      4.3720e+01

ENER_0:   300000      5.7700e+04      8.7568e+04     -5.4494e+03     -2.2471e+04     -1.9469e+03      0.0000e+00      0.0000e+00      0.0000e+00      0.0000e+00      0.0000e+00

STAT_0:   300000              37

MOVE_1:   300000           89847           39327      4.3771e+01

ENER_1:   300000      1.3357e+06      1.4196e+06     -8.3885e+04      0.0000e+00      0.0000e+00      0.0000e+00      0.0000e+00      0.0000e+00      0.0000e+00      0.0000e+00

STAT_1:   300000             565

Steps/sec: 2889.292, Simulation ends in:   0 d:   0 h:   5 m 

MOVE_0:   310000           62152           31422      5.0557e+01      1.2040e+00           31086           17779      5.7193e+01      2.1012e+00           30885           16961      5.4917e+01           92998           40793      4.3864e+01

ENER_0:   310000      7.9894e+04      1.7941e+05     -1.1473e+04     -8.0469e+04     -7.5787e+03      0.0000e+00      0.0000e+00      0.0000e+00      0.0000e+00      0.0000e+00

STAT_0:   310000              73

MOVE_1:   310000           92879           40722      4.3844e+01

ENER_1:   310000      1.2120e+06      1.2877e+06     -7.5724e+04      0.0000e+00      0.0000e+00      0.0000e+00      0.0000e+00      0.0000e+00      0.0000e+00      0.0000e+00

STAT_1:   310000             529

Steps/sec: 2888.830, Simulation ends in:   0 d:   0 h:   5 m 

MOVE_0:   320000           64096           32453      5.0632e+01      1.8238e+00           32079           18322      5.7115e+01      3.1416e+00           31902           17534      5.4962e+01           96026           42030      4.3769e+01

ENER_0:   320000      7.0015e+04      1.1806e+05     -7.8434e+03     -3.6923e+04     -3.2766e+03      0.0000e+00      0.0000e+00      0.0000e+00      0.0000e+00      0.0000e+00

STAT_0:   320000              48

MOVE_1:   320000           95897           41984      4.3780e+01

ENER_1:   320000      1.2736e+06      1.3523e+06     -7.8691e+04      0.0000e+00      0.0000e+00      0.0000e+00      0.0000e+00      0.0000e+00      0.0000e+00      0.0000e+00

STAT_1:   320000             554

Steps/sec: 2608.992, Simulation ends in:   0 d:   0 h:   5 m 

MOVE_0:   330000           66093           33467      5.0636e+01      1.7315e+00           33099           18847      5.6941e+01      2.8551e+00           32899           18049      5.4862e+01           99032           43234      4.3657e+01

ENER_0:   330000      5.4585e+04      9.3819e+04     -6.6026e+03     -3.0468e+04     -2.1631e+03      0.0000e+00      0.0000e+00      0.0000e+00      0.0000e+00      0.0000e+00

STAT_0:   330000              39

MOVE_1:   330000           98877           43197      4.3688e+01

ENER_1:   330000      1.2615e+06      1.3416e+06     -8.0129e+04      0.0000e+00      0.0000e+00      0.0000e+00      0.0000e+00      0.0000e+00      0.0000e+00      0.0000e+00

STAT_1:   330000             563

Steps/sec: 2547.005, Simulation ends in:   0 d:   0 h:   5 m 

MOVE_0:   340000           68060           34458      5.0629e+01      1.5262e+00           34099           19433      5.6990e+01      2.6928e+00           33929           18624      5.4891e+01          101943           44645      4.3794e+01

ENER_0:   340000      6.6215e+04      9.5863e+04     -5.7784e+03     -2.2027e+04     -1.8431e+03      0.0000e+00      0.0000e+00      0.0000e+00      0.0000e+00      0.0000e+00

STAT_0:   340000              36

MOVE_1:   340000          101969           44611      4.3750e+01

ENER_1:   340000      1.3087e+06      1.3911e+06     -8.2391e+04      0.0000e+00      0.0000e+00      0.0000e+00      0.0000e+00      0.0000e+00      0.0000e+00      0.0000e+00

STAT_1:   340000             566

Steps/sec: 3016.145, Simulation ends in:   0 d:   0 h:   4 m 

MOVE_0:   350000           70104           35536      5.0690e+01      2.1720e+00           35075           19956      5.6895e+01      3.1416e+00           34936           19191      5.4932e+01          104964           46008      4.3832e+01

ENER_0:   350000      5.4132e+04      7.4211e+04     -4.7800e+03     -1.4019e+04     -1.2799e+03      0.0000e+00      0.0000e+00      0.0000e+00      0.0000e+00      0.0000e+00

STAT_0:   350000              30

MOVE_1:   350000          104921           45980      4.3823e+01

ENER_1:   350000      1.3213e+06      1.4039e+06     -8.2622e+04      0.0000e+00      0.0000e+00      0.0000e+00      0.0000e+00      0.0000e+00      0.0000e+00      0.0000e+00

STAT_1:   350000             572

Steps/sec: 2839.523, Simulation ends in:   0 d:   0 h:   4 m 

MOVE_0:   360000           72140           36536      5.0646e+01      1.4951e+00           36015           20479      5.6862e+01      2.3807e+00           35950           19766      5.4982e+01          108002           47325      4.3819e+01

ENER_0:   360000      6.2376e+04      9.9726e+04     -4.7756e+03     -3.0066e+04     -2.5087e+03      0.0000e+00      0.0000e+00      0.0000e+00      0.0000e+00      0.0000e+00

STAT_0:   360000              42

MOVE_1:   360000          107893           47285      4.3826e+01

ENER_1:   360000      1.2762e+06      1.3541e+06     -7.7884e+04      0.0000e+00      0.0000e+00      0.0000e+00      0.0000e+00      0.0000e+00      0.0000e+00      0.0000e+00

STAT_1:   360000             560

Steps/sec: 2823.378, Simulation ends in:   0 d:   0 h:   4 m 

MOVE_0:   370000           74127           37445      5.0515e+01      5.6492e-01           37041           20949      5.6556e+01      8.0914e-01           36913           20213      5.4758e+01          111094           48317      4.3492e+01

ENER_0:   370000      6.4432e+04      2.3218e+05     -1.3105e+04     -1.4099e+05     -1.3658e+04      0.0000e+00      0.0000e+00      0.0000e+00      0.0000e+00      0.0000e+00

STAT_0:   370000              98

MOVE_1:   370000          110825           48221      4.3511e+01

ENER_1:   370000      1.1472e+06      1.2154e+06     -6.8257e+04      0.0000e+00      0.0000e+00      0.0000e+00      0.0000e+00      0.0000e+00      0.0000e+00      0.0000e+00

STAT_1:   370000             504

Steps/sec: 2143.293, Simulation ends in:   0 d:   0 h:   4 m 

MOVE_0:   380000           76115           38460      5.0529e+01      6.9039e-01           37995           21431      5.6405e+01      8.4876e-01           37953           20651      5.4412e+01          114125           49079      4.3005e+01

ENER_0:   380000      6.9564e+04      2.0086e+05     -1.2972e+04     -1.0829e+05     -1.0035e+04      0.0000e+00      0.0000e+00      0.0000e+00      0.0000e+00      0.0000e+00

STAT_0:   380000              84

MOVE_1:   380000          113812           48997      4.3051e+01

ENER_1:   380000      1.1870e+06      1.2612e+06     -7.4127e+04      0.0000e+00      0.0000e+00      0.0000e+00      0.0000e+00      0.0000e+00      0.0000e+00      0.0000e+00

STAT_1:   380000             518

Steps/sec: 1990.772, Simulation ends in:   0 d:   0 h:   4 m 

MOVE_0:   390000           78113           39553      5.0636e+01      1.4275e+00           38947           21991      5.6464e+01      2.9411e+00           39028           21220      5.4371e+01          117094           50145      4.2825e+01

ENER_0:   390000      8.1436e+04      1.3596e+05     -7.8136e+03     -4.2408e+04     -4.3020e+03      0.0000e+00      0.0000e+00      0.0000e+00      0.0000e+00      0.0000e+00

STAT_0:   390000              55

MOVE_1:   390000          116818           50092      4.2880e+01

ENER_1:   390000      1.2628e+06      1.3397e+06     -7.6885e+04      0.0000e+00      0.0000e+00      0.0000e+00      0.0000e+00      0.0000e+00      0.0000e+00      0.0000e+00

STAT_1:   390000             547

Steps/sec: 2397.637, Simulation ends in:   0 d:   0 h:   4 m 

MOVE_0:   400000           80079           40538      5.0623e+01      1.3596e+00           39947           22472      5.6255e+01      1.9330e+00           40082           21770      5.4314e+01          120086           51379      4.2785e+01

ENER_0:   400000      4.0456e+04      5.9692e+04     -3.9095e+03     -1.4366e+04     -9.6138e+02      0.0000e+00      0.0000e+00      0.0000e+00      0.0000e+00      0.0000e+00

STAT_0:   400000              26

MOVE_1:   400000          119806           51355      4.2865e+01

ENER_1:   400000      1.3563e+06      1.4439e+06     -8.7666e+04      0.0000e+00      0.0000e+00      0.0000e+00      0.0000e+00      0.0000e+00      0.0000e+00      0.0000e+00

STAT_1:   400000             576

Steps/sec: 2522.480, Simulation ends in:   0 d:   0 h:   4 m 

MOVE_0:   410000           82068           41634      5.0731e+01      3.3689e+00           40964           23090      5.6367e+01      3.1416e+00           41093           22377      5.4455e+01          123006           52828      4.2947e+01

ENER_0:   410000      4.0002e+04      5.9797e+04     -4.1641e+03     -1.4670e+04     -9.6138e+02      0.0000e+00      0.0000e+00      0.0000e+00      0.0000e+00      0.0000e+00

STAT_0:   410000              26

MOVE_1:   410000          122869           52804      4.2976e+01

ENER_1:   410000      1.2860e+06      1.3651e+06     -7.9054e+04      0.0000e+00      0.0000e+00      0.0000e+00      0.0000e+00      0.0000e+00      0.0000e+00      0.0000e+00

STAT_1:   410000             576

Steps/sec: 3152.155, Simulation ends in:   0 d:   0 h:   4 m 

MOVE_0:   420000           84120           42686      5.0744e+01      3.3471e+00           42016           23763      5.6557e+01      3.1416e+00           42101           22971      5.4562e+01          125923           54261      4.3091e+01

ENER_0:   420000      4.1377e+04      5.5585e+04     -3.4086e+03     -1.0047e+04     -7.5232e+02      0.0000e+00      0.0000e+00      0.0000e+00      0.0000e+00      0.0000e+00

STAT_0:   420000              23

MOVE_1:   420000          125840           54240      4.3102e+01

ENER_1:   420000      1.3207e+06      1.4064e+06     -8.5770e+04      0.0000e+00      0.0000e+00      0.0000e+00      0.0000e+00      0.0000e+00      0.0000e+00      0.0000e+00

STAT_1:   420000             579

Steps/sec: 3222.144, Simulation ends in:   0 d:   0 h:   4 m 

MOVE_0:   430000           86074           43600      5.0654e+01      1.5361e+00           43049           24372      5.6615e+01      2.4682e+00           43119           23564      5.4649e+01          128856           55733      4.3252e+01

ENER_0:   430000      6.4926e+04      1.1239e+05     -6.7325e+03     -3.7725e+04     -3.0093e+03      0.0000e+00      0.0000e+00      0.0000e+00      0.0000e+00      0.0000e+00

STAT_0:   430000              46

MOVE_1:   430000          128902           55689      4.3203e+01

ENER_1:   430000      1.2631e+06      1.3423e+06     -7.9282e+04      0.0000e+00      0.0000e+00      0.0000e+00      0.0000e+00      0.0000e+00      0.0000e+00      0.0000e+00

STAT_1:   430000             556

Steps/sec: 3139.915, Simulation ends in:   0 d:   0 h:   4 m 

MOVE_0:   440000           88015           44567      5.0636e+01      1.2758e+00           44074           24904      5.6505e+01      2.7316e+00           44199           24166      5.4675e+01          131900           57017      4.3227e+01

ENER_0:   440000      3.5339e+04      4.5949e+04     -3.1831e+03     -6.8572e+03     -5.6886e+02      0.0000e+00      0.0000e+00      0.0000e+00      0.0000e+00      0.0000e+00

STAT_0:   440000              20

MOVE_1:   440000          131812           56999      4.3243e+01

ENER_1:   440000      1.3745e+06      1.4569e+06     -8.2417e+04      0.0000e+00      0.0000e+00      0.0000e+00      0.0000e+00      0.0000e+00      0.0000e+00      0.0000e+00

STAT_1:   440000             582

Steps/sec: 2808.445, Simulation ends in:   0 d:   0 h:   4 m 

MOVE_0:   450000           89933           45493      5.0585e+01      8.1086e-01           45062           25381      5.6325e+01      1.0941e+00           45187           24690      5.4640e+01          134961           58349      4.3234e+01

ENER_0:   450000      7.7168e+04      1.8515e+05     -1.1465e+04     -8.8522e+04     -7.9996e+03      0.0000e+00      0.0000e+00      0.0000e+00      0.0000e+00      0.0000e+00

STAT_0:   450000              75

MOVE_1:   450000          134857           58276      4.3213e+01

ENER_1:   450000      1.2386e+06      1.3125e+06     -7.3881e+04      0.0000e+00      0.0000e+00      0.0000e+00      0.0000e+00      0.0000e+00      0.0000e+00      0.0000e+00

STAT_1:   450000             527

Steps/sec: 2706.972, Simulation ends in:   0 d:   0 h:   4 m 

MOVE_0:   460000           91952           46498      5.0568e+01      7.5930e-01           46115           25910      5.6186e+01      9.5503e-01           46123           25130      5.4485e+01          138030           59313      4.2971e+01

ENER_0:   460000      6.9349e+04      2.4613e+05     -1.3298e+04     -1.4898e+05     -1.4507e+04      0.0000e+00      0.0000e+00      0.0000e+00      0.0000e+00      0.0000e+00

STAT_0:   460000             101

MOVE_1:   460000          137780           59214      4.2977e+01

ENER_1:   460000      1.1445e+06      1.2167e+06     -7.2200e+04      0.0000e+00      0.0000e+00      0.0000e+00      0.0000e+00      0.0000e+00      0.0000e+00      0.0000e+00

STAT_1:   460000             501

Steps/sec: 2229.869, Simulation ends in:   0 d:   0 h:   4 m 

MOVE_0:   470000           93897           47493      5.0580e+01      8.7110e-01           47151           26439      5.6073e+01      9.9295e-01           47125           25614      5.4353e+01          141027           60257      4.2727e+01

ENER_0:   470000      7.4181e+04      1.4273e+05     -8.3420e+03     -5.5085e+04     -5.1198e+03      0.0000e+00      0.0000e+00      0.0000e+00      0.0000e+00      0.0000e+00

STAT_0:   470000              60

MOVE_1:   470000          140800           60199      4.2755e+01

ENER_1:   470000      1.2419e+06      1.3181e+06     -7.6198e+04      0.0000e+00      0.0000e+00      0.0000e+00      0.0000e+00      0.0000e+00      0.0000e+00      0.0000e+00

STAT_1:   470000             542

Steps/sec: 2171.750, Simulation ends in:   0 d:   0 h:   4 m 

MOVE_0:   480000           95786           48511      5.0645e+01      1.7223e+00           48160           27011      5.6086e+01      2.9227e+00           48101           26179      5.4425e+01          144087           61607      4.2757e+01

ENER_0:   480000      5.2786e+04      8.1465e+04     -4.5781e+03     -2.2734e+04     -1.3667e+03      0.0000e+00      0.0000e+00      0.0000e+00      0.0000e+00      0.0000e+00

STAT_0:   480000              31

MOVE_1:   480000          143866           61578      4.2802e+01

ENER_1:   480000      1.2817e+06      1.3650e+06     -8.3278e+04      0.0000e+00      0.0000e+00      0.0000e+00      0.0000e+00      0.0000e+00      0.0000e+00      0.0000e+00

STAT_1:   480000             571

Steps/sec: 2820.547, Simulation ends in:   0 d:   0 h:   4 m 

MOVE_0:   490000           97771           49556      5.0686e+01      1.9705e+00           49154           27642      5.6236e+01      2.9281e+00           49115           26759      5.4482e+01          147072           63135      4.2928e+01

ENER_0:   490000      5.9582e+04      8.8909e+04     -5.2322e+03     -2.2352e+04     -1.7421e+03      0.0000e+00      0.0000e+00      0.0000e+00      0.0000e+00      0.0000e+00

STAT_0:   490000              35

MOVE_1:   490000          146888           63102      4.2959e+01

ENER_1:   490000      1.2302e+06      1.3135e+06     -8.3270e+04      0.0000e+00      0.0000e+00      0.0000e+00      0.0000e+00      0.0000e+00      0.0000e+00      0.0000e+00

STAT_1:   490000             567

Steps/sec: 3196.306, Simulation ends in:   0 d:   0 h:   4 m 

MOVE_0:   500000           99710           50500      5.0647e+01      1.3787e+00           50177           28250      5.6301e+01      3.1105e+00           50176           27348      5.4504e+01          150050           64509      4.2992e+01

ENER_0:   500000      6.7800e+04      1.0492e+05     -5.9020e+03     -2.8586e+04     -2.6296e+03      0.0000e+00      0.0000e+00      0.0000e+00      0.0000e+00      0.0000e+00

STAT_0:   500000              43

MOVE_1:   500000          149887           64468      4.3011e+01

ENER_1:   500000      1.2939e+06      1.3742e+06     -8.0244e+04      0.0000e+00      0.0000e+00      0.0000e+00      0.0000e+00      0.0000e+00      0.0000e+00      0.0000e+00

STAT_1:   500000             559

Steps/sec: 2956.020, Simulation ends in:   0 d:   0 h:   4 m 

MOVE_0:   510000          101701           51486      5.0625e+01      1.1310e+00           51147           28705      5.6123e+01      1.5005e+00           51140           27851      5.4460e+01          153140           65715      4.2912e+01

ENER_0:   510000      6.4878e+04      1.2554e+05     -8.2306e+03     -4.8282e+04     -4.1470e+03      0.0000e+00      0.0000e+00      0.0000e+00      0.0000e+00      0.0000e+00

STAT_0:   510000              54

MOVE_1:   510000          152872           65663      4.2953e+01

ENER_1:   510000      1.2152e+06      1.2947e+06     -7.9457e+04      0.0000e+00      0.0000e+00      0.0000e+00      0.0000e+00      0.0000e+00      0.0000e+00      0.0000e+00

STAT_1:   510000             548

Steps/sec: 2530.146, Simulation ends in:   0 d:   0 h:   3 m 

MOVE_0:   520000          103699           52541      5.0667e+01      1.7385e+00           52157           29276      5.6131e+01      3.1416e+00           52161           28392      5.4431e+01          156108           67033      4.2940e+01

ENER_0:   520000      6.1838e+04      9.4433e+04     -5.0847e+03     -2.5347e+04     -2.1631e+03      0.0000e+00      0.0000e+00      0.0000e+00      0.0000e+00      0.0000e+00

STAT_0:   520000              39

MOVE_1:   520000          155875           66996      4.2981e+01

ENER_1:   520000      1.2656e+06      1.3479e+06     -8.2272e+04      0.0000e+00      0.0000e+00      0.0000e+00      0.0000e+00      0.0000e+00      0.0000e+00      0.0000e+00

STAT_1:   520000             563

Steps/sec: 2880.095, Simulation ends in:   0 d:   0 h:   3 m 

MOVE_0:   530000          105718           53481      5.0588e+01      6.6863e-01           53135           29713      5.5920e+01      9.1083e-01           53189           28869      5.4276e+01          159167           68140      4.2810e+01

ENER_0:   530000      4.5803e+04      2.5815e+05     -1.5767e+04     -1.7906e+05     -1.7522e+04      0.0000e+00      0.0000e+00      0.0000e+00      0.0000e+00      0.0000e+00

STAT_0:   530000             111

MOVE_1:   530000          158791           68031      4.2843e+01

ENER_1:   530000      1.0996e+06      1.1731e+06     -7.3496e+04      0.0000e+00      0.0000e+00      0.0000e+00      0.0000e+00      0.0000e+00      0.0000e+00      0.0000e+00

STAT_1:   530000             491

Steps/sec: 2386.578, Simulation ends in:   0 d:   0 h:   3 m 

MOVE_0:   540000          107707           54474      5.0576e+01      6.2243e-01           54110           30198      5.5809e+01      7.7144e-01           54203           29316      5.4086e+01          162219           68931      4.2493e+01

ENER_0:   540000      4.6349e+04      2.8173e+05     -1.7217e+04     -1.9768e+05     -2.0479e+04      0.0000e+00      0.0000e+00      0.0000e+00      0.0000e+00      0.0000e+00

STAT_0:   540000             120

MOVE_1:   540000          161761           68813      4.2540e+01

ENER_1:   540000      1.0911e+06      1.1618e+06     -7.0726e+04      0.0000e+00      0.0000e+00      0.0000e+00      0.0000e+00      0.0000e+00      0.0000e+00      0.0000e+00

STAT_1:   540000             482

Steps/sec: 2021.120, Simulation ends in:   0 d:   0 h:   3 m 

MOVE_0:   550000          109754           55578      5.0639e+01      1.1800e+00           55078           30746      5.5823e+01      2.5296e+00           55176           29790      5.3991e+01          165164           70030      4.2400e+01

ENER_0:   550000      4.9627e+04      8.5650e+04     -5.1320e+03     -2.9247e+04     -1.6440e+03      0.0000e+00      0.0000e+00      0.0000e+00      0.0000e+00      0.0000e+00

STAT_0:   550000              34

MOVE_1:   550000          164828           69998      4.2467e+01

ENER_1:   550000      1.3020e+06      1.3875e+06     -8.5473e+04      0.0000e+00      0.0000e+00      0.0000e+00      0.0000e+00      0.0000e+00      0.0000e+00      0.0000e+00

STAT_1:   550000             568

Steps/sec: 2541.635, Simulation ends in:   0 d:   0 h:   3 m 

MOVE_0:   560000          111755           56687      5.0724e+01      2.7508e+00           56015           31304      5.5885e+01      3.1416e+00           56176           30350      5.4027e+01          168216           71398      4.2444e+01

ENER_0:   560000      2.8770e+04      4.3511e+04     -3.4341e+03     -1.0619e+04     -6.8832e+02      0.0000e+00      0.0000e+00      0.0000e+00      0.0000e+00      0.0000e+00

STAT_0:   560000              22

MOVE_1:   560000          167838           71378      4.2528e+01

ENER_1:   560000      1.3490e+06      1.4314e+06     -8.2374e+04      0.0000e+00      0.0000e+00      0.0000e+00      0.0000e+00      0.0000e+00      0.0000e+00      0.0000e+00

STAT_1:   560000             580

Steps/sec: 2978.477, Simulation ends in:   0 d:   0 h:   3 m 

MOVE_0:   570000          113750           57716      5.0739e+01      3.2106e+00           57036           31956      5.6028e+01      3.1416e+00           57209           30953      5.4105e+01          171095           72910      4.2614e+01

ENER_0:   570000      3.1831e+04      3.9471e+04     -2.5806e+03     -4.6482e+03     -4.1100e+02      0.0000e+00      0.0000e+00      0.0000e+00      0.0000e+00      0.0000e+00

STAT_0:   570000              17

MOVE_1:   570000          170910           72895      4.2651e+01

ENER_1:   570000      1.3336e+06      1.4178e+06     -8.4194e+04      0.0000e+00      0.0000e+00      0.0000e+00      0.0000e+00      0.0000e+00      0.0000e+00      0.0000e+00

STAT_1:   570000             585

Steps/sec: 3229.471, Simulation ends in:   0 d:   0 h:   3 m 

MOVE_0:   580000          115819           58641      5.0632e+01      9.6416e-01           57986           32453      5.5967e+01      1.6736e+00           58204           31502      5.4123e+01          174134           74255      4.2642e+01

ENER_0:   580000      7.9950e+04      1.6716e+05     -9.1817e+03     -7.2564e+04     -5.4668e+03      0.0000e+00      0.0000e+00      0.0000e+00      0.0000e+00      0.0000e+00

STAT_0:   580000              62

MOVE_1:   580000          173857           74195      4.2676e+01

ENER_1:   580000      1.2282e+06      1.3040e+06     -7.5778e+04      0.0000e+00      0.0000e+00      0.0000e+00      0.0000e+00      0.0000e+00      0.0000e+00      0.0000e+00

STAT_1:   580000             540

Steps/sec: 2852.271, Simulation ends in:   0 d:   0 h:   3 m 

MOVE_0:   590000          117784           59705      5.0690e+01      1.9509e+00           58990           33055      5.6035e+01      3.1416e+00           59202           32033      5.4108e+01          177148           75618      4.2686e+01

ENER_0:   590000      4.6775e+04      7.1513e+04     -5.2688e+03     -1.7921e+04     -1.5487e+03      0.0000e+00      0.0000e+00      0.0000e+00      0.0000e+00      0.0000e+00

STAT_0:   590000              33

MOVE_1:   590000          176876           75587      4.2734e+01

ENER_1:   590000      1.3175e+06      1.3980e+06     -8.0486e+04      0.0000e+00      0.0000e+00      0.0000e+00      0.0000e+00      0.0000e+00      0.0000e+00      0.0000e+00

STAT_1:   590000             569

Steps/sec: 2938.585, Simulation ends in:   0 d:   0 h:   3 m 

MOVE_0:   600000          119808           60634      5.0609e+01      7.2005e-01           59976           33525      5.5897e+01      1.2345e+00           60237           32523      5.3992e+01          180103           76716      4.2596e+01

ENER_0:   600000      8.6996e+04      2.5288e+05     -1.4556e+04     -1.3795e+05     -1.3381e+04      0.0000e+00      0.0000e+00      0.0000e+00      0.0000e+00      0.0000e+00

STAT_0:   600000              97

MOVE_1:   600000          179876           76621      4.2597e+01

ENER_1:   600000      1.1549e+06      1.2322e+06     -7.7326e+04      0.0000e+00      0.0000e+00      0.0000e+00      0.0000e+00      0.0000e+00      0.0000e+00      0.0000e+00

STAT_1:   600000             505

Steps/sec: 2350.994, Simulation ends in:   0 d:   0 h:   3 m 

MOVE_0:   610000          121775           61658      5.0633e+01      1.0277e+00           61042           34082      5.5834e+01      1.7778e+00           61191           32986      5.3907e+01          183189           77689      4.2409e+01

ENER_0:   610000      8.6141e+04      2.1646e+05     -1.2377e+04     -1.0668e+05     -1.1265e+04      0.0000e+00      0.0000e+00      0.0000e+00      0.0000e+00      0.0000e+00

STAT_0:   610000              89

MOVE_1:   610000          182803           77602      4.2451e+01

ENER_1:   610000      1.1498e+06      1.2266e+06     -7.6862e+04      0.0000e+00      0.0000e+00      0.0000e+00      0.0000e+00      0.0000e+00      0.0000e+00      0.0000e+00

STAT_1:   610000             513

Steps/sec: 2258.917, Simulation ends in:   0 d:   0 h:   3 m 

MOVE_0:   620000          123782           62727      5.0675e+01      1.6778e+00           62063           34664      5.5853e+01      3.1416e+00           62226           33575      5.3957e+01          186123           78916      4.2400e+01

ENER_0:   620000      5.4335e+04      6.8559e+04     -3.4721e+03     -9.8630e+03     -8.8885e+02      0.0000e+00      0.0000e+00      0.0000e+00      0.0000e+00      0.0000e+00

STAT_0:   620000              25

MOVE_1:   620000          185806           78893      4.2460e+01

ENER_1:   620000      1.3311e+06      1.4149e+06     -8.3854e+04      0.0000e+00      0.0000e+00      0.0000e+00      0.0000e+00      0.0000e+00      0.0000e+00      0.0000e+00

STAT_1:   620000             577

Steps/sec: 2735.312, Simulation ends in:   0 d:   0 h:   3 m 

MOVE_0:   630000          125805           63759      5.0681e+01      1.8895e+00           63086           35273      5.5913e+01      3.1416e+00           63225           34178      5.4058e+01          189127           80297      4.2457e+01

ENER_0:   630000      5.1876e+04      7.2522e+04     -4.1467e+03     -1.5133e+04     -1.3667e+03      0.0000e+00      0.0000e+00      0.0000e+00      0.0000e+00      0.0000e+00

STAT_0:   630000              31

MOVE_1:   630000          188757           80268      4.2525e+01

ENER_1:   630000      1.3034e+06      1.3898e+06     -8.6455e+04      0.0000e+00      0.0000e+00      0.0000e+00      0.0000e+00      0.0000e+00      0.0000e+00      0.0000e+00

STAT_1:   630000             571

Steps/sec: 3044.855, Simulation ends in:   0 d:   0 h:   3 m 

MOVE_0:   640000          127815           64789      5.0690e+01      1.9554e+00           64063           35847      5.5956e+01      3.1416e+00           64194           34727      5.4097e+01          192205           81715      4.2515e+01

ENER_0:   640000      5.4129e+04      7.3647e+04     -4.6084e+03     -1.3714e+04     -1.1960e+03      0.0000e+00      0.0000e+00      0.0000e+00      0.0000e+00      0.0000e+00

STAT_0:   640000              29

MOVE_1:   640000          191723           81688      4.2607e+01

ENER_1:   640000      1.3092e+06      1.3904e+06     -8.1160e+04      0.0000e+00      0.0000e+00      0.0000e+00      0.0000e+00      0.0000e+00      0.0000e+00      0.0000e+00

STAT_1:   640000             573

Steps/sec: 3017.547, Simulation ends in:   0 d:   0 h:   3 m 

MOVE_0:   650000          129841           65794      5.0673e+01      1.5837e+00           65073           36413      5.5957e+01      3.1416e+00           65173           35258      5.4099e+01          195193           83074      4.2560e+01

ENER_0:   650000      4.6366e+04      6.6500e+04     -3.8817e+03     -1.4972e+04     -1.2799e+03      0.0000e+00      0.0000e+00      0.0000e+00      0.0000e+00      0.0000e+00

STAT_0:   650000              30

MOVE_1:   650000          194720           83046      4.2649e+01

ENER_1:   650000      1.3307e+06      1.4149e+06     -8.4145e+04      0.0000e+00      0.0000e+00      0.0000e+00      0.0000e+00      0.0000e+00      0.0000e+00      0.0000e+00

STAT_1:   650000             572

Steps/sec: 2911.682, Simulation ends in:   0 d:   0 h:   3 m 

MOVE_0:   660000          131799           66818      5.0697e+01      2.2428e+00           66083           37037      5.6046e+01      3.1416e+00           66209           35887      5.4203e+01          198180           84541      4.2659e+01

ENER_0:   660000      6.9046e+04      9.2263e+04     -5.2141e+03     -1.6454e+04     -1.5487e+03      0.0000e+00      0.0000e+00      0.0000e+00      0.0000e+00      0.0000e+00

STAT_0:   660000              33

MOVE_1:   660000          197729           84510      4.2740e+01

ENER_1:   660000      1.2972e+06      1.3815e+06     -8.4255e+04      0.0000e+00      0.0000e+00      0.0000e+00      0.0000e+00      0.0000e+00      0.0000e+00      0.0000e+00

STAT_1:   660000             569

Steps/sec: 3150.854, Simulation ends in:   0 d:   0 h:   3 m 

MOVE_0:   670000          133748           67798      5.0691e+01      2.1240e+00           67038           37588      5.6070e+01      3.1416e+00           67212           36452      5.4234e+01          201201           85997      4.2742e+01

ENER_0:   670000      4.6131e+04      5.7079e+04     -2.7630e+03     -7.3657e+03     -8.1916e+02      0.0000e+00      0.0000e+00      0.0000e+00      0.0000e+00      0.0000e+00

STAT_0:   670000              24

MOVE_1:   670000          200801           85975      4.2816e+01

ENER_1:   670000      1.2986e+06      1.3834e+06     -8.4857e+04      0.0000e+00      0.0000e+00      0.0000e+00      0.0000e+00      0.0000e+00      0.0000e+00      0.0000e+00

STAT_1:   670000             578

Steps/sec: 3052.224, Simulation ends in:   0 d:   0 h:   3 m 

MOVE_0:   680000          135779           68821      5.0686e+01      2.0188e+00           68051           38190      5.6120e+01      3.1416e+00           68275           37046      5.4260e+01          204146           87382      4.2804e+01

ENER_0:   680000      2.5032e+04      2.9428e+04     -1.1699e+03     -2.9865e+03     -2.4034e+02      0.0000e+00      0.0000e+00      0.0000e+00      0.0000e+00      0.0000e+00

STAT_0:   680000              13

MOVE_1:   680000          203749           87371      4.2882e+01

ENER_1:   680000      1.3752e+06      1.4560e+06     -8.0841e+04      0.0000e+00      0.0000e+00      0.0000e+00      0.0000e+00      0.0000e+00      0.0000e+00      0.0000e+00

STAT_1:   680000             589

Steps/sec: 3058.616, Simulation ends in:   0 d:   0 h:   2 m 

MOVE_0:   690000          137842           69862      5.0683e+01      1.9518e+00           69059           38833      5.6232e+01      3.1416e+00           69236           37594      5.4298e+01          207144           88841      4.2889e+01

ENER_0:   690000      5.7685e+04      8.3619e+04     -5.1609e+03     -1.8825e+04     -1.9469e+03      0.0000e+00      0.0000e+00      0.0000e+00      0.0000e+00      0.0000e+00

STAT_0:   690000              37

MOVE_1:   690000          206719           88806      4.2960e+01

ENER_1:   690000      1.3249e+06      1.4062e+06     -8.1278e+04      0.0000e+00      0.0000e+00      0.0000e+00      0.0000e+00      0.0000e+00      0.0000e+00      0.0000e+00

STAT_1:   690000             565

Steps/sec: 3169.656, Simulation ends in:   0 d:   0 h:   2 m 

MOVE_0:   700000          139836           70934      5.0727e+01      2.6451e+00           70055           39407      5.6252e+01      3.1416e+00           70214           38153      5.4338e+01          210162           90257      4.2946e+01

ENER_0:   700000      5.0875e+04      5.9456e+04     -2.6913e+03     -5.1372e+03     -7.5232e+02      0.0000e+00      0.0000e+00      0.0000e+00      0.0000e+00      0.0000e+00

STAT_0:   700000              23

MOVE_1:   700000          209733           90236      4.3024e+01

ENER_1:   700000      1.2801e+06      1.3644e+06     -8.4317e+04      0.0000e+00      0.0000e+00      0.0000e+00      0.0000e+00      0.0000e+00      0.0000e+00      0.0000e+00

STAT_1:   700000             579

Steps/sec: 2876.719, Simulation ends in:   0 d:   0 h:   2 m 

MOVE_0:   710000          141846           71970      5.0738e+01      3.4857e+00           71061           40059      5.6373e+01      3.1416e+00           71225           38742      5.4394e+01          213137           91718      4.3032e+01

ENER_0:   710000      2.1935e+04      2.6640e+04     -1.8600e+03     -2.6403e+03     -2.0479e+02      0.0000e+00      0.0000e+00      0.0000e+00      0.0000e+00      0.0000e+00

STAT_0:   710000              12

MOVE_1:   710000          212731           91708      4.3110e+01

ENER_1:   710000      1.3615e+06      1.4472e+06     -8.5776e+04      0.0000e+00      0.0000e+00      0.0000e+00      0.0000e+00      0.0000e+00      0.0000e+00      0.0000e+00

STAT_1:   710000             590

Steps/sec: 3199.793, Simulation ends in:   0 d:   0 h:   2 m 

MOVE_0:   720000          143909           72986      5.0717e+01      2.6201e+00           72009           40636      5.6432e+01      3.1416e+00           72234           39323      5.4438e+01          216121           93146      4.3099e+01

ENER_0:   720000      4.1761e+04      5.2981e+04     -2.5216e+03     -8.1299e+03     -5.6886e+02      0.0000e+00      0.0000e+00      0.0000e+00      0.0000e+00      0.0000e+00

STAT_0:   720000              20

MOVE_1:   720000          215727           93128      4.3169e+01

ENER_1:   720000      1.3406e+06      1.4268e+06     -8.6213e+04      0.0000e+00      0.0000e+00      0.0000e+00      0.0000e+00      0.0000e+00      0.0000e+00      0.0000e+00

STAT_1:   720000             582

Steps/sec: 3086.663, Simulation ends in:   0 d:   0 h:   2 m 

MOVE_0:   730000          145896           73956      5.0691e+01      1.6906e+00           73069           41315      5.6542e+01      2.7424e+00           73299           39944      5.4495e+01          219105           94565      4.3160e+01

ENER_0:   730000      7.4443e+04      9.5871e+04     -5.0813e+03     -1.4703e+04     -1.6440e+03      0.0000e+00      0.0000e+00      0.0000e+00      0.0000e+00      0.0000e+00

STAT_0:   730000              34

MOVE_1:   730000          218631           94533      4.3239e+01

ENER_1:   730000      1.3233e+06      1.4025e+06     -7.9221e+04      0.0000e+00      0.0000e+00      0.0000e+00      0.0000e+00      0.0000e+00      0.0000e+00      0.0000e+00

STAT_1:   730000             568

Steps/sec: 3124.088, Simulation ends in:   0 d:   0 h:   2 m 

MOVE_0:   740000          147940           74981      5.0683e+01      1.4666e+00           74038           41795      5.6451e+01      2.0469e+00           74342           40483      5.4455e+01          222085           95736      4.3108e+01

ENER_0:   740000      7.4618e+04      9.9355e+04     -5.1885e+03     -1.7806e+04     -1.7421e+03      0.0000e+00      0.0000e+00      0.0000e+00      0.0000e+00      0.0000e+00

STAT_0:   740000              35

MOVE_1:   740000          221595           95703      4.3188e+01

ENER_1:   740000      1.2651e+06      1.3463e+06     -8.1224e+04      0.0000e+00      0.0000e+00      0.0000e+00      0.0000e+00      0.0000e+00      0.0000e+00      0.0000e+00

STAT_1:   740000             567

Steps/sec: 2591.196, Simulation ends in:   0 d:   0 h:   2 m 

MOVE_0:   750000          149913           76010      5.0703e+01      1.8576e+00           75009           42404      5.6532e+01      3.1416e+00           75340           41090      5.4539e+01          225089           97224      4.3194e+01

ENER_0:   750000      6.7878e+04      1.0888e+05     -7.3562e+03     -3.0892e+04     -2.7533e+03      0.0000e+00      0.0000e+00      0.0000e+00      0.0000e+00      0.0000e+00

STAT_0:   750000              44

MOVE_1:   750000          224649           97182      4.3259e+01

ENER_1:   750000      1.2622e+06      1.3388e+06     -7.6666e+04      0.0000e+00      0.0000e+00      0.0000e+00      0.0000e+00      0.0000e+00      0.0000e+00      0.0000e+00

STAT_1:   750000             558

Steps/sec: 3131.545, Simulation ends in:   0 d:   0 h:   2 m 

MOVE_0:   760000          151903           76965      5.0667e+01      1.0353e+00           76025           42975      5.6527e+01      1.6106e+00           76374           41686      5.4581e+01          228017           98602      4.3243e+01

ENER_0:   760000      7.4268e+04      1.3133e+05     -7.0219e+03     -4.6762e+04     -3.2766e+03      0.0000e+00      0.0000e+00      0.0000e+00      0.0000e+00      0.0000e+00

STAT_0:   760000              48

MOVE_1:   760000          227681           98556      4.3287e+01

ENER_1:   760000      1.3044e+06      1.3822e+06     -7.7838e+04      0.0000e+00      0.0000e+00      0.0000e+00      0.0000e+00      0.0000e+00      0.0000e+00      0.0000e+00

STAT_1:   760000             554

Steps/sec: 2974.043, Simulation ends in:   0 d:   0 h:   2 m 

MOVE_0:   770000          153856           78048      5.0728e+01      2.1802e+00           77019           43547      5.6541e+01      3.1416e+00           77415           42233      5.4554e+01          230981           99874      4.3239e+01

ENER_0:   770000      4.5004e+04      5.4955e+04     -3.3055e+03     -6.0185e+03     -6.2717e+02      0.0000e+00      0.0000e+00      0.0000e+00      0.0000e+00      0.0000e+00

STAT_0:   770000              21

MOVE_1:   770000          230729           99855      4.3278e+01

ENER_1:   770000      1.3207e+06      1.4047e+06     -8.3964e+04      0.0000e+00      0.0000e+00      0.0000e+00      0.0000e+00      0.0000e+00      0.0000e+00      0.0000e+00

STAT_1:   770000             581

Steps/sec: 2831.061, Simulation ends in:   0 d:   0 h:   2 m 

MOVE_0:   780000          155854           78982      5.0677e+01      9.1708e-01           78065           44036      5.6409e+01      1.2031e+00           78413           42747      5.4515e+01          233954          100958      4.3153e+01

ENER_0:   780000      5.3495e+04      1.0023e+05     -6.2612e+03     -3.7718e+04     -2.7533e+03      0.0000e+00      0.0000e+00      0.0000e+00      0.0000e+00      0.0000e+00

STAT_0:   780000              44

MOVE_1:   780000          233714          100916      4.3179e+01

ENER_1:   780000      1.2824e+06      1.3621e+06     -7.9711e+04      0.0000e+00      0.0000e+00      0.0000e+00      0.0000e+00      0.0000e+00      0.0000e+00      0.0000e+00

STAT_1:   780000             558

Steps/sec: 2391.877, Simulation ends in:   0 d:   0 h:   2 m 

MOVE_0:   790000          157871           80062      5.0714e+01      1.5908e+00           79024           44580      5.6413e+01      3.1416e+00           79422           43282      5.4496e+01          237024          102297      4.3159e+01

ENER_0:   790000      2.2011e+04      2.6073e+04     -1.6381e+03     -2.2523e+03     -1.7208e+02      0.0000e+00      0.0000e+00      0.0000e+00      0.0000e+00      0.0000e+00

STAT_0:   790000              11

MOVE_1:   790000          236659          102288      4.3222e+01

ENER_1:   790000      1.3534e+06      1.4423e+06     -8.8873e+04      0.0000e+00      0.0000e+00      0.0000e+00      0.0000e+00      0.0000e+00      0.0000e+00      0.0000e+00

STAT_1:   790000             591

Steps/sec: 2884.724, Simulation ends in:   0 d:   0 h:   2 m 

MOVE_0:   800000          159836           81099      5.0739e+01      2.0988e+00           79971           45136      5.6440e+01      3.1416e+00           80440           43868      5.4535e+01          240068          103747      4.3216e+01

ENER_0:   800000      5.2808e+04      6.5092e+04     -3.6579e+03     -7.8069e+03     -8.1916e+02      0.0000e+00      0.0000e+00      0.0000e+00      0.0000e+00      0.0000e+00

STAT_0:   800000              24

MOVE_1:   800000          239685          103725      4.3276e+01

ENER_1:   800000      1.3250e+06      1.4063e+06     -8.1312e+04      0.0000e+00      0.0000e+00      0.0000e+00      0.0000e+00      0.0000e+00      0.0000e+00      0.0000e+00

STAT_1:   800000             578

Steps/sec: 2913.337, Simulation ends in:   0 d:   0 h:   2 m 

MOVE_0:   810000          161825           82096      5.0731e+01      1.9863e+00           80964           45734      5.6487e+01      3.1416e+00           81446           44446      5.4571e+01          243079          105193      4.3275e+01

ENER_0:   810000      7.0292e+04      1.1495e+05     -7.0142e+03     -3.4500e+04     -3.1415e+03      0.0000e+00      0.0000e+00      0.0000e+00      0.0000e+00      0.0000e+00

STAT_0:   810000              47

MOVE_1:   810000          242686          105148      4.3327e+01

ENER_1:   810000      1.2458e+06      1.3256e+06     -7.9826e+04      0.0000e+00      0.0000e+00      0.0000e+00      0.0000e+00      0.0000e+00      0.0000e+00      0.0000e+00

STAT_1:   810000             555

Steps/sec: 3085.152, Simulation ends in:   0 d:   0 h:   2 m 

MOVE_0:   820000          163837           83101      5.0722e+01      1.5732e+00           81936           46233      5.6426e+01      3.1416e+00           82460           44964      5.4528e+01          246095          106431      4.3248e+01

ENER_0:   820000      1.6567e+04      2.1065e+04     -1.6407e+03     -2.6853e+03     -1.7208e+02      0.0000e+00      0.0000e+00      0.0000e+00      0.0000e+00      0.0000e+00

STAT_0:   820000              11

MOVE_1:   820000          245672          106422      4.3319e+01

ENER_1:   820000      1.3330e+06      1.4201e+06     -8.7133e+04      0.0000e+00      0.0000e+00      0.0000e+00      0.0000e+00      0.0000e+00      0.0000e+00      0.0000e+00

STAT_1:   820000             591

Steps/sec: 2778.492, Simulation ends in:   0 d:   0 h:   2 m 

MOVE_0:   830000          165837           84130      5.0731e+01      1.7773e+00           82957           46865      5.6493e+01      3.1416e+00           83493           45552      5.4558e+01          249089          107864      4.3303e+01

ENER_0:   830000      4.7368e+04      9.2214e+04     -6.6550e+03     -3.5182e+04     -3.0093e+03      0.0000e+00      0.0000e+00      0.0000e+00      0.0000e+00      0.0000e+00

STAT_0:   830000              46

MOVE_1:   830000          248624          107820      4.3367e+01

ENER_1:   830000      1.2980e+06      1.3766e+06     -7.8519e+04      0.0000e+00      0.0000e+00      0.0000e+00      0.0000e+00      0.0000e+00      0.0000e+00      0.0000e+00

STAT_1:   830000             556

Steps/sec: 3168.190, Simulation ends in:   0 d:   0 h:   2 m 

MOVE_0:   840000          167816           85024      5.0665e+01      5.3867e-01           83957           47305      5.6344e+01      8.1115e-01           84519           45972      5.4393e+01          252072          108586      4.3077e+01

ENER_0:   840000      5.1764e+04      2.7486e+05     -1.6187e+04     -1.8938e+05     -1.7522e+04      0.0000e+00      0.0000e+00      0.0000e+00      0.0000e+00      0.0000e+00

STAT_0:   840000             111

MOVE_1:   840000          251636          108477      4.3109e+01

ENER_1:   840000      1.1468e+06      1.2195e+06     -7.2739e+04      0.0000e+00      0.0000e+00      0.0000e+00      0.0000e+00      0.0000e+00      0.0000e+00      0.0000e+00

STAT_1:   840000             491

Steps/sec: 1967.819, Simulation ends in:   0 d:   0 h:   1 m 

MOVE_0:   850000          169847           86066      5.0673e+01      6.2925e-01           84941           47806      5.6281e+01      8.4126e-01           85542           46433      5.4281e+01          255034          109421      4.2904e+01

ENER_0:   850000      5.9892e+04      2.4367e+05     -1.6013e+04     -1.5355e+05     -1.4222e+04      0.0000e+00      0.0000e+00      0.0000e+00      0.0000e+00      0.0000e+00

STAT_0:   850000             100

MOVE_1:   850000          254636          109323      4.2933e+01

ENER_1:   850000      1.2200e+06      1.2915e+06     -7.1504e+04      0.0000e+00      0.0000e+00      0.0000e+00      0.0000e+00      0.0000e+00      0.0000e+00      0.0000e+00

STAT_1:   850000             502

Steps/sec: 2093.405, Simulation ends in:   0 d:   0 h:   1 m 

MOVE_0:   860000          171770           87031      5.0667e+01      6.1643e-01           85957           48326      5.6221e+01      9.4470e-01           86538           46879      5.4172e+01          258070          110200      4.2702e+01

ENER_0:   860000      8.0002e+04      2.7998e+05     -1.4078e+04     -1.6900e+05     -1.6897e+04      0.0000e+00      0.0000e+00      0.0000e+00      0.0000e+00      0.0000e+00

STAT_0:   860000             109

MOVE_1:   860000          257665          110093      4.2727e+01

ENER_1:   860000      1.0883e+06      1.1591e+06     -7.0722e+04      0.0000e+00      0.0000e+00      0.0000e+00      0.0000e+00      0.0000e+00      0.0000e+00      0.0000e+00

STAT_1:   860000             493

Steps/sec: 1977.742, Simulation ends in:   0 d:   0 h:   1 m 

MOVE_0:   870000          173699           88032      5.0681e+01      8.3577e-01           86951           48830      5.6158e+01      1.1149e+00           87561           47318      5.4040e+01          261098          111047      4.2531e+01

ENER_0:   870000      6.3086e+04      1.7111e+05     -1.1378e+04     -8.8212e+04     -8.4320e+03      0.0000e+00      0.0000e+00      0.0000e+00      0.0000e+00      0.0000e+00

STAT_0:   870000              77

MOVE_1:   870000          260691          110972      4.2568e+01

ENER_1:   870000      1.1711e+06      1.2464e+06     -7.5333e+04      0.0000e+00      0.0000e+00      0.0000e+00      0.0000e+00      0.0000e+00      0.0000e+00      0.0000e+00

STAT_1:   870000             525

Steps/sec: 2081.722, Simulation ends in:   0 d:   0 h:   1 m 

MOVE_0:   880000          175717           89120      5.0718e+01      1.6100e+00           88004           49400      5.6134e+01      2.2894e+00           88534           47807      5.3998e+01          264101          112187      4.2479e+01

ENER_0:   880000      7.0414e+04      1.0373e+05     -6.1026e+03     -2.5158e+04     -2.0536e+03      0.0000e+00      0.0000e+00      0.0000e+00      0.0000e+00      0.0000e+00

STAT_0:   880000              38

MOVE_1:   880000          263644          112151      4.2539e+01

ENER_1:   880000      1.2860e+06      1.3648e+06     -7.8847e+04      0.0000e+00      0.0000e+00      0.0000e+00      0.0000e+00      0.0000e+00      0.0000e+00      0.0000e+00

STAT_1:   880000             564

Steps/sec: 2499.941, Simulation ends in:   0 d:   0 h:   1 m 

MOVE_0:   890000          177755           90150      5.0716e+01      1.4525e+00           88972           49951      5.6142e+01      3.1416e+00           89522           48370      5.4031e+01          267122          113575      4.2518e+01

ENER_0:   890000      5.7730e+04      1.0196e+05     -6.5172e+03     -3.4699e+04     -3.0093e+03      0.0000e+00      0.0000e+00      0.0000e+00      0.0000e+00      0.0000e+00

STAT_0:   890000              46

MOVE_1:   890000          266629          113531      4.2580e+01

ENER_1:   890000      1.2916e+06      1.3668e+06     -7.5185e+04      0.0000e+00      0.0000e+00      0.0000e+00      0.0000e+00      0.0000e+00      0.0000e+00      0.0000e+00

STAT_1:   890000             556

Steps/sec: 3008.748, Simulation ends in:   0 d:   0 h:   1 m 

MOVE_0:   900000          179782           91202      5.0729e+01      1.9237e+00           89928           50520      5.6178e+01      3.1416e+00           90537           48951      5.4067e+01          270118          114991      4.2571e+01

ENER_0:   900000      6.4595e+04      1.0120e+05     -4.8665e+03     -2.9112e+04     -2.6296e+03      0.0000e+00      0.0000e+00      0.0000e+00      0.0000e+00      0.0000e+00

STAT_0:   900000              43

MOVE_1:   900000          269635          114950      4.2632e+01

ENER_1:   900000      1.2908e+06      1.3756e+06     -8.4777e+04      0.0000e+00      0.0000e+00      0.0000e+00      0.0000e+00      0.0000e+00      0.0000e+00      0.0000e+00

STAT_1:   900000             559

Steps/sec: 2908.559, Simulation ends in:   0 d:   0 h:   1 m 

MOVE_0:   910000          181785           92250      5.0747e+01      2.2897e+00           90939           51185      5.6285e+01      3.1416e+00           91495           49530      5.4134e+01          273108          116488      4.2653e+01

ENER_0:   910000      4.7565e+04      6.7749e+04     -4.3220e+03     -1.4667e+04     -1.1960e+03      0.0000e+00      0.0000e+00      0.0000e+00      0.0000e+00      0.0000e+00

STAT_0:   910000              29

MOVE_1:   910000          272673          116461      4.2711e+01

ENER_1:   910000      1.3315e+06      1.4117e+06     -8.0191e+04      0.0000e+00      0.0000e+00      0.0000e+00      0.0000e+00      0.0000e+00      0.0000e+00      0.0000e+00

STAT_1:   910000             573

Steps/sec: 3155.805, Simulation ends in:   0 d:   0 h:   1 m 

MOVE_0:   920000          183750           93245      5.0746e+01      2.2701e+00           91946           51766      5.6300e+01      3.1416e+00           92509           50104      5.4161e+01          276172          117882      4.2684e+01

ENER_0:   920000      4.4407e+04      6.1510e+04     -4.1868e+03     -1.1880e+04     -1.0368e+03      0.0000e+00      0.0000e+00      0.0000e+00      0.0000e+00      0.0000e+00

STAT_0:   920000              27

MOVE_1:   920000          275623          117857      4.2760e+01

ENER_1:   920000      1.3284e+06      1.4090e+06     -8.0577e+04      0.0000e+00      0.0000e+00      0.0000e+00      0.0000e+00      0.0000e+00      0.0000e+00      0.0000e+00

STAT_1:   920000             575

Steps/sec: 2923.506, Simulation ends in:   0 d:   0 h:   1 m 

MOVE_0:   930000          185807           94278      5.0740e+01      2.1659e+00           92921           52384      5.6375e+01      3.1416e+00           93518           50733      5.4249e+01          279130          119328      4.2750e+01

ENER_0:   930000      5.8454e+04      7.7030e+04     -4.3684e+03     -1.2928e+04     -1.2799e+03      0.0000e+00      0.0000e+00      0.0000e+00      0.0000e+00      0.0000e+00

STAT_0:   930000              30

MOVE_1:   930000          278624          119300      4.2818e+01

ENER_1:   930000      1.2973e+06      1.3770e+06     -7.9756e+04      0.0000e+00      0.0000e+00      0.0000e+00      0.0000e+00      0.0000e+00      0.0000e+00      0.0000e+00

STAT_1:   930000             572

Steps/sec: 3151.700, Simulation ends in:   0 d:   0 h:   1 m 

MOVE_0:   940000          187872           95289      5.0720e+01      1.4742e+00           93908           52912      5.6345e+01      2.8198e+00           94471           51278      5.4279e+01          282197          120636      4.2749e+01

ENER_0:   940000      6.4815e+04      8.8752e+04     -5.9203e+03     -1.6373e+04     -1.6440e+03      0.0000e+00      0.0000e+00      0.0000e+00      0.0000e+00      0.0000e+00

STAT_0:   940000              34

MOVE_1:   940000          281552          120604      4.2835e+01

ENER_1:   940000      1.3165e+06      1.3939e+06     -7.7392e+04      0.0000e+00      0.0000e+00      0.0000e+00      0.0000e+00      0.0000e+00      0.0000e+00      0.0000e+00

STAT_1:   940000             568

Steps/sec: 2796.394, Simulation ends in:   0 d:   0 h:   1 m 

MOVE_0:   950000          189859           96308      5.0726e+01      1.7058e+00           94935           53560      5.6418e+01      3.1416e+00           95523           51906      5.4339e+01          285114          122086      4.2820e+01

ENER_0:   950000      4.2912e+04      5.9547e+04     -4.0947e+03     -1.1788e+04     -7.5232e+02      0.0000e+00      0.0000e+00      0.0000e+00      0.0000e+00      0.0000e+00

STAT_0:   950000              23

MOVE_1:   950000          284569          122065      4.2895e+01

ENER_1:   950000      1.3227e+06      1.4088e+06     -8.6022e+04      0.0000e+00      0.0000e+00      0.0000e+00      0.0000e+00      0.0000e+00      0.0000e+00      0.0000e+00

STAT_1:   950000             579

Steps/sec: 3163.572, Simulation ends in:   0 d:   0 h:   1 m 

MOVE_0:   960000          191874           97325      5.0723e+01      1.7072e+00           95927           54180      5.6480e+01      3.1416e+00           96515           52478      5.4373e+01          288114          123567      4.2888e+01

ENER_0:   960000      5.5262e+04      9.2673e+04     -5.1415e+03     -2.9994e+04     -2.2754e+03      0.0000e+00      0.0000e+00      0.0000e+00      0.0000e+00      0.0000e+00

STAT_0:   960000              40

MOVE_1:   960000          287570          123529      4.2956e+01

ENER_1:   960000      1.3120e+06      1.3917e+06     -7.9658e+04      0.0000e+00      0.0000e+00      0.0000e+00      0.0000e+00      0.0000e+00      0.0000e+00      0.0000e+00

STAT_1:   960000             562

Steps/sec: 3142.252, Simulation ends in:   0 d:   0 h:   1 m 

MOVE_0:   970000          193864           98347      5.0730e+01      1.9841e+00           96900           54781      5.6534e+01      3.1416e+00           97521           53065      5.4414e+01          291127          125012      4.2941e+01

ENER_0:   970000      4.4804e+04      6.6192e+04     -4.2119e+03     -1.5896e+04     -1.2799e+03      0.0000e+00      0.0000e+00      0.0000e+00      0.0000e+00      0.0000e+00

STAT_0:   970000              30

MOVE_1:   970000          290588          124984      4.3011e+01

ENER_1:   970000      1.3113e+06      1.3949e+06     -8.3555e+04      0.0000e+00      0.0000e+00      0.0000e+00      0.0000e+00      0.0000e+00      0.0000e+00      0.0000e+00

STAT_1:   970000             572

Steps/sec: 3109.728, Simulation ends in:   0 d:   0 h:   1 m 

MOVE_0:   980000          195736           99218      5.0690e+01      8.7386e-01           97905           55277      5.6460e+01      9.0557e-01           98543           53600      5.4392e+01          294247          126322      4.2931e+01

ENER_0:   980000      8.0782e+04      2.0685e+05     -1.1545e+04     -1.0449e+05     -1.0035e+04      0.0000e+00      0.0000e+00      0.0000e+00      0.0000e+00      0.0000e+00

STAT_0:   980000              84

MOVE_1:   980000          293569          126240      4.3002e+01

ENER_1:   980000      1.1731e+06      1.2441e+06     -7.0985e+04      0.0000e+00      0.0000e+00      0.0000e+00      0.0000e+00      0.0000e+00      0.0000e+00      0.0000e+00

STAT_1:   980000             518

Steps/sec: 2631.283, Simulation ends in:   0 d:   0 h:   1 m 

MOVE_0:   990000          197724          100175      5.0664e+01      5.7061e-01           98864           55761      5.6402e+01      9.1746e-01           99544           54070      5.4318e+01          297338          127229      4.2789e+01

ENER_0:   990000      7.5682e+04      2.6194e+05     -1.4960e+04     -1.5708e+05     -1.4222e+04      0.0000e+00      0.0000e+00      0.0000e+00      0.0000e+00      0.0000e+00

STAT_0:   990000             100

MOVE_1:   990000          296530          127131      4.2873e+01

ENER_1:   990000      1.1628e+06      1.2348e+06     -7.1964e+04      0.0000e+00      0.0000e+00      0.0000e+00      0.0000e+00      0.0000e+00      0.0000e+00      0.0000e+00

STAT_1:   990000             502

Steps/sec: 2133.891, Simulation ends in:   0 d:   0 h:   1 m 

MOVE_0:  1000000          199730          101260      5.0698e+01      1.1667e+00           99886           56307      5.6371e+01      1.4816e+00          100539           54576      5.4283e+01          300363          128334      4.2726e+01

ENER_0:  1000000      7.2529e+04      1.0906e+05     -6.7166e+03     -2.7304e+04     -2.5087e+03      0.0000e+00      0.0000e+00      0.0000e+00      0.0000e+00      0.0000e+00

STAT_0:  1000000              42

MOVE_1:  1000000          299482          128294      4.2839e+01

ENER_1:  1000000      1.2582e+06      1.3397e+06     -8.1454e+04      0.0000e+00      0.0000e+00      0.0000e+00      0.0000e+00      0.0000e+00      0.0000e+00      0.0000e+00

STAT_1:  1000000             560

Simulation Time (total): 3.6729e+02 sec.

Move Type                Mol. Kind      BOX_0      BOX_1      
% Accepted Displacement        C6P     50.69844    0.00000 
% Accepted Rotation            C6P     56.37126    0.00000 
% Accepted Regrowth            C6P     54.28341    0.00000 
% Accepted Mol-Transfer        C6P     42.72630   42.83863 

Displacement:                           25.0181    sec.
Rotation:                               12.5475    sec.
Intra-Swap:                              0.0000    sec.
Regrowth:                               38.4683    sec.
Intra-MEMC:                              0.0000    sec.
Crank-Shaft:                             0.0000    sec.
Mol-Transfer:                          288.7625    sec.
MEMC:                                    0.0000    sec.

Info: GOMC Version 2.40
Info: Completed at: Fri May 17 16:37:16 2019
Info: On hostname: wsu7
