Info: GOMC Version 2.40
Info: Start Time: Fri May 17 16:43:28 2019
Info: Host Name: wsu9
CPU information:
Info: Total number of CPUs: 12
Info: Total number of CPUs available: 12
Info: Model name: AMD Opteron(tm) Processor 4332 HE
Info: System name: Linux
Info: Release: 3.10.0-957.5.1.el7.x86_64
Info: Version: #1 SMP Fri Feb 1 14:54:57 UTC 2019
Info: Kernel Architecture: x86_64
Info: Total Ram: 96496.3MB
Info: Used Ram: 5912.4MB
Info: Working in the current directory: /wsu/home/fe/fe18/fe1855/clone/GOMC_Examples/NVT_GEMC/binary_mixture/butane_pfbutane_260_K
Info: GOMC COMPILED TO RUN GIBBS ENSEMBLE.
Info: Number of threads                  4 

Reading Input File:                      in.conf
Info: Restart simulation                 Active 
Info: Random seed                        Active 
Info: PARAMETER file                     MIE format! 
Info: Running NVT_GEMC
Info: Input Temperature                  259.9500 K
Info: Non-truncated potential            Active 
Info: Long Range Correction              Active 
Info: Cutoff                             10.0000 A
Info: Exclude                            ONE-FOUR 
Info: Pressure calculation frequency     1000 
Info: Total number of steps              1000000 
Info: Number of equilibration steps      500000 
Info: Move adjustment frequency          5000 
Info: Displacement move frequency        0.3800 
Info: Rotation move frequency            0.1000 
Info: Volume move frequency              0.0200 
Info: Intra-Swap move frequency          0.0000 
Info: IntraMEMC-2 move frequency         0.0000 
Info: Regrowth move frequency            0.1000 
Info: Molecule swap move frequency       0.2000 
Info: MEMC-2 move frequency              0.2000 
Info: Exchange Sub-Volume Dimensions     1.000 1.000 1.000 A
Info: ExchangeRatio                      1    
Info: Exchange Large Kind                FA4  
Info: Exchange Small Kind                C4P  
Info: Atom Names in Large Kind BackBone  C1 - C4
Info: Atom Names in Small Kind BackBone  C1 - C4
Info: CBMC First atom trials             10   
Info: CBMC Secondary atom trials         8    
Info: CBMC Angle trials                  100  
Info: CBMC Dihedral trials               100  
Info: Output name                        PRODUCTION 
Info: Coordinate frequency               1000000 
Info: Restart frequency                  1000000 
Info: Console output frequency           100000 
Info: Average output frequency           100000 
Default: Crank-Shaft move frequency      0.0000 
Default: Short Range Cutoff              0.0000 
Warning: 1-4 Electrostatic scaling set, but will be ignored.
Finished Reading Input File:             in.conf

Reading from EXOTIC-Style parameter file:  	../../../common/Par_Mie_Alkane_Exotic.inp
Reading BONDS parameters.
Reading ANGLES parameters.
Reading DIHEDRALS parameters.
Reading NONBONDED_MIE parameters.
Finished reading EXOTIC-Style parameter file:  	../../../common/Par_Mie_Alkane_Exotic.inp
Reading from box 0 PDB coordinate file:  	EQ_BOX_0_restart.pdb
Finished reading box 0 PDB coordinate file:  	EQ_BOX_0_restart.pdb
Reading from box 1 PDB coordinate file:  	EQ_BOX_1_restart.pdb
Finished reading box 1 PDB coordinate file:  	EQ_BOX_1_restart.pdb
Random number seed: 1000413197

Molecules in PSF:
Molecule Kind: C4P
Idx	name	type	charge	mass
0	C1	CH3	0.0000	15.0350
1	C2	CH2	0.0000	14.0270
2	C3	CH2	0.0000	14.0270
3	C4	CH3	0.0000	15.0350

Bonds:
[0 1] [1 2] [2 3] 

Angles:
[0 1 2] [1 2 3] 

Dihedrals:
[0 1 2 3] 

Molecule Kind: FA4
Idx	name	type	charge	mass
0	C1	CF3	0.0000	69.0050
1	C2	CF2	0.0000	50.0070
2	C3	CF2	0.0000	50.0070
3	C4	CF3	0.0000	69.0050

Bonds:
[0 1] [1 2] [2 3] 

Angles:
[0 1 2] [1 2 3] 

Dihedrals:
[0 1 2 3] 

Bonds parameter:
Atom Types                             Kb(K)           b0(A) 
CH3	CH2	                         FIX           1.5400 
CH2	CH2	                         FIX           1.5400 
CH2	CH3	                         FIX           1.5400 

CF3	CF2	                         FIX           1.5400 
CF2	CF2	                         FIX           1.5400 
CF2	CF3	                         FIX           1.5400 

Angles parameter:
Atom Types                         Ktheta(K)         theta0(degree) 
CH3	CH2	CH2	          31250.0000         114.0000 
CH2	CH2	CH3	          31250.0000         114.0000 

CF3	CF2	CF2	          31250.0000         114.0000 
CF2	CF2	CF3	          31250.0000         114.0000 

Dihedrals parameter:
Atom Types                           Kchi(K)    n    delta(degree) 
CH3	CH2	CH2	CH3	      0.0000    0     90.0000 
CH3	CH2	CH2	CH3	    355.0300    1      0.0000 
CH3	CH2	CH2	CH3	    -68.1898    2    180.0000 
CH3	CH2	CH2	CH3	    791.3178    3      0.0000 
CF3	CF2	CF2	CF3	  -1577.6800    0     90.0000 
CF3	CF2	CF2	CF3	    791.6100    1      0.0000 
CF3	CF2	CF2	CF3	    333.6500    2      0.0000 
CF3	CF2	CF2	CF3	    854.0100    3      0.0000 
CF3	CF2	CF2	CF3	    349.2500    4      0.0000 
CF3	CF2	CF2	CF3	    211.5100    5      0.0000 
CF3	CF2	CF2	CF3	    117.6600    6      0.0000 
CF3	CF2	CF2	CF3	    -83.4400    7      0.0000 

NonBonded 1-4 parameters:
Type1  Type2             Epsilon(K)    Sigma(A)       N 
CH3    CH3                 121.2500      3.7830   16.00 
CH3    CH2                  86.0015      3.8865   16.00 
CH3    CF3                 137.4216      4.1290   26.00 
CH3    CF2                  93.5641      4.2665   30.00 
CH2    CH2                  61.0000      3.9900   16.00 
CH2    CF3                  97.4718      4.2325   26.00 
CH2    CF2                  66.3641      4.3700   30.00 
CF3    CF3                 155.7500      4.4750   36.00 
CF3    CF2                 106.0432      4.6125   40.00 
CF2    CF2                  72.2000      4.7500   44.00 

NonBonded parameters:
Type1  Type2             Epsilon(K)    Sigma(A)       N 
CH3    CH3                 121.2500      3.7830   16.00 
CH3    CH2                  86.0015      3.8865   16.00 
CH3    CF3                 137.4216      4.1290   26.00 
CH3    CF2                  93.5641      4.2665   30.00 
CH2    CH2                  61.0000      3.9900   16.00 
CH2    CF3                  97.4718      4.2325   26.00 
CH2    CF2                  66.3641      4.3700   30.00 
CF3    CF3                 155.7500      4.4750   36.00 
CF3    CF2                 106.0432      4.6125   40.00 
CF2    CF2                  72.2000      4.7500   44.00 

Info: Box  0:  Periodic Cell Basis 1     49.127   0.000   0.000 
Info: Box  0:  Periodic Cell Basis 2      0.000  49.127   0.000 
Info: Box  0:  Periodic Cell Basis 3      0.000   0.000  49.127 

Info: Box  1:  Periodic Cell Basis 1     255.113   0.000   0.000 
Info: Box  1:  Periodic Cell Basis 2      0.000 255.113   0.000 
Info: Box  1:  Periodic Cell Basis 3      0.000   0.000 255.113 

Minimum coordinates in box 0: x =   -1.942, y =   -1.248, z =   -1.579
Maximum coordinates in box 0: x =   50.835, y =   50.627, z =   50.873
Wrapping molecules inside the simulation box 0:
Minimum coordinates in box 1: x =   -0.695, y =    1.221, z =   -1.039
Maximum coordinates in box 1: x =  254.849, y =  256.694, z =  256.498
Wrapping molecules inside the simulation box 1:

################################################################################
########################## INITIAL SIMULATION ENERGY ###########################

ETITLE:     STEP           TOTAL        INTRA(B)       INTRA(NB)       INTER(LJ)             LRC     TOTAL_ELECT            REAL           RECIP            SELF            CORR

ENER_0:        0     -1.0716e+06      2.7152e+05      0.0000e+00     -1.2283e+06     -1.1481e+05      0.0000e+00      0.0000e+00      0.0000e+00      0.0000e+00     -0.0000e+00

ENER_1:        0      1.9382e+05      2.0370e+05      0.0000e+00     -9.3844e+03     -5.0042e+02      0.0000e+00      0.0000e+00      0.0000e+00      0.0000e+00     -0.0000e+00

STITLE:     STEP          VOLUME        PRESSURE        TOTALMOL     MOLFRAC_C4P     MOLFRAC_FA4     MOLDENS_C4P     MOLDENS_FA4     TOT_DENSITY

STAT_0:        0      1.1857e+05     -7.3035e+01             553  3.50813743e-01  6.49186257e-01  1.63621736e-03  3.02784553e-03      1.3547e+03

STAT_1:        0      1.6603e+07      1.0830e+00             449  4.58797327e-01  5.41202673e-01  1.24070762e-05  1.46355317e-05      6.9822e+00

################################################################################
############################# STARTING SIMULATION ##############################

MTITLE:     STEP          DISTRY       DISACCEPT      DISACCEPT%          DISMAX          ROTATE       ROTACCEPT      ROTACCEPT%          ROTMAX        REGROWTH    REGROWACCEPT   REGROWACCEPT%        TRANSFER      TRANACCEPT     TRANACCEPT%     MOLEXCHANGE     MOLEXACCEPT    MOLEXACCEPT%          VOLUME       VOLACCEPT      VOLACCEPT%          VOLMAX

ETITLE:     STEP           TOTAL        INTRA(B)       INTRA(NB)       INTER(LJ)             LRC     TOTAL_ELECT            REAL           RECIP            SELF            CORR

STITLE:     STEP          VOLUME        PRESSURE        TOTALMOL     MOLFRAC_C4P     MOLFRAC_FA4     MOLDENS_C4P     MOLDENS_FA4     TOT_DENSITY

Printed combined psf to file PRODUCTION_merged.psf
MOVE_0:   100000           18964            9469      4.9931e+01      2.5891e-01            4948            2473      4.9980e+01      4.5954e-01            4944            1683      3.4041e+01            9945              42      4.2232e-01           20080            1137      5.6624e+00            1985            1023      5.1537e+01      9.5368e+02

ENER_0:   100000     -1.0733e+06      2.6718e+05      0.0000e+00     -1.2275e+06     -1.1295e+05      0.0000e+00      0.0000e+00      0.0000e+00      0.0000e+00      0.0000e+00

STAT_0:   100000      1.1711e+05     -7.3258e+01             552  3.85869565e-01  6.14130435e-01  1.81878739e-03  2.89468980e-03      1.3197e+03

PRES_0:   100000     -7.2366e+01      1.3897e+02      5.0923e+00

MOVE_1:   100000           19156           17136      8.9455e+01      1.2756e+02            5055            4904      9.7013e+01      3.1416e+00            4932            3751      7.6054e+01            9991              43      4.3039e-01           20080            1137      5.6624e+00            1985            1023      5.1537e+01      9.5368e+02

ENER_1:   100000      2.0735e+05      2.1678e+05      0.0000e+00     -8.9140e+03     -5.1832e+02      0.0000e+00      0.0000e+00      0.0000e+00      0.0000e+00      0.0000e+00

STAT_1:   100000      1.6605e+07      1.0019e+00             450  4.15555556e-01  5.84444444e-01  1.12617472e-05  1.58387140e-05      7.3472e+00

PRES_1:   100000      1.6381e-01     -8.6438e-02      3.6410e-02

Steps/sec: 458.093, Simulation ends in:   0 d:   0 h:  33 m 

MOVE_0:   200000           37945           18978      5.0014e+01      2.5889e-01            9957            4996      5.0176e+01      4.8715e-01            9918            3457      3.4856e+01           19897              68      3.4176e-01           40114            2009      5.0082e+00            4035            2057      5.0979e+01      9.3095e+02

ENER_0:   200000     -1.1164e+06      2.6679e+05      0.0000e+00     -1.2668e+06     -1.1639e+05      0.0000e+00      0.0000e+00      0.0000e+00      0.0000e+00      0.0000e+00

STAT_0:   200000      1.1660e+05     -8.9373e+01             557  3.75224417e-01  6.24775583e-01  1.79237607e-03  2.98443479e-03      1.3526e+03

PRES_0:   200000     -1.6972e+02      1.9011e+02      2.4033e+01

MOVE_1:   200000           38259           34095      8.9116e+01      1.2756e+02           10056            9738      9.6838e+01      3.1416e+00            9875            7399      7.4927e+01           19944              64      3.2090e-01           40114            2009      5.0082e+00            4035            2057      5.0979e+01      9.3095e+02

ENER_1:   200000      1.9897e+05      2.1316e+05      0.0000e+00     -1.3695e+04     -5.0194e+02      0.0000e+00      0.0000e+00      0.0000e+00      0.0000e+00      0.0000e+00

STAT_1:   200000      1.6605e+07      9.3680e-01             445  4.29213483e-01  5.70786517e-01  1.15022897e-05  1.52962387e-05      7.1560e+00

PRES_1:   200000      5.1632e-03     -1.9445e-02     -3.5682e-02

Steps/sec: 476.181, Simulation ends in:   0 d:   0 h:  29 m 

MOVE_0:   300000           56899           28471      5.0038e+01      2.6086e-01           14936            7509      5.0275e+01      5.3070e-01           14876            5172      3.4767e+01           29849              97      3.2497e-01           60235            2918      4.8444e+00            6091            3084      5.0632e+01      7.5415e+02

ENER_0:   300000     -1.1178e+06      2.4045e+05      0.0000e+00     -1.2435e+06     -1.1479e+05      0.0000e+00      0.0000e+00      0.0000e+00      0.0000e+00      0.0000e+00

STAT_0:   300000      1.1732e+05     -1.2348e+02             551  3.55716878e-01  6.44283122e-01  1.67060645e-03  3.02584332e-03      1.3572e+03

PRES_0:   300000      1.5696e+02     -2.4463e+02      2.2042e+01

MOVE_1:   300000           57366           51223      8.9292e+01      1.2756e+02           15012           14540      9.6856e+01      3.1416e+00           14878           11117      7.4721e+01           29858              99      3.3157e-01           60235            2918      4.8444e+00            6091            3084      5.0632e+01      7.5415e+02

ENER_1:   300000      2.0329e+05      2.1406e+05      0.0000e+00     -1.0263e+04     -5.0718e+02      0.0000e+00      0.0000e+00      0.0000e+00      0.0000e+00      0.0000e+00

STAT_1:   300000      1.6605e+07      8.9624e-01             451  4.52328160e-01  5.47671840e-01  1.22856991e-05  1.48753317e-05      7.0652e+00

PRES_1:   300000     -7.6992e-02     -1.4488e-02     -1.1892e-01

Steps/sec: 480.011, Simulation ends in:   0 d:   0 h:  25 m 

MOVE_0:   400000           75834           37948      5.0041e+01      2.5676e-01           19919            9992      5.0163e+01      4.2476e-01           19777            6891      3.4844e+01           39857             138      3.4624e-01           80422            3860      4.7997e+00            8143            4125      5.0657e+01      9.0041e+02

ENER_0:   400000     -1.1241e+06      2.6021e+05      0.0000e+00     -1.2669e+06     -1.1747e+05      0.0000e+00      0.0000e+00      0.0000e+00      0.0000e+00      0.0000e+00

STAT_0:   400000      1.1701e+05      2.7539e+01             556  3.52517986e-01  6.47482014e-01  1.67513625e-03  3.07678087e-03      1.3778e+03

PRES_0:   400000      1.2796e+02      5.5346e+01      2.1932e+02

MOVE_1:   400000           76350           68170      8.9286e+01      1.2756e+02           20097           19451      9.6786e+01      3.1416e+00           19798           14769      7.4598e+01           39803             135      3.3917e-01           80422            3860      4.7997e+00            8143            4125      5.0657e+01      9.0041e+02

ENER_1:   400000      2.1146e+05      2.2557e+05      0.0000e+00     -1.3613e+04     -4.9420e+02      0.0000e+00      0.0000e+00      0.0000e+00      0.0000e+00      0.0000e+00

STAT_1:   400000      1.6605e+07      9.1018e-01             446  4.57399103e-01  5.42600897e-01  1.22854643e-05  1.45739332e-05      6.9461e+00

PRES_1:   400000     -5.5708e-02     -5.1643e-02     -2.9402e-02

Steps/sec: 474.335, Simulation ends in:   0 d:   0 h:  22 m 

MOVE_0:   500000           94911           47496      5.0043e+01      2.5550e-01           24907           12513      5.0239e+01      4.8072e-01           24904            8709      3.4970e+01           49829             165      3.3113e-01          100557            4835      4.8082e+00           10110            5126      5.0702e+01      9.2627e+02

ENER_0:   500000     -1.1119e+06      2.4166e+05      0.0000e+00     -1.2398e+06     -1.1369e+05      0.0000e+00      0.0000e+00      0.0000e+00      0.0000e+00      0.0000e+00

STAT_0:   500000      1.1582e+05      2.1831e+01             549  3.77049180e-01  6.22950820e-01  1.78732881e-03  2.95297803e-03      1.3397e+03

PRES_0:   500000      2.4501e+02      6.7668e+00      1.1653e+02

MOVE_1:   500000           95171           84863      8.9169e+01      1.2756e+02           25109           24298      9.6770e+01      3.1416e+00           24738           18457      7.4610e+01           49764             169      3.3960e-01          100557            4835      4.8082e+00           10110            5126      5.0702e+01      9.2627e+02

ENER_1:   500000      2.1060e+05      2.2175e+05      0.0000e+00     -1.0629e+04     -5.2130e+02      0.0000e+00      0.0000e+00      0.0000e+00      0.0000e+00      0.0000e+00

STAT_1:   500000      1.6606e+07      9.3718e-01             453  4.26048565e-01  5.73951435e-01  1.16221798e-05  1.56568226e-05      7.3101e+00

PRES_1:   500000     -2.8235e-02     -7.7814e-02      6.4597e-03

Steps/sec: 484.348, Simulation ends in:   0 d:   0 h:  18 m 

MOVE_0:   600000          113925           57042      5.0070e+01      2.7087e-01           29863           14989      5.0193e+01      4.3961e-01           29882           10493      3.5115e+01           59843             210      3.5092e-01          120534            5835      4.8410e+00           12146            6150      5.0634e+01      9.4306e+02

ENER_0:   600000     -1.0786e+06      2.4186e+05      0.0000e+00     -1.2074e+06     -1.1303e+05      0.0000e+00      0.0000e+00      0.0000e+00      0.0000e+00      0.0000e+00

STAT_0:   600000      1.1818e+05      5.1431e+01             549  3.57012750e-01  6.42987250e-01  1.65851086e-03  2.98701191e-03      1.3407e+03

PRES_0:   600000      2.7076e+02      1.2606e+02      4.9568e+01

MOVE_1:   600000          114052          101502      8.8996e+01      1.2756e+02           30130           29133      9.6691e+01      3.1416e+00           29760           22206      7.4617e+01           59865             214      3.5747e-01          120534            5835      4.8410e+00           12146            6150      5.0634e+01      9.4306e+02

ENER_1:   600000      2.1718e+05      2.2992e+05      0.0000e+00     -1.2230e+04     -5.1244e+02      0.0000e+00      0.0000e+00      0.0000e+00      0.0000e+00      0.0000e+00

STAT_1:   600000      1.6604e+07      9.0178e-01             453  4.50331126e-01  5.49668874e-01  1.22863322e-05  1.49965525e-05      7.1132e+00

PRES_1:   600000     -1.0843e-01     -2.3364e-02     -7.4855e-02

Steps/sec: 481.923, Simulation ends in:   0 d:   0 h:  14 m 

MOVE_0:   700000          132814           66502      5.0072e+01      2.6950e-01           34777           17481      5.0266e+01      4.8828e-01           34899           12341      3.5362e+01           69907             244      3.4904e-01          140756            6924      4.9192e+00           14209            7187      5.0581e+01      7.5947e+02

ENER_0:   700000     -1.0496e+06      2.5005e+05      0.0000e+00     -1.1886e+06     -1.1106e+05      0.0000e+00      0.0000e+00      0.0000e+00      0.0000e+00      0.0000e+00

STAT_0:   700000      1.1918e+05     -9.1421e+00             549  3.69763206e-01  6.30236794e-01  1.70329237e-03  2.90314858e-03      1.3119e+03

PRES_0:   700000     -1.7192e+01      5.3877e+01      2.1184e+02

MOVE_1:   700000          132859          118266      8.9016e+01      1.2755e+02           35136           33974      9.6693e+01      3.1416e+00           34738           25927      7.4636e+01           69905             248      3.5477e-01          140756            6924      4.9192e+00           14209            7187      5.0581e+01      7.5947e+02

ENER_1:   700000      1.9232e+05      2.0466e+05      0.0000e+00     -1.1825e+04     -5.1814e+02      0.0000e+00      0.0000e+00      0.0000e+00      0.0000e+00      0.0000e+00

STAT_1:   700000      1.6603e+07      8.7415e-01             453  4.34878587e-01  5.65121413e-01  1.18654589e-05  1.54190734e-05      7.2396e+00

PRES_1:   700000     -5.6582e-02     -1.7288e-01     -5.9957e-02

Steps/sec: 477.935, Simulation ends in:   0 d:   0 h:  11 m 

MOVE_0:   800000          151861           76034      5.0068e+01      2.6321e-01           39801           20008      5.0270e+01      4.9177e-01           39959           14161      3.5439e+01           79816             297      3.7211e-01          160436            8038      5.0101e+00           16259            8222      5.0569e+01      8.6434e+02

ENER_0:   800000     -1.0892e+06      2.5533e+05      0.0000e+00     -1.2303e+06     -1.1431e+05      0.0000e+00      0.0000e+00      0.0000e+00      0.0000e+00      0.0000e+00

STAT_0:   800000      1.1806e+05      6.4262e+01             555  3.72972973e-01  6.27027027e-01  1.75331402e-03  2.94760038e-03      1.3343e+03

PRES_0:   800000      1.2494e+02      1.7676e+02      1.8701e+02

MOVE_1:   800000          152083          135335      8.8988e+01      1.2756e+02           40197           38883      9.6731e+01      3.1416e+00           39631           29594      7.4674e+01           79957             295      3.6895e-01          160436            8038      5.0101e+00           16259            8222      5.0569e+01      8.6434e+02

ENER_1:   800000      2.1119e+05      2.2295e+05      0.0000e+00     -1.1253e+04     -5.0559e+02      0.0000e+00      0.0000e+00      0.0000e+00      0.0000e+00      0.0000e+00

STAT_1:   800000      1.6604e+07      1.0786e+00             447  4.31767338e-01  5.68232662e-01  1.16237526e-05  1.52975811e-05      7.1682e+00

PRES_1:   800000      4.3175e-01     -4.1045e-02     -2.8248e-02

Steps/sec: 484.622, Simulation ends in:   0 d:   0 h:   7 m 

MOVE_0:   900000          170865           85560      5.0075e+01      2.6043e-01           44902           22545      5.0209e+01      4.2060e-01           44842           15906      3.5471e+01           89874             347      3.8610e-01          180331            8995      4.9880e+00           18247            9225      5.0556e+01      8.9060e+02

ENER_0:   900000     -1.0664e+06      2.6269e+05      0.0000e+00     -1.2164e+06     -1.1277e+05      0.0000e+00      0.0000e+00      0.0000e+00      0.0000e+00      0.0000e+00

STAT_0:   900000      1.1787e+05      1.4550e+02             556  3.99280576e-01  6.00719424e-01  1.88335395e-03  2.83351451e-03      1.3017e+03

PRES_0:   900000      2.6951e+02      3.2249e+02      1.2913e+02

MOVE_1:   900000          171179          152309      8.8976e+01      1.2756e+02           45208           43734      9.6740e+01      3.1416e+00           44604           33356      7.4783e+01           89948             344      3.8244e-01          180331            8995      4.9880e+00           18247            9225      5.0556e+01      8.9060e+02

ENER_1:   900000      1.9972e+05      2.1200e+05      0.0000e+00     -1.1767e+04     -5.1519e+02      0.0000e+00      0.0000e+00      0.0000e+00      0.0000e+00      0.0000e+00

STAT_1:   900000      1.6604e+07      9.0901e-01             446  3.99103139e-01  6.00896861e-01  1.07202312e-05  1.61405727e-05      7.4142e+00

PRES_1:   900000     -7.8130e-02     -2.5565e-02     -3.5662e-02

Steps/sec: 488.989, Simulation ends in:   0 d:   0 h:   4 m 

MOVE_0:  1000000          189757           95012      5.0070e+01      2.5214e-01           49841           25074      5.0308e+01      5.1558e-01           49811           17700      3.5534e+01           99955             395      3.9518e-01          200431            9878      4.9284e+00           20224           10228      5.0574e+01      9.1047e+02

ENER_0:  1000000     -1.0918e+06      2.6156e+05      0.0000e+00     -1.2399e+06     -1.1347e+05      0.0000e+00      0.0000e+00      0.0000e+00      0.0000e+00      0.0000e+00

STAT_0:  1000000      1.1673e+05     -1.7990e+02             557  4.09335727e-01  5.90664273e-01  1.95327396e-03  2.81854006e-03      1.3025e+03

PRES_0:  1000000      8.7038e+00     -2.2507e+02     -3.1858e+01

MOVE_1:  1000000          190219          169372      8.9041e+01      1.2756e+02           50231           48606      9.6765e+01      3.1416e+00           49536           37069      7.4832e+01           99995             391      3.9102e-01          200431            9878      4.9284e+00           20224           10228      5.0574e+01      9.1047e+02

ENER_1:  1000000      2.0441e+05      2.1663e+05      0.0000e+00     -1.1695e+04     -5.1747e+02      0.0000e+00      0.0000e+00      0.0000e+00      0.0000e+00      0.0000e+00

STAT_1:  1000000      1.6605e+07      8.8721e-01             445  3.86516854e-01  6.13483146e-01  1.03581591e-05  1.64405664e-05      7.4978e+00

PRES_1:  1000000     -5.0571e-02     -4.9228e-02     -9.8166e-02

Simulation Time (total): 2.0893e+03 sec.

Move Type                Mol. Kind      BOX_0      BOX_1      
% Accepted Displacement        C4P     50.09437   89.88574 
% Accepted Displacement        FA4     50.04636   88.19806 
% Accepted Rotation            C4P     50.30788   97.13415 
% Accepted Rotation            FA4     50.30807   96.40060 
% Accepted Volume-Transfer             50.57358   50.57358 
% Accepted Regrowth            C4P     37.85491   74.39787 
% Accepted Regrowth            FA4     33.19492   75.26769 
% Accepted MEMC          FA4 - C4P      4.92838    4.92838 
% Accepted Mol-Transfer        C4P      0.71083    0.70322 
% Accepted Mol-Transfer        FA4      0.08175    0.08163 

Displacement:                           52.1421    sec.
Rotation:                               13.7398    sec.
Intra-Swap:                              0.0000    sec.
Regrowth:                               86.0357    sec.
Intra-MEMC:                              0.0000    sec.
Crank-Shaft:                             0.0000    sec.
Mol-Transfer:                          288.7653    sec.
MEMC:                                  831.5660    sec.
Vol-Transfer:                          776.1962    sec.

Info: GOMC Version 2.40
Info: Completed at: Fri May 17 17:18:18 2019
Info: On hostname: wsu9
